Loading original manifest: plans/active/DEBUG-SIM-LINES-DOSE-001/reports/2026-01-23T001018Z/ground_truth_manifest.json
Extracting dose_experiments_ground_truth.tar.gz to /tmp/rehydration_io62hav8...
Extracted to: /tmp/rehydration_io62hav8/dose_experiments_ground_truth
Regenerating manifest via: /home/ollie/miniconda3/envs/ptycho-tf/bin/python /home/ollie/Documents/PtychoPINN/plans/active/DEBUG-SIM-LINES-DOSE-001/bin/make_ground_truth_manifest.py --dataset-root ...
Scanning datasets in /tmp/rehydration_io62hav8/dose_experiments_ground_truth/simulation...
  Processing data_p1e3.npz...
  Processing data_p1e4.npz...
  Processing data_p1e5.npz...
  Processing data_p1e6.npz...
  Processing data_p1e7.npz...
  Processing data_p1e8.npz...
  Processing data_p1e9.npz...
Processing baseline params: /tmp/rehydration_io62hav8/dose_experiments_ground_truth/training/params.dill...
Processing baseline file: /tmp/rehydration_io62hav8/dose_experiments_ground_truth/training/baseline_model.h5...
Processing baseline file: /tmp/rehydration_io62hav8/dose_experiments_ground_truth/training/recon.dill...
Processing PINN weights: /tmp/rehydration_io62hav8/dose_experiments_ground_truth/inference/wts.h5.zip...

Wrote: plans/active/DEBUG-SIM-LINES-DOSE-001/reports/2026-01-23T005200Z/rehydration_check/manifest/ground_truth_manifest.json
Wrote: plans/active/DEBUG-SIM-LINES-DOSE-001/reports/2026-01-23T005200Z/rehydration_check/manifest/files.csv
Wrote: plans/active/DEBUG-SIM-LINES-DOSE-001/reports/2026-01-23T005200Z/rehydration_check/manifest/ground_truth_manifest.md

============================================================
Manifest complete: 7 datasets, 2 baseline files
All files validated successfully.

Rehydrated manifest: plans/active/DEBUG-SIM-LINES-DOSE-001/reports/2026-01-23T005200Z/rehydration_check/manifest/ground_truth_manifest.json

Comparing manifests...
Wrote: plans/active/DEBUG-SIM-LINES-DOSE-001/reports/2026-01-23T005200Z/rehydration_check/rehydration_diff.json
Wrote: plans/active/DEBUG-SIM-LINES-DOSE-001/reports/2026-01-23T005200Z/rehydration_check/rehydration_summary.md

============================================================
Rehydration verification: PASS
  Total files: 11
  Matches: 11
  Mismatches: 0

SUCCESS: All files match original manifest.

Cleaning up: /tmp/rehydration_io62hav8
