DEBUG _flat_to_channel: gridsize from global params: 1
DEBUG _flat_to_channel: N from parameter: 74
DEBUG _flat_to_channel: input shape=(64, 74, 74, 1), reshaping to (-1, 1, 74, 74)
DEBUG _flat_to_channel: gridsize from global params: 1
DEBUG _flat_to_channel: N from parameter: 74
DEBUG _flat_to_channel: input shape=(64, 74, 74, 1), reshaping to (-1, 1, 74, 74)
DEBUG _flat_to_channel: gridsize from global params: 1
DEBUG _flat_to_channel: N from parameter: 74
DEBUG _flat_to_channel: input shape=(64, 74, 74, 1), reshaping to (-1, 1, 74, 74)
DEBUG _flat_to_channel: gridsize from global params: 1
DEBUG _flat_to_channel: N from parameter: 74
DEBUG _flat_to_channel: input shape=(64, 74, 74, 1), reshaping to (-1, 1, 74, 74)
DEBUG _flat_to_channel: gridsize from global params: 1
DEBUG _flat_to_channel: N from parameter: 828
DEBUG _flat_to_channel: input shape=(64, 828, 828, 1), reshaping to (-1, 1, 828, 828)
DEBUG _flat_to_channel: gridsize from global params: 1
DEBUG _flat_to_channel: N from parameter: 828
DEBUG _flat_to_channel: input shape=(64, 828, 828, 1), reshaping to (-1, 1, 828, 828)
DEBUG _flat_to_channel: gridsize from global params: 1
DEBUG _flat_to_channel: N from parameter: 828
DEBUG _flat_to_channel: input shape=(64, 828, 828, 1), reshaping to (-1, 1, 828, 828)
DEBUG _flat_to_channel: gridsize from global params: 1
DEBUG _flat_to_channel: N from parameter: 828
DEBUG _flat_to_channel: input shape=(64, 828, 828, 1), reshaping to (-1, 1, 828, 828)
[train] required_canvas=828 padded_size=74 fits=False loss_fraction=0.9455537176163791
DEBUG _flat_to_channel: gridsize from global params: 1
DEBUG _flat_to_channel: N from parameter: 74
DEBUG _flat_to_channel: input shape=(64, 74, 74, 1), reshaping to (-1, 1, 74, 74)
DEBUG _flat_to_channel: gridsize from global params: 1
DEBUG _flat_to_channel: N from parameter: 74
DEBUG _flat_to_channel: input shape=(64, 74, 74, 1), reshaping to (-1, 1, 74, 74)
DEBUG _flat_to_channel: gridsize from global params: 1
DEBUG _flat_to_channel: N from parameter: 74
DEBUG _flat_to_channel: input shape=(64, 74, 74, 1), reshaping to (-1, 1, 74, 74)
DEBUG _flat_to_channel: gridsize from global params: 1
DEBUG _flat_to_channel: N from parameter: 74
DEBUG _flat_to_channel: input shape=(64, 74, 74, 1), reshaping to (-1, 1, 74, 74)
DEBUG _flat_to_channel: gridsize from global params: 1
DEBUG _flat_to_channel: N from parameter: 828
DEBUG _flat_to_channel: input shape=(64, 828, 828, 1), reshaping to (-1, 1, 828, 828)
DEBUG _flat_to_channel: gridsize from global params: 1
DEBUG _flat_to_channel: N from parameter: 828
DEBUG _flat_to_channel: input shape=(64, 828, 828, 1), reshaping to (-1, 1, 828, 828)
DEBUG _flat_to_channel: gridsize from global params: 1
DEBUG _flat_to_channel: N from parameter: 828
DEBUG _flat_to_channel: input shape=(64, 828, 828, 1), reshaping to (-1, 1, 828, 828)
DEBUG _flat_to_channel: gridsize from global params: 1
DEBUG _flat_to_channel: N from parameter: 828
DEBUG _flat_to_channel: input shape=(64, 828, 828, 1), reshaping to (-1, 1, 828, 828)
[test] required_canvas=828 padded_size=74 fits=False loss_fraction=1.0
DEBUG _flat_to_channel: gridsize from global params: 2
DEBUG _flat_to_channel: N from parameter: 78
DEBUG _flat_to_channel: input shape=(256, 78, 78, 1), reshaping to (-1, 4, 78, 78)
DEBUG _flat_to_channel: gridsize from global params: 2
DEBUG _flat_to_channel: N from parameter: 78
DEBUG _flat_to_channel: input shape=(256, 78, 78, 1), reshaping to (-1, 4, 78, 78)
DEBUG _flat_to_channel: gridsize from global params: 2
DEBUG _flat_to_channel: N from parameter: 78
DEBUG _flat_to_channel: input shape=(256, 78, 78, 1), reshaping to (-1, 4, 78, 78)
DEBUG _flat_to_channel: gridsize from global params: 2
DEBUG _flat_to_channel: N from parameter: 78
DEBUG _flat_to_channel: input shape=(256, 78, 78, 1), reshaping to (-1, 4, 78, 78)
DEBUG _flat_to_channel: gridsize from global params: 2
DEBUG _flat_to_channel: N from parameter: 832
DEBUG _flat_to_channel: input shape=(256, 832, 832, 1), reshaping to (-1, 4, 832, 832)
DEBUG _flat_to_channel: gridsize from global params: 2
DEBUG _flat_to_channel: N from parameter: 832
DEBUG _flat_to_channel: input shape=(256, 832, 832, 1), reshaping to (-1, 4, 832, 832)
DEBUG _flat_to_channel: gridsize from global params: 2
DEBUG _flat_to_channel: N from parameter: 832
DEBUG _flat_to_channel: input shape=(256, 832, 832, 1), reshaping to (-1, 4, 832, 832)
DEBUG _flat_to_channel: gridsize from global params: 2
DEBUG _flat_to_channel: N from parameter: 832
DEBUG _flat_to_channel: input shape=(256, 832, 832, 1), reshaping to (-1, 4, 832, 832)
[train] required_canvas=831 padded_size=78 fits=False loss_fraction=0.9924740887342629
DEBUG _flat_to_channel: gridsize from global params: 2
DEBUG _flat_to_channel: N from parameter: 78
DEBUG _flat_to_channel: input shape=(256, 78, 78, 1), reshaping to (-1, 4, 78, 78)
DEBUG _flat_to_channel: gridsize from global params: 2
DEBUG _flat_to_channel: N from parameter: 78
DEBUG _flat_to_channel: input shape=(256, 78, 78, 1), reshaping to (-1, 4, 78, 78)
DEBUG _flat_to_channel: gridsize from global params: 2
DEBUG _flat_to_channel: N from parameter: 78
DEBUG _flat_to_channel: input shape=(256, 78, 78, 1), reshaping to (-1, 4, 78, 78)
DEBUG _flat_to_channel: gridsize from global params: 2
DEBUG _flat_to_channel: N from parameter: 78
DEBUG _flat_to_channel: input shape=(256, 78, 78, 1), reshaping to (-1, 4, 78, 78)
DEBUG _flat_to_channel: gridsize from global params: 2
DEBUG _flat_to_channel: N from parameter: 832
DEBUG _flat_to_channel: input shape=(256, 832, 832, 1), reshaping to (-1, 4, 832, 832)
DEBUG _flat_to_channel: gridsize from global params: 2
DEBUG _flat_to_channel: N from parameter: 832
DEBUG _flat_to_channel: input shape=(256, 832, 832, 1), reshaping to (-1, 4, 832, 832)
DEBUG _flat_to_channel: gridsize from global params: 2
DEBUG _flat_to_channel: N from parameter: 832
DEBUG _flat_to_channel: input shape=(256, 832, 832, 1), reshaping to (-1, 4, 832, 832)
DEBUG _flat_to_channel: gridsize from global params: 2
DEBUG _flat_to_channel: N from parameter: 832
DEBUG _flat_to_channel: input shape=(256, 832, 832, 1), reshaping to (-1, 4, 832, 832)
[test] required_canvas=831 padded_size=78 fits=False loss_fraction=1.0
