This is pdfTeX, Version 3.141592653-2.6-1.40.25 (TeX Live 2023/Debian) (preloaded format=pdflatex 2025.8.17)  17 AUG 2025 02:22
entering extended mode
 restricted \write18 enabled.
 %&-line parsing enabled.
**create_latex_figure.tex
(./create_latex_figure.tex
LaTeX2e <2023-11-01> patch level 1
L3 programming layer <2024-01-22>

! LaTeX Error: File `standalone.cls' not found.

Type X to quit or <RETURN> to proceed,
or enter new name. (Default extension: cls)

Enter file name: 
! Emergency stop.
<read *> 
         
l.2 \usepackage
               {graphicx}^^M
End of file on the terminal!

 
Here is how much of TeX's memory you used:
 21 strings out of 476182
 526 string characters out of 5795595
 1922975 words of memory out of 5000000
 22122 multiletter control sequences out of 15000+600000
 558069 words of font info for 36 fonts, out of 8000000 for 9000
 14 hyphenation exceptions out of 8191
 19i,0n,29p,87b,17s stack positions out of 10000i,1000n,20000p,200000b,200000s
!  ==> Fatal error occurred, no output PDF file produced!
