2025-07-28 13:40:57.352798: E external/local_xla/xla/stream_executor/cuda/cuda_fft.cc:467] Unable to register cuFFT factory: Attempting to register factory for plugin cuFFT when one has already been registered
WARNING: All log messages before absl::InitializeLog() is called are written to STDERR
E0000 00:00:1753735257.363887 3823068 cuda_dnn.cc:8579] Unable to register cuDNN factory: Attempting to register factory for plugin cuDNN when one has already been registered
E0000 00:00:1753735257.367164 3823068 cuda_blas.cc:1407] Unable to register cuBLAS factory: Attempting to register factory for plugin cuBLAS when one has already been registered
W0000 00:00:1753735257.376782 3823068 computation_placer.cc:177] computation placer already registered. Please check linkage and avoid linking the same target more than once.
W0000 00:00:1753735257.376794 3823068 computation_placer.cc:177] computation placer already registered. Please check linkage and avoid linking the same target more than once.
W0000 00:00:1753735257.376796 3823068 computation_placer.cc:177] computation placer already registered. Please check linkage and avoid linking the same target more than once.
W0000 00:00:1753735257.376797 3823068 computation_placer.cc:177] computation placer already registered. Please check linkage and avoid linking the same target more than once.
2025-07-28 13:40:57.379481: I tensorflow/core/platform/cpu_feature_guard.cc:210] This TensorFlow binary is optimized to use available CPU instructions in performance-critical operations.
To enable the following instructions: AVX2 FMA, in other operations, rebuild TensorFlow with the appropriate compiler flags.
2025-07-28 13:40:59,777 - INFO - Starting ptychography inference script...
2025-07-28 13:40:59,778 - INFO - Loading configuration from YAML: ../PtychoPINN/inference_gridsize2_config.yaml
2025-07-28 13:40:59,778 - INFO - Loaded gridsize=2 from config.
2025-07-28 13:40:59,778 - INFO - Final inference config - gridsize: 2
2025-07-28 13:40:59,779 - INFO - Loading model...
2025-07-28 13:40:59,779 - INFO - Attempting to load model from: ../PtychoPINN/fly64_pinn_gridsize2_final
2025-07-28 13:40:59,779 - INFO - Current working directory: /home/ollie/Documents/PtychoPINN2
I0000 00:00:1753735260.040483 3823068 gpu_process_state.cc:208] Using CUDA malloc Async allocator for GPU: 0
I0000 00:00:1753735260.041934 3823068 gpu_device.cc:2019] Created device /job:localhost/replica:0/task:0/device:GPU:0 with 21917 MB memory:  -> device: 0, name: NVIDIA GeForce RTX 3090, pci bus id: 0000:04:00.0, compute capability: 8.6
input shape (None, 64, 64, 1)
Model: "functional"
┏━━━━━━━━━━━━━━━━━━━━━┳━━━━━━━━━━━━━━━━━━━┳━━━━━━━━━━━━┳━━━━━━━━━━━━━━━━━━━┓
┃ Layer (type)        ┃ Output Shape      ┃    Param # ┃ Connected to      ┃
┡━━━━━━━━━━━━━━━━━━━━━╇━━━━━━━━━━━━━━━━━━━╇━━━━━━━━━━━━╇━━━━━━━━━━━━━━━━━━━┩
│ input (InputLayer)  │ (None, 64, 64, 4) │          0 │ -                 │
├─────────────────────┼───────────────────┼────────────┼───────────────────┤
│ true_divide         │ (None, 64, 64, 4) │          0 │ input[0][0]       │
│ (TrueDivide)        │                   │            │                   │
├─────────────────────┼───────────────────┼────────────┼───────────────────┤
│ conv2d (Conv2D)     │ (None, 64, 64,    │      2,368 │ true_divide[0][0] │
│                     │ 64)               │            │                   │
├─────────────────────┼───────────────────┼────────────┼───────────────────┤
│ conv2d_1 (Conv2D)   │ (None, 64, 64,    │     36,928 │ conv2d[0][0]      │
│                     │ 64)               │            │                   │
├─────────────────────┼───────────────────┼────────────┼───────────────────┤
│ max_pooling2d       │ (None, 32, 32,    │          0 │ conv2d_1[0][0]    │
│ (MaxPooling2D)      │ 64)               │            │                   │
├─────────────────────┼───────────────────┼────────────┼───────────────────┤
│ conv2d_2 (Conv2D)   │ (None, 32, 32,    │     73,856 │ max_pooling2d[0]… │
│                     │ 128)              │            │                   │
├─────────────────────┼───────────────────┼────────────┼───────────────────┤
│ conv2d_3 (Conv2D)   │ (None, 32, 32,    │    147,584 │ conv2d_2[0][0]    │
│                     │ 128)              │            │                   │
├─────────────────────┼───────────────────┼────────────┼───────────────────┤
│ max_pooling2d_1     │ (None, 16, 16,    │          0 │ conv2d_3[0][0]    │
│ (MaxPooling2D)      │ 128)              │            │                   │
├─────────────────────┼───────────────────┼────────────┼───────────────────┤
│ conv2d_4 (Conv2D)   │ (None, 16, 16,    │    295,168 │ max_pooling2d_1[… │
│                     │ 256)              │            │                   │
├─────────────────────┼───────────────────┼────────────┼───────────────────┤
│ conv2d_5 (Conv2D)   │ (None, 16, 16,    │    590,080 │ conv2d_4[0][0]    │
│                     │ 256)              │            │                   │
├─────────────────────┼───────────────────┼────────────┼───────────────────┤
│ max_pooling2d_2     │ (None, 8, 8, 256) │          0 │ conv2d_5[0][0]    │
│ (MaxPooling2D)      │                   │            │                   │
├─────────────────────┼───────────────────┼────────────┼───────────────────┤
│ conv2d_8 (Conv2D)   │ (None, 8, 8, 128) │    295,040 │ max_pooling2d_2[… │
├─────────────────────┼───────────────────┼────────────┼───────────────────┤
│ conv2d_16 (Conv2D)  │ (None, 8, 8, 128) │    295,040 │ max_pooling2d_2[… │
├─────────────────────┼───────────────────┼────────────┼───────────────────┤
│ conv2d_9 (Conv2D)   │ (None, 8, 8, 128) │    147,584 │ conv2d_8[0][0]    │
├─────────────────────┼───────────────────┼────────────┼───────────────────┤
│ conv2d_17 (Conv2D)  │ (None, 8, 8, 128) │    147,584 │ conv2d_16[0][0]   │
├─────────────────────┼───────────────────┼────────────┼───────────────────┤
│ up_sampling2d       │ (None, 16, 16,    │          0 │ conv2d_9[0][0]    │
│ (UpSampling2D)      │ 128)              │            │                   │
├─────────────────────┼───────────────────┼────────────┼───────────────────┤
│ up_sampling2d_3     │ (None, 16, 16,    │          0 │ conv2d_17[0][0]   │
│ (UpSampling2D)      │ 128)              │            │                   │
├─────────────────────┼───────────────────┼────────────┼───────────────────┤
│ conv2d_10 (Conv2D)  │ (None, 16, 16,    │     73,792 │ up_sampling2d[0]… │
│                     │ 64)               │            │                   │
├─────────────────────┼───────────────────┼────────────┼───────────────────┤
│ conv2d_18 (Conv2D)  │ (None, 16, 16,    │     73,792 │ up_sampling2d_3[… │
│                     │ 64)               │            │                   │
├─────────────────────┼───────────────────┼────────────┼───────────────────┤
│ conv2d_11 (Conv2D)  │ (None, 16, 16,    │     36,928 │ conv2d_10[0][0]   │
│                     │ 64)               │            │                   │
├─────────────────────┼───────────────────┼────────────┼───────────────────┤
│ conv2d_19 (Conv2D)  │ (None, 16, 16,    │     36,928 │ conv2d_18[0][0]   │
│                     │ 64)               │            │                   │
├─────────────────────┼───────────────────┼────────────┼───────────────────┤
│ up_sampling2d_1     │ (None, 32, 32,    │          0 │ conv2d_11[0][0]   │
│ (UpSampling2D)      │ 64)               │            │                   │
├─────────────────────┼───────────────────┼────────────┼───────────────────┤
│ up_sampling2d_4     │ (None, 32, 32,    │          0 │ conv2d_19[0][0]   │
│ (UpSampling2D)      │ 64)               │            │                   │
├─────────────────────┼───────────────────┼────────────┼───────────────────┤
│ get_item_1          │ (None, 32, 32, 4) │          0 │ up_sampling2d_1[… │
│ (GetItem)           │                   │            │                   │
├─────────────────────┼───────────────────┼────────────┼───────────────────┤
│ get_item_3          │ (None, 32, 32, 4) │          0 │ up_sampling2d_4[… │
│ (GetItem)           │                   │            │                   │
├─────────────────────┼───────────────────┼────────────┼───────────────────┤
│ conv2d_12 (Conv2D)  │ (None, 32, 32,    │      2,368 │ get_item_1[0][0]  │
│                     │ 64)               │            │                   │
├─────────────────────┼───────────────────┼────────────┼───────────────────┤
│ conv2d_20 (Conv2D)  │ (None, 32, 32,    │      2,368 │ get_item_3[0][0]  │
│                     │ 64)               │            │                   │
├─────────────────────┼───────────────────┼────────────┼───────────────────┤
│ conv2d_13 (Conv2D)  │ (None, 32, 32,    │     36,928 │ conv2d_12[0][0]   │
│                     │ 64)               │            │                   │
├─────────────────────┼───────────────────┼────────────┼───────────────────┤
│ conv2d_21 (Conv2D)  │ (None, 32, 32,    │     36,928 │ conv2d_20[0][0]   │
│                     │ 64)               │            │                   │
├─────────────────────┼───────────────────┼────────────┼───────────────────┤
│ up_sampling2d_2     │ (None, 64, 64,    │          0 │ conv2d_13[0][0]   │
│ (UpSampling2D)      │ 64)               │            │                   │
├─────────────────────┼───────────────────┼────────────┼───────────────────┤
│ up_sampling2d_5     │ (None, 64, 64,    │          0 │ conv2d_21[0][0]   │
│ (UpSampling2D)      │ 64)               │            │                   │
├─────────────────────┼───────────────────┼────────────┼───────────────────┤
│ get_item (GetItem)  │ (None, 32, 32,    │          0 │ up_sampling2d_1[… │
│                     │ 60)               │            │                   │
├─────────────────────┼───────────────────┼────────────┼───────────────────┤
│ conv2d_7 (Conv2D)   │ (None, 64, 64, 1) │        577 │ up_sampling2d_2[… │
├─────────────────────┼───────────────────┼────────────┼───────────────────┤
│ get_item_2          │ (None, 32, 32,    │          0 │ up_sampling2d_4[… │
│ (GetItem)           │ 60)               │            │                   │
├─────────────────────┼───────────────────┼────────────┼───────────────────┤
│ conv2d_15 (Conv2D)  │ (None, 64, 64, 4) │      2,308 │ up_sampling2d_5[… │
├─────────────────────┼───────────────────┼────────────┼───────────────────┤
│ conv2d_6 (Conv2D)   │ (None, 32, 32, 1) │        541 │ get_item[0][0]    │
├─────────────────────┼───────────────────┼────────────┼───────────────────┤
│ silu (Silu)         │ (None, 64, 64, 1) │          0 │ conv2d_7[0][0]    │
├─────────────────────┼───────────────────┼────────────┼───────────────────┤
│ conv2d_14 (Conv2D)  │ (None, 32, 32, 4) │      2,164 │ get_item_2[0][0]  │
├─────────────────────┼───────────────────┼────────────┼───────────────────┤
│ silu_1 (Silu)       │ (None, 64, 64, 4) │          0 │ conv2d_15[0][0]   │
├─────────────────────┼───────────────────┼────────────┼───────────────────┤
│ amp (Lambda)        │ (None, 32, 32, 1) │          0 │ conv2d_6[0][0]    │
├─────────────────────┼───────────────────┼────────────┼───────────────────┤
│ center_mask_layer   │ (None, 64, 64, 1) │          0 │ silu[0][0]        │
│ (CenterMaskLayer)   │                   │            │                   │
├─────────────────────┼───────────────────┼────────────┼───────────────────┤
│ phi (Lambda)        │ (None, 32, 32, 4) │          0 │ conv2d_14[0][0]   │
├─────────────────────┼───────────────────┼────────────┼───────────────────┤
│ center_mask_layer_1 │ (None, 64, 64, 1) │          0 │ silu_1[0][0]      │
│ (CenterMaskLayer)   │                   │            │                   │
├─────────────────────┼───────────────────┼────────────┼───────────────────┤
│ amp_padded          │ (None, 64, 64, 1) │          0 │ amp[0][0]         │
│ (ZeroPadding2D)     │                   │            │                   │
├─────────────────────┼───────────────────┼────────────┼───────────────────┤
│ multiply (Multiply) │ (None, 64, 64, 1) │          0 │ silu[0][0],       │
│                     │                   │            │ center_mask_laye… │
├─────────────────────┼───────────────────┼────────────┼───────────────────┤
│ phase_padded        │ (None, 64, 64, 4) │          0 │ phi[0][0]         │
│ (ZeroPadding2D)     │                   │            │                   │
├─────────────────────┼───────────────────┼────────────┼───────────────────┤
│ multiply_1          │ (None, 64, 64, 4) │          0 │ silu_1[0][0],     │
│ (Multiply)          │                   │            │ center_mask_laye… │
├─────────────────────┼───────────────────┼────────────┼───────────────────┤
│ add (Add)           │ (None, 64, 64, 1) │          0 │ amp_padded[0][0], │
│                     │                   │            │ multiply[0][0]    │
├─────────────────────┼───────────────────┼────────────┼───────────────────┤
│ add_1 (Add)         │ (None, 64, 64, 4) │          0 │ phase_padded[0][… │
│                     │                   │            │ multiply_1[0][0]  │
├─────────────────────┼───────────────────┼────────────┼───────────────────┤
│ obj (Lambda)        │ (None, 64, 64, 1) │          0 │ add[0][0],        │
│                     │                   │            │ add_1[0][0]       │
├─────────────────────┼───────────────────┼────────────┼───────────────────┤
│ input_positions     │ (None, 1, 2, 4)   │          0 │ -                 │
│ (InputLayer)        │                   │            │                   │
├─────────────────────┼───────────────────┼────────────┼───────────────────┤
│ padded_obj_2        │ (None, 78, 78, 1) │          0 │ obj[0][0],        │
│ (Lambda)            │                   │            │ input_positions[… │
├─────────────────────┼───────────────────┼────────────┼───────────────────┤
│ padded_objs_with_o… │ (None, 64, 64, 1) │          0 │ padded_obj_2[0][… │
│ (Lambda)            │                   │            │ input_positions[… │
├─────────────────────┼───────────────────┼────────────┼───────────────────┤
│ probe_illumination  │ [(None, 64, 64,   │          0 │ padded_objs_with… │
│ (ProbeIllumination) │ 1), (1, 1, 64,    │            │                   │
│                     │ 64, 1)]           │            │                   │
├─────────────────────┼───────────────────┼────────────┼───────────────────┤
│ pred_amplitude      │ [(None, 64, 64,   │          0 │ probe_illuminati… │
│ (Lambda)            │ 1), (None, 64,    │            │                   │
│                     │ 64, 1)]           │            │                   │
├─────────────────────┼───────────────────┼────────────┼───────────────────┤
│ pred_diff_channels  │ (None, 64, 64, 4) │          0 │ pred_amplitude[0… │
│ (Lambda)            │                   │            │                   │
├─────────────────────┼───────────────────┼────────────┼───────────────────┤
│ multiply_2          │ (None, 64, 64, 4) │          0 │ pred_diff_channe… │
│ (Multiply)          │                   │            │                   │
├─────────────────────┼───────────────────┼────────────┼───────────────────┤
│ trimmed_obj         │ (None, 64, 64, 1) │          0 │ padded_obj_2[0][… │
│ (Lambda)            │                   │            │                   │
├─────────────────────┼───────────────────┼────────────┼───────────────────┤
│ pred_intensity      │ (None, 64, 64, 4) │          0 │ multiply_2[0][0]  │
│ (Lambda)            │                   │            │                   │
└─────────────────────┴───────────────────┴────────────┴───────────────────┘
 Total params: 2,336,854 (8.91 MB)
 Trainable params: 2,336,854 (8.91 MB)
 Non-trainable params: 0 (0.00 B)
2025-07-28 13:41:00.794095: I external/local_tsl/tsl/profiler/lib/profiler_session.cc:103] Profiler session initializing.
2025-07-28 13:41:00.794104: I external/local_tsl/tsl/profiler/lib/profiler_session.cc:118] Profiler session started.
WARNING: All log messages before absl::InitializeLog() is called are written to STDERR
I0000 00:00:1753735260.794117 3823068 cupti_tracer.cc:1026] Profiler found 1 GPUs
W0000 00:00:1753735260.811244 3823068 cupti_tracer.cc:1213] Fail to use per-thread activity buffer, cupti trace overhead may be big. CUPTI ERROR CODE:1
2025-07-28 13:41:00.811320: I external/local_tsl/tsl/profiler/lib/profiler_session.cc:130] Profiler session tear down.
I0000 00:00:1753735260.811390 3823068 cupti_tracer.cc:1249] CUPTI activity buffer flushed
2025-07-28 13:41:02,398 - INFO - Successfully loaded model from ../PtychoPINN/fly64_pinn_gridsize2_final
2025-07-28 13:41:02,399 - INFO - Model configuration: {'N': 64, 'offset': 4, 'gridsize': 2, 'outer_offset_train': None, 'outer_offset_test': None, 'batch_size': 16, 'nepochs': 50, 'n_filters_scale': 2, 'output_prefix': 'fly64_pinn_gridsize2_final', 'big_gridsize': 10, 'max_position_jitter': 10, 'sim_jitter_scale': 0.0, 'default_probe_scale': 0.7, 'mae_weight': 0.0, 'nll_weight': 1.0, 'tv_weight': 0.0, 'realspace_mae_weight': 0.0, 'realspace_weight': 0.0, 'nphotons': 1000000000.0, 'nimgs_train': 9, 'nimgs_test': 3, 'data_source': 'generic', 'probe.trainable': False, 'intensity_scale.trainable': True, 'positions.provided': True, 'object.big': True, 'probe.big': True, 'probe_scale': 4.0, 'set_phi': False, 'probe.mask': False, 'pad_object': True, 'model_type': 'pinn', 'label': '', 'size': 392, 'amp_activation': 'sigmoid', 'h5_path': 'wts.h5', 'npseed': 42, 'debug': True, 'gaussian_smoothing_sigma': 0.0, 'model_path': PosixPath('../PtychoPINN/fly64_pinn_gridsize2_final'), 'test_data_file_path': 'datasets/fly64/fly001_64_train_converted.npz', 'n_images': 10000, 'train_data_file_path': 'datasets/fly64/fly001_64_train_converted.npz', 'probe': <tf.Tensor: shape=(64, 64, 1), dtype=complex64, numpy=
array([[[ 0.05078768+0.03908647j],
        [-0.00147524+0.02986646j],
        [-0.04124447-0.02018933j],
        ...,
        [ 0.02548227+0.01806978j],
        [ 0.04268315+0.0188654j ],
        [ 0.04516761+0.01956229j]],

       [[ 0.0220891 -0.01188079j],
        [ 0.03835767+0.03358509j],
        [-0.00142893+0.02197503j],
        ...,
        [-0.01391465-0.00432523j],
        [ 0.03996065+0.03697475j],
        [ 0.02918082+0.03941054j]],

       [[ 0.02744894-0.00778296j],
        [-0.02554526+0.00479967j],
        [-0.01781248-0.02643128j],
        ...,
        [-0.03899888+0.05420399j],
        [-0.02644318+0.00979219j],
        [ 0.03697952-0.08437678j]],

       ...,

       [[-0.03238868-0.01856977j],
        [ 0.04393906+0.0009207j ],
        [-0.0523303 +0.16835369j],
        ...,
        [ 0.07663022+0.06388126j],
        [-0.10884623+0.05475416j],
        [-0.09921163-0.09906429j]],

       [[-0.00452902-0.01962221j],
        [-0.03836754+0.03825318j],
        [-0.0233613 +0.0739998j ],
        ...,
        [ 0.0232537 +0.04757752j],
        [-0.06083298-0.04434002j],
        [-0.0041243 -0.0299162j ]],

       [[ 0.02184559+0.02220817j],
        [-0.04714252-0.0093401j ],
        [-0.01891536-0.00193338j],
        ...,
        [-0.10183024-0.00715991j],
        [ 0.0541427 -0.08391279j],
        [ 0.03675748+0.03997286j]]], dtype=complex64)>, 'intensity_scale': np.float32(988.21173)}
2025-07-28 13:41:02,399 - INFO - Loading test data...
2025-07-28 13:41:02,399 - INFO - Loading data from ../PtychoPINN/datasets/fly64/fly001_64_train_converted.npz with n_images=None
2025-07-28 13:41:02,766 - INFO - Using grouping-aware subsampling for gridsize=2: passing full dataset for group-first sampling
2025-07-28 13:41:02,766 - INFO - Inference config: gridsize=2, using 100 groups (≈400 total patterns, user specified 100)
2025-07-28 13:41:02,766 - INFO - Performing inference...
2025-07-28 13:41:02,777 - INFO - DEBUG: Using gridsize=2 for data generation
2025-07-28 13:41:02,777 - INFO - Using grouping-aware subsampling strategy for gridsize=2
2025-07-28 13:41:02,779 - INFO - Groups cache loaded from temp_dataset_1e57f614a006c0f2eaf1b712f6241854.g2k4.groups_cache.npz
2025-07-28 13:41:02,779 - INFO - Using 18102 cached groups
2025-07-28 13:41:02,779 - INFO - Randomly sampling 100 groups from 18102 available groups
2025-07-28 13:41:02,779 - INFO - Selected 100 groups for training
