=== Configuration ===
Input file: tike_outputs/fly001/fly001_reconstructed.npz
Output directory: prepare_1e4_photons
Images to simulate: 35000
Photons per image: 1e4
Random seed: 42
=====================

--- Step 0: Padding to Even Dimensions ---
--- Processing for even dimensions: tike_outputs/fly001/fly001_reconstructed.npz ---
Padding array from (231, 231) to (232, 232)...
'probeGuess' already has even dimensions. No changes made.
Saving processed data to: prepare_1e4_photons/stages/01_padded/fly001_reconstructed_padded.npz
--- Padding Complete ---

--- Step 1: Canonicalizing NPZ Format ---
Loading data from: prepare_1e4_photons/stages/01_padded/fly001_reconstructed_padded.npz
Processing 8 arrays...
  - Renaming 'diff3d' to 'diffraction'
✔ Saved consistently formatted data to: prepare_1e4_photons/stages/02_transposed/fly001_reconstructed_transposed.npz

--- Step 2: Interpolating Data (2x Zoom) ---
Loading data from: prepare_1e4_photons/stages/02_transposed/fly001_reconstructed_transposed.npz
Identified Probe: 'probeGuess' (shape: (64, 64))
Identified Object: 'objectGuess' (shape: (232, 232))
Interpolating array from (64, 64) with zoom factor 2.0...
  New shape: (128, 128)
Interpolating array from (232, 232) with zoom factor 2.0...
  New shape: (464, 464)
Saving new NPZ file to: prepare_1e4_photons/stages/03_interpolated/fly001_reconstructed_interpolated_2x.npz
Success! Created prepare_1e4_photons/stages/03_interpolated/fly001_reconstructed_interpolated_2x.npz
Saved verification plot to: prepare_1e4_photons/stages/03_interpolated/fly001_reconstructed_interpolated_2x_verification.png

--- Step 3: Smoothing Probe (No-Op, sigma=0) ---
Loading data from: prepare_1e4_photons/stages/03_interpolated/fly001_reconstructed_interpolated_2x.npz
Identified Probe: 'probeGuess' (shape: (128, 128))
Identified Object: 'objectGuess' (shape: (464, 464))
Applying Gaussian filter to complex array of shape (128, 128) (sigma=0.0)...
- Amplitude and unwrapped phase smoothed.
Saving new NPZ file to: prepare_1e4_photons/stages/04_smooth_probe/fly001_reconstructed_interp_smooth_probe.npz
Success! Created prepare_1e4_photons/stages/04_smooth_probe/fly001_reconstructed_interp_smooth_probe.npz
Saved verification plot to: prepare_1e4_photons/stages/04_smooth_probe/fly001_reconstructed_interp_smooth_probe_verification.png

--- Step 4: Smoothing Object (sigma=0.5) ---
Loading data from: prepare_1e4_photons/stages/04_smooth_probe/fly001_reconstructed_interp_smooth_probe.npz
Identified Probe: 'probeGuess' (shape: (128, 128))
Identified Object: 'objectGuess' (shape: (464, 464))
Applying Gaussian filter to complex array of shape (464, 464) (sigma=0.5)...
- Amplitude and unwrapped phase smoothed.
Saving new NPZ file to: prepare_1e4_photons/stages/05_smooth_object/fly001_reconstructed_interp_smooth_both.npz
Success! Created prepare_1e4_photons/stages/05_smooth_object/fly001_reconstructed_interp_smooth_both.npz
Saved verification plot to: prepare_1e4_photons/stages/05_smooth_object/fly001_reconstructed_interp_smooth_both_verification.png

--- Step 5: Simulating New Diffraction Data ---
2025-08-26 16:40:33.022171: E external/local_xla/xla/stream_executor/cuda/cuda_fft.cc:467] Unable to register cuFFT factory: Attempting to register factory for plugin cuFFT when one has already been registered
WARNING: All log messages before absl::InitializeLog() is called are written to STDERR
E0000 00:00:1756251633.034155 3147224 cuda_dnn.cc:8579] Unable to register cuDNN factory: Attempting to register factory for plugin cuDNN when one has already been registered
E0000 00:00:1756251633.037936 3147224 cuda_blas.cc:1407] Unable to register cuBLAS factory: Attempting to register factory for plugin cuBLAS when one has already been registered
W0000 00:00:1756251633.048909 3147224 computation_placer.cc:177] computation placer already registered. Please check linkage and avoid linking the same target more than once.
W0000 00:00:1756251633.048921 3147224 computation_placer.cc:177] computation placer already registered. Please check linkage and avoid linking the same target more than once.
W0000 00:00:1756251633.048923 3147224 computation_placer.cc:177] computation placer already registered. Please check linkage and avoid linking the same target more than once.
W0000 00:00:1756251633.048924 3147224 computation_placer.cc:177] computation placer already registered. Please check linkage and avoid linking the same target more than once.
2025-08-26 16:40:33.051924: I tensorflow/core/platform/cpu_feature_guard.cc:210] This TensorFlow binary is optimized to use available CPU instructions in performance-critical operations.
To enable the following instructions: AVX2 FMA, in other operations, rebuild TensorFlow with the appropriate compiler flags.
I0000 00:00:1756251636.107942 3147224 gpu_process_state.cc:208] Using CUDA malloc Async allocator for GPU: 0
I0000 00:00:1756251636.109288 3147224 gpu_device.cc:2019] Created device /job:localhost/replica:0/task:0/device:GPU:0 with 22211 MB memory:  -> device: 0, name: NVIDIA GeForce RTX 3090, pci bus id: 0000:04:00.0, compute capability: 8.6
WARNING: All log messages before absl::InitializeLog() is called are written to STDERR
I0000 00:00:1756251636.664185 3147224 service.cc:152] XLA service 0x2cb89840 initialized for platform CUDA (this does not guarantee that XLA will be used). Devices:
I0000 00:00:1756251636.664207 3147224 service.cc:160]   StreamExecutor device (0): NVIDIA GeForce RTX 3090, Compute Capability 8.6
2025-08-26 16:40:36.691389: I tensorflow/compiler/mlir/tensorflow/utils/dump_mlir_util.cc:269] disabling MLIR crash reproducer, set env var `MLIR_CRASH_REPRODUCER_DIRECTORY` to enable.
I0000 00:00:1756251636.711005 3147224 cuda_dnn.cc:529] Loaded cuDNN version 91002
I0000 00:00:1756251636.876724 3147224 device_compiler.h:188] Compiled cluster using XLA!  This line is logged at most once for the lifetime of the process.
2025-08-26 16:43:03.804015: W external/local_xla/xla/tsl/framework/cpu_allocator_impl.cc:83] Allocation of 4587520000 exceeds 10% of free system memory.
2025-08-26 16:43:10.059550: W external/local_xla/xla/tsl/framework/cpu_allocator_impl.cc:83] Allocation of 4587520000 exceeds 10% of free system memory.
WARNING:tensorflow:From /home/ollie/miniconda3/envs/ptycho311/lib/python3.11/site-packages/tensorflow_probability/python/distributions/distribution.py:342: calling _Independent.__init__ (from tensorflow_probability.python.distributions.independent) with reinterpreted_batch_ndims=None is deprecated and will be removed after 2022-03-01.
Instructions for updating:
Please pass an integer value for `reinterpreted_batch_ndims`. The current behavior corresponds to `reinterpreted_batch_ndims=tf.size(distribution.batch_shape_tensor()) - 1`.
2025-08-26 16:43:12.726221: W external/local_xla/xla/tsl/framework/cpu_allocator_impl.cc:83] Allocation of 4587520000 exceeds 10% of free system memory.
2025-08-26 16:45:17.680932: I tensorflow/core/framework/local_rendezvous.cc:407] Local rendezvous is aborting with status: OUT_OF_RANGE: End of sequence
2025-08-26 16:45:27.118526: W external/local_xla/xla/tsl/framework/cpu_allocator_impl.cc:83] Allocation of 4587520000 exceeds 10% of free system memory.
./scripts/prepare.sh: line 237: 3147224 Killed                  python scripts/simulation/simulate_and_save.py --input-file "$PREPARED_INPUT_NPZ" --output-file "$SIMULATED_NPZ" --n-images "$SIM_IMAGES" --n-photons "$SIM_PHOTONS" --seed "$SIM_SEED" --visualize
