2025-08-26 15:34:15,203 - INFO - Configuration: phase_align_method='plane', frc_sigma=0.0
2025-08-26 15:34:15,203 - INFO - Registration: enabled
2025-08-26 15:34:15,203 - INFO - NPZ output: raw=enabled, aligned=enabled
2025-08-26 15:34:15,203 - INFO - Initializing configuration before data loading...
2025-08-26 15:34:15,203 - INFO - Initialized with gridsize=1, n_images=100
2025-08-26 15:34:15,203 - INFO - Loading test data from photon_3e3_custom_study/data_3e3_test.npz...
2025-08-26 15:34:15,203 - INFO - Loading data from photon_3e3_custom_study/data_3e3_test.npz with n_images=100
2025-08-26 15:34:15,244 - INFO - Passing full dataset to RawData for unified sampling (gridsize=1)
2025-08-26 15:34:15,245 - INFO - diff3d shape: (1952, 64, 64)
2025-08-26 15:34:15,245 - INFO - probeGuess shape: (64, 64)
2025-08-26 15:34:15,245 - INFO - scan_index shape: (1952,)
2025-08-26 15:34:15,245 - INFO - objectGuess shape: (231, 231)
2025-08-26 15:34:15,245 - INFO - xcoords shape: (1952,)
2025-08-26 15:34:15,245 - INFO - ycoords shape: (1952,)
2025-08-26 15:34:15,245 - INFO - xcoords_start shape: (1952,)
2025-08-26 15:34:15,245 - INFO - ycoords_start shape: (1952,)
2025-08-26 15:34:15,245 - INFO - Using stitch_crop_size M=20 (N=64)
2025-08-26 15:34:15,245 - INFO - DEBUG:
2025-08-26 15:34:15,245 - INFO - nsamples: 1952, gridsize: 1 (using efficient random sample-then-group strategy)
2025-08-26 15:34:15,245 - INFO - Using efficient random sampling strategy for gridsize=1
2025-08-26 15:34:15,245 - INFO - Generating 1952 groups efficiently from 1952 points (K=4, C=1)
2025-08-26 15:34:15,245 - INFO - Using all 1952 points as seeds
2025-08-26 15:34:15,245 - INFO - Using seed indices directly for C=1 (gridsize=1) - no neighbor search needed
2025-08-26 15:34:15,245 - INFO - Successfully generated 1952 groups with shape (1952, 1)
2025-08-26 15:34:15,245 - INFO - Generated 1952 groups efficiently
2025-08-26 15:34:15,250 - INFO - INFO: 'Y' array not found. Generating ground truth patches from 'objectGuess' as a fallback.
2025-08-26 15:34:24,559 - INFO - neighbor-sampled diffraction shape
2025-08-26 15:34:24,559 - INFO - (1952, 64, 64, 1)
2025-08-26 15:34:24,610 - INFO - loader: using provided ground truth patches.
2025-08-26 15:34:24,989 - INFO - INFO:
2025-08-26 15:34:24,989 - INFO - None
2025-08-26 15:34:24,989 - INFO - <PtychoDataContainer X=(1952, 64, 64, 1) Y_I=(1952, 64, 64, 1) Y_phi=(1952, 64, 64, 1) norm_Y_I=() coords_nominal=(1952, 1, 2, 1) coords_true=(1952, 1, 2, 1) nn_indices=(1952, 1) mean=975.500 global_offsets=(1952, 1, 2, 1) mean=135.657 local_offsets=(1952, 1, 2, 1) mean=0.000 probe=(64, 64) mean_amplitude=12.152>
2025-08-26 15:34:24,990 - INFO - Loading PtychoPINN model from photon_3e3_custom_study/pinn_run...
2025-08-26 15:34:24,990 - INFO - Loading model from: photon_3e3_custom_study/pinn_run
2025-08-26 15:34:24,990 - DEBUG - Model archive path: photon_3e3_custom_study/pinn_run/wts.h5.zip
2025-08-26 15:34:25,839 - INFO - Model: "functional"
2025-08-26 15:34:25,862 - INFO - ┏━━━━━━━━━━━━━━━━━━━━━┳━━━━━━━━━━━━━━━━━━━┳━━━━━━━━━━━━┳━━━━━━━━━━━━━━━━━━━┓
┃ Layer (type)        ┃ Output Shape      ┃    Param # ┃ Connected to      ┃
┡━━━━━━━━━━━━━━━━━━━━━╇━━━━━━━━━━━━━━━━━━━╇━━━━━━━━━━━━╇━━━━━━━━━━━━━━━━━━━┩
│ input (InputLayer)  │ (None, 64, 64, 1) │          0 │ -                 │
├─────────────────────┼───────────────────┼────────────┼───────────────────┤
│ intensity_scaler    │ (None, 64, 64, 1) │          0 │ input[0][0]       │
│ (IntensityScaler)   │                   │            │                   │
├─────────────────────┼───────────────────┼────────────┼───────────────────┤
│ conv2d (Conv2D)     │ (None, 64, 64,    │        640 │ intensity_scaler… │
│                     │ 64)               │            │                   │
├─────────────────────┼───────────────────┼────────────┼───────────────────┤
│ conv2d_1 (Conv2D)   │ (None, 64, 64,    │     36,928 │ conv2d[0][0]      │
│                     │ 64)               │            │                   │
├─────────────────────┼───────────────────┼────────────┼───────────────────┤
│ max_pooling2d       │ (None, 32, 32,    │          0 │ conv2d_1[0][0]    │
│ (MaxPooling2D)      │ 64)               │            │                   │
├─────────────────────┼───────────────────┼────────────┼───────────────────┤
│ conv2d_2 (Conv2D)   │ (None, 32, 32,    │     73,856 │ max_pooling2d[0]… │
│                     │ 128)              │            │                   │
├─────────────────────┼───────────────────┼────────────┼───────────────────┤
│ conv2d_3 (Conv2D)   │ (None, 32, 32,    │    147,584 │ conv2d_2[0][0]    │
│                     │ 128)              │            │                   │
├─────────────────────┼───────────────────┼────────────┼───────────────────┤
│ max_pooling2d_1     │ (None, 16, 16,    │          0 │ conv2d_3[0][0]    │
│ (MaxPooling2D)      │ 128)              │            │                   │
├─────────────────────┼───────────────────┼────────────┼───────────────────┤
│ conv2d_4 (Conv2D)   │ (None, 16, 16,    │    295,168 │ max_pooling2d_1[… │
│                     │ 256)              │            │                   │
├─────────────────────┼───────────────────┼────────────┼───────────────────┤
│ conv2d_5 (Conv2D)   │ (None, 16, 16,    │    590,080 │ conv2d_4[0][0]    │
│                     │ 256)              │            │                   │
├─────────────────────┼───────────────────┼────────────┼───────────────────┤
│ max_pooling2d_2     │ (None, 8, 8, 256) │          0 │ conv2d_5[0][0]    │
│ (MaxPooling2D)      │                   │            │                   │
├─────────────────────┼───────────────────┼────────────┼───────────────────┤
│ conv2d_8 (Conv2D)   │ (None, 8, 8, 128) │    295,040 │ max_pooling2d_2[… │
├─────────────────────┼───────────────────┼────────────┼───────────────────┤
│ conv2d_16 (Conv2D)  │ (None, 8, 8, 128) │    295,040 │ max_pooling2d_2[… │
├─────────────────────┼───────────────────┼────────────┼───────────────────┤
│ conv2d_9 (Conv2D)   │ (None, 8, 8, 128) │    147,584 │ conv2d_8[0][0]    │
├─────────────────────┼───────────────────┼────────────┼───────────────────┤
│ conv2d_17 (Conv2D)  │ (None, 8, 8, 128) │    147,584 │ conv2d_16[0][0]   │
├─────────────────────┼───────────────────┼────────────┼───────────────────┤
│ up_sampling2d       │ (None, 16, 16,    │          0 │ conv2d_9[0][0]    │
│ (UpSampling2D)      │ 128)              │            │                   │
├─────────────────────┼───────────────────┼────────────┼───────────────────┤
│ up_sampling2d_3     │ (None, 16, 16,    │          0 │ conv2d_17[0][0]   │
│ (UpSampling2D)      │ 128)              │            │                   │
├─────────────────────┼───────────────────┼────────────┼───────────────────┤
│ conv2d_10 (Conv2D)  │ (None, 16, 16,    │     73,792 │ up_sampling2d[0]… │
│                     │ 64)               │            │                   │
├─────────────────────┼───────────────────┼────────────┼───────────────────┤
│ conv2d_18 (Conv2D)  │ (None, 16, 16,    │     73,792 │ up_sampling2d_3[… │
│                     │ 64)               │            │                   │
├─────────────────────┼───────────────────┼────────────┼───────────────────┤
│ conv2d_11 (Conv2D)  │ (None, 16, 16,    │     36,928 │ conv2d_10[0][0]   │
│                     │ 64)               │            │                   │
├─────────────────────┼───────────────────┼────────────┼───────────────────┤
│ conv2d_19 (Conv2D)  │ (None, 16, 16,    │     36,928 │ conv2d_18[0][0]   │
│                     │ 64)               │            │                   │
├─────────────────────┼───────────────────┼────────────┼───────────────────┤
│ up_sampling2d_1     │ (None, 32, 32,    │          0 │ conv2d_11[0][0]   │
│ (UpSampling2D)      │ 64)               │            │                   │
├─────────────────────┼───────────────────┼────────────┼───────────────────┤
│ up_sampling2d_4     │ (None, 32, 32,    │          0 │ conv2d_19[0][0]   │
│ (UpSampling2D)      │ 64)               │            │                   │
├─────────────────────┼───────────────────┼────────────┼───────────────────┤
│ get_item_1          │ (None, 32, 32, 4) │          0 │ up_sampling2d_1[… │
│ (GetItem)           │                   │            │                   │
├─────────────────────┼───────────────────┼────────────┼───────────────────┤
│ get_item_3          │ (None, 32, 32, 4) │          0 │ up_sampling2d_4[… │
│ (GetItem)           │                   │            │                   │
├─────────────────────┼───────────────────┼────────────┼───────────────────┤
│ conv2d_12 (Conv2D)  │ (None, 32, 32,    │      2,368 │ get_item_1[0][0]  │
│                     │ 64)               │            │                   │
├─────────────────────┼───────────────────┼────────────┼───────────────────┤
│ conv2d_20 (Conv2D)  │ (None, 32, 32,    │      2,368 │ get_item_3[0][0]  │
│                     │ 64)               │            │                   │
├─────────────────────┼───────────────────┼────────────┼───────────────────┤
│ conv2d_13 (Conv2D)  │ (None, 32, 32,    │     36,928 │ conv2d_12[0][0]   │
│                     │ 64)               │            │                   │
├─────────────────────┼───────────────────┼────────────┼───────────────────┤
│ conv2d_21 (Conv2D)  │ (None, 32, 32,    │     36,928 │ conv2d_20[0][0]   │
│                     │ 64)               │            │                   │
├─────────────────────┼───────────────────┼────────────┼───────────────────┤
│ up_sampling2d_2     │ (None, 64, 64,    │          0 │ conv2d_13[0][0]   │
│ (UpSampling2D)      │ 64)               │            │                   │
├─────────────────────┼───────────────────┼────────────┼───────────────────┤
│ up_sampling2d_5     │ (None, 64, 64,    │          0 │ conv2d_21[0][0]   │
│ (UpSampling2D)      │ 64)               │            │                   │
├─────────────────────┼───────────────────┼────────────┼───────────────────┤
│ get_item (GetItem)  │ (None, 32, 32,    │          0 │ up_sampling2d_1[… │
│                     │ 60)               │            │                   │
├─────────────────────┼───────────────────┼────────────┼───────────────────┤
│ conv2d_7 (Conv2D)   │ (None, 64, 64, 1) │        577 │ up_sampling2d_2[… │
├─────────────────────┼───────────────────┼────────────┼───────────────────┤
│ get_item_2          │ (None, 32, 32,    │          0 │ up_sampling2d_4[… │
│ (GetItem)           │ 60)               │            │                   │
├─────────────────────┼───────────────────┼────────────┼───────────────────┤
│ conv2d_15 (Conv2D)  │ (None, 64, 64, 1) │        577 │ up_sampling2d_5[… │
├─────────────────────┼───────────────────┼────────────┼───────────────────┤
│ conv2d_6 (Conv2D)   │ (None, 32, 32, 1) │        541 │ get_item[0][0]    │
├─────────────────────┼───────────────────┼────────────┼───────────────────┤
│ silu (Silu)         │ (None, 64, 64, 1) │          0 │ conv2d_7[0][0]    │
├─────────────────────┼───────────────────┼────────────┼───────────────────┤
│ conv2d_14 (Conv2D)  │ (None, 32, 32, 1) │        541 │ get_item_2[0][0]  │
├─────────────────────┼───────────────────┼────────────┼───────────────────┤
│ silu_1 (Silu)       │ (None, 64, 64, 1) │          0 │ conv2d_15[0][0]   │
├─────────────────────┼───────────────────┼────────────┼───────────────────┤
│ amp                 │ (None, 32, 32, 1) │          0 │ conv2d_6[0][0]    │
│ (ActivationLayer)   │                   │            │                   │
├─────────────────────┼───────────────────┼────────────┼───────────────────┤
│ center_mask_layer   │ (None, 64, 64, 1) │          0 │ silu[0][0]        │
│ (CenterMaskLayer)   │                   │            │                   │
├─────────────────────┼───────────────────┼────────────┼───────────────────┤
│ phi                 │ (None, 32, 32, 1) │          0 │ conv2d_14[0][0]   │
│ (ActivationLayer)   │                   │            │                   │
├─────────────────────┼───────────────────┼────────────┼───────────────────┤
│ center_mask_layer_1 │ (None, 64, 64, 1) │          0 │ silu_1[0][0]      │
│ (CenterMaskLayer)   │                   │            │                   │
├─────────────────────┼───────────────────┼────────────┼───────────────────┤
│ amp_padded          │ (None, 64, 64, 1) │          0 │ amp[0][0]         │
│ (ZeroPadding2D)     │                   │            │                   │
├─────────────────────┼───────────────────┼────────────┼───────────────────┤
│ multiply (Multiply) │ (None, 64, 64, 1) │          0 │ silu[0][0],       │
│                     │                   │            │ center_mask_laye… │
├─────────────────────┼───────────────────┼────────────┼───────────────────┤
│ phase_padded        │ (None, 64, 64, 1) │          0 │ phi[0][0]         │
│ (ZeroPadding2D)     │                   │            │                   │
├─────────────────────┼───────────────────┼────────────┼───────────────────┤
│ multiply_1          │ (None, 64, 64, 1) │          0 │ silu_1[0][0],     │
│ (Multiply)          │                   │            │ center_mask_laye… │
├─────────────────────┼───────────────────┼────────────┼───────────────────┤
│ add (Add)           │ (None, 64, 64, 1) │          0 │ amp_padded[0][0], │
│                     │                   │            │ multiply[0][0]    │
├─────────────────────┼───────────────────┼────────────┼───────────────────┤
│ add_1 (Add)         │ (None, 64, 64, 1) │          0 │ phase_padded[0][… │
│                     │                   │            │ multiply_1[0][0]  │
├─────────────────────┼───────────────────┼────────────┼───────────────────┤
│ obj                 │ (None, 64, 64, 1) │          0 │ add[0][0],        │
│ (CombineComplexLay… │                   │            │ add_1[0][0]       │
├─────────────────────┼───────────────────┼────────────┼───────────────────┤
│ input_positions     │ (None, 1, 2, 1)   │          0 │ -                 │
│ (InputLayer)        │                   │            │                   │
├─────────────────────┼───────────────────┼────────────┼───────────────────┤
│ padded_obj_2        │ (None, 74, 74, 1) │          0 │ obj[0][0],        │
│ (ReassemblePatches… │                   │            │ input_positions[… │
├─────────────────────┼───────────────────┼────────────┼───────────────────┤
│ padded_objs_with_o… │ (None, 64, 64, 1) │          0 │ padded_obj_2[0][… │
│ (ExtractPatchesPos… │                   │            │ input_positions[… │
├─────────────────────┼───────────────────┼────────────┼───────────────────┤
│ probe_illumination  │ [(None, 64, 64,   │          0 │ padded_objs_with… │
│ (ProbeIllumination) │ 1), (None, 64,    │            │                   │
│                     │ 64, 1)]           │            │                   │
├─────────────────────┼───────────────────┼────────────┼───────────────────┤
│ pred_amplitude      │ [(None, 64, 64,   │          0 │ probe_illuminati… │
│ (PadAndDiffractLay… │ 1), (None, 64,    │            │                   │
│                     │ 64, 1)]           │            │                   │
├─────────────────────┼───────────────────┼────────────┼───────────────────┤
│ pred_diff_channels  │ (None, 64, 64, 1) │          0 │ pred_amplitude[0… │
│ (FlatToChannelLaye… │                   │            │                   │
├─────────────────────┼───────────────────┼────────────┼───────────────────┤
│ intensity_scaler_i… │ (None, 64, 64, 1) │          0 │ pred_diff_channe… │
│ (IntensityScaler_i… │                   │            │                   │
├─────────────────────┼───────────────────┼────────────┼───────────────────┤
│ trimmed_obj         │ (None, 64, 64, 1) │          0 │ padded_obj_2[0][… │
│ (TrimReconstructio… │                   │            │                   │
├─────────────────────┼───────────────────┼────────────┼───────────────────┤
│ pred_intensity      │ (None, 64, 64, 1) │          0 │ intensity_scaler… │
│ (SquareLayer)       │                   │            │                   │
└─────────────────────┴───────────────────┴────────────┴───────────────────┘
2025-08-26 15:34:25,862 - INFO - Total params: 2,331,772 (8.90 MB)
2025-08-26 15:34:25,862 - INFO - Trainable params: 2,331,772 (8.90 MB)
2025-08-26 15:34:25,862 - INFO - Non-trainable params: 0 (0.00 B)
2025-08-26 15:34:25,862 - INFO - None
2025-08-26 15:34:26,134 - ERROR - /home/ollie/miniconda3/envs/ptycho311/lib/python3.11/site-packages/keras/src/layers/layer.py:421: UserWarning: `build()` was called on layer 'center_mask_layer', however the layer does not have a `build()` method implemented and it looks like it has unbuilt state. This will cause the layer to be marked as built, despite not being actually built, which may cause failures down the line. Make sure to implement a proper `build()` method.
  warnings.warn(
2025-08-26 15:34:26,135 - ERROR - /home/ollie/miniconda3/envs/ptycho311/lib/python3.11/site-packages/keras/src/layers/layer.py:421: UserWarning: `build()` was called on layer 'center_mask_layer_1', however the layer does not have a `build()` method implemented and it looks like it has unbuilt state. This will cause the layer to be marked as built, despite not being actually built, which may cause failures down the line. Make sure to implement a proper `build()` method.
  warnings.warn(
2025-08-26 15:34:26,771 - INFO - Successfully loaded model from photon_3e3_custom_study/pinn_run
2025-08-26 15:34:26,772 - DEBUG - Model configuration: {'N': 64, 'offset': 4, 'gridsize': 1, 'outer_offset_train': None, 'outer_offset_test': None, 'batch_size': 16, 'nepochs': 30, 'n_filters_scale': 2, 'output_prefix': 'photon_3e3_custom_study/pinn_run', 'big_gridsize': 10, 'max_position_jitter': 10, 'sim_jitter_scale': 0.0, 'default_probe_scale': 0.7, 'mae_weight': 0.0, 'nll_weight': 1.0, 'tv_weight': 0.0, 'realspace_mae_weight': 0.0, 'realspace_weight': 0.0, 'nphotons': 3000.0, 'nimgs_train': 9, 'nimgs_test': 3, 'data_source': 'generic', 'probe.trainable': False, 'intensity_scale.trainable': True, 'positions.provided': True, 'object.big': True, 'probe.big': True, 'probe_scale': 4.0, 'set_phi': False, 'probe.mask': False, 'pad_object': True, 'model_type': 'pinn', 'label': '', 'size': 392, 'amp_activation': 'sigmoid', 'h5_path': 'wts.h5', 'npseed': 42, 'debug': True, 'gaussian_smoothing_sigma': 0.0, 'use_xla_translate': True, 'n_images': 1000, 'sequential_sampling': False, 'train_data_file_path': 'photon_3e3_custom_study/data_3e3_train.npz', 'test_data_file_path': 'photon_3e3_custom_study/data_3e3_test.npz', 'probe': <tf.Tensor: shape=(64, 64, 1), dtype=complex64, numpy=
array([[[ 0.06366038+0.10018352j],
        [-0.01142566-0.01699358j],
        [-0.01955565+0.0612289j ],
        ...,
        [-0.00772361+0.05286194j],
        [-0.00513508+0.00045483j],
        [-0.01858449-0.04279742j]],

       [[-0.0959738 -0.02359513j],
        [ 0.06936193+0.07823911j],
        [ 0.02342552+0.02809572j],
        ...,
        [ 0.04563612-0.0352535j ],
        [-0.05149774-0.04618367j],
        [ 0.02610069+0.09541331j]],

       [[ 0.09206076+0.06508379j],
        [-0.05720628+0.02523429j],
        [ 0.01309364-0.04356072j],
        ...,
        [-0.01339132-0.06558058j],
        [-0.00244203+0.01518968j],
        [-0.13965671-0.02270496j]],

       ...,

       [[-0.02781806+0.04933377j],
        [ 0.16344061+0.11097243j],
        [-0.12768629-0.00600458j],
        ...,
        [ 0.04765902+0.1301417j ],
        [ 0.07269505+0.01066757j],
        [-0.01173637-0.06516686j]],

       [[ 0.0438077 +0.09607426j],
        [-0.06328703-0.04157673j],
        [ 0.08195937+0.15874383j],
        ...,
        [ 0.02542817+0.01747547j],
        [-0.01345036-0.03784601j],
        [ 0.03536714+0.06076728j]],

       [[ 0.02611033-0.04011659j],
        [ 0.04522948+0.1327109j ],
        [-0.08333831-0.00936522j],
        ...,
        [-0.073771  -0.10188135j],
        [-0.02068921+0.07118616j],
        [ 0.0142911 +0.06325872j]]], dtype=complex64)>, 'intensity_scale': np.float32(1.711633)}
2025-08-26 15:34:26,772 - INFO - Loading Baseline model from photon_3e3_custom_study/baseline_run...
2025-08-26 15:34:26,772 - CRITICAL - Uncaught exception
Traceback (most recent call last):
  File "/home/ollie/Documents/PtychoPINN/scripts/compare_models.py", line 1110, in <module>
    main()
  File "/home/ollie/Documents/PtychoPINN/scripts/compare_models.py", line 811, in main
    baseline_model = load_baseline_model(args.baseline_dir)
                     ^^^^^^^^^^^^^^^^^^^^^^^^^^^^^^^^^^^^^^
  File "/home/ollie/Documents/PtychoPINN/scripts/compare_models.py", line 115, in load_baseline_model
    raise FileNotFoundError(f"Baseline model not found in: {baseline_dir}")
FileNotFoundError: Baseline model not found in: photon_3e3_custom_study/baseline_run
2025-08-26 15:34:26,773 - ERROR - Traceback (most recent call last):
2025-08-26 15:34:26,773 - ERROR - File "/home/ollie/Documents/PtychoPINN/scripts/compare_models.py", line 1110, in <module>
2025-08-26 15:34:26,773 - ERROR - main()
2025-08-26 15:34:26,773 - ERROR - File "/home/ollie/Documents/PtychoPINN/scripts/compare_models.py", line 811, in main
2025-08-26 15:34:26,773 - ERROR - baseline_model = load_baseline_model(args.baseline_dir)
2025-08-26 15:34:26,773 - ERROR - ^
2025-08-26 15:34:26,773 - ERROR - ^
2025-08-26 15:34:26,773 - ERROR - ^
2025-08-26 15:34:26,773 - ERROR - ^
2025-08-26 15:34:26,773 - ERROR - ^
2025-08-26 15:34:26,773 - ERROR - ^
2025-08-26 15:34:26,773 - ERROR - ^
2025-08-26 15:34:26,773 - ERROR - ^
2025-08-26 15:34:26,773 - ERROR - ^
2025-08-26 15:34:26,773 - ERROR - ^
2025-08-26 15:34:26,773 - ERROR - ^
2025-08-26 15:34:26,773 - ERROR - ^
2025-08-26 15:34:26,773 - ERROR - ^
2025-08-26 15:34:26,773 - ERROR - ^
2025-08-26 15:34:26,773 - ERROR - ^
2025-08-26 15:34:26,773 - ERROR - ^
2025-08-26 15:34:26,773 - ERROR - ^
2025-08-26 15:34:26,773 - ERROR - ^
2025-08-26 15:34:26,773 - ERROR - ^
2025-08-26 15:34:26,773 - ERROR - ^
2025-08-26 15:34:26,773 - ERROR - ^
2025-08-26 15:34:26,773 - ERROR - ^
2025-08-26 15:34:26,774 - ERROR - ^
2025-08-26 15:34:26,774 - ERROR - ^
2025-08-26 15:34:26,774 - ERROR - ^
2025-08-26 15:34:26,774 - ERROR - ^
2025-08-26 15:34:26,774 - ERROR - ^
2025-08-26 15:34:26,774 - ERROR - ^
2025-08-26 15:34:26,774 - ERROR - ^
2025-08-26 15:34:26,774 - ERROR - ^
2025-08-26 15:34:26,774 - ERROR - ^
2025-08-26 15:34:26,774 - ERROR - ^
2025-08-26 15:34:26,774 - ERROR - ^
2025-08-26 15:34:26,774 - ERROR - ^
2025-08-26 15:34:26,774 - ERROR - ^
2025-08-26 15:34:26,774 - ERROR - ^
2025-08-26 15:34:26,774 - ERROR - ^
2025-08-26 15:34:26,774 - ERROR - ^
2025-08-26 15:34:26,774 - ERROR - File "/home/ollie/Documents/PtychoPINN/scripts/compare_models.py", line 115, in load_baseline_model
2025-08-26 15:34:26,774 - ERROR - raise FileNotFoundError(f"Baseline model not found in: {baseline_dir}")
2025-08-26 15:34:26,774 - ERROR - FileNotFoundError
2025-08-26 15:34:26,774 - ERROR - :
2025-08-26 15:34:26,774 - ERROR - Baseline model not found in: photon_3e3_custom_study/baseline_run
