2026-01-19 22:24:23.128321: E external/local_xla/xla/stream_executor/cuda/cuda_fft.cc:467] Unable to register cuFFT factory: Attempting to register factory for plugin cuFFT when one has already been registered
WARNING: All log messages before absl::InitializeLog() is called are written to STDERR
E0000 00:00:1768890263.139846 1096995 cuda_dnn.cc:8579] Unable to register cuDNN factory: Attempting to register factory for plugin cuDNN when one has already been registered
E0000 00:00:1768890263.143996 1096995 cuda_blas.cc:1407] Unable to register cuBLAS factory: Attempting to register factory for plugin cuBLAS when one has already been registered
W0000 00:00:1768890263.154054 1096995 computation_placer.cc:177] computation placer already registered. Please check linkage and avoid linking the same target more than once.
W0000 00:00:1768890263.154063 1096995 computation_placer.cc:177] computation placer already registered. Please check linkage and avoid linking the same target more than once.
W0000 00:00:1768890263.154065 1096995 computation_placer.cc:177] computation placer already registered. Please check linkage and avoid linking the same target more than once.
W0000 00:00:1768890263.154066 1096995 computation_placer.cc:177] computation placer already registered. Please check linkage and avoid linking the same target more than once.
2026-01-19 22:24:23.157137: I tensorflow/core/platform/cpu_feature_guard.cc:210] This TensorFlow binary is optimized to use available CPU instructions in performance-critical operations.
To enable the following instructions: AVX2 FMA, in other operations, rebuild TensorFlow with the appropriate compiler flags.
2026-01-19 22:24:26,018 - INFO - Loading cached nongrid_sim: .artifacts/synthetic_helpers/cache/nongrid_sim_ce679cf9585e5391528fd19df96bb01fe962d74a52b64239845ec3728653fb06.npz
2026-01-19 22:24:26,039 - INFO - [OVERSAMPLING DEBUG] generate_grouped_data called with: nsamples=1000, n_points=1000, C=1, K=4
2026-01-19 22:24:26,039 - INFO - [OVERSAMPLING DEBUG] Parameters: gridsize=1, N=64, sequential_sampling=False
2026-01-19 22:24:26,039 - INFO - [OVERSAMPLING DEBUG] Oversampling flags: enable_oversampling=False, neighbor_pool_size=None, effective_K=4
2026-01-19 22:24:26,039 - INFO - [OVERSAMPLING DEBUG] Oversampling check: nsamples > n_points = 1000 > 1000 = False
2026-01-19 22:24:26,039 - INFO - [OVERSAMPLING DEBUG] Oversampling check: C > 1 = 1 > 1 = False
2026-01-19 22:24:26,039 - INFO - [OVERSAMPLING DEBUG] needs_oversampling = False
2026-01-19 22:24:26,039 - INFO - Using efficient random sampling strategy for gridsize=1
2026-01-19 22:24:26,039 - INFO - [OVERSAMPLING DEBUG] Taking efficient branch: standard sample-then-group
2026-01-19 22:24:26,039 - INFO - [OVERSAMPLING DEBUG] _generate_groups_efficiently called with: nsamples=1000, K=4, C=1
2026-01-19 22:24:26,039 - INFO - Generating 1000 groups efficiently from 1000 points (K=4, C=1)
2026-01-19 22:24:26,039 - INFO - [OVERSAMPLING DEBUG] Standard case: using 1000 groups from 1000 points
2026-01-19 22:24:26,039 - INFO - [OVERSAMPLING DEBUG] Using all 1000 points as seeds (no sampling needed)
2026-01-19 22:24:26,039 - INFO - Using all 1000 points as seeds
2026-01-19 22:24:26,039 - INFO - Using seed indices directly for C=1 (gridsize=1) - no neighbor search needed
2026-01-19 22:24:26,039 - INFO - [OVERSAMPLING DEBUG] _generate_groups_efficiently completed: generated 1000 groups
2026-01-19 22:24:26,039 - INFO - Successfully generated 1000 groups with shape (1000, 1)
2026-01-19 22:24:26,039 - INFO - [OVERSAMPLING DEBUG] Generated 1000 groups in total
2026-01-19 22:24:26,039 - INFO - Generated 1000 groups efficiently
I0000 00:00:1768890266.157805 1096995 gpu_process_state.cc:208] Using CUDA malloc Async allocator for GPU: 0
I0000 00:00:1768890266.159266 1096995 gpu_device.cc:2019] Created device /job:localhost/replica:0/task:0/device:GPU:0 with 22259 MB memory:  -> device: 0, name: NVIDIA GeForce RTX 3090, pci bus id: 0000:04:00.0, compute capability: 8.6
WARNING: All log messages before absl::InitializeLog() is called are written to STDERR
I0000 00:00:1768890266.915788 1096995 service.cc:152] XLA service 0x4ed5c770 initialized for platform CUDA (this does not guarantee that XLA will be used). Devices:
I0000 00:00:1768890266.915808 1096995 service.cc:160]   StreamExecutor device (0): NVIDIA GeForce RTX 3090, Compute Capability 8.6
2026-01-19 22:24:26.935058: I tensorflow/compiler/mlir/tensorflow/utils/dump_mlir_util.cc:269] disabling MLIR crash reproducer, set env var `MLIR_CRASH_REPRODUCER_DIRECTORY` to enable.
I0000 00:00:1768890266.953758 1096995 cuda_dnn.cc:529] Loaded cuDNN version 91002
I0000 00:00:1768890267.110781 1096995 device_compiler.h:188] Compiled cluster using XLA!  This line is logged at most once for the lifetime of the process.
2026-01-19 22:24:31,762 - INFO - Updated max_position_jitter from 10 to 764 based on coords_offsets max_abs=381.782 (required_canvas=828, old_padded=74, new_padded=828).
2026-01-19 22:24:32,194 - INFO - [OVERSAMPLING DEBUG] generate_grouped_data called with: nsamples=1000, n_points=1000, C=1, K=4
2026-01-19 22:24:32,194 - INFO - [OVERSAMPLING DEBUG] Parameters: gridsize=1, N=64, sequential_sampling=False
2026-01-19 22:24:32,194 - INFO - [OVERSAMPLING DEBUG] Oversampling flags: enable_oversampling=False, neighbor_pool_size=None, effective_K=4
2026-01-19 22:24:32,194 - INFO - [OVERSAMPLING DEBUG] Oversampling check: nsamples > n_points = 1000 > 1000 = False
2026-01-19 22:24:32,194 - INFO - [OVERSAMPLING DEBUG] Oversampling check: C > 1 = 1 > 1 = False
2026-01-19 22:24:32,194 - INFO - [OVERSAMPLING DEBUG] needs_oversampling = False
2026-01-19 22:24:32,194 - INFO - Using efficient random sampling strategy for gridsize=1
2026-01-19 22:24:32,194 - INFO - [OVERSAMPLING DEBUG] Taking efficient branch: standard sample-then-group
2026-01-19 22:24:32,194 - INFO - [OVERSAMPLING DEBUG] _generate_groups_efficiently called with: nsamples=1000, K=4, C=1
2026-01-19 22:24:32,194 - INFO - Generating 1000 groups efficiently from 1000 points (K=4, C=1)
2026-01-19 22:24:32,194 - INFO - [OVERSAMPLING DEBUG] Standard case: using 1000 groups from 1000 points
2026-01-19 22:24:32,194 - INFO - [OVERSAMPLING DEBUG] Using all 1000 points as seeds (no sampling needed)
2026-01-19 22:24:32,194 - INFO - Using all 1000 points as seeds
2026-01-19 22:24:32,194 - INFO - Using seed indices directly for C=1 (gridsize=1) - no neighbor search needed
2026-01-19 22:24:32,194 - INFO - [OVERSAMPLING DEBUG] _generate_groups_efficiently completed: generated 1000 groups
2026-01-19 22:24:32,194 - INFO - Successfully generated 1000 groups with shape (1000, 1)
2026-01-19 22:24:32,194 - INFO - [OVERSAMPLING DEBUG] Generated 1000 groups in total
2026-01-19 22:24:32,194 - INFO - Generated 1000 groups efficiently
DEBUG _flat_to_channel: gridsize from global params: 1
DEBUG _flat_to_channel: N from parameter: 828
DEBUG _flat_to_channel: input shape=(64, 828, 828, 1), reshaping to (-1, 1, 828, 828)
DEBUG _flat_to_channel: gridsize from global params: 1
DEBUG _flat_to_channel: N from parameter: 828
DEBUG _flat_to_channel: input shape=(64, 828, 828, 1), reshaping to (-1, 1, 828, 828)
DEBUG _flat_to_channel: gridsize from global params: 1
DEBUG _flat_to_channel: N from parameter: 828
DEBUG _flat_to_channel: input shape=(64, 828, 828, 1), reshaping to (-1, 1, 828, 828)
DEBUG _flat_to_channel: gridsize from global params: 1
DEBUG _flat_to_channel: N from parameter: 828
DEBUG _flat_to_channel: input shape=(64, 828, 828, 1), reshaping to (-1, 1, 828, 828)
DEBUG _flat_to_channel: gridsize from global params: 1
DEBUG _flat_to_channel: N from parameter: 828
DEBUG _flat_to_channel: input shape=(64, 828, 828, 1), reshaping to (-1, 1, 828, 828)
DEBUG _flat_to_channel: gridsize from global params: 1
DEBUG _flat_to_channel: N from parameter: 828
DEBUG _flat_to_channel: input shape=(64, 828, 828, 1), reshaping to (-1, 1, 828, 828)
DEBUG _flat_to_channel: gridsize from global params: 1
DEBUG _flat_to_channel: N from parameter: 828
DEBUG _flat_to_channel: input shape=(64, 828, 828, 1), reshaping to (-1, 1, 828, 828)
DEBUG _flat_to_channel: gridsize from global params: 1
DEBUG _flat_to_channel: N from parameter: 828
DEBUG _flat_to_channel: input shape=(64, 828, 828, 1), reshaping to (-1, 1, 828, 828)
[train] required_canvas=828 padded_size=828 fits=True loss_fraction=0.0
DEBUG _flat_to_channel: gridsize from global params: 1
DEBUG _flat_to_channel: N from parameter: 828
DEBUG _flat_to_channel: input shape=(64, 828, 828, 1), reshaping to (-1, 1, 828, 828)
DEBUG _flat_to_channel: gridsize from global params: 1
DEBUG _flat_to_channel: N from parameter: 828
DEBUG _flat_to_channel: input shape=(64, 828, 828, 1), reshaping to (-1, 1, 828, 828)
DEBUG _flat_to_channel: gridsize from global params: 1
DEBUG _flat_to_channel: N from parameter: 828
DEBUG _flat_to_channel: input shape=(64, 828, 828, 1), reshaping to (-1, 1, 828, 828)
DEBUG _flat_to_channel: gridsize from global params: 1
DEBUG _flat_to_channel: N from parameter: 828
DEBUG _flat_to_channel: input shape=(64, 828, 828, 1), reshaping to (-1, 1, 828, 828)
DEBUG _flat_to_channel: gridsize from global params: 1
DEBUG _flat_to_channel: N from parameter: 828
DEBUG _flat_to_channel: input shape=(64, 828, 828, 1), reshaping to (-1, 1, 828, 828)
DEBUG _flat_to_channel: gridsize from global params: 1
DEBUG _flat_to_channel: N from parameter: 828
DEBUG _flat_to_channel: input shape=(64, 828, 828, 1), reshaping to (-1, 1, 828, 828)
DEBUG _flat_to_channel: gridsize from global params: 1
DEBUG _flat_to_channel: N from parameter: 828
DEBUG _flat_to_channel: input shape=(64, 828, 828, 1), reshaping to (-1, 1, 828, 828)
DEBUG _flat_to_channel: gridsize from global params: 1
DEBUG _flat_to_channel: N from parameter: 828
DEBUG _flat_to_channel: input shape=(64, 828, 828, 1), reshaping to (-1, 1, 828, 828)
[test] required_canvas=828 padded_size=828 fits=True loss_fraction=0.0
2026-01-19 22:24:38.006165: E external/local_xla/xla/stream_executor/cuda/cuda_fft.cc:467] Unable to register cuFFT factory: Attempting to register factory for plugin cuFFT when one has already been registered
WARNING: All log messages before absl::InitializeLog() is called are written to STDERR
E0000 00:00:1768890278.017627 1097484 cuda_dnn.cc:8579] Unable to register cuDNN factory: Attempting to register factory for plugin cuDNN when one has already been registered
E0000 00:00:1768890278.021547 1097484 cuda_blas.cc:1407] Unable to register cuBLAS factory: Attempting to register factory for plugin cuBLAS when one has already been registered
W0000 00:00:1768890278.031741 1097484 computation_placer.cc:177] computation placer already registered. Please check linkage and avoid linking the same target more than once.
W0000 00:00:1768890278.031750 1097484 computation_placer.cc:177] computation placer already registered. Please check linkage and avoid linking the same target more than once.
W0000 00:00:1768890278.031752 1097484 computation_placer.cc:177] computation placer already registered. Please check linkage and avoid linking the same target more than once.
W0000 00:00:1768890278.031753 1097484 computation_placer.cc:177] computation placer already registered. Please check linkage and avoid linking the same target more than once.
2026-01-19 22:24:38.034554: I tensorflow/core/platform/cpu_feature_guard.cc:210] This TensorFlow binary is optimized to use available CPU instructions in performance-critical operations.
To enable the following instructions: AVX2 FMA, in other operations, rebuild TensorFlow with the appropriate compiler flags.
