  adding: hybrid_resnet_neurips_first_draft.tex (deflated 68%)
  adding: hybrid_resnet_neurips_first_draft.pdf (deflated 6%)
  adding: paper_presentation_style_guide.md (deflated 64%)
  adding: paper_evidence_package_audit_summary.md (deflated 67%)
  adding: evidence_matrix.md (deflated 75%)
  adding: figures/cdi_synthetic_line_pattern_srunet_fno_ffno.png (deflated 0%)
  adding: figures/pdebench_cns_sample000_predictions.png (deflated 1%)
  adding: figures/cdi_lines128_complete_compare_amp_phase.png (deflated 1%)
  adding: figures/brdt_decision_support_recon.png (deflated 2%)
  adding: figures/brdt_sample_0255_compare_q.png (deflated 11%)
  adding: figures/brdt_sample_0255_context_recon_error.png (deflated 8%)
  adding: figures/brdt_fno_objective_ablation.png (deflated 3%)
  adding: figures/cdi_lines128_complete_frc_curves.png (deflated 2%)
  adding: figures/cdi_synthetic_line_pattern_amp_phase.png (deflated 1%)
  adding: figures/cdi_lines128_phase_zoom_srunet_fno_ffno_uno.png (deflated 5%)
  adding: figures/cdi_lines128_phase_zoom_cnn_fno_ffno_uno_srunet.png (deflated 5%)
  adding: figures/cdi_lines128_phase_zoom_cnn_fno_ffno_uno_srunet_per_panel_scaled.png (deflated 4%)
  adding: tables/brdt_decision_support_metrics.json (deflated 57%)
  adding: tables/brdt_decision_support_metrics.csv (deflated 33%)
  adding: tables/brdt_decision_support_metrics.tex (deflated 38%)
  adding: tables/cdi_lines128_metrics_extended.tex (deflated 53%)
  adding: tables/cdi_lines128_metrics_extended.csv (deflated 46%)
  adding: tables/cdi_lines128_metrics_extended.json (deflated 67%)
  adding: tables/cdi_lines128_objective_comparison.tex (deflated 61%)
  adding: tables/cdi_lines128_pinn_metrics.tex (deflated 53%)
  adding: tables/model_config_by_benchmark.tex (deflated 71%)
  adding: tables/pdebench_cns_matched_condition_metrics.tex (deflated 43%)
  adding: tables/pdebench_cns_matched_condition_metrics.csv (deflated 57%)
  adding: tables/pdebench_cns_matched_condition_metrics.json (deflated 76%)
