This is pdfTeX, Version 3.141592653-2.6-1.40.25 (TeX Live 2023/Debian) (preloaded format=pdflatex)
 restricted \write18 enabled.
entering extended mode
(./hybrid_resnet_neurips_first_draft.tex
LaTeX2e <2023-11-01> patch level 1
L3 programming layer <2024-01-22>
(/usr/share/texlive/texmf-dist/tex/latex/base/article.cls
Document Class: article 2023/05/17 v1.4n Standard LaTeX document class
(/usr/share/texlive/texmf-dist/tex/latex/base/size11.clo))
(/usr/share/texlive/texmf-dist/tex/latex/geometry/geometry.sty
(/usr/share/texlive/texmf-dist/tex/latex/graphics/keyval.sty)
(/usr/share/texlive/texmf-dist/tex/generic/iftex/ifvtex.sty
(/usr/share/texlive/texmf-dist/tex/generic/iftex/iftex.sty)))
(/usr/share/texlive/texmf-dist/tex/latex/amsmath/amsmath.sty
For additional information on amsmath, use the `?' option.
(/usr/share/texlive/texmf-dist/tex/latex/amsmath/amstext.sty
(/usr/share/texlive/texmf-dist/tex/latex/amsmath/amsgen.sty))
(/usr/share/texlive/texmf-dist/tex/latex/amsmath/amsbsy.sty)
(/usr/share/texlive/texmf-dist/tex/latex/amsmath/amsopn.sty))
(/usr/share/texlive/texmf-dist/tex/latex/amsfonts/amssymb.sty
(/usr/share/texlive/texmf-dist/tex/latex/amsfonts/amsfonts.sty))
(/usr/share/texlive/texmf-dist/tex/latex/booktabs/booktabs.sty)
(/usr/share/texlive/texmf-dist/tex/latex/graphics/graphicx.sty
(/usr/share/texlive/texmf-dist/tex/latex/graphics/graphics.sty
(/usr/share/texlive/texmf-dist/tex/latex/graphics/trig.sty)
(/usr/share/texlive/texmf-dist/tex/latex/graphics-cfg/graphics.cfg)
(/usr/share/texlive/texmf-dist/tex/latex/graphics-def/pdftex.def)))
(/usr/share/texlive/texmf-dist/tex/latex/pgf/frontendlayer/tikz.sty
(/usr/share/texlive/texmf-dist/tex/latex/pgf/basiclayer/pgf.sty
(/usr/share/texlive/texmf-dist/tex/latex/pgf/utilities/pgfrcs.sty
(/usr/share/texlive/texmf-dist/tex/generic/pgf/utilities/pgfutil-common.tex)
(/usr/share/texlive/texmf-dist/tex/generic/pgf/utilities/pgfutil-latex.def)
(/usr/share/texlive/texmf-dist/tex/generic/pgf/utilities/pgfrcs.code.tex
(/usr/share/texlive/texmf-dist/tex/generic/pgf/pgf.revision.tex)))
(/usr/share/texlive/texmf-dist/tex/latex/pgf/basiclayer/pgfcore.sty
(/usr/share/texlive/texmf-dist/tex/latex/pgf/systemlayer/pgfsys.sty
(/usr/share/texlive/texmf-dist/tex/generic/pgf/systemlayer/pgfsys.code.tex
(/usr/share/texlive/texmf-dist/tex/generic/pgf/utilities/pgfkeys.code.tex
(/usr/share/texlive/texmf-dist/tex/generic/pgf/utilities/pgfkeyslibraryfiltered
.code.tex)) (/usr/share/texlive/texmf-dist/tex/generic/pgf/systemlayer/pgf.cfg)
(/usr/share/texlive/texmf-dist/tex/generic/pgf/systemlayer/pgfsys-pdftex.def
(/usr/share/texlive/texmf-dist/tex/generic/pgf/systemlayer/pgfsys-common-pdf.de
f)))
(/usr/share/texlive/texmf-dist/tex/generic/pgf/systemlayer/pgfsyssoftpath.code.
tex)
(/usr/share/texlive/texmf-dist/tex/generic/pgf/systemlayer/pgfsysprotocol.code.
tex)) (/usr/share/texlive/texmf-dist/tex/latex/xcolor/xcolor.sty
(/usr/share/texlive/texmf-dist/tex/latex/graphics-cfg/color.cfg)
(/usr/share/texlive/texmf-dist/tex/latex/graphics/mathcolor.ltx))
(/usr/share/texlive/texmf-dist/tex/generic/pgf/basiclayer/pgfcore.code.tex
(/usr/share/texlive/texmf-dist/tex/generic/pgf/math/pgfmath.code.tex
(/usr/share/texlive/texmf-dist/tex/generic/pgf/math/pgfmathutil.code.tex)
(/usr/share/texlive/texmf-dist/tex/generic/pgf/math/pgfmathparser.code.tex)
(/usr/share/texlive/texmf-dist/tex/generic/pgf/math/pgfmathfunctions.code.tex)
(/usr/share/texlive/texmf-dist/tex/generic/pgf/math/pgfmathfunctions.basic.code
.tex)
(/usr/share/texlive/texmf-dist/tex/generic/pgf/math/pgfmathfunctions.trigonomet
ric.code.tex)
(/usr/share/texlive/texmf-dist/tex/generic/pgf/math/pgfmathfunctions.random.cod
e.tex)
(/usr/share/texlive/texmf-dist/tex/generic/pgf/math/pgfmathfunctions.comparison
.code.tex)
(/usr/share/texlive/texmf-dist/tex/generic/pgf/math/pgfmathfunctions.base.code.
tex)
(/usr/share/texlive/texmf-dist/tex/generic/pgf/math/pgfmathfunctions.round.code
.tex)
(/usr/share/texlive/texmf-dist/tex/generic/pgf/math/pgfmathfunctions.misc.code.
tex)
(/usr/share/texlive/texmf-dist/tex/generic/pgf/math/pgfmathfunctions.integerari
thmetics.code.tex)
(/usr/share/texlive/texmf-dist/tex/generic/pgf/math/pgfmathcalc.code.tex)
(/usr/share/texlive/texmf-dist/tex/generic/pgf/math/pgfmathfloat.code.tex))
(/usr/share/texlive/texmf-dist/tex/generic/pgf/math/pgfint.code.tex)
(/usr/share/texlive/texmf-dist/tex/generic/pgf/basiclayer/pgfcorepoints.code.te
x)
(/usr/share/texlive/texmf-dist/tex/generic/pgf/basiclayer/pgfcorepathconstruct.
code.tex)
(/usr/share/texlive/texmf-dist/tex/generic/pgf/basiclayer/pgfcorepathusage.code
.tex)
(/usr/share/texlive/texmf-dist/tex/generic/pgf/basiclayer/pgfcorescopes.code.te
x)
(/usr/share/texlive/texmf-dist/tex/generic/pgf/basiclayer/pgfcoregraphicstate.c
ode.tex)
(/usr/share/texlive/texmf-dist/tex/generic/pgf/basiclayer/pgfcoretransformation
s.code.tex)
(/usr/share/texlive/texmf-dist/tex/generic/pgf/basiclayer/pgfcorequick.code.tex
)
(/usr/share/texlive/texmf-dist/tex/generic/pgf/basiclayer/pgfcoreobjects.code.t
ex)
(/usr/share/texlive/texmf-dist/tex/generic/pgf/basiclayer/pgfcorepathprocessing
.code.tex)
(/usr/share/texlive/texmf-dist/tex/generic/pgf/basiclayer/pgfcorearrows.code.te
x)
(/usr/share/texlive/texmf-dist/tex/generic/pgf/basiclayer/pgfcoreshade.code.tex
)
(/usr/share/texlive/texmf-dist/tex/generic/pgf/basiclayer/pgfcoreimage.code.tex
)
(/usr/share/texlive/texmf-dist/tex/generic/pgf/basiclayer/pgfcoreexternal.code.
tex)
(/usr/share/texlive/texmf-dist/tex/generic/pgf/basiclayer/pgfcorelayers.code.te
x)
(/usr/share/texlive/texmf-dist/tex/generic/pgf/basiclayer/pgfcoretransparency.c
ode.tex)
(/usr/share/texlive/texmf-dist/tex/generic/pgf/basiclayer/pgfcorepatterns.code.
tex)
(/usr/share/texlive/texmf-dist/tex/generic/pgf/basiclayer/pgfcorerdf.code.tex))
)
(/usr/share/texlive/texmf-dist/tex/generic/pgf/modules/pgfmoduleshapes.code.tex
) (/usr/share/texlive/texmf-dist/tex/generic/pgf/modules/pgfmoduleplot.code.tex
)
(/usr/share/texlive/texmf-dist/tex/latex/pgf/compatibility/pgfcomp-version-0-65
.sty)
(/usr/share/texlive/texmf-dist/tex/latex/pgf/compatibility/pgfcomp-version-1-18
.sty)) (/usr/share/texlive/texmf-dist/tex/latex/pgf/utilities/pgffor.sty
(/usr/share/texlive/texmf-dist/tex/latex/pgf/utilities/pgfkeys.sty
(/usr/share/texlive/texmf-dist/tex/generic/pgf/utilities/pgfkeys.code.tex))
(/usr/share/texlive/texmf-dist/tex/latex/pgf/math/pgfmath.sty
(/usr/share/texlive/texmf-dist/tex/generic/pgf/math/pgfmath.code.tex))
(/usr/share/texlive/texmf-dist/tex/generic/pgf/utilities/pgffor.code.tex))
(/usr/share/texlive/texmf-dist/tex/generic/pgf/frontendlayer/tikz/tikz.code.tex

(/usr/share/texlive/texmf-dist/tex/generic/pgf/libraries/pgflibraryplothandlers
.code.tex)
(/usr/share/texlive/texmf-dist/tex/generic/pgf/modules/pgfmodulematrix.code.tex
)
(/usr/share/texlive/texmf-dist/tex/generic/pgf/frontendlayer/tikz/libraries/tik
zlibrarytopaths.code.tex)))
(/usr/share/texlive/texmf-dist/tex/latex/hyperref/hyperref.sty
(/usr/share/texlive/texmf-dist/tex/latex/kvsetkeys/kvsetkeys.sty)
(/usr/share/texlive/texmf-dist/tex/generic/kvdefinekeys/kvdefinekeys.sty)
(/usr/share/texlive/texmf-dist/tex/generic/pdfescape/pdfescape.sty
(/usr/share/texlive/texmf-dist/tex/generic/ltxcmds/ltxcmds.sty)
(/usr/share/texlive/texmf-dist/tex/generic/pdftexcmds/pdftexcmds.sty
(/usr/share/texlive/texmf-dist/tex/generic/infwarerr/infwarerr.sty)))
(/usr/share/texlive/texmf-dist/tex/latex/hycolor/hycolor.sty)
(/usr/share/texlive/texmf-dist/tex/latex/auxhook/auxhook.sty)
(/usr/share/texlive/texmf-dist/tex/latex/hyperref/nameref.sty
(/usr/share/texlive/texmf-dist/tex/latex/refcount/refcount.sty)
(/usr/share/texlive/texmf-dist/tex/generic/gettitlestring/gettitlestring.sty
(/usr/share/texlive/texmf-dist/tex/latex/kvoptions/kvoptions.sty)))
(/usr/share/texlive/texmf-dist/tex/latex/etoolbox/etoolbox.sty)
(/usr/share/texlive/texmf-dist/tex/latex/hyperref/pd1enc.def)
(/usr/share/texlive/texmf-dist/tex/generic/intcalc/intcalc.sty)
(/usr/share/texlive/texmf-dist/tex/latex/hyperref/puenc.def)
(/usr/share/texlive/texmf-dist/tex/latex/url/url.sty)
(/usr/share/texlive/texmf-dist/tex/generic/bitset/bitset.sty
(/usr/share/texlive/texmf-dist/tex/generic/bigintcalc/bigintcalc.sty))
(/usr/share/texlive/texmf-dist/tex/latex/base/atbegshi-ltx.sty))
(/usr/share/texlive/texmf-dist/tex/latex/hyperref/hpdftex.def
(/usr/share/texlive/texmf-dist/tex/latex/base/atveryend-ltx.sty)
(/usr/share/texlive/texmf-dist/tex/latex/rerunfilecheck/rerunfilecheck.sty
(/usr/share/texlive/texmf-dist/tex/generic/uniquecounter/uniquecounter.sty)))
(/usr/share/texlive/texmf-dist/tex/generic/pgf/libraries/pgflibraryarrows.meta.
code.tex)
(/usr/share/texlive/texmf-dist/tex/generic/pgf/frontendlayer/tikz/libraries/tik
zlibrarypositioning.code.tex)
(/usr/share/texlive/texmf-dist/tex/latex/l3backend/l3backend-pdftex.def)
No file hybrid_resnet_neurips_first_draft.aux.
*geometry* driver: auto-detecting
*geometry* detected driver: pdftex
(/usr/share/texlive/texmf-dist/tex/context/base/mkii/supp-pdf.mkii
[Loading MPS to PDF converter (version 2006.09.02).]
) (/usr/share/texlive/texmf-dist/tex/latex/epstopdf-pkg/epstopdf-base.sty
(/usr/share/texlive/texmf-dist/tex/latex/latexconfig/epstopdf-sys.cfg))
(/usr/share/texlive/texmf-dist/tex/latex/amsfonts/umsa.fd)
(/usr/share/texlive/texmf-dist/tex/latex/amsfonts/umsb.fd)

LaTeX Warning: Citation `fienup' on page 1 undefined on input line 51.


LaTeX Warning: Citation `devaney' on page 1 undefined on input line 52.


LaTeX Warning: Citation `unet' on page 1 undefined on input line 67.


LaTeX Warning: Citation `resnet' on page 1 undefined on input line 67.


LaTeX Warning: Citation `fno' on page 1 undefined on input line 73.


LaTeX Warning: Citation `unet' on page 1 undefined on input line 77.


LaTeX Warning: Citation `ufno' on page 1 undefined on input line 77.


LaTeX Warning: Citation `localno' on page 1 undefined on input line 77.


LaTeX Warning: Citation `ffno' on page 1 undefined on input line 81.


LaTeX Warning: Citation `galerkin' on page 1 undefined on input line 83.


LaTeX Warning: Citation `deeponet' on page 1 undefined on input line 83.

[1{/home/ollie/.texlive2023/texmf-var/fonts/map/pdftex/updmap/pdftex.map}]

LaTeX Warning: Citation `hoidn2023physics' on page 2 undefined on input line 99
.


LaTeX Warning: Citation `fno' on page 2 undefined on input line 170.


LaTeX Warning: Citation `ffno' on page 2 undefined on input line 173.


LaTeX Warning: Citation `pdebench' on page 2 undefined on input line 176.

[2]

LaTeX Warning: Citation `ufno' on page 3 undefined on input line 183.


LaTeX Warning: Citation `localno' on page 3 undefined on input line 185.


LaTeX Warning: Citation `fienup' on page 3 undefined on input line 195.


LaTeX Warning: Citation `epie' on page 3 undefined on input line 195.


LaTeX Warning: Citation `cherukara2018' on page 3 undefined on input line 200.


LaTeX Warning: Citation `ptychonn' on page 3 undefined on input line 200.


LaTeX Warning: Citation `streamingptycho' on page 3 undefined on input line 201
.


LaTeX Warning: Citation `autophasenn' on page 3 undefined on input line 202.


LaTeX Warning: Citation `hoidn2023physics' on page 3 undefined on input line 20
2.


LaTeX Warning: Citation `hoidn2023physics' on page 3 undefined on input line 20
5.


Overfull \hbox (6.14055pt too wide) in paragraph at lines 204--212
[]\OT1/cmr/m/n/10.95 PtychoPINN in-tro-duced a measurement-consistency train-in
g ob-jec-tive for un-su-per-vised scanning-

Overfull \hbox (18.7879pt too wide) in paragraph at lines 213--226
\OT1/cmr/m/n/10.95 learn-ing. In the vari-a-tional pic-ture of in-verse prob-le
ms, the stan-dard ob-jec-tive com-bines a measurement-
[3]

LaTeX Warning: Citation `gelu' on page 4 undefined on input line 293.

[4]

LaTeX Warning: Reference `fig:srunet_architecture' on page 5 undefined on input
 line 317.


LaTeX Warning: Reference `tab:architecture_summary' on page 5 undefined on inpu
t line 318.


Underfull \hbox (badness 7777) in paragraph at lines 480--484
[]\OT1/cmr/m/n/10 CDI uses grouped object-patch chan-nels and re-turns com-plex


LaTeX Warning: Citation `resnet' on page 5 undefined on input line 492.


LaTeX Warning: Citation `instnorm' on page 5 undefined on input line 493.


LaTeX Warning: Citation `gelu' on page 5 undefined on input line 493.


LaTeX Warning: Citation `unet' on page 5 undefined on input line 498.


LaTeX Warning: Citation `pixelshuffle' on page 5 undefined on input line 500.


LaTeX Warning: `h' float specifier changed to `ht'.

[5] [6]

LaTeX Warning: Citation `devaney' on page 7 undefined on input line 599.


LaTeX Warning: Citation `tvregularization' on page 7 undefined on input line 62
2.

[7]

LaTeX Warning: Reference `tab:model_config_by_benchmark' on page 8 undefined on
 input line 711.


LaTeX Warning: Reference `tab:benchmark_scope_repro' on page 8 undefined on inp
ut line 713.

[8]

LaTeX Warning: Citation `adam' on page 9 undefined on input line 733.


LaTeX Warning: Reference `fig:brdt_candidate_recon' on page 9 undefined on inpu
t line 738.


LaTeX Warning: Reference `tab:cdi_lines128_objective_controls' on page 9 undefi
ned on input line 768.


LaTeX Warning: Citation `ssim' on page 9 undefined on input line 779.

[9] (./tables/cdi_lines128_objective_comparison.tex)

LaTeX Warning: Reference `tab:cdi_lines128_pinn' on page 10 undefined on input 
line 799.

(./tables/cdi_lines128_pinn_metrics.tex)

LaTeX Warning: Reference `tab:cdi_arch_ablations' on page 10 undefined on input
 line 835.

[10]
Overfull \hbox (16.2736pt too wide) in paragraph at lines 862--873
 [][] 

LaTeX Warning: Reference `sec:methods_brdt' on page 11 undefined on input line 
883.


LaTeX Warning: Reference `tab:brdt_secondary_metrics' on page 11 undefined on i
nput line 886.


LaTeX Warning: Reference `tab:cns_bundle' on page 11 undefined on input line 93
5.


LaTeX Warning: Reference `tab:cdi_lines128_pinn' on page 11 undefined on input 
line 942.


Overfull \hbox (14.58914pt too wide) in paragraph at lines 935--946
\OT1/cmr/m/n/10.95 Table [] re-ports the CNS com-par-i-son. All mod-els use fiv
e in-put states, 512/64/64 train/validation/test

Underfull \hbox (badness 2762) in paragraph at lines 955--955
[]\OT1/cmr/m/n/10.95 Table 6: []\OT1/cmr/bx/n/10.95 PDEBench CNS re-sults. \OT1
/cmr/m/n/10.95 All mod-els use five in-put states, 512/64/64
(./tables/pdebench_cns_matched_condition_metrics.tex) [11] [12] [13] [14 <./fig
ures/cdi_lines128_phase_zoom_cnn_fno_ffno_uno_srunet.png>] [15 <./figures/brdt_
sample_0255_context_recon_error.png>]

LaTeX Warning: Reference `fig:brdt_candidate_recon' on page 16 undefined on inp
ut line 1235.


LaTeX Warning: Reference `tab:brdt_secondary_metrics' on page 16 undefined on i
nput line 1235.


LaTeX Warning: Reference `fig:brdt_candidate_recon' on page 16 undefined on inp
ut line 1235.


LaTeX Warning: Reference `tab:brdt_secondary_metrics' on page 16 undefined on i
nput line 1235.


LaTeX Warning: Reference `tab:cns_bundle' on page 16 undefined on input line 12
50.


LaTeX Warning: Reference `tab:cns_bundle' on page 16 undefined on input line 12
50.


LaTeX Warning: `h' float specifier changed to `ht'.


LaTeX Warning: Reference `tab:cns_ablation' on page 16 undefined on input line 
1256.


Underfull \hbox (badness 3039) in paragraph at lines 1279--1279
[]\OT1/cmr/m/n/8 512/64/64 split; 2 in-put

Underfull \hbox (badness 3039) in paragraph at lines 1281--1281
[]\OT1/cmr/m/n/8 512/64/64 split; 3 in-put

Underfull \hbox (badness 2088) in paragraph at lines 1282--1282
[]\OT1/cmr/m/n/8 SRU-Net, 32 Fourier

Underfull \hbox (badness 3039) in paragraph at lines 1282--1282
[]\OT1/cmr/m/n/8 512/64/64 split; 2 in-put

Underfull \hbox (badness 5217) in paragraph at lines 1283--1283
[]\OT1/cmr/m/n/8 Deeper shared-weight

Underfull \hbox (badness 2080) in paragraph at lines 1306--1308
\OT1/cmr/m/n/8 learn-ing rate $2 \OMS/cmsy/m/n/8 ^^B \OT1/cmr/m/n/8 10[]$; Re-d
uceL-ROn-

Underfull \hbox (badness 2617) in paragraph at lines 1309--1310
\OT1/cmr/m/n/8 be-fore phase met-rics

Underfull \hbox (badness 2080) in paragraph at lines 1313--1314
\OT1/cmr/m/n/8 learn-ing rate $2 \OMS/cmsy/m/n/8 ^^B \OT1/cmr/m/n/8 10[]$; Re-d
uceL-ROn-

Underfull \hbox (badness 10000) in paragraph at lines 1317--1317
[]\OT1/cmr/m/n/8 PDEBench

Underfull \hbox (badness 1221) in paragraph at lines 1320--1321
[]\OT1/cmr/m/n/8 split seed 20260420; one run per row;

LaTeX Warning: Reference `tab:cns_bundle' on page 16 undefined on input line 13
22.


Underfull \hbox (badness 10000) in paragraph at lines 1322--1323
[]\OT1/cmr/m/n/8 denormalized met-ric

Underfull \hbox (badness 10000) in paragraph at lines 1322--1323
\OT1/cmr/m/n/8 eval-u-a-tion; Fourier-

Underfull \hbox (badness 2027) in paragraph at lines 1322--1323
\OT1/cmr/m/n/8 band er-rors re-ported
(./tables/model_config_by_benchmark.tex) [16 <./figures/brdt_fno_objective_abla
tion.png>] [17 <./figures/pdebench_cns_sample000_predictions.png>] [18]
[19] [20] (./hybrid_resnet_neurips_first_draft.aux)

LaTeX Warning: There were undefined references.


LaTeX Warning: Label(s) may have changed. Rerun to get cross-references right.


Package rerunfilecheck Warning: File `hybrid_resnet_neurips_first_draft.out' ha
s changed.
(rerunfilecheck)                Rerun to get outlines right
(rerunfilecheck)                or use package `bookmark'.

 )
(see the transcript file for additional information)</usr/share/texlive/texmf-d
ist/fonts/type1/public/amsfonts/cm/cmbx10.pfb></usr/share/texlive/texmf-dist/fo
nts/type1/public/amsfonts/cm/cmbx12.pfb></usr/share/texlive/texmf-dist/fonts/ty
pe1/public/amsfonts/cm/cmbx8.pfb></usr/share/texlive/texmf-dist/fonts/type1/pub
lic/amsfonts/cm/cmex10.pfb></usr/share/texlive/texmf-dist/fonts/type1/public/am
sfonts/cm/cmmi10.pfb></usr/share/texlive/texmf-dist/fonts/type1/public/amsfonts
/cm/cmmi6.pfb></usr/share/texlive/texmf-dist/fonts/type1/public/amsfonts/cm/cmm
i7.pfb></usr/share/texlive/texmf-dist/fonts/type1/public/amsfonts/cm/cmmi8.pfb>
</usr/share/texlive/texmf-dist/fonts/type1/public/amsfonts/cm/cmr10.pfb></usr/s
hare/texlive/texmf-dist/fonts/type1/public/amsfonts/cm/cmr12.pfb></usr/share/te
xlive/texmf-dist/fonts/type1/public/amsfonts/cm/cmr17.pfb></usr/share/texlive/t
exmf-dist/fonts/type1/public/amsfonts/cm/cmr6.pfb></usr/share/texlive/texmf-dis
t/fonts/type1/public/amsfonts/cm/cmr7.pfb></usr/share/texlive/texmf-dist/fonts/
type1/public/amsfonts/cm/cmr8.pfb></usr/share/texlive/texmf-dist/fonts/type1/pu
blic/amsfonts/cm/cmr9.pfb></usr/share/texlive/texmf-dist/fonts/type1/public/ams
fonts/cm/cmsy10.pfb></usr/share/texlive/texmf-dist/fonts/type1/public/amsfonts/
cm/cmsy6.pfb></usr/share/texlive/texmf-dist/fonts/type1/public/amsfonts/cm/cmsy
7.pfb></usr/share/texlive/texmf-dist/fonts/type1/public/amsfonts/cm/cmsy8.pfb><
/usr/share/texlive/texmf-dist/fonts/type1/public/amsfonts/cm/cmti10.pfb></usr/s
hare/texlive/texmf-dist/fonts/type1/public/amsfonts/cm/cmti8.pfb></usr/share/te
xlive/texmf-dist/fonts/type1/public/amsfonts/cm/cmtt10.pfb></usr/share/texlive/
texmf-dist/fonts/type1/public/amsfonts/symbols/msbm10.pfb>
Output written on hybrid_resnet_neurips_first_draft.pdf (20 pages, 1613975 byte
s).
Transcript written on hybrid_resnet_neurips_first_draft.log.
