2025-11-04 00:32:37.385268: E external/local_xla/xla/stream_executor/cuda/cuda_fft.cc:467] Unable to register cuFFT factory: Attempting to register factory for plugin cuFFT when one has already been registered
WARNING: All log messages before absl::InitializeLog() is called are written to STDERR
E0000 00:00:1762245157.399554  898668 cuda_dnn.cc:8579] Unable to register cuDNN factory: Attempting to register factory for plugin cuDNN when one has already been registered
E0000 00:00:1762245157.403467  898668 cuda_blas.cc:1407] Unable to register cuBLAS factory: Attempting to register factory for plugin cuBLAS when one has already been registered
W0000 00:00:1762245157.424028  898668 computation_placer.cc:177] computation placer already registered. Please check linkage and avoid linking the same target more than once.
W0000 00:00:1762245157.424101  898668 computation_placer.cc:177] computation placer already registered. Please check linkage and avoid linking the same target more than once.
W0000 00:00:1762245157.424103  898668 computation_placer.cc:177] computation placer already registered. Please check linkage and avoid linking the same target more than once.
W0000 00:00:1762245157.424105  898668 computation_placer.cc:177] computation placer already registered. Please check linkage and avoid linking the same target more than once.
2025-11-04 00:32:37.429662: I tensorflow/core/platform/cpu_feature_guard.cc:210] This TensorFlow binary is optimized to use available CPU instructions in performance-critical operations.
To enable the following instructions: AVX2 FMA, in other operations, rebuild TensorFlow with the appropriate compiler flags.

ERROR generating dose=1000.0: object of type 'float' has no len()
Traceback (most recent call last):
  File "/home/ollie/Documents/PtychoPINN2/studies/fly64_dose_overlap/generation.py", line 278, in main
    paths = generate_dataset_for_dose(
            ^^^^^^^^^^^^^^^^^^^^^^^^^^
  File "/home/ollie/Documents/PtychoPINN2/studies/fly64_dose_overlap/generation.py", line 170, in generate_dataset_for_dose
    simulate_fn(
  File "/home/ollie/Documents/PtychoPINN2/scripts/simulation/simulate_and_save.py", line 85, in simulate_and_save
    raw_data_instance, ground_truth_patches = generate_simulated_data(
                                              ^^^^^^^^^^^^^^^^^^^^^^^^
  File "/home/ollie/Documents/PtychoPINN2/ptycho/nongrid_simulation.py", line 196, in generate_simulated_data
    raw_data = _generate_simulated_data_legacy_params(
               ^^^^^^^^^^^^^^^^^^^^^^^^^^^^^^^^^^^^^^^
  File "/home/ollie/Documents/PtychoPINN2/ptycho/nongrid_simulation.py", line 178, in _generate_simulated_data_legacy_params
    raw_data = RawData.from_simulation(xcoords, ycoords, probeGuess, objectGuess, scan_index)
               ^^^^^^^^^^^^^^^^^^^^^^^^^^^^^^^^^^^^^^^^^^^^^^^^^^^^^^^^^^^^^^^^^^^^^^^^^^^^^^
  File "/home/ollie/Documents/PtychoPINN2/ptycho/raw_data.py", line 227, in from_simulation
    n_images = len(xcoords)
               ^^^^^^^^^^^^
TypeError: object of type 'float' has no len()
================================================================================
Phase C: fly64 Dose Sweep Dataset Generation
================================================================================
Base dataset: datasets/Run1084_recon3_postPC_shrunk_3.npz
Output root:  tmp/phase_c_training_evidence
Dose levels:  [1000.0, 10000.0, 100000.0]
================================================================================


============================================================
Generating dataset for dose=1e+03 photons
Output directory: tmp/phase_c_training_evidence/dose_1000
============================================================

[Stage 1/5] Simulating diffraction patterns...
--- Configuration Updated for Simulation ---
Current Parameters:
--------------------
N: 128
amp_activation: sigmoid
backend: tensorflow
batch_size: 16
bigN: 128
big_gridsize: 10
data_source: generic
debug: True
default_probe_scale: 0.7
gaussian_smoothing_sigma: 0.0
gridsize: 1
h5_path: wts.h5
intensity_scale.trainable: True
label: 
mae_weight: 0.0
max_position_jitter: 10
model_type: pinn
n_filters_scale: 2
n_groups: 1087
neighbor_count: 4
nepochs: 50
nimgs_test: 3
nimgs_train: 9
nll_weight: 1.0
nphotons: 1000
npseed: 42
object.big: True
offset: 4
outer_offset_test: None
outer_offset_train: None
output_prefix: training_outputs
pad_object: True
positions.provided: True
probe.big: True
probe.mask: False
probe.trainable: False
probe_scale: 4.0
realspace_mae_weight: 0.0
realspace_weight: 0.0
sequential_sampling: False
set_phi: False
sim_jitter_scale: 0.0
size: 392
train_data_file_path: datasets/Run1084_recon3_postPC_shrunk_3.npz
tv_weight: 0.0
use_xla_translate: True
------------------------------------------

Loading object and probe from: datasets/Run1084_recon3_postPC_shrunk_3.npz
  - Object shape: (227, 226)
  - Probe shape: (64, 64)
Setting random seed to: 42
Simulating None diffraction patterns...
DEBUG: Setting N to 64 in params
DEBUG: Setting gridsize to 1 in params
DEBUG: Setting nphotons to 1000 in params
DEBUG: Setting N to 128 in params
DEBUG: Setting gridsize to 1 in params
DEBUG: Setting nphotons to 1000 in params
