# PtyChi LSQML Reconstruction Log
# Job: dose=1000.0, view=dense, split=train
# Command: python scripts/reconstruction/ptychi_reconstruct_tike.py --algorithm LSQML --num-epochs 100 --input-npz /home/ollie/Documents/PtychoPINN/data/phase_d/dose_1000/dense/train.npz --output-dir /home/ollie/Documents/PtychoPINN/data/phase_f/dose_1000/dense/train
# Return code: 0
#============================================================

=== STDOUT ===
=== PTY-CHI Reconstruction of TIKE Dataset ===
Dataset: /home/ollie/Documents/PtychoPINN/data/phase_d/dose_1000/dense/train.npz
Algorithm: LSQML
Epochs: 100
Images: 2000
Loading TIKE dataset from: /home/ollie/Documents/PtychoPINN/data/phase_d/dose_1000/dense/train.npz
Using first 2000 images for testing

Converting amplitude to intensity...
  Original amplitude: min=0.000000, max=0.082486, mean=0.001744
  Converted intensity: min=0.00000000, max=0.00680390, mean=0.00005954

Positions shape: (2000, 2) (n_images, 2)
  Original X range: [64.01, 399.80]
  Original Y range: [64.05, 231.94]
  Centered X range: [-163.89, 171.90]
  Centered Y range: [-84.14, 83.75]

Configuring LSQML reconstruction...
  Object size: (346, 514)
  Probe power constraint: 0.975387
  Using GPU acceleration

=== Starting Reconstruction ===
Running 100 epochs...
Reconstruction complete!

=== Saving Results to /home/ollie/Documents/PtychoPINN/data/phase_f/dose_1000/dense/train ===
Saved NPZ: /home/ollie/Documents/PtychoPINN/data/phase_f/dose_1000/dense/train/ptychi_reconstruction.npz
Saved visualization: /home/ollie/Documents/PtychoPINN/data/phase_f/dose_1000/dense/train/reconstruction_visualization.png

Reconstruction Statistics:
  Object shape: (346, 514)
  Object amplitude range: [0.000000, 1.392269]
  Probe shape: (128, 128)
  Probe amplitude range: [0.000000, 0.000231]

✓ Reconstruction complete! Results saved to /home/ollie/Documents/PtychoPINN/data/phase_f/dose_1000/dense/train/


=== STDERR ===
`rescale_probe_intensity_in_first_epoch` and `ProbeOptions.power_constraint` are both enabled, which may lead to unexpected results.
`ObjectOptions.remove_object_probe_ambiguity` and `ProbeOptions.power_constraint` are both enabled, which may lead to unexpected results.
/home/ollie/miniconda3/envs/ptycho311/lib/python3.11/site-packages/torch/utils/_device.py:103: UserWarning: Converting a tensor with requires_grad=True to a scalar may lead to unexpected behavior.
Consider using tensor.detach() first. (Triggered internally at /pytorch/torch/csrc/autograd/generated/python_variable_methods.cpp:835.)
  return func(*args, **kwargs)

  0%|          | 0/100 [00:00<?, ?it/s]
  1%|          | 1/100 [00:00<00:37,  2.63it/s]
  2%|▏         | 2/100 [00:00<00:34,  2.82it/s]
  3%|▎         | 3/100 [00:00<00:30,  3.21it/s]
  4%|▍         | 4/100 [00:01<00:27,  3.44it/s]
  5%|▌         | 5/100 [00:01<00:26,  3.60it/s]
  6%|▌         | 6/100 [00:01<00:25,  3.69it/s]
  7%|▋         | 7/100 [00:02<00:24,  3.78it/s]
  8%|▊         | 8/100 [00:02<00:24,  3.82it/s]
  9%|▉         | 9/100 [00:02<00:23,  3.83it/s]
 10%|█         | 10/100 [00:02<00:23,  3.86it/s]
 11%|█         | 11/100 [00:03<00:23,  3.81it/s]
 12%|█▏        | 12/100 [00:03<00:22,  3.89it/s]
 13%|█▎        | 13/100 [00:03<00:21,  3.98it/s]
 14%|█▍        | 14/100 [00:03<00:21,  4.04it/s]
 15%|█▌        | 15/100 [00:03<00:20,  4.08it/s]
 16%|█▌        | 16/100 [00:04<00:20,  4.08it/s]
 17%|█▋        | 17/100 [00:04<00:20,  4.12it/s]
 18%|█▊        | 18/100 [00:04<00:19,  4.13it/s]
 19%|█▉        | 19/100 [00:04<00:19,  4.14it/s]
 20%|██        | 20/100 [00:05<00:19,  4.13it/s]
 21%|██        | 21/100 [00:05<00:19,  4.07it/s]
 22%|██▏       | 22/100 [00:05<00:18,  4.11it/s]
 23%|██▎       | 23/100 [00:05<00:18,  4.14it/s]
 24%|██▍       | 24/100 [00:06<00:18,  4.17it/s]
 25%|██▌       | 25/100 [00:06<00:18,  4.16it/s]
 26%|██▌       | 26/100 [00:06<00:17,  4.18it/s]
 27%|██▋       | 27/100 [00:06<00:17,  4.16it/s]
 28%|██▊       | 28/100 [00:07<00:17,  4.15it/s]
 29%|██▉       | 29/100 [00:07<00:17,  4.15it/s]
 30%|███       | 30/100 [00:07<00:16,  4.14it/s]
 31%|███       | 31/100 [00:07<00:17,  3.97it/s]
 32%|███▏      | 32/100 [00:08<00:16,  4.02it/s]
 33%|███▎      | 33/100 [00:08<00:16,  4.09it/s]
 34%|███▍      | 34/100 [00:08<00:16,  4.10it/s]
 35%|███▌      | 35/100 [00:08<00:15,  4.13it/s]
 36%|███▌      | 36/100 [00:09<00:15,  4.16it/s]
 37%|███▋      | 37/100 [00:09<00:15,  4.19it/s]
 38%|███▊      | 38/100 [00:09<00:14,  4.15it/s]
 39%|███▉      | 39/100 [00:09<00:14,  4.11it/s]
 40%|████      | 40/100 [00:10<00:14,  4.15it/s]
 41%|████      | 41/100 [00:10<00:14,  4.07it/s]
 42%|████▏     | 42/100 [00:10<00:14,  4.11it/s]
 43%|████▎     | 43/100 [00:10<00:13,  4.12it/s]
 44%|████▍     | 44/100 [00:11<00:13,  4.15it/s]
 45%|████▌     | 45/100 [00:11<00:13,  4.18it/s]
 46%|████▌     | 46/100 [00:11<00:12,  4.20it/s]
 47%|████▋     | 47/100 [00:11<00:12,  4.18it/s]
 48%|████▊     | 48/100 [00:11<00:12,  4.19it/s]
 49%|████▉     | 49/100 [00:12<00:12,  4.21it/s]
 50%|█████     | 50/100 [00:12<00:11,  4.19it/s]
 51%|█████     | 51/100 [00:12<00:11,  4.10it/s]
 52%|█████▏    | 52/100 [00:12<00:11,  4.13it/s]
 53%|█████▎    | 53/100 [00:13<00:11,  4.09it/s]
 54%|█████▍    | 54/100 [00:13<00:11,  4.13it/s]
 55%|█████▌    | 55/100 [00:13<00:10,  4.11it/s]
 56%|█████▌    | 56/100 [00:13<00:10,  4.10it/s]
 57%|█████▋    | 57/100 [00:14<00:10,  4.11it/s]
 58%|█████▊    | 58/100 [00:14<00:10,  4.12it/s]
 59%|█████▉    | 59/100 [00:14<00:09,  4.12it/s]
 60%|██████    | 60/100 [00:14<00:09,  4.13it/s]
 61%|██████    | 61/100 [00:15<00:09,  4.07it/s]
 62%|██████▏   | 62/100 [00:15<00:09,  4.12it/s]
 63%|██████▎   | 63/100 [00:15<00:08,  4.12it/s]
 64%|██████▍   | 64/100 [00:15<00:08,  4.10it/s]
 65%|██████▌   | 65/100 [00:16<00:08,  4.11it/s]
 66%|██████▌   | 66/100 [00:16<00:08,  4.14it/s]
 67%|██████▋   | 67/100 [00:16<00:07,  4.15it/s]
 68%|██████▊   | 68/100 [00:16<00:07,  4.13it/s]
 69%|██████▉   | 69/100 [00:17<00:07,  4.10it/s]
 70%|███████   | 70/100 [00:17<00:07,  4.12it/s]
 71%|███████   | 71/100 [00:17<00:07,  4.01it/s]
 72%|███████▏  | 72/100 [00:17<00:06,  4.07it/s]
 73%|███████▎  | 73/100 [00:18<00:06,  4.12it/s]
 74%|███████▍  | 74/100 [00:18<00:06,  4.16it/s]
 75%|███████▌  | 75/100 [00:18<00:06,  4.14it/s]
 76%|███████▌  | 76/100 [00:18<00:05,  4.16it/s]
 77%|███████▋  | 77/100 [00:19<00:05,  4.15it/s]
 78%|███████▊  | 78/100 [00:19<00:05,  4.18it/s]
 79%|███████▉  | 79/100 [00:19<00:05,  4.20it/s]
 80%|████████  | 80/100 [00:19<00:04,  4.21it/s]
 81%|████████  | 81/100 [00:19<00:04,  4.09it/s]
 82%|████████▏ | 82/100 [00:20<00:04,  4.13it/s]
 83%|████████▎ | 83/100 [00:20<00:04,  4.16it/s]
 84%|████████▍ | 84/100 [00:20<00:03,  4.12it/s]
 85%|████████▌ | 85/100 [00:20<00:03,  4.11it/s]
 86%|████████▌ | 86/100 [00:21<00:03,  4.12it/s]
 87%|████████▋ | 87/100 [00:21<00:03,  4.12it/s]
 88%|████████▊ | 88/100 [00:21<00:02,  4.12it/s]
 89%|████████▉ | 89/100 [00:21<00:02,  4.12it/s]
 90%|█████████ | 90/100 [00:22<00:02,  4.06it/s]
 91%|█████████ | 91/100 [00:22<00:02,  4.01it/s]
 92%|█████████▏| 92/100 [00:22<00:02,  4.00it/s]
 93%|█████████▎| 93/100 [00:22<00:01,  4.06it/s]
 94%|█████████▍| 94/100 [00:23<00:01,  4.12it/s]
 95%|█████████▌| 95/100 [00:23<00:01,  4.16it/s]
 96%|█████████▌| 96/100 [00:23<00:00,  4.18it/s]
 97%|█████████▋| 97/100 [00:23<00:00,  4.20it/s]
 98%|█████████▊| 98/100 [00:24<00:00,  4.21it/s]
 99%|█████████▉| 99/100 [00:24<00:00,  4.19it/s]
100%|██████████| 100/100 [00:24<00:00,  4.18it/s]
                                                 

