2025-10-19 19:43:36,253 - DEBUG - Falling back to TensorFlow client; we recommended you install the Cloud TPU client directly with pip install cloud-tpu-client.
2025-10-19 19:43:36,426 - DEBUG - Creating converter from 7 to 5
2025-10-19 19:43:36,426 - DEBUG - Creating converter from 5 to 7
2025-10-19 19:43:36,426 - DEBUG - Creating converter from 7 to 5
2025-10-19 19:43:36,426 - DEBUG - Creating converter from 5 to 7
2025-10-19 19:43:37,039 - DEBUG - matplotlib data path: /home/ollie/miniconda3/envs/ptycho311/lib/python3.11/site-packages/matplotlib/mpl-data
2025-10-19 19:43:37,047 - DEBUG - CONFIGDIR=/home/ollie/.config/matplotlib
2025-10-19 19:43:37,047 - DEBUG - interactive is False
2025-10-19 19:43:37,047 - DEBUG - platform is linux
2025-10-19 19:43:37,076 - DEBUG - CACHEDIR=/home/ollie/.cache/matplotlib
2025-10-19 19:43:37,078 - DEBUG - Using fontManager instance from /home/ollie/.cache/matplotlib/fontlist-v390.json
2025-10-19 19:43:38,104 - DEBUG - Field: train_data_file
2025-10-19 19:43:38,104 - DEBUG - Field type: typing.Optional[pathlib.Path]
2025-10-19 19:43:38,104 - DEBUG - Field default: None
2025-10-19 19:43:38,104 - DEBUG - Field: test_data_file
2025-10-19 19:43:38,104 - DEBUG - Field type: typing.Optional[pathlib.Path]
2025-10-19 19:43:38,104 - DEBUG - Field default: None
2025-10-19 19:43:38,104 - DEBUG - Field: output_dir
2025-10-19 19:43:38,104 - DEBUG - Field type: <class 'pathlib.Path'>
2025-10-19 19:43:38,104 - DEBUG - Field default: training_outputs
2025-10-19 19:43:38,104 - DEBUG - Converting path value: /home/ollie/Documents/PtychoPINN2/ptycho/datasets/Run1084_recon3_postPC_shrunk_3.npz
2025-10-19 19:43:38,104 - DEBUG - Converting path value: /home/ollie/Documents/PtychoPINN2/ptycho/datasets/Run1084_recon3_postPC_shrunk_3.npz
2025-10-19 19:43:38,104 - DEBUG - Converting path value: /tmp/tmpas9gb_oj/training_outputs
2025-10-19 19:43:38,104 - DEBUG - YAML config: {}
2025-10-19 19:43:38,104 - DEBUG - CLI arguments: {'config': None, 'do_stitching': False, 'quiet': True, 'verbose': False, 'console_level': 'INFO', 'N': 64, 'gridsize': 1, 'n_filters_scale': 2, 'model_type': 'pinn', 'amp_activation': 'sigmoid', 'object_big': True, 'probe_big': True, 'probe_mask': False, 'pad_object': True, 'probe_scale': 4.0, 'gaussian_smoothing_sigma': 0.0, 'train_data_file': PosixPath('/home/ollie/Documents/PtychoPINN2/ptycho/datasets/Run1084_recon3_postPC_shrunk_3.npz'), 'test_data_file': PosixPath('/home/ollie/Documents/PtychoPINN2/ptycho/datasets/Run1084_recon3_postPC_shrunk_3.npz'), 'batch_size': 16, 'nepochs': 2, 'mae_weight': 0.0, 'nll_weight': 1.0, 'realspace_mae_weight': 0.0, 'realspace_weight': 0.0, 'nphotons': 1000000000.0, 'n_groups': None, 'n_images': 64, 'n_subsample': None, 'subsample_seed': None, 'neighbor_count': 4, 'positions_provided': True, 'probe_trainable': False, 'intensity_scale_trainable': True, 'output_dir': PosixPath('/tmp/tmpas9gb_oj/training_outputs'), 'sequential_sampling': False, 'backend': 'tensorflow'}
2025-10-19 19:43:38,104 - DEBUG - Merged config: {'do_stitching': False, 'quiet': True, 'verbose': False, 'console_level': 'INFO', 'N': 64, 'gridsize': 1, 'n_filters_scale': 2, 'model_type': 'pinn', 'amp_activation': 'sigmoid', 'object_big': True, 'probe_big': True, 'probe_mask': False, 'pad_object': True, 'probe_scale': 4.0, 'gaussian_smoothing_sigma': 0.0, 'train_data_file': PosixPath('/home/ollie/Documents/PtychoPINN2/ptycho/datasets/Run1084_recon3_postPC_shrunk_3.npz'), 'test_data_file': PosixPath('/home/ollie/Documents/PtychoPINN2/ptycho/datasets/Run1084_recon3_postPC_shrunk_3.npz'), 'batch_size': 16, 'nepochs': 2, 'mae_weight': 0.0, 'nll_weight': 1.0, 'realspace_mae_weight': 0.0, 'realspace_weight': 0.0, 'nphotons': 1000000000.0, 'n_images': 64, 'neighbor_count': 4, 'positions_provided': True, 'probe_trainable': False, 'intensity_scale_trainable': True, 'output_dir': PosixPath('/tmp/tmpas9gb_oj/training_outputs'), 'sequential_sampling': False, 'backend': 'tensorflow'}
2025-10-19 19:43:38,104 - INFO - Configuration setup complete
2025-10-19 19:43:38,104 - INFO - Final configuration: TrainingConfig(model=ModelConfig(N=64, gridsize=1, n_filters_scale=2, model_type='pinn', amp_activation='sigmoid', object_big=True, probe_big=True, probe_mask=False, pad_object=True, probe_scale=4.0, gaussian_smoothing_sigma=0.0), train_data_file=PosixPath('/home/ollie/Documents/PtychoPINN2/ptycho/datasets/Run1084_recon3_postPC_shrunk_3.npz'), test_data_file=PosixPath('/home/ollie/Documents/PtychoPINN2/ptycho/datasets/Run1084_recon3_postPC_shrunk_3.npz'), batch_size=16, nepochs=2, mae_weight=0.0, nll_weight=1.0, realspace_mae_weight=0.0, realspace_weight=0.0, nphotons=1000000000.0, n_groups=64, n_images=64, n_subsample=None, subsample_seed=None, neighbor_count=4, positions_provided=True, probe_trainable=False, intensity_scale_trainable=True, output_dir=PosixPath('/tmp/tmpas9gb_oj/training_outputs'), sequential_sampling=False, backend='tensorflow')
2025-10-19 19:43:38,105 - INFO - Legacy mode: using 64 groups (gridsize=1)
2025-10-19 19:43:38,105 - INFO - Starting training with n_subsample=64, n_groups=64, stitching=disabled
2025-10-19 19:43:38,105 - INFO - Loading data from /home/ollie/Documents/PtychoPINN2/ptycho/datasets/Run1084_recon3_postPC_shrunk_3.npz with n_images=64, n_subsample=64
2025-10-19 19:43:38,120 - INFO - Independent sampling: subsampling 64 images from 1087 total
2025-10-19 19:43:38,121 - INFO - Randomly subsampled 64 images
2025-10-19 19:43:38,138 - INFO - Loading data from /home/ollie/Documents/PtychoPINN2/ptycho/datasets/Run1084_recon3_postPC_shrunk_3.npz with n_images=None, n_subsample=None
2025-10-19 19:43:38,154 - INFO - Using full dataset of 1087 images
2025-10-19 19:43:38,169 - INFO - Loaded test data from /home/ollie/Documents/PtychoPINN2/ptycho/datasets/Run1084_recon3_postPC_shrunk_3.npz
2025-10-19 19:43:38,170 - INFO - [OVERSAMPLING DEBUG] generate_grouped_data called with: nsamples=64, n_points=64, C=1, K=4
2025-10-19 19:43:38,170 - INFO - [OVERSAMPLING DEBUG] Parameters: gridsize=1, N=64, sequential_sampling=False
2025-10-19 19:43:38,170 - INFO - [OVERSAMPLING DEBUG] Oversampling check: nsamples > n_points = 64 > 64 = False
2025-10-19 19:43:38,170 - INFO - [OVERSAMPLING DEBUG] Oversampling check: C > 1 = 1 > 1 = False
2025-10-19 19:43:38,170 - INFO - [OVERSAMPLING DEBUG] needs_oversampling = False
2025-10-19 19:43:38,170 - INFO - Using efficient random sampling strategy for gridsize=1
2025-10-19 19:43:38,170 - INFO - [OVERSAMPLING DEBUG] Taking efficient branch: standard sample-then-group
2025-10-19 19:43:38,170 - INFO - [OVERSAMPLING DEBUG] _generate_groups_efficiently called with: nsamples=64, K=4, C=1
2025-10-19 19:43:38,170 - INFO - Generating 64 groups efficiently from 64 points (K=4, C=1)
2025-10-19 19:43:38,170 - INFO - [OVERSAMPLING DEBUG] Standard case: using 64 groups from 64 points
2025-10-19 19:43:38,170 - INFO - [OVERSAMPLING DEBUG] Using all 64 points as seeds (no sampling needed)
2025-10-19 19:43:38,170 - INFO - Using all 64 points as seeds
2025-10-19 19:43:38,170 - INFO - Using seed indices directly for C=1 (gridsize=1) - no neighbor search needed
2025-10-19 19:43:38,170 - INFO - [OVERSAMPLING DEBUG] _generate_groups_efficiently completed: generated 64 groups
2025-10-19 19:43:38,170 - INFO - Successfully generated 64 groups with shape (64, 1)
2025-10-19 19:43:38,170 - INFO - [OVERSAMPLING DEBUG] Generated 64 groups in total
2025-10-19 19:43:38,170 - INFO - Generated 64 groups efficiently
2025-10-19 19:43:39,776 - INFO - [OVERSAMPLING DEBUG] generate_grouped_data called with: nsamples=64, n_points=1087, C=1, K=4
2025-10-19 19:43:39,776 - INFO - [OVERSAMPLING DEBUG] Parameters: gridsize=1, N=64, sequential_sampling=False
2025-10-19 19:43:39,776 - INFO - [OVERSAMPLING DEBUG] Oversampling check: nsamples > n_points = 64 > 1087 = False
2025-10-19 19:43:39,776 - INFO - [OVERSAMPLING DEBUG] Oversampling check: C > 1 = 1 > 1 = False
2025-10-19 19:43:39,776 - INFO - [OVERSAMPLING DEBUG] needs_oversampling = False
2025-10-19 19:43:39,776 - INFO - Using efficient random sampling strategy for gridsize=1
2025-10-19 19:43:39,776 - INFO - [OVERSAMPLING DEBUG] Taking efficient branch: standard sample-then-group
2025-10-19 19:43:39,776 - INFO - [OVERSAMPLING DEBUG] _generate_groups_efficiently called with: nsamples=64, K=4, C=1
2025-10-19 19:43:39,776 - INFO - Generating 64 groups efficiently from 1087 points (K=4, C=1)
2025-10-19 19:43:39,776 - INFO - [OVERSAMPLING DEBUG] Standard case: using 64 groups from 1087 points
2025-10-19 19:43:39,776 - INFO - [OVERSAMPLING DEBUG] Randomly sampled 64 seed points
2025-10-19 19:43:39,776 - INFO - Sampled 64 seed points from 1087 total points
2025-10-19 19:43:39,776 - INFO - Using seed indices directly for C=1 (gridsize=1) - no neighbor search needed
2025-10-19 19:43:39,776 - INFO - [OVERSAMPLING DEBUG] _generate_groups_efficiently completed: generated 64 groups
2025-10-19 19:43:39,776 - INFO - Successfully generated 64 groups with shape (64, 1)
2025-10-19 19:43:39,776 - INFO - [OVERSAMPLING DEBUG] Generated 64 groups in total
2025-10-19 19:43:39,776 - INFO - Generated 64 groups efficiently
2025-10-19 19:43:41,866 - WARNING - You are casting an input of type complex64 to an incompatible dtype float32.  This will discard the imaginary part and may not be what you intended.
2025-10-19 19:43:43,717 - WARNING - You are casting an input of type complex64 to an incompatible dtype float32.  This will discard the imaginary part and may not be what you intended.
2025-10-19 19:43:50,982 - WARNING - You are casting an input of type complex64 to an incompatible dtype float32.  This will discard the imaginary part and may not be what you intended.
2025-10-19 19:43:52,935 - INFO - Skipping image stitching (disabled or no test data available)
2025-10-19 19:43:53,155 - DEBUG - Creating converter from 5 to 3
2025-10-19 19:43:54,292 - INFO - Outputs saved to /tmp/tmpas9gb_oj/training_outputs
2025-10-19 19:44:18,624 - DEBUG - Falling back to TensorFlow client; we recommended you install the Cloud TPU client directly with pip install cloud-tpu-client.
2025-10-19 19:44:18,800 - DEBUG - Creating converter from 7 to 5
2025-10-19 19:44:18,800 - DEBUG - Creating converter from 5 to 7
2025-10-19 19:44:18,800 - DEBUG - Creating converter from 7 to 5
2025-10-19 19:44:18,800 - DEBUG - Creating converter from 5 to 7
2025-10-19 19:44:19,419 - DEBUG - matplotlib data path: /home/ollie/miniconda3/envs/ptycho311/lib/python3.11/site-packages/matplotlib/mpl-data
2025-10-19 19:44:19,426 - DEBUG - CONFIGDIR=/home/ollie/.config/matplotlib
2025-10-19 19:44:19,427 - DEBUG - interactive is False
2025-10-19 19:44:19,427 - DEBUG - platform is linux
2025-10-19 19:44:19,456 - DEBUG - CACHEDIR=/home/ollie/.cache/matplotlib
2025-10-19 19:44:19,457 - DEBUG - Using fontManager instance from /home/ollie/.cache/matplotlib/fontlist-v390.json
2025-10-19 19:44:20,519 - DEBUG - Field: train_data_file
2025-10-19 19:44:20,520 - DEBUG - Field type: typing.Optional[pathlib.Path]
2025-10-19 19:44:20,520 - DEBUG - Field default: None
2025-10-19 19:44:20,520 - DEBUG - Field: test_data_file
2025-10-19 19:44:20,520 - DEBUG - Field type: typing.Optional[pathlib.Path]
2025-10-19 19:44:20,520 - DEBUG - Field default: None
2025-10-19 19:44:20,520 - DEBUG - Field: output_dir
2025-10-19 19:44:20,520 - DEBUG - Field type: <class 'pathlib.Path'>
2025-10-19 19:44:20,520 - DEBUG - Field default: training_outputs
2025-10-19 19:44:20,520 - DEBUG - Converting path value: /tmp/tmp18iz292y/simulation/simulated_data_nphotons_500000.0_e2e.npz
2025-10-19 19:44:20,520 - DEBUG - Converting path value: /tmp/tmp18iz292y/simulation/simulated_data_nphotons_500000.0_e2e.npz
2025-10-19 19:44:20,520 - DEBUG - Converting path value: /tmp/tmp18iz292y/training/training_nphotons_500000.0_e2e
2025-10-19 19:44:20,520 - DEBUG - YAML config: {}
2025-10-19 19:44:20,520 - DEBUG - CLI arguments: {'config': None, 'do_stitching': False, 'quiet': True, 'verbose': False, 'console_level': 'INFO', 'N': 64, 'gridsize': 1, 'n_filters_scale': 2, 'model_type': 'pinn', 'amp_activation': 'sigmoid', 'object_big': True, 'probe_big': True, 'probe_mask': False, 'pad_object': True, 'probe_scale': 4.0, 'gaussian_smoothing_sigma': 0.0, 'train_data_file': PosixPath('/tmp/tmp18iz292y/simulation/simulated_data_nphotons_500000.0_e2e.npz'), 'test_data_file': PosixPath('/tmp/tmp18iz292y/simulation/simulated_data_nphotons_500000.0_e2e.npz'), 'batch_size': 16, 'nepochs': 2, 'mae_weight': 0.0, 'nll_weight': 1.0, 'realspace_mae_weight': 0.0, 'realspace_weight': 0.0, 'nphotons': 500000.0, 'n_groups': None, 'n_images': 50, 'n_subsample': None, 'subsample_seed': None, 'neighbor_count': 4, 'positions_provided': True, 'probe_trainable': False, 'intensity_scale_trainable': True, 'output_dir': PosixPath('/tmp/tmp18iz292y/training/training_nphotons_500000.0_e2e'), 'sequential_sampling': False, 'backend': 'tensorflow'}
2025-10-19 19:44:20,520 - DEBUG - Merged config: {'do_stitching': False, 'quiet': True, 'verbose': False, 'console_level': 'INFO', 'N': 64, 'gridsize': 1, 'n_filters_scale': 2, 'model_type': 'pinn', 'amp_activation': 'sigmoid', 'object_big': True, 'probe_big': True, 'probe_mask': False, 'pad_object': True, 'probe_scale': 4.0, 'gaussian_smoothing_sigma': 0.0, 'train_data_file': PosixPath('/tmp/tmp18iz292y/simulation/simulated_data_nphotons_500000.0_e2e.npz'), 'test_data_file': PosixPath('/tmp/tmp18iz292y/simulation/simulated_data_nphotons_500000.0_e2e.npz'), 'batch_size': 16, 'nepochs': 2, 'mae_weight': 0.0, 'nll_weight': 1.0, 'realspace_mae_weight': 0.0, 'realspace_weight': 0.0, 'nphotons': 500000.0, 'n_images': 50, 'neighbor_count': 4, 'positions_provided': True, 'probe_trainable': False, 'intensity_scale_trainable': True, 'output_dir': PosixPath('/tmp/tmp18iz292y/training/training_nphotons_500000.0_e2e'), 'sequential_sampling': False, 'backend': 'tensorflow'}
2025-10-19 19:44:20,520 - INFO - Configuration setup complete
2025-10-19 19:44:20,520 - INFO - Final configuration: TrainingConfig(model=ModelConfig(N=64, gridsize=1, n_filters_scale=2, model_type='pinn', amp_activation='sigmoid', object_big=True, probe_big=True, probe_mask=False, pad_object=True, probe_scale=4.0, gaussian_smoothing_sigma=0.0), train_data_file=PosixPath('/tmp/tmp18iz292y/simulation/simulated_data_nphotons_500000.0_e2e.npz'), test_data_file=PosixPath('/tmp/tmp18iz292y/simulation/simulated_data_nphotons_500000.0_e2e.npz'), batch_size=16, nepochs=2, mae_weight=0.0, nll_weight=1.0, realspace_mae_weight=0.0, realspace_weight=0.0, nphotons=500000.0, n_groups=50, n_images=50, n_subsample=None, subsample_seed=None, neighbor_count=4, positions_provided=True, probe_trainable=False, intensity_scale_trainable=True, output_dir=PosixPath('/tmp/tmp18iz292y/training/training_nphotons_500000.0_e2e'), sequential_sampling=False, backend='tensorflow')
2025-10-19 19:44:20,520 - INFO - Legacy mode: using 50 groups (gridsize=1)
2025-10-19 19:44:20,520 - INFO - Starting training with n_subsample=50, n_groups=50, stitching=disabled
2025-10-19 19:44:20,521 - INFO - Loading data from /tmp/tmp18iz292y/simulation/simulated_data_nphotons_500000.0_e2e.npz with n_images=50, n_subsample=50
2025-10-19 19:44:20,527 - INFO - Independent sampling: subsampling 50 images from 100 total
2025-10-19 19:44:20,527 - INFO - Randomly subsampled 50 images
2025-10-19 19:44:20,539 - DEBUG - Loaded metadata from /tmp/tmp18iz292y/simulation/simulated_data_nphotons_500000.0_e2e.npz
2025-10-19 19:44:20,539 - INFO - Overriding nphotons from config (5.0e+05) with value from dataset metadata: 5.0e+05
2025-10-19 19:44:20,539 - INFO - Loading data from /tmp/tmp18iz292y/simulation/simulated_data_nphotons_500000.0_e2e.npz with n_images=None, n_subsample=None
2025-10-19 19:44:20,544 - INFO - Using full dataset of 100 images
2025-10-19 19:44:20,545 - INFO - Loaded test data from /tmp/tmp18iz292y/simulation/simulated_data_nphotons_500000.0_e2e.npz
2025-10-19 19:44:20,545 - INFO - [OVERSAMPLING DEBUG] generate_grouped_data called with: nsamples=50, n_points=50, C=1, K=4
2025-10-19 19:44:20,545 - INFO - [OVERSAMPLING DEBUG] Parameters: gridsize=1, N=64, sequential_sampling=False
2025-10-19 19:44:20,545 - INFO - [OVERSAMPLING DEBUG] Oversampling check: nsamples > n_points = 50 > 50 = False
2025-10-19 19:44:20,545 - INFO - [OVERSAMPLING DEBUG] Oversampling check: C > 1 = 1 > 1 = False
2025-10-19 19:44:20,545 - INFO - [OVERSAMPLING DEBUG] needs_oversampling = False
2025-10-19 19:44:20,545 - INFO - Using efficient random sampling strategy for gridsize=1
2025-10-19 19:44:20,545 - INFO - [OVERSAMPLING DEBUG] Taking efficient branch: standard sample-then-group
2025-10-19 19:44:20,545 - INFO - [OVERSAMPLING DEBUG] _generate_groups_efficiently called with: nsamples=50, K=4, C=1
2025-10-19 19:44:20,545 - INFO - Generating 50 groups efficiently from 50 points (K=4, C=1)
2025-10-19 19:44:20,545 - INFO - [OVERSAMPLING DEBUG] Standard case: using 50 groups from 50 points
2025-10-19 19:44:20,545 - INFO - [OVERSAMPLING DEBUG] Using all 50 points as seeds (no sampling needed)
2025-10-19 19:44:20,545 - INFO - Using all 50 points as seeds
2025-10-19 19:44:20,545 - INFO - Using seed indices directly for C=1 (gridsize=1) - no neighbor search needed
2025-10-19 19:44:20,545 - INFO - [OVERSAMPLING DEBUG] _generate_groups_efficiently completed: generated 50 groups
2025-10-19 19:44:20,545 - INFO - Successfully generated 50 groups with shape (50, 1)
2025-10-19 19:44:20,545 - INFO - [OVERSAMPLING DEBUG] Generated 50 groups in total
2025-10-19 19:44:20,545 - INFO - Generated 50 groups efficiently
2025-10-19 19:44:22,080 - INFO - [OVERSAMPLING DEBUG] generate_grouped_data called with: nsamples=50, n_points=100, C=1, K=4
2025-10-19 19:44:22,080 - INFO - [OVERSAMPLING DEBUG] Parameters: gridsize=1, N=64, sequential_sampling=False
2025-10-19 19:44:22,080 - INFO - [OVERSAMPLING DEBUG] Oversampling check: nsamples > n_points = 50 > 100 = False
2025-10-19 19:44:22,080 - INFO - [OVERSAMPLING DEBUG] Oversampling check: C > 1 = 1 > 1 = False
2025-10-19 19:44:22,080 - INFO - [OVERSAMPLING DEBUG] needs_oversampling = False
2025-10-19 19:44:22,080 - INFO - Using efficient random sampling strategy for gridsize=1
2025-10-19 19:44:22,080 - INFO - [OVERSAMPLING DEBUG] Taking efficient branch: standard sample-then-group
2025-10-19 19:44:22,080 - INFO - [OVERSAMPLING DEBUG] _generate_groups_efficiently called with: nsamples=50, K=4, C=1
2025-10-19 19:44:22,080 - INFO - Generating 50 groups efficiently from 100 points (K=4, C=1)
2025-10-19 19:44:22,080 - INFO - [OVERSAMPLING DEBUG] Standard case: using 50 groups from 100 points
2025-10-19 19:44:22,080 - INFO - [OVERSAMPLING DEBUG] Randomly sampled 50 seed points
2025-10-19 19:44:22,080 - INFO - Sampled 50 seed points from 100 total points
2025-10-19 19:44:22,080 - INFO - Using seed indices directly for C=1 (gridsize=1) - no neighbor search needed
2025-10-19 19:44:22,080 - INFO - [OVERSAMPLING DEBUG] _generate_groups_efficiently completed: generated 50 groups
2025-10-19 19:44:22,080 - INFO - Successfully generated 50 groups with shape (50, 1)
2025-10-19 19:44:22,080 - INFO - [OVERSAMPLING DEBUG] Generated 50 groups in total
2025-10-19 19:44:22,080 - INFO - Generated 50 groups efficiently
2025-10-19 19:44:24,098 - WARNING - You are casting an input of type complex64 to an incompatible dtype float32.  This will discard the imaginary part and may not be what you intended.
2025-10-19 19:44:25,953 - WARNING - You are casting an input of type complex64 to an incompatible dtype float32.  This will discard the imaginary part and may not be what you intended.
2025-10-19 19:44:33,339 - WARNING - You are casting an input of type complex64 to an incompatible dtype float32.  This will discard the imaginary part and may not be what you intended.
2025-10-19 19:44:36,609 - INFO - Skipping image stitching (disabled or no test data available)
2025-10-19 19:44:36,626 - DEBUG - Creating converter from 5 to 3
2025-10-19 19:44:37,770 - INFO - Outputs saved to /tmp/tmp18iz292y/training/training_nphotons_500000.0_e2e
2025-10-19 19:44:56,308 - DEBUG - Falling back to TensorFlow client; we recommended you install the Cloud TPU client directly with pip install cloud-tpu-client.
2025-10-19 19:44:56,488 - DEBUG - Creating converter from 7 to 5
2025-10-19 19:44:56,488 - DEBUG - Creating converter from 5 to 7
2025-10-19 19:44:56,488 - DEBUG - Creating converter from 7 to 5
2025-10-19 19:44:56,488 - DEBUG - Creating converter from 5 to 7
2025-10-19 19:44:57,119 - DEBUG - matplotlib data path: /home/ollie/miniconda3/envs/ptycho311/lib/python3.11/site-packages/matplotlib/mpl-data
2025-10-19 19:44:57,126 - DEBUG - CONFIGDIR=/home/ollie/.config/matplotlib
2025-10-19 19:44:57,127 - DEBUG - interactive is False
2025-10-19 19:44:57,127 - DEBUG - platform is linux
2025-10-19 19:44:57,157 - DEBUG - CACHEDIR=/home/ollie/.cache/matplotlib
2025-10-19 19:44:57,159 - DEBUG - Using fontManager instance from /home/ollie/.cache/matplotlib/fontlist-v390.json
2025-10-19 19:44:58,256 - DEBUG - Field: train_data_file
2025-10-19 19:44:58,256 - DEBUG - Field type: typing.Optional[pathlib.Path]
2025-10-19 19:44:58,256 - DEBUG - Field default: None
2025-10-19 19:44:58,256 - DEBUG - Field: test_data_file
2025-10-19 19:44:58,256 - DEBUG - Field type: typing.Optional[pathlib.Path]
2025-10-19 19:44:58,256 - DEBUG - Field default: None
2025-10-19 19:44:58,256 - DEBUG - Field: output_dir
2025-10-19 19:44:58,256 - DEBUG - Field type: <class 'pathlib.Path'>
2025-10-19 19:44:58,256 - DEBUG - Field default: training_outputs
2025-10-19 19:44:58,256 - DEBUG - Converting path value: /tmp/tmpao489ftm/simulation/simulated_data_nphotons_1000000.0_single.npz
2025-10-19 19:44:58,256 - DEBUG - Converting path value: /tmp/tmpao489ftm/simulation/simulated_data_nphotons_1000000.0_single.npz
2025-10-19 19:44:58,256 - DEBUG - Converting path value: /tmp/tmpao489ftm/training/training_nphotons_1000000.0_single
2025-10-19 19:44:58,256 - DEBUG - YAML config: {}
2025-10-19 19:44:58,256 - DEBUG - CLI arguments: {'config': None, 'do_stitching': False, 'quiet': True, 'verbose': False, 'console_level': 'INFO', 'N': 64, 'gridsize': 1, 'n_filters_scale': 2, 'model_type': 'pinn', 'amp_activation': 'sigmoid', 'object_big': True, 'probe_big': True, 'probe_mask': False, 'pad_object': True, 'probe_scale': 4.0, 'gaussian_smoothing_sigma': 0.0, 'train_data_file': PosixPath('/tmp/tmpao489ftm/simulation/simulated_data_nphotons_1000000.0_single.npz'), 'test_data_file': PosixPath('/tmp/tmpao489ftm/simulation/simulated_data_nphotons_1000000.0_single.npz'), 'batch_size': 16, 'nepochs': 2, 'mae_weight': 0.0, 'nll_weight': 1.0, 'realspace_mae_weight': 0.0, 'realspace_weight': 0.0, 'nphotons': 1000000.0, 'n_groups': None, 'n_images': 50, 'n_subsample': None, 'subsample_seed': None, 'neighbor_count': 4, 'positions_provided': True, 'probe_trainable': False, 'intensity_scale_trainable': True, 'output_dir': PosixPath('/tmp/tmpao489ftm/training/training_nphotons_1000000.0_single'), 'sequential_sampling': False, 'backend': 'tensorflow'}
2025-10-19 19:44:58,256 - DEBUG - Merged config: {'do_stitching': False, 'quiet': True, 'verbose': False, 'console_level': 'INFO', 'N': 64, 'gridsize': 1, 'n_filters_scale': 2, 'model_type': 'pinn', 'amp_activation': 'sigmoid', 'object_big': True, 'probe_big': True, 'probe_mask': False, 'pad_object': True, 'probe_scale': 4.0, 'gaussian_smoothing_sigma': 0.0, 'train_data_file': PosixPath('/tmp/tmpao489ftm/simulation/simulated_data_nphotons_1000000.0_single.npz'), 'test_data_file': PosixPath('/tmp/tmpao489ftm/simulation/simulated_data_nphotons_1000000.0_single.npz'), 'batch_size': 16, 'nepochs': 2, 'mae_weight': 0.0, 'nll_weight': 1.0, 'realspace_mae_weight': 0.0, 'realspace_weight': 0.0, 'nphotons': 1000000.0, 'n_images': 50, 'neighbor_count': 4, 'positions_provided': True, 'probe_trainable': False, 'intensity_scale_trainable': True, 'output_dir': PosixPath('/tmp/tmpao489ftm/training/training_nphotons_1000000.0_single'), 'sequential_sampling': False, 'backend': 'tensorflow'}
2025-10-19 19:44:58,256 - INFO - Configuration setup complete
2025-10-19 19:44:58,256 - INFO - Final configuration: TrainingConfig(model=ModelConfig(N=64, gridsize=1, n_filters_scale=2, model_type='pinn', amp_activation='sigmoid', object_big=True, probe_big=True, probe_mask=False, pad_object=True, probe_scale=4.0, gaussian_smoothing_sigma=0.0), train_data_file=PosixPath('/tmp/tmpao489ftm/simulation/simulated_data_nphotons_1000000.0_single.npz'), test_data_file=PosixPath('/tmp/tmpao489ftm/simulation/simulated_data_nphotons_1000000.0_single.npz'), batch_size=16, nepochs=2, mae_weight=0.0, nll_weight=1.0, realspace_mae_weight=0.0, realspace_weight=0.0, nphotons=1000000.0, n_groups=50, n_images=50, n_subsample=None, subsample_seed=None, neighbor_count=4, positions_provided=True, probe_trainable=False, intensity_scale_trainable=True, output_dir=PosixPath('/tmp/tmpao489ftm/training/training_nphotons_1000000.0_single'), sequential_sampling=False, backend='tensorflow')
2025-10-19 19:44:58,256 - INFO - Legacy mode: using 50 groups (gridsize=1)
2025-10-19 19:44:58,257 - INFO - Starting training with n_subsample=50, n_groups=50, stitching=disabled
2025-10-19 19:44:58,257 - INFO - Loading data from /tmp/tmpao489ftm/simulation/simulated_data_nphotons_1000000.0_single.npz with n_images=50, n_subsample=50
2025-10-19 19:44:58,263 - INFO - Independent sampling: subsampling 50 images from 100 total
2025-10-19 19:44:58,263 - INFO - Randomly subsampled 50 images
2025-10-19 19:44:58,274 - DEBUG - Loaded metadata from /tmp/tmpao489ftm/simulation/simulated_data_nphotons_1000000.0_single.npz
2025-10-19 19:44:58,275 - INFO - Overriding nphotons from config (1.0e+06) with value from dataset metadata: 1.0e+06
2025-10-19 19:44:58,275 - INFO - Loading data from /tmp/tmpao489ftm/simulation/simulated_data_nphotons_1000000.0_single.npz with n_images=None, n_subsample=None
2025-10-19 19:44:58,280 - INFO - Using full dataset of 100 images
2025-10-19 19:44:58,281 - INFO - Loaded test data from /tmp/tmpao489ftm/simulation/simulated_data_nphotons_1000000.0_single.npz
2025-10-19 19:44:58,281 - INFO - [OVERSAMPLING DEBUG] generate_grouped_data called with: nsamples=50, n_points=50, C=1, K=4
2025-10-19 19:44:58,281 - INFO - [OVERSAMPLING DEBUG] Parameters: gridsize=1, N=64, sequential_sampling=False
2025-10-19 19:44:58,281 - INFO - [OVERSAMPLING DEBUG] Oversampling check: nsamples > n_points = 50 > 50 = False
2025-10-19 19:44:58,281 - INFO - [OVERSAMPLING DEBUG] Oversampling check: C > 1 = 1 > 1 = False
2025-10-19 19:44:58,281 - INFO - [OVERSAMPLING DEBUG] needs_oversampling = False
2025-10-19 19:44:58,281 - INFO - Using efficient random sampling strategy for gridsize=1
2025-10-19 19:44:58,281 - INFO - [OVERSAMPLING DEBUG] Taking efficient branch: standard sample-then-group
2025-10-19 19:44:58,281 - INFO - [OVERSAMPLING DEBUG] _generate_groups_efficiently called with: nsamples=50, K=4, C=1
2025-10-19 19:44:58,281 - INFO - Generating 50 groups efficiently from 50 points (K=4, C=1)
2025-10-19 19:44:58,281 - INFO - [OVERSAMPLING DEBUG] Standard case: using 50 groups from 50 points
2025-10-19 19:44:58,281 - INFO - [OVERSAMPLING DEBUG] Using all 50 points as seeds (no sampling needed)
2025-10-19 19:44:58,281 - INFO - Using all 50 points as seeds
2025-10-19 19:44:58,281 - INFO - Using seed indices directly for C=1 (gridsize=1) - no neighbor search needed
2025-10-19 19:44:58,281 - INFO - [OVERSAMPLING DEBUG] _generate_groups_efficiently completed: generated 50 groups
2025-10-19 19:44:58,281 - INFO - Successfully generated 50 groups with shape (50, 1)
2025-10-19 19:44:58,281 - INFO - [OVERSAMPLING DEBUG] Generated 50 groups in total
2025-10-19 19:44:58,281 - INFO - Generated 50 groups efficiently
2025-10-19 19:44:59,879 - INFO - [OVERSAMPLING DEBUG] generate_grouped_data called with: nsamples=50, n_points=100, C=1, K=4
2025-10-19 19:44:59,879 - INFO - [OVERSAMPLING DEBUG] Parameters: gridsize=1, N=64, sequential_sampling=False
2025-10-19 19:44:59,879 - INFO - [OVERSAMPLING DEBUG] Oversampling check: nsamples > n_points = 50 > 100 = False
2025-10-19 19:44:59,879 - INFO - [OVERSAMPLING DEBUG] Oversampling check: C > 1 = 1 > 1 = False
2025-10-19 19:44:59,879 - INFO - [OVERSAMPLING DEBUG] needs_oversampling = False
2025-10-19 19:44:59,879 - INFO - Using efficient random sampling strategy for gridsize=1
2025-10-19 19:44:59,880 - INFO - [OVERSAMPLING DEBUG] Taking efficient branch: standard sample-then-group
2025-10-19 19:44:59,880 - INFO - [OVERSAMPLING DEBUG] _generate_groups_efficiently called with: nsamples=50, K=4, C=1
2025-10-19 19:44:59,880 - INFO - Generating 50 groups efficiently from 100 points (K=4, C=1)
2025-10-19 19:44:59,880 - INFO - [OVERSAMPLING DEBUG] Standard case: using 50 groups from 100 points
2025-10-19 19:44:59,880 - INFO - [OVERSAMPLING DEBUG] Randomly sampled 50 seed points
2025-10-19 19:44:59,880 - INFO - Sampled 50 seed points from 100 total points
2025-10-19 19:44:59,880 - INFO - Using seed indices directly for C=1 (gridsize=1) - no neighbor search needed
2025-10-19 19:44:59,880 - INFO - [OVERSAMPLING DEBUG] _generate_groups_efficiently completed: generated 50 groups
2025-10-19 19:44:59,880 - INFO - Successfully generated 50 groups with shape (50, 1)
2025-10-19 19:44:59,880 - INFO - [OVERSAMPLING DEBUG] Generated 50 groups in total
2025-10-19 19:44:59,880 - INFO - Generated 50 groups efficiently
2025-10-19 19:45:01,940 - WARNING - You are casting an input of type complex64 to an incompatible dtype float32.  This will discard the imaginary part and may not be what you intended.
2025-10-19 19:45:03,844 - WARNING - You are casting an input of type complex64 to an incompatible dtype float32.  This will discard the imaginary part and may not be what you intended.
2025-10-19 19:45:11,298 - WARNING - You are casting an input of type complex64 to an incompatible dtype float32.  This will discard the imaginary part and may not be what you intended.
2025-10-19 19:45:14,544 - INFO - Skipping image stitching (disabled or no test data available)
2025-10-19 19:45:14,559 - DEBUG - Creating converter from 5 to 3
2025-10-19 19:45:15,731 - INFO - Outputs saved to /tmp/tmpao489ftm/training/training_nphotons_1000000.0_single
2025-10-19 19:45:53,111 - DEBUG - Falling back to TensorFlow client; we recommended you install the Cloud TPU client directly with pip install cloud-tpu-client.
2025-10-19 19:45:53,298 - DEBUG - Creating converter from 7 to 5
2025-10-19 19:45:53,298 - DEBUG - Creating converter from 5 to 7
2025-10-19 19:45:53,298 - DEBUG - Creating converter from 7 to 5
2025-10-19 19:45:53,298 - DEBUG - Creating converter from 5 to 7
2025-10-19 19:45:53,952 - DEBUG - matplotlib data path: /home/ollie/miniconda3/envs/ptycho311/lib/python3.11/site-packages/matplotlib/mpl-data
2025-10-19 19:45:53,959 - DEBUG - CONFIGDIR=/home/ollie/.config/matplotlib
2025-10-19 19:45:53,960 - DEBUG - interactive is False
2025-10-19 19:45:53,960 - DEBUG - platform is linux
2025-10-19 19:45:53,990 - DEBUG - CACHEDIR=/home/ollie/.cache/matplotlib
2025-10-19 19:45:53,991 - DEBUG - Using fontManager instance from /home/ollie/.cache/matplotlib/fontlist-v390.json
2025-10-19 19:45:55,107 - DEBUG - Field: train_data_file
2025-10-19 19:45:55,108 - DEBUG - Field type: typing.Optional[pathlib.Path]
2025-10-19 19:45:55,108 - DEBUG - Field default: None
2025-10-19 19:45:55,108 - DEBUG - Field: test_data_file
2025-10-19 19:45:55,108 - DEBUG - Field type: typing.Optional[pathlib.Path]
2025-10-19 19:45:55,108 - DEBUG - Field default: None
2025-10-19 19:45:55,108 - DEBUG - Field: output_dir
2025-10-19 19:45:55,108 - DEBUG - Field type: <class 'pathlib.Path'>
2025-10-19 19:45:55,108 - DEBUG - Field default: training_outputs
2025-10-19 19:45:55,108 - DEBUG - Converting path value: /tmp/tmpac6vmfu6/simulation/simulated_data_nphotons_10000.0_train_mismatch.npz
2025-10-19 19:45:55,108 - DEBUG - Converting path value: /tmp/tmpac6vmfu6/simulation/simulated_data_nphotons_10000.0_train_mismatch.npz
2025-10-19 19:45:55,108 - DEBUG - Converting path value: /tmp/tmpac6vmfu6/training/training_mismatch_test
2025-10-19 19:45:55,108 - DEBUG - YAML config: {}
2025-10-19 19:45:55,108 - DEBUG - CLI arguments: {'config': None, 'do_stitching': False, 'quiet': True, 'verbose': False, 'console_level': 'INFO', 'N': 64, 'gridsize': 1, 'n_filters_scale': 2, 'model_type': 'pinn', 'amp_activation': 'sigmoid', 'object_big': True, 'probe_big': True, 'probe_mask': False, 'pad_object': True, 'probe_scale': 4.0, 'gaussian_smoothing_sigma': 0.0, 'train_data_file': PosixPath('/tmp/tmpac6vmfu6/simulation/simulated_data_nphotons_10000.0_train_mismatch.npz'), 'test_data_file': PosixPath('/tmp/tmpac6vmfu6/simulation/simulated_data_nphotons_10000.0_train_mismatch.npz'), 'batch_size': 16, 'nepochs': 2, 'mae_weight': 0.0, 'nll_weight': 1.0, 'realspace_mae_weight': 0.0, 'realspace_weight': 0.0, 'nphotons': 1000000.0, 'n_groups': None, 'n_images': 50, 'n_subsample': None, 'subsample_seed': None, 'neighbor_count': 4, 'positions_provided': True, 'probe_trainable': False, 'intensity_scale_trainable': True, 'output_dir': PosixPath('/tmp/tmpac6vmfu6/training/training_mismatch_test'), 'sequential_sampling': False, 'backend': 'tensorflow'}
2025-10-19 19:45:55,108 - DEBUG - Merged config: {'do_stitching': False, 'quiet': True, 'verbose': False, 'console_level': 'INFO', 'N': 64, 'gridsize': 1, 'n_filters_scale': 2, 'model_type': 'pinn', 'amp_activation': 'sigmoid', 'object_big': True, 'probe_big': True, 'probe_mask': False, 'pad_object': True, 'probe_scale': 4.0, 'gaussian_smoothing_sigma': 0.0, 'train_data_file': PosixPath('/tmp/tmpac6vmfu6/simulation/simulated_data_nphotons_10000.0_train_mismatch.npz'), 'test_data_file': PosixPath('/tmp/tmpac6vmfu6/simulation/simulated_data_nphotons_10000.0_train_mismatch.npz'), 'batch_size': 16, 'nepochs': 2, 'mae_weight': 0.0, 'nll_weight': 1.0, 'realspace_mae_weight': 0.0, 'realspace_weight': 0.0, 'nphotons': 1000000.0, 'n_images': 50, 'neighbor_count': 4, 'positions_provided': True, 'probe_trainable': False, 'intensity_scale_trainable': True, 'output_dir': PosixPath('/tmp/tmpac6vmfu6/training/training_mismatch_test'), 'sequential_sampling': False, 'backend': 'tensorflow'}
2025-10-19 19:45:55,108 - INFO - Configuration setup complete
2025-10-19 19:45:55,108 - INFO - Final configuration: TrainingConfig(model=ModelConfig(N=64, gridsize=1, n_filters_scale=2, model_type='pinn', amp_activation='sigmoid', object_big=True, probe_big=True, probe_mask=False, pad_object=True, probe_scale=4.0, gaussian_smoothing_sigma=0.0), train_data_file=PosixPath('/tmp/tmpac6vmfu6/simulation/simulated_data_nphotons_10000.0_train_mismatch.npz'), test_data_file=PosixPath('/tmp/tmpac6vmfu6/simulation/simulated_data_nphotons_10000.0_train_mismatch.npz'), batch_size=16, nepochs=2, mae_weight=0.0, nll_weight=1.0, realspace_mae_weight=0.0, realspace_weight=0.0, nphotons=1000000.0, n_groups=50, n_images=50, n_subsample=None, subsample_seed=None, neighbor_count=4, positions_provided=True, probe_trainable=False, intensity_scale_trainable=True, output_dir=PosixPath('/tmp/tmpac6vmfu6/training/training_mismatch_test'), sequential_sampling=False, backend='tensorflow')
2025-10-19 19:45:55,108 - INFO - Legacy mode: using 50 groups (gridsize=1)
2025-10-19 19:45:55,108 - INFO - Starting training with n_subsample=50, n_groups=50, stitching=disabled
2025-10-19 19:45:55,109 - INFO - Loading data from /tmp/tmpac6vmfu6/simulation/simulated_data_nphotons_10000.0_train_mismatch.npz with n_images=50, n_subsample=50
2025-10-19 19:45:55,114 - INFO - Independent sampling: subsampling 50 images from 100 total
2025-10-19 19:45:55,114 - INFO - Randomly subsampled 50 images
2025-10-19 19:45:55,125 - DEBUG - Loaded metadata from /tmp/tmpac6vmfu6/simulation/simulated_data_nphotons_10000.0_train_mismatch.npz
2025-10-19 19:45:55,125 - INFO - Overriding nphotons from config (1.0e+06) with value from dataset metadata: 1.0e+04
2025-10-19 19:45:55,125 - INFO - Loading data from /tmp/tmpac6vmfu6/simulation/simulated_data_nphotons_10000.0_train_mismatch.npz with n_images=None, n_subsample=None
2025-10-19 19:45:55,129 - INFO - Using full dataset of 100 images
2025-10-19 19:45:55,130 - INFO - Loaded test data from /tmp/tmpac6vmfu6/simulation/simulated_data_nphotons_10000.0_train_mismatch.npz
2025-10-19 19:45:55,130 - INFO - [OVERSAMPLING DEBUG] generate_grouped_data called with: nsamples=50, n_points=50, C=1, K=4
2025-10-19 19:45:55,130 - INFO - [OVERSAMPLING DEBUG] Parameters: gridsize=1, N=64, sequential_sampling=False
2025-10-19 19:45:55,130 - INFO - [OVERSAMPLING DEBUG] Oversampling check: nsamples > n_points = 50 > 50 = False
2025-10-19 19:45:55,130 - INFO - [OVERSAMPLING DEBUG] Oversampling check: C > 1 = 1 > 1 = False
2025-10-19 19:45:55,130 - INFO - [OVERSAMPLING DEBUG] needs_oversampling = False
2025-10-19 19:45:55,130 - INFO - Using efficient random sampling strategy for gridsize=1
2025-10-19 19:45:55,131 - INFO - [OVERSAMPLING DEBUG] Taking efficient branch: standard sample-then-group
2025-10-19 19:45:55,131 - INFO - [OVERSAMPLING DEBUG] _generate_groups_efficiently called with: nsamples=50, K=4, C=1
2025-10-19 19:45:55,131 - INFO - Generating 50 groups efficiently from 50 points (K=4, C=1)
2025-10-19 19:45:55,131 - INFO - [OVERSAMPLING DEBUG] Standard case: using 50 groups from 50 points
2025-10-19 19:45:55,131 - INFO - [OVERSAMPLING DEBUG] Using all 50 points as seeds (no sampling needed)
2025-10-19 19:45:55,131 - INFO - Using all 50 points as seeds
2025-10-19 19:45:55,131 - INFO - Using seed indices directly for C=1 (gridsize=1) - no neighbor search needed
2025-10-19 19:45:55,131 - INFO - [OVERSAMPLING DEBUG] _generate_groups_efficiently completed: generated 50 groups
2025-10-19 19:45:55,131 - INFO - Successfully generated 50 groups with shape (50, 1)
2025-10-19 19:45:55,131 - INFO - [OVERSAMPLING DEBUG] Generated 50 groups in total
2025-10-19 19:45:55,131 - INFO - Generated 50 groups efficiently
2025-10-19 19:45:56,699 - INFO - [OVERSAMPLING DEBUG] generate_grouped_data called with: nsamples=50, n_points=100, C=1, K=4
2025-10-19 19:45:56,699 - INFO - [OVERSAMPLING DEBUG] Parameters: gridsize=1, N=64, sequential_sampling=False
2025-10-19 19:45:56,699 - INFO - [OVERSAMPLING DEBUG] Oversampling check: nsamples > n_points = 50 > 100 = False
2025-10-19 19:45:56,699 - INFO - [OVERSAMPLING DEBUG] Oversampling check: C > 1 = 1 > 1 = False
2025-10-19 19:45:56,699 - INFO - [OVERSAMPLING DEBUG] needs_oversampling = False
2025-10-19 19:45:56,699 - INFO - Using efficient random sampling strategy for gridsize=1
2025-10-19 19:45:56,699 - INFO - [OVERSAMPLING DEBUG] Taking efficient branch: standard sample-then-group
2025-10-19 19:45:56,699 - INFO - [OVERSAMPLING DEBUG] _generate_groups_efficiently called with: nsamples=50, K=4, C=1
2025-10-19 19:45:56,699 - INFO - Generating 50 groups efficiently from 100 points (K=4, C=1)
2025-10-19 19:45:56,699 - INFO - [OVERSAMPLING DEBUG] Standard case: using 50 groups from 100 points
2025-10-19 19:45:56,699 - INFO - [OVERSAMPLING DEBUG] Randomly sampled 50 seed points
2025-10-19 19:45:56,699 - INFO - Sampled 50 seed points from 100 total points
2025-10-19 19:45:56,699 - INFO - Using seed indices directly for C=1 (gridsize=1) - no neighbor search needed
2025-10-19 19:45:56,699 - INFO - [OVERSAMPLING DEBUG] _generate_groups_efficiently completed: generated 50 groups
2025-10-19 19:45:56,699 - INFO - Successfully generated 50 groups with shape (50, 1)
2025-10-19 19:45:56,699 - INFO - [OVERSAMPLING DEBUG] Generated 50 groups in total
2025-10-19 19:45:56,699 - INFO - Generated 50 groups efficiently
2025-10-19 19:45:58,788 - WARNING - You are casting an input of type complex64 to an incompatible dtype float32.  This will discard the imaginary part and may not be what you intended.
2025-10-19 19:46:00,709 - WARNING - You are casting an input of type complex64 to an incompatible dtype float32.  This will discard the imaginary part and may not be what you intended.
2025-10-19 19:46:08,155 - WARNING - You are casting an input of type complex64 to an incompatible dtype float32.  This will discard the imaginary part and may not be what you intended.
2025-10-19 19:46:11,436 - INFO - Skipping image stitching (disabled or no test data available)
2025-10-19 19:46:11,452 - DEBUG - Creating converter from 5 to 3
2025-10-19 19:46:12,596 - INFO - Outputs saved to /tmp/tmpac6vmfu6/training/training_mismatch_test
2025-10-19 20:07:46,349 - DEBUG - Falling back to TensorFlow client; we recommended you install the Cloud TPU client directly with pip install cloud-tpu-client.
2025-10-19 20:07:46,523 - DEBUG - Creating converter from 7 to 5
2025-10-19 20:07:46,523 - DEBUG - Creating converter from 5 to 7
2025-10-19 20:07:46,523 - DEBUG - Creating converter from 7 to 5
2025-10-19 20:07:46,523 - DEBUG - Creating converter from 5 to 7
2025-10-19 20:07:47,131 - DEBUG - matplotlib data path: /home/ollie/miniconda3/envs/ptycho311/lib/python3.11/site-packages/matplotlib/mpl-data
2025-10-19 20:07:47,139 - DEBUG - CONFIGDIR=/home/ollie/.config/matplotlib
2025-10-19 20:07:47,139 - DEBUG - interactive is False
2025-10-19 20:07:47,139 - DEBUG - platform is linux
2025-10-19 20:07:47,169 - DEBUG - CACHEDIR=/home/ollie/.cache/matplotlib
2025-10-19 20:07:47,170 - DEBUG - Using fontManager instance from /home/ollie/.cache/matplotlib/fontlist-v390.json
2025-10-19 20:07:48,181 - DEBUG - Field: train_data_file
2025-10-19 20:07:48,181 - DEBUG - Field type: typing.Optional[pathlib.Path]
2025-10-19 20:07:48,181 - DEBUG - Field default: None
2025-10-19 20:07:48,181 - DEBUG - Field: test_data_file
2025-10-19 20:07:48,181 - DEBUG - Field type: typing.Optional[pathlib.Path]
2025-10-19 20:07:48,181 - DEBUG - Field default: None
2025-10-19 20:07:48,182 - DEBUG - Field: output_dir
2025-10-19 20:07:48,182 - DEBUG - Field type: <class 'pathlib.Path'>
2025-10-19 20:07:48,182 - DEBUG - Field default: training_outputs
2025-10-19 20:07:48,182 - DEBUG - Converting path value: /home/ollie/Documents/PtychoPINN2/ptycho/datasets/Run1084_recon3_postPC_shrunk_3.npz
2025-10-19 20:07:48,182 - DEBUG - Converting path value: /home/ollie/Documents/PtychoPINN2/ptycho/datasets/Run1084_recon3_postPC_shrunk_3.npz
2025-10-19 20:07:48,182 - DEBUG - Converting path value: /tmp/tmp01lv44cj/training_outputs
2025-10-19 20:07:48,182 - DEBUG - YAML config: {}
2025-10-19 20:07:48,182 - DEBUG - CLI arguments: {'config': None, 'do_stitching': False, 'quiet': True, 'verbose': False, 'console_level': 'INFO', 'N': 64, 'gridsize': 1, 'n_filters_scale': 2, 'model_type': 'pinn', 'amp_activation': 'sigmoid', 'object_big': True, 'probe_big': True, 'probe_mask': False, 'pad_object': True, 'probe_scale': 4.0, 'gaussian_smoothing_sigma': 0.0, 'train_data_file': PosixPath('/home/ollie/Documents/PtychoPINN2/ptycho/datasets/Run1084_recon3_postPC_shrunk_3.npz'), 'test_data_file': PosixPath('/home/ollie/Documents/PtychoPINN2/ptycho/datasets/Run1084_recon3_postPC_shrunk_3.npz'), 'batch_size': 16, 'nepochs': 2, 'mae_weight': 0.0, 'nll_weight': 1.0, 'realspace_mae_weight': 0.0, 'realspace_weight': 0.0, 'nphotons': 1000000000.0, 'n_groups': None, 'n_images': 64, 'n_subsample': None, 'subsample_seed': None, 'neighbor_count': 4, 'positions_provided': True, 'probe_trainable': False, 'intensity_scale_trainable': True, 'output_dir': PosixPath('/tmp/tmp01lv44cj/training_outputs'), 'sequential_sampling': False, 'backend': 'tensorflow'}
2025-10-19 20:07:48,182 - DEBUG - Merged config: {'do_stitching': False, 'quiet': True, 'verbose': False, 'console_level': 'INFO', 'N': 64, 'gridsize': 1, 'n_filters_scale': 2, 'model_type': 'pinn', 'amp_activation': 'sigmoid', 'object_big': True, 'probe_big': True, 'probe_mask': False, 'pad_object': True, 'probe_scale': 4.0, 'gaussian_smoothing_sigma': 0.0, 'train_data_file': PosixPath('/home/ollie/Documents/PtychoPINN2/ptycho/datasets/Run1084_recon3_postPC_shrunk_3.npz'), 'test_data_file': PosixPath('/home/ollie/Documents/PtychoPINN2/ptycho/datasets/Run1084_recon3_postPC_shrunk_3.npz'), 'batch_size': 16, 'nepochs': 2, 'mae_weight': 0.0, 'nll_weight': 1.0, 'realspace_mae_weight': 0.0, 'realspace_weight': 0.0, 'nphotons': 1000000000.0, 'n_images': 64, 'neighbor_count': 4, 'positions_provided': True, 'probe_trainable': False, 'intensity_scale_trainable': True, 'output_dir': PosixPath('/tmp/tmp01lv44cj/training_outputs'), 'sequential_sampling': False, 'backend': 'tensorflow'}
2025-10-19 20:07:48,182 - INFO - Configuration setup complete
2025-10-19 20:07:48,182 - INFO - Final configuration: TrainingConfig(model=ModelConfig(N=64, gridsize=1, n_filters_scale=2, model_type='pinn', amp_activation='sigmoid', object_big=True, probe_big=True, probe_mask=False, pad_object=True, probe_scale=4.0, gaussian_smoothing_sigma=0.0), train_data_file=PosixPath('/home/ollie/Documents/PtychoPINN2/ptycho/datasets/Run1084_recon3_postPC_shrunk_3.npz'), test_data_file=PosixPath('/home/ollie/Documents/PtychoPINN2/ptycho/datasets/Run1084_recon3_postPC_shrunk_3.npz'), batch_size=16, nepochs=2, mae_weight=0.0, nll_weight=1.0, realspace_mae_weight=0.0, realspace_weight=0.0, nphotons=1000000000.0, n_groups=64, n_images=64, n_subsample=None, subsample_seed=None, neighbor_count=4, positions_provided=True, probe_trainable=False, intensity_scale_trainable=True, output_dir=PosixPath('/tmp/tmp01lv44cj/training_outputs'), sequential_sampling=False, backend='tensorflow')
2025-10-19 20:07:48,182 - INFO - Legacy mode: using 64 groups (gridsize=1)
2025-10-19 20:07:48,182 - INFO - Starting training with n_subsample=64, n_groups=64, stitching=disabled
2025-10-19 20:07:48,182 - INFO - Loading data from /home/ollie/Documents/PtychoPINN2/ptycho/datasets/Run1084_recon3_postPC_shrunk_3.npz with n_images=64, n_subsample=64
2025-10-19 20:07:48,198 - INFO - Independent sampling: subsampling 64 images from 1087 total
2025-10-19 20:07:48,198 - INFO - Randomly subsampled 64 images
2025-10-19 20:07:48,219 - INFO - Loading data from /home/ollie/Documents/PtychoPINN2/ptycho/datasets/Run1084_recon3_postPC_shrunk_3.npz with n_images=None, n_subsample=None
2025-10-19 20:07:48,234 - INFO - Using full dataset of 1087 images
2025-10-19 20:07:48,249 - INFO - Loaded test data from /home/ollie/Documents/PtychoPINN2/ptycho/datasets/Run1084_recon3_postPC_shrunk_3.npz
2025-10-19 20:07:48,249 - INFO - [OVERSAMPLING DEBUG] generate_grouped_data called with: nsamples=64, n_points=64, C=1, K=4
2025-10-19 20:07:48,249 - INFO - [OVERSAMPLING DEBUG] Parameters: gridsize=1, N=64, sequential_sampling=False
2025-10-19 20:07:48,249 - INFO - [OVERSAMPLING DEBUG] Oversampling check: nsamples > n_points = 64 > 64 = False
2025-10-19 20:07:48,249 - INFO - [OVERSAMPLING DEBUG] Oversampling check: C > 1 = 1 > 1 = False
2025-10-19 20:07:48,249 - INFO - [OVERSAMPLING DEBUG] needs_oversampling = False
2025-10-19 20:07:48,249 - INFO - Using efficient random sampling strategy for gridsize=1
2025-10-19 20:07:48,249 - INFO - [OVERSAMPLING DEBUG] Taking efficient branch: standard sample-then-group
2025-10-19 20:07:48,249 - INFO - [OVERSAMPLING DEBUG] _generate_groups_efficiently called with: nsamples=64, K=4, C=1
2025-10-19 20:07:48,249 - INFO - Generating 64 groups efficiently from 64 points (K=4, C=1)
2025-10-19 20:07:48,249 - INFO - [OVERSAMPLING DEBUG] Standard case: using 64 groups from 64 points
2025-10-19 20:07:48,249 - INFO - [OVERSAMPLING DEBUG] Using all 64 points as seeds (no sampling needed)
2025-10-19 20:07:48,249 - INFO - Using all 64 points as seeds
2025-10-19 20:07:48,249 - INFO - Using seed indices directly for C=1 (gridsize=1) - no neighbor search needed
2025-10-19 20:07:48,249 - INFO - [OVERSAMPLING DEBUG] _generate_groups_efficiently completed: generated 64 groups
2025-10-19 20:07:48,250 - INFO - Successfully generated 64 groups with shape (64, 1)
2025-10-19 20:07:48,250 - INFO - [OVERSAMPLING DEBUG] Generated 64 groups in total
2025-10-19 20:07:48,250 - INFO - Generated 64 groups efficiently
2025-10-19 20:07:49,215 - INFO - [OVERSAMPLING DEBUG] generate_grouped_data called with: nsamples=64, n_points=1087, C=1, K=4
2025-10-19 20:07:49,215 - INFO - [OVERSAMPLING DEBUG] Parameters: gridsize=1, N=64, sequential_sampling=False
2025-10-19 20:07:49,215 - INFO - [OVERSAMPLING DEBUG] Oversampling check: nsamples > n_points = 64 > 1087 = False
2025-10-19 20:07:49,215 - INFO - [OVERSAMPLING DEBUG] Oversampling check: C > 1 = 1 > 1 = False
2025-10-19 20:07:49,215 - INFO - [OVERSAMPLING DEBUG] needs_oversampling = False
2025-10-19 20:07:49,215 - INFO - Using efficient random sampling strategy for gridsize=1
2025-10-19 20:07:49,215 - INFO - [OVERSAMPLING DEBUG] Taking efficient branch: standard sample-then-group
2025-10-19 20:07:49,215 - INFO - [OVERSAMPLING DEBUG] _generate_groups_efficiently called with: nsamples=64, K=4, C=1
2025-10-19 20:07:49,215 - INFO - Generating 64 groups efficiently from 1087 points (K=4, C=1)
2025-10-19 20:07:49,215 - INFO - [OVERSAMPLING DEBUG] Standard case: using 64 groups from 1087 points
2025-10-19 20:07:49,215 - INFO - [OVERSAMPLING DEBUG] Randomly sampled 64 seed points
2025-10-19 20:07:49,216 - INFO - Sampled 64 seed points from 1087 total points
2025-10-19 20:07:49,216 - INFO - Using seed indices directly for C=1 (gridsize=1) - no neighbor search needed
2025-10-19 20:07:49,216 - INFO - [OVERSAMPLING DEBUG] _generate_groups_efficiently completed: generated 64 groups
2025-10-19 20:07:49,216 - INFO - Successfully generated 64 groups with shape (64, 1)
2025-10-19 20:07:49,216 - INFO - [OVERSAMPLING DEBUG] Generated 64 groups in total
2025-10-19 20:07:49,216 - INFO - Generated 64 groups efficiently
2025-10-19 20:07:50,463 - WARNING - You are casting an input of type complex64 to an incompatible dtype float32.  This will discard the imaginary part and may not be what you intended.
2025-10-19 20:07:52,341 - WARNING - You are casting an input of type complex64 to an incompatible dtype float32.  This will discard the imaginary part and may not be what you intended.
2025-10-19 20:07:56,237 - WARNING - You are casting an input of type complex64 to an incompatible dtype float32.  This will discard the imaginary part and may not be what you intended.
2025-10-19 20:07:59,005 - INFO - Skipping image stitching (disabled or no test data available)
2025-10-19 20:07:59,226 - DEBUG - Creating converter from 5 to 3
2025-10-19 20:08:00,337 - INFO - Outputs saved to /tmp/tmp01lv44cj/training_outputs
2025-10-19 20:08:19,767 - DEBUG - Falling back to TensorFlow client; we recommended you install the Cloud TPU client directly with pip install cloud-tpu-client.
2025-10-19 20:08:19,946 - DEBUG - Creating converter from 7 to 5
2025-10-19 20:08:19,946 - DEBUG - Creating converter from 5 to 7
2025-10-19 20:08:19,946 - DEBUG - Creating converter from 7 to 5
2025-10-19 20:08:19,946 - DEBUG - Creating converter from 5 to 7
2025-10-19 20:08:20,568 - DEBUG - matplotlib data path: /home/ollie/miniconda3/envs/ptycho311/lib/python3.11/site-packages/matplotlib/mpl-data
2025-10-19 20:08:20,576 - DEBUG - CONFIGDIR=/home/ollie/.config/matplotlib
2025-10-19 20:08:20,576 - DEBUG - interactive is False
2025-10-19 20:08:20,576 - DEBUG - platform is linux
2025-10-19 20:08:20,606 - DEBUG - CACHEDIR=/home/ollie/.cache/matplotlib
2025-10-19 20:08:20,607 - DEBUG - Using fontManager instance from /home/ollie/.cache/matplotlib/fontlist-v390.json
2025-10-19 20:08:21,611 - DEBUG - Field: train_data_file
2025-10-19 20:08:21,611 - DEBUG - Field type: typing.Optional[pathlib.Path]
2025-10-19 20:08:21,611 - DEBUG - Field default: None
2025-10-19 20:08:21,611 - DEBUG - Field: test_data_file
2025-10-19 20:08:21,611 - DEBUG - Field type: typing.Optional[pathlib.Path]
2025-10-19 20:08:21,611 - DEBUG - Field default: None
2025-10-19 20:08:21,611 - DEBUG - Field: output_dir
2025-10-19 20:08:21,611 - DEBUG - Field type: <class 'pathlib.Path'>
2025-10-19 20:08:21,611 - DEBUG - Field default: training_outputs
2025-10-19 20:08:21,611 - DEBUG - Converting path value: /tmp/tmp8mvzjejx/simulation/simulated_data_nphotons_500000.0_e2e.npz
2025-10-19 20:08:21,611 - DEBUG - Converting path value: /tmp/tmp8mvzjejx/simulation/simulated_data_nphotons_500000.0_e2e.npz
2025-10-19 20:08:21,611 - DEBUG - Converting path value: /tmp/tmp8mvzjejx/training/training_nphotons_500000.0_e2e
2025-10-19 20:08:21,612 - DEBUG - YAML config: {}
2025-10-19 20:08:21,612 - DEBUG - CLI arguments: {'config': None, 'do_stitching': False, 'quiet': True, 'verbose': False, 'console_level': 'INFO', 'N': 64, 'gridsize': 1, 'n_filters_scale': 2, 'model_type': 'pinn', 'amp_activation': 'sigmoid', 'object_big': True, 'probe_big': True, 'probe_mask': False, 'pad_object': True, 'probe_scale': 4.0, 'gaussian_smoothing_sigma': 0.0, 'train_data_file': PosixPath('/tmp/tmp8mvzjejx/simulation/simulated_data_nphotons_500000.0_e2e.npz'), 'test_data_file': PosixPath('/tmp/tmp8mvzjejx/simulation/simulated_data_nphotons_500000.0_e2e.npz'), 'batch_size': 16, 'nepochs': 2, 'mae_weight': 0.0, 'nll_weight': 1.0, 'realspace_mae_weight': 0.0, 'realspace_weight': 0.0, 'nphotons': 500000.0, 'n_groups': None, 'n_images': 50, 'n_subsample': None, 'subsample_seed': None, 'neighbor_count': 4, 'positions_provided': True, 'probe_trainable': False, 'intensity_scale_trainable': True, 'output_dir': PosixPath('/tmp/tmp8mvzjejx/training/training_nphotons_500000.0_e2e'), 'sequential_sampling': False, 'backend': 'tensorflow'}
2025-10-19 20:08:21,612 - DEBUG - Merged config: {'do_stitching': False, 'quiet': True, 'verbose': False, 'console_level': 'INFO', 'N': 64, 'gridsize': 1, 'n_filters_scale': 2, 'model_type': 'pinn', 'amp_activation': 'sigmoid', 'object_big': True, 'probe_big': True, 'probe_mask': False, 'pad_object': True, 'probe_scale': 4.0, 'gaussian_smoothing_sigma': 0.0, 'train_data_file': PosixPath('/tmp/tmp8mvzjejx/simulation/simulated_data_nphotons_500000.0_e2e.npz'), 'test_data_file': PosixPath('/tmp/tmp8mvzjejx/simulation/simulated_data_nphotons_500000.0_e2e.npz'), 'batch_size': 16, 'nepochs': 2, 'mae_weight': 0.0, 'nll_weight': 1.0, 'realspace_mae_weight': 0.0, 'realspace_weight': 0.0, 'nphotons': 500000.0, 'n_images': 50, 'neighbor_count': 4, 'positions_provided': True, 'probe_trainable': False, 'intensity_scale_trainable': True, 'output_dir': PosixPath('/tmp/tmp8mvzjejx/training/training_nphotons_500000.0_e2e'), 'sequential_sampling': False, 'backend': 'tensorflow'}
2025-10-19 20:08:21,612 - INFO - Configuration setup complete
2025-10-19 20:08:21,612 - INFO - Final configuration: TrainingConfig(model=ModelConfig(N=64, gridsize=1, n_filters_scale=2, model_type='pinn', amp_activation='sigmoid', object_big=True, probe_big=True, probe_mask=False, pad_object=True, probe_scale=4.0, gaussian_smoothing_sigma=0.0), train_data_file=PosixPath('/tmp/tmp8mvzjejx/simulation/simulated_data_nphotons_500000.0_e2e.npz'), test_data_file=PosixPath('/tmp/tmp8mvzjejx/simulation/simulated_data_nphotons_500000.0_e2e.npz'), batch_size=16, nepochs=2, mae_weight=0.0, nll_weight=1.0, realspace_mae_weight=0.0, realspace_weight=0.0, nphotons=500000.0, n_groups=50, n_images=50, n_subsample=None, subsample_seed=None, neighbor_count=4, positions_provided=True, probe_trainable=False, intensity_scale_trainable=True, output_dir=PosixPath('/tmp/tmp8mvzjejx/training/training_nphotons_500000.0_e2e'), sequential_sampling=False, backend='tensorflow')
2025-10-19 20:08:21,612 - INFO - Legacy mode: using 50 groups (gridsize=1)
2025-10-19 20:08:21,612 - INFO - Starting training with n_subsample=50, n_groups=50, stitching=disabled
2025-10-19 20:08:21,612 - INFO - Loading data from /tmp/tmp8mvzjejx/simulation/simulated_data_nphotons_500000.0_e2e.npz with n_images=50, n_subsample=50
2025-10-19 20:08:21,618 - INFO - Independent sampling: subsampling 50 images from 100 total
2025-10-19 20:08:21,618 - INFO - Randomly subsampled 50 images
2025-10-19 20:08:21,630 - DEBUG - Loaded metadata from /tmp/tmp8mvzjejx/simulation/simulated_data_nphotons_500000.0_e2e.npz
2025-10-19 20:08:21,630 - INFO - Overriding nphotons from config (5.0e+05) with value from dataset metadata: 5.0e+05
2025-10-19 20:08:21,630 - INFO - Loading data from /tmp/tmp8mvzjejx/simulation/simulated_data_nphotons_500000.0_e2e.npz with n_images=None, n_subsample=None
2025-10-19 20:08:21,635 - INFO - Using full dataset of 100 images
2025-10-19 20:08:21,636 - INFO - Loaded test data from /tmp/tmp8mvzjejx/simulation/simulated_data_nphotons_500000.0_e2e.npz
2025-10-19 20:08:21,636 - INFO - [OVERSAMPLING DEBUG] generate_grouped_data called with: nsamples=50, n_points=50, C=1, K=4
2025-10-19 20:08:21,636 - INFO - [OVERSAMPLING DEBUG] Parameters: gridsize=1, N=64, sequential_sampling=False
2025-10-19 20:08:21,636 - INFO - [OVERSAMPLING DEBUG] Oversampling check: nsamples > n_points = 50 > 50 = False
2025-10-19 20:08:21,636 - INFO - [OVERSAMPLING DEBUG] Oversampling check: C > 1 = 1 > 1 = False
2025-10-19 20:08:21,636 - INFO - [OVERSAMPLING DEBUG] needs_oversampling = False
2025-10-19 20:08:21,636 - INFO - Using efficient random sampling strategy for gridsize=1
2025-10-19 20:08:21,636 - INFO - [OVERSAMPLING DEBUG] Taking efficient branch: standard sample-then-group
2025-10-19 20:08:21,636 - INFO - [OVERSAMPLING DEBUG] _generate_groups_efficiently called with: nsamples=50, K=4, C=1
2025-10-19 20:08:21,636 - INFO - Generating 50 groups efficiently from 50 points (K=4, C=1)
2025-10-19 20:08:21,636 - INFO - [OVERSAMPLING DEBUG] Standard case: using 50 groups from 50 points
2025-10-19 20:08:21,636 - INFO - [OVERSAMPLING DEBUG] Using all 50 points as seeds (no sampling needed)
2025-10-19 20:08:21,636 - INFO - Using all 50 points as seeds
2025-10-19 20:08:21,636 - INFO - Using seed indices directly for C=1 (gridsize=1) - no neighbor search needed
2025-10-19 20:08:21,636 - INFO - [OVERSAMPLING DEBUG] _generate_groups_efficiently completed: generated 50 groups
2025-10-19 20:08:21,636 - INFO - Successfully generated 50 groups with shape (50, 1)
2025-10-19 20:08:21,636 - INFO - [OVERSAMPLING DEBUG] Generated 50 groups in total
2025-10-19 20:08:21,636 - INFO - Generated 50 groups efficiently
2025-10-19 20:08:22,552 - INFO - [OVERSAMPLING DEBUG] generate_grouped_data called with: nsamples=50, n_points=100, C=1, K=4
2025-10-19 20:08:22,552 - INFO - [OVERSAMPLING DEBUG] Parameters: gridsize=1, N=64, sequential_sampling=False
2025-10-19 20:08:22,552 - INFO - [OVERSAMPLING DEBUG] Oversampling check: nsamples > n_points = 50 > 100 = False
2025-10-19 20:08:22,552 - INFO - [OVERSAMPLING DEBUG] Oversampling check: C > 1 = 1 > 1 = False
2025-10-19 20:08:22,552 - INFO - [OVERSAMPLING DEBUG] needs_oversampling = False
2025-10-19 20:08:22,552 - INFO - Using efficient random sampling strategy for gridsize=1
2025-10-19 20:08:22,552 - INFO - [OVERSAMPLING DEBUG] Taking efficient branch: standard sample-then-group
2025-10-19 20:08:22,552 - INFO - [OVERSAMPLING DEBUG] _generate_groups_efficiently called with: nsamples=50, K=4, C=1
2025-10-19 20:08:22,552 - INFO - Generating 50 groups efficiently from 100 points (K=4, C=1)
2025-10-19 20:08:22,552 - INFO - [OVERSAMPLING DEBUG] Standard case: using 50 groups from 100 points
2025-10-19 20:08:22,552 - INFO - [OVERSAMPLING DEBUG] Randomly sampled 50 seed points
2025-10-19 20:08:22,552 - INFO - Sampled 50 seed points from 100 total points
2025-10-19 20:08:22,552 - INFO - Using seed indices directly for C=1 (gridsize=1) - no neighbor search needed
2025-10-19 20:08:22,552 - INFO - [OVERSAMPLING DEBUG] _generate_groups_efficiently completed: generated 50 groups
2025-10-19 20:08:22,552 - INFO - Successfully generated 50 groups with shape (50, 1)
2025-10-19 20:08:22,552 - INFO - [OVERSAMPLING DEBUG] Generated 50 groups in total
2025-10-19 20:08:22,552 - INFO - Generated 50 groups efficiently
2025-10-19 20:08:23,738 - WARNING - You are casting an input of type complex64 to an incompatible dtype float32.  This will discard the imaginary part and may not be what you intended.
2025-10-19 20:08:25,623 - WARNING - You are casting an input of type complex64 to an incompatible dtype float32.  This will discard the imaginary part and may not be what you intended.
2025-10-19 20:08:29,194 - WARNING - You are casting an input of type complex64 to an incompatible dtype float32.  This will discard the imaginary part and may not be what you intended.
2025-10-19 20:08:32,445 - INFO - Skipping image stitching (disabled or no test data available)
2025-10-19 20:08:32,460 - DEBUG - Creating converter from 5 to 3
2025-10-19 20:08:33,593 - INFO - Outputs saved to /tmp/tmp8mvzjejx/training/training_nphotons_500000.0_e2e
2025-10-19 20:08:48,119 - DEBUG - Falling back to TensorFlow client; we recommended you install the Cloud TPU client directly with pip install cloud-tpu-client.
2025-10-19 20:08:48,296 - DEBUG - Creating converter from 7 to 5
2025-10-19 20:08:48,296 - DEBUG - Creating converter from 5 to 7
2025-10-19 20:08:48,296 - DEBUG - Creating converter from 7 to 5
2025-10-19 20:08:48,296 - DEBUG - Creating converter from 5 to 7
2025-10-19 20:08:48,920 - DEBUG - matplotlib data path: /home/ollie/miniconda3/envs/ptycho311/lib/python3.11/site-packages/matplotlib/mpl-data
2025-10-19 20:08:48,927 - DEBUG - CONFIGDIR=/home/ollie/.config/matplotlib
2025-10-19 20:08:48,928 - DEBUG - interactive is False
2025-10-19 20:08:48,928 - DEBUG - platform is linux
2025-10-19 20:08:48,957 - DEBUG - CACHEDIR=/home/ollie/.cache/matplotlib
2025-10-19 20:08:48,959 - DEBUG - Using fontManager instance from /home/ollie/.cache/matplotlib/fontlist-v390.json
2025-10-19 20:08:49,957 - DEBUG - Field: train_data_file
2025-10-19 20:08:49,958 - DEBUG - Field type: typing.Optional[pathlib.Path]
2025-10-19 20:08:49,958 - DEBUG - Field default: None
2025-10-19 20:08:49,958 - DEBUG - Field: test_data_file
2025-10-19 20:08:49,958 - DEBUG - Field type: typing.Optional[pathlib.Path]
2025-10-19 20:08:49,958 - DEBUG - Field default: None
2025-10-19 20:08:49,958 - DEBUG - Field: output_dir
2025-10-19 20:08:49,958 - DEBUG - Field type: <class 'pathlib.Path'>
2025-10-19 20:08:49,958 - DEBUG - Field default: training_outputs
2025-10-19 20:08:49,958 - DEBUG - Converting path value: /tmp/tmp_nksxb04/simulation/simulated_data_nphotons_1000000.0_single.npz
2025-10-19 20:08:49,958 - DEBUG - Converting path value: /tmp/tmp_nksxb04/simulation/simulated_data_nphotons_1000000.0_single.npz
2025-10-19 20:08:49,958 - DEBUG - Converting path value: /tmp/tmp_nksxb04/training/training_nphotons_1000000.0_single
2025-10-19 20:08:49,958 - DEBUG - YAML config: {}
2025-10-19 20:08:49,958 - DEBUG - CLI arguments: {'config': None, 'do_stitching': False, 'quiet': True, 'verbose': False, 'console_level': 'INFO', 'N': 64, 'gridsize': 1, 'n_filters_scale': 2, 'model_type': 'pinn', 'amp_activation': 'sigmoid', 'object_big': True, 'probe_big': True, 'probe_mask': False, 'pad_object': True, 'probe_scale': 4.0, 'gaussian_smoothing_sigma': 0.0, 'train_data_file': PosixPath('/tmp/tmp_nksxb04/simulation/simulated_data_nphotons_1000000.0_single.npz'), 'test_data_file': PosixPath('/tmp/tmp_nksxb04/simulation/simulated_data_nphotons_1000000.0_single.npz'), 'batch_size': 16, 'nepochs': 2, 'mae_weight': 0.0, 'nll_weight': 1.0, 'realspace_mae_weight': 0.0, 'realspace_weight': 0.0, 'nphotons': 1000000.0, 'n_groups': None, 'n_images': 50, 'n_subsample': None, 'subsample_seed': None, 'neighbor_count': 4, 'positions_provided': True, 'probe_trainable': False, 'intensity_scale_trainable': True, 'output_dir': PosixPath('/tmp/tmp_nksxb04/training/training_nphotons_1000000.0_single'), 'sequential_sampling': False, 'backend': 'tensorflow'}
2025-10-19 20:08:49,958 - DEBUG - Merged config: {'do_stitching': False, 'quiet': True, 'verbose': False, 'console_level': 'INFO', 'N': 64, 'gridsize': 1, 'n_filters_scale': 2, 'model_type': 'pinn', 'amp_activation': 'sigmoid', 'object_big': True, 'probe_big': True, 'probe_mask': False, 'pad_object': True, 'probe_scale': 4.0, 'gaussian_smoothing_sigma': 0.0, 'train_data_file': PosixPath('/tmp/tmp_nksxb04/simulation/simulated_data_nphotons_1000000.0_single.npz'), 'test_data_file': PosixPath('/tmp/tmp_nksxb04/simulation/simulated_data_nphotons_1000000.0_single.npz'), 'batch_size': 16, 'nepochs': 2, 'mae_weight': 0.0, 'nll_weight': 1.0, 'realspace_mae_weight': 0.0, 'realspace_weight': 0.0, 'nphotons': 1000000.0, 'n_images': 50, 'neighbor_count': 4, 'positions_provided': True, 'probe_trainable': False, 'intensity_scale_trainable': True, 'output_dir': PosixPath('/tmp/tmp_nksxb04/training/training_nphotons_1000000.0_single'), 'sequential_sampling': False, 'backend': 'tensorflow'}
2025-10-19 20:08:49,958 - INFO - Configuration setup complete
2025-10-19 20:08:49,958 - INFO - Final configuration: TrainingConfig(model=ModelConfig(N=64, gridsize=1, n_filters_scale=2, model_type='pinn', amp_activation='sigmoid', object_big=True, probe_big=True, probe_mask=False, pad_object=True, probe_scale=4.0, gaussian_smoothing_sigma=0.0), train_data_file=PosixPath('/tmp/tmp_nksxb04/simulation/simulated_data_nphotons_1000000.0_single.npz'), test_data_file=PosixPath('/tmp/tmp_nksxb04/simulation/simulated_data_nphotons_1000000.0_single.npz'), batch_size=16, nepochs=2, mae_weight=0.0, nll_weight=1.0, realspace_mae_weight=0.0, realspace_weight=0.0, nphotons=1000000.0, n_groups=50, n_images=50, n_subsample=None, subsample_seed=None, neighbor_count=4, positions_provided=True, probe_trainable=False, intensity_scale_trainable=True, output_dir=PosixPath('/tmp/tmp_nksxb04/training/training_nphotons_1000000.0_single'), sequential_sampling=False, backend='tensorflow')
2025-10-19 20:08:49,958 - INFO - Legacy mode: using 50 groups (gridsize=1)
2025-10-19 20:08:49,958 - INFO - Starting training with n_subsample=50, n_groups=50, stitching=disabled
2025-10-19 20:08:49,958 - INFO - Loading data from /tmp/tmp_nksxb04/simulation/simulated_data_nphotons_1000000.0_single.npz with n_images=50, n_subsample=50
2025-10-19 20:08:49,965 - INFO - Independent sampling: subsampling 50 images from 100 total
2025-10-19 20:08:49,965 - INFO - Randomly subsampled 50 images
2025-10-19 20:08:49,976 - DEBUG - Loaded metadata from /tmp/tmp_nksxb04/simulation/simulated_data_nphotons_1000000.0_single.npz
2025-10-19 20:08:49,976 - INFO - Overriding nphotons from config (1.0e+06) with value from dataset metadata: 1.0e+06
2025-10-19 20:08:49,976 - INFO - Loading data from /tmp/tmp_nksxb04/simulation/simulated_data_nphotons_1000000.0_single.npz with n_images=None, n_subsample=None
2025-10-19 20:08:49,982 - INFO - Using full dataset of 100 images
2025-10-19 20:08:49,982 - INFO - Loaded test data from /tmp/tmp_nksxb04/simulation/simulated_data_nphotons_1000000.0_single.npz
2025-10-19 20:08:49,982 - INFO - [OVERSAMPLING DEBUG] generate_grouped_data called with: nsamples=50, n_points=50, C=1, K=4
2025-10-19 20:08:49,982 - INFO - [OVERSAMPLING DEBUG] Parameters: gridsize=1, N=64, sequential_sampling=False
2025-10-19 20:08:49,982 - INFO - [OVERSAMPLING DEBUG] Oversampling check: nsamples > n_points = 50 > 50 = False
2025-10-19 20:08:49,982 - INFO - [OVERSAMPLING DEBUG] Oversampling check: C > 1 = 1 > 1 = False
2025-10-19 20:08:49,982 - INFO - [OVERSAMPLING DEBUG] needs_oversampling = False
2025-10-19 20:08:49,982 - INFO - Using efficient random sampling strategy for gridsize=1
2025-10-19 20:08:49,982 - INFO - [OVERSAMPLING DEBUG] Taking efficient branch: standard sample-then-group
2025-10-19 20:08:49,983 - INFO - [OVERSAMPLING DEBUG] _generate_groups_efficiently called with: nsamples=50, K=4, C=1
2025-10-19 20:08:49,983 - INFO - Generating 50 groups efficiently from 50 points (K=4, C=1)
2025-10-19 20:08:49,983 - INFO - [OVERSAMPLING DEBUG] Standard case: using 50 groups from 50 points
2025-10-19 20:08:49,983 - INFO - [OVERSAMPLING DEBUG] Using all 50 points as seeds (no sampling needed)
2025-10-19 20:08:49,983 - INFO - Using all 50 points as seeds
2025-10-19 20:08:49,983 - INFO - Using seed indices directly for C=1 (gridsize=1) - no neighbor search needed
2025-10-19 20:08:49,983 - INFO - [OVERSAMPLING DEBUG] _generate_groups_efficiently completed: generated 50 groups
2025-10-19 20:08:49,983 - INFO - Successfully generated 50 groups with shape (50, 1)
2025-10-19 20:08:49,983 - INFO - [OVERSAMPLING DEBUG] Generated 50 groups in total
2025-10-19 20:08:49,983 - INFO - Generated 50 groups efficiently
2025-10-19 20:08:50,904 - INFO - [OVERSAMPLING DEBUG] generate_grouped_data called with: nsamples=50, n_points=100, C=1, K=4
2025-10-19 20:08:50,904 - INFO - [OVERSAMPLING DEBUG] Parameters: gridsize=1, N=64, sequential_sampling=False
2025-10-19 20:08:50,904 - INFO - [OVERSAMPLING DEBUG] Oversampling check: nsamples > n_points = 50 > 100 = False
2025-10-19 20:08:50,904 - INFO - [OVERSAMPLING DEBUG] Oversampling check: C > 1 = 1 > 1 = False
2025-10-19 20:08:50,904 - INFO - [OVERSAMPLING DEBUG] needs_oversampling = False
2025-10-19 20:08:50,904 - INFO - Using efficient random sampling strategy for gridsize=1
2025-10-19 20:08:50,904 - INFO - [OVERSAMPLING DEBUG] Taking efficient branch: standard sample-then-group
2025-10-19 20:08:50,904 - INFO - [OVERSAMPLING DEBUG] _generate_groups_efficiently called with: nsamples=50, K=4, C=1
2025-10-19 20:08:50,904 - INFO - Generating 50 groups efficiently from 100 points (K=4, C=1)
2025-10-19 20:08:50,904 - INFO - [OVERSAMPLING DEBUG] Standard case: using 50 groups from 100 points
2025-10-19 20:08:50,904 - INFO - [OVERSAMPLING DEBUG] Randomly sampled 50 seed points
2025-10-19 20:08:50,904 - INFO - Sampled 50 seed points from 100 total points
2025-10-19 20:08:50,904 - INFO - Using seed indices directly for C=1 (gridsize=1) - no neighbor search needed
2025-10-19 20:08:50,904 - INFO - [OVERSAMPLING DEBUG] _generate_groups_efficiently completed: generated 50 groups
2025-10-19 20:08:50,904 - INFO - Successfully generated 50 groups with shape (50, 1)
2025-10-19 20:08:50,904 - INFO - [OVERSAMPLING DEBUG] Generated 50 groups in total
2025-10-19 20:08:50,904 - INFO - Generated 50 groups efficiently
2025-10-19 20:08:52,090 - WARNING - You are casting an input of type complex64 to an incompatible dtype float32.  This will discard the imaginary part and may not be what you intended.
2025-10-19 20:08:53,968 - WARNING - You are casting an input of type complex64 to an incompatible dtype float32.  This will discard the imaginary part and may not be what you intended.
2025-10-19 20:08:57,472 - WARNING - You are casting an input of type complex64 to an incompatible dtype float32.  This will discard the imaginary part and may not be what you intended.
2025-10-19 20:09:00,623 - INFO - Skipping image stitching (disabled or no test data available)
2025-10-19 20:09:00,638 - DEBUG - Creating converter from 5 to 3
2025-10-19 20:09:01,769 - INFO - Outputs saved to /tmp/tmp_nksxb04/training/training_nphotons_1000000.0_single
2025-10-19 20:09:31,576 - DEBUG - Falling back to TensorFlow client; we recommended you install the Cloud TPU client directly with pip install cloud-tpu-client.
2025-10-19 20:09:31,750 - DEBUG - Creating converter from 7 to 5
2025-10-19 20:09:31,750 - DEBUG - Creating converter from 5 to 7
2025-10-19 20:09:31,750 - DEBUG - Creating converter from 7 to 5
2025-10-19 20:09:31,750 - DEBUG - Creating converter from 5 to 7
2025-10-19 20:09:32,369 - DEBUG - matplotlib data path: /home/ollie/miniconda3/envs/ptycho311/lib/python3.11/site-packages/matplotlib/mpl-data
2025-10-19 20:09:32,377 - DEBUG - CONFIGDIR=/home/ollie/.config/matplotlib
2025-10-19 20:09:32,377 - DEBUG - interactive is False
2025-10-19 20:09:32,377 - DEBUG - platform is linux
2025-10-19 20:09:32,406 - DEBUG - CACHEDIR=/home/ollie/.cache/matplotlib
2025-10-19 20:09:32,408 - DEBUG - Using fontManager instance from /home/ollie/.cache/matplotlib/fontlist-v390.json
2025-10-19 20:09:33,415 - DEBUG - Field: train_data_file
2025-10-19 20:09:33,415 - DEBUG - Field type: typing.Optional[pathlib.Path]
2025-10-19 20:09:33,415 - DEBUG - Field default: None
2025-10-19 20:09:33,415 - DEBUG - Field: test_data_file
2025-10-19 20:09:33,415 - DEBUG - Field type: typing.Optional[pathlib.Path]
2025-10-19 20:09:33,415 - DEBUG - Field default: None
2025-10-19 20:09:33,415 - DEBUG - Field: output_dir
2025-10-19 20:09:33,415 - DEBUG - Field type: <class 'pathlib.Path'>
2025-10-19 20:09:33,416 - DEBUG - Field default: training_outputs
2025-10-19 20:09:33,416 - DEBUG - Converting path value: /tmp/tmphyngga1n/simulation/simulated_data_nphotons_10000.0_train_mismatch.npz
2025-10-19 20:09:33,416 - DEBUG - Converting path value: /tmp/tmphyngga1n/simulation/simulated_data_nphotons_10000.0_train_mismatch.npz
2025-10-19 20:09:33,416 - DEBUG - Converting path value: /tmp/tmphyngga1n/training/training_mismatch_test
2025-10-19 20:09:33,416 - DEBUG - YAML config: {}
2025-10-19 20:09:33,416 - DEBUG - CLI arguments: {'config': None, 'do_stitching': False, 'quiet': True, 'verbose': False, 'console_level': 'INFO', 'N': 64, 'gridsize': 1, 'n_filters_scale': 2, 'model_type': 'pinn', 'amp_activation': 'sigmoid', 'object_big': True, 'probe_big': True, 'probe_mask': False, 'pad_object': True, 'probe_scale': 4.0, 'gaussian_smoothing_sigma': 0.0, 'train_data_file': PosixPath('/tmp/tmphyngga1n/simulation/simulated_data_nphotons_10000.0_train_mismatch.npz'), 'test_data_file': PosixPath('/tmp/tmphyngga1n/simulation/simulated_data_nphotons_10000.0_train_mismatch.npz'), 'batch_size': 16, 'nepochs': 2, 'mae_weight': 0.0, 'nll_weight': 1.0, 'realspace_mae_weight': 0.0, 'realspace_weight': 0.0, 'nphotons': 1000000.0, 'n_groups': None, 'n_images': 50, 'n_subsample': None, 'subsample_seed': None, 'neighbor_count': 4, 'positions_provided': True, 'probe_trainable': False, 'intensity_scale_trainable': True, 'output_dir': PosixPath('/tmp/tmphyngga1n/training/training_mismatch_test'), 'sequential_sampling': False, 'backend': 'tensorflow'}
2025-10-19 20:09:33,416 - DEBUG - Merged config: {'do_stitching': False, 'quiet': True, 'verbose': False, 'console_level': 'INFO', 'N': 64, 'gridsize': 1, 'n_filters_scale': 2, 'model_type': 'pinn', 'amp_activation': 'sigmoid', 'object_big': True, 'probe_big': True, 'probe_mask': False, 'pad_object': True, 'probe_scale': 4.0, 'gaussian_smoothing_sigma': 0.0, 'train_data_file': PosixPath('/tmp/tmphyngga1n/simulation/simulated_data_nphotons_10000.0_train_mismatch.npz'), 'test_data_file': PosixPath('/tmp/tmphyngga1n/simulation/simulated_data_nphotons_10000.0_train_mismatch.npz'), 'batch_size': 16, 'nepochs': 2, 'mae_weight': 0.0, 'nll_weight': 1.0, 'realspace_mae_weight': 0.0, 'realspace_weight': 0.0, 'nphotons': 1000000.0, 'n_images': 50, 'neighbor_count': 4, 'positions_provided': True, 'probe_trainable': False, 'intensity_scale_trainable': True, 'output_dir': PosixPath('/tmp/tmphyngga1n/training/training_mismatch_test'), 'sequential_sampling': False, 'backend': 'tensorflow'}
2025-10-19 20:09:33,416 - INFO - Configuration setup complete
2025-10-19 20:09:33,416 - INFO - Final configuration: TrainingConfig(model=ModelConfig(N=64, gridsize=1, n_filters_scale=2, model_type='pinn', amp_activation='sigmoid', object_big=True, probe_big=True, probe_mask=False, pad_object=True, probe_scale=4.0, gaussian_smoothing_sigma=0.0), train_data_file=PosixPath('/tmp/tmphyngga1n/simulation/simulated_data_nphotons_10000.0_train_mismatch.npz'), test_data_file=PosixPath('/tmp/tmphyngga1n/simulation/simulated_data_nphotons_10000.0_train_mismatch.npz'), batch_size=16, nepochs=2, mae_weight=0.0, nll_weight=1.0, realspace_mae_weight=0.0, realspace_weight=0.0, nphotons=1000000.0, n_groups=50, n_images=50, n_subsample=None, subsample_seed=None, neighbor_count=4, positions_provided=True, probe_trainable=False, intensity_scale_trainable=True, output_dir=PosixPath('/tmp/tmphyngga1n/training/training_mismatch_test'), sequential_sampling=False, backend='tensorflow')
2025-10-19 20:09:33,416 - INFO - Legacy mode: using 50 groups (gridsize=1)
2025-10-19 20:09:33,416 - INFO - Starting training with n_subsample=50, n_groups=50, stitching=disabled
2025-10-19 20:09:33,416 - INFO - Loading data from /tmp/tmphyngga1n/simulation/simulated_data_nphotons_10000.0_train_mismatch.npz with n_images=50, n_subsample=50
2025-10-19 20:09:33,422 - INFO - Independent sampling: subsampling 50 images from 100 total
2025-10-19 20:09:33,422 - INFO - Randomly subsampled 50 images
2025-10-19 20:09:33,432 - DEBUG - Loaded metadata from /tmp/tmphyngga1n/simulation/simulated_data_nphotons_10000.0_train_mismatch.npz
2025-10-19 20:09:33,432 - INFO - Overriding nphotons from config (1.0e+06) with value from dataset metadata: 1.0e+04
2025-10-19 20:09:33,432 - INFO - Loading data from /tmp/tmphyngga1n/simulation/simulated_data_nphotons_10000.0_train_mismatch.npz with n_images=None, n_subsample=None
2025-10-19 20:09:33,437 - INFO - Using full dataset of 100 images
2025-10-19 20:09:33,437 - INFO - Loaded test data from /tmp/tmphyngga1n/simulation/simulated_data_nphotons_10000.0_train_mismatch.npz
2025-10-19 20:09:33,438 - INFO - [OVERSAMPLING DEBUG] generate_grouped_data called with: nsamples=50, n_points=50, C=1, K=4
2025-10-19 20:09:33,438 - INFO - [OVERSAMPLING DEBUG] Parameters: gridsize=1, N=64, sequential_sampling=False
2025-10-19 20:09:33,438 - INFO - [OVERSAMPLING DEBUG] Oversampling check: nsamples > n_points = 50 > 50 = False
2025-10-19 20:09:33,438 - INFO - [OVERSAMPLING DEBUG] Oversampling check: C > 1 = 1 > 1 = False
2025-10-19 20:09:33,438 - INFO - [OVERSAMPLING DEBUG] needs_oversampling = False
2025-10-19 20:09:33,438 - INFO - Using efficient random sampling strategy for gridsize=1
2025-10-19 20:09:33,438 - INFO - [OVERSAMPLING DEBUG] Taking efficient branch: standard sample-then-group
2025-10-19 20:09:33,438 - INFO - [OVERSAMPLING DEBUG] _generate_groups_efficiently called with: nsamples=50, K=4, C=1
2025-10-19 20:09:33,438 - INFO - Generating 50 groups efficiently from 50 points (K=4, C=1)
2025-10-19 20:09:33,438 - INFO - [OVERSAMPLING DEBUG] Standard case: using 50 groups from 50 points
2025-10-19 20:09:33,438 - INFO - [OVERSAMPLING DEBUG] Using all 50 points as seeds (no sampling needed)
2025-10-19 20:09:33,438 - INFO - Using all 50 points as seeds
2025-10-19 20:09:33,438 - INFO - Using seed indices directly for C=1 (gridsize=1) - no neighbor search needed
2025-10-19 20:09:33,438 - INFO - [OVERSAMPLING DEBUG] _generate_groups_efficiently completed: generated 50 groups
2025-10-19 20:09:33,438 - INFO - Successfully generated 50 groups with shape (50, 1)
2025-10-19 20:09:33,438 - INFO - [OVERSAMPLING DEBUG] Generated 50 groups in total
2025-10-19 20:09:33,438 - INFO - Generated 50 groups efficiently
2025-10-19 20:09:34,346 - INFO - [OVERSAMPLING DEBUG] generate_grouped_data called with: nsamples=50, n_points=100, C=1, K=4
2025-10-19 20:09:34,346 - INFO - [OVERSAMPLING DEBUG] Parameters: gridsize=1, N=64, sequential_sampling=False
2025-10-19 20:09:34,346 - INFO - [OVERSAMPLING DEBUG] Oversampling check: nsamples > n_points = 50 > 100 = False
2025-10-19 20:09:34,346 - INFO - [OVERSAMPLING DEBUG] Oversampling check: C > 1 = 1 > 1 = False
2025-10-19 20:09:34,346 - INFO - [OVERSAMPLING DEBUG] needs_oversampling = False
2025-10-19 20:09:34,346 - INFO - Using efficient random sampling strategy for gridsize=1
2025-10-19 20:09:34,346 - INFO - [OVERSAMPLING DEBUG] Taking efficient branch: standard sample-then-group
2025-10-19 20:09:34,346 - INFO - [OVERSAMPLING DEBUG] _generate_groups_efficiently called with: nsamples=50, K=4, C=1
2025-10-19 20:09:34,346 - INFO - Generating 50 groups efficiently from 100 points (K=4, C=1)
2025-10-19 20:09:34,346 - INFO - [OVERSAMPLING DEBUG] Standard case: using 50 groups from 100 points
2025-10-19 20:09:34,346 - INFO - [OVERSAMPLING DEBUG] Randomly sampled 50 seed points
2025-10-19 20:09:34,346 - INFO - Sampled 50 seed points from 100 total points
2025-10-19 20:09:34,346 - INFO - Using seed indices directly for C=1 (gridsize=1) - no neighbor search needed
2025-10-19 20:09:34,346 - INFO - [OVERSAMPLING DEBUG] _generate_groups_efficiently completed: generated 50 groups
2025-10-19 20:09:34,346 - INFO - Successfully generated 50 groups with shape (50, 1)
2025-10-19 20:09:34,346 - INFO - [OVERSAMPLING DEBUG] Generated 50 groups in total
2025-10-19 20:09:34,346 - INFO - Generated 50 groups efficiently
2025-10-19 20:09:35,520 - WARNING - You are casting an input of type complex64 to an incompatible dtype float32.  This will discard the imaginary part and may not be what you intended.
2025-10-19 20:09:37,362 - WARNING - You are casting an input of type complex64 to an incompatible dtype float32.  This will discard the imaginary part and may not be what you intended.
2025-10-19 20:09:40,895 - WARNING - You are casting an input of type complex64 to an incompatible dtype float32.  This will discard the imaginary part and may not be what you intended.
2025-10-19 20:09:44,070 - INFO - Skipping image stitching (disabled or no test data available)
2025-10-19 20:09:44,085 - DEBUG - Creating converter from 5 to 3
2025-10-19 20:09:45,195 - INFO - Outputs saved to /tmp/tmphyngga1n/training/training_mismatch_test
