2025-11-12 17:59:21.807733: E external/local_xla/xla/stream_executor/cuda/cuda_fft.cc:467] Unable to register cuFFT factory: Attempting to register factory for plugin cuFFT when one has already been registered
WARNING: All log messages before absl::InitializeLog() is called are written to STDERR
E0000 00:00:1762999161.819490 1711347 cuda_dnn.cc:8579] Unable to register cuDNN factory: Attempting to register factory for plugin cuDNN when one has already been registered
E0000 00:00:1762999161.823193 1711347 cuda_blas.cc:1407] Unable to register cuBLAS factory: Attempting to register factory for plugin cuBLAS when one has already been registered
W0000 00:00:1762999161.832968 1711347 computation_placer.cc:177] computation placer already registered. Please check linkage and avoid linking the same target more than once.
W0000 00:00:1762999161.832986 1711347 computation_placer.cc:177] computation placer already registered. Please check linkage and avoid linking the same target more than once.
W0000 00:00:1762999161.832989 1711347 computation_placer.cc:177] computation placer already registered. Please check linkage and avoid linking the same target more than once.
W0000 00:00:1762999161.832991 1711347 computation_placer.cc:177] computation placer already registered. Please check linkage and avoid linking the same target more than once.
2025-11-12 17:59:21.835645: I tensorflow/core/platform/cpu_feature_guard.cc:210] This TensorFlow binary is optimized to use available CPU instructions in performance-critical operations.
To enable the following instructions: AVX2 FMA, in other operations, rebuild TensorFlow with the appropriate compiler flags.
2025-11-12 17:59:24,360 - INFO - Starting ptychography inference script...
2025-11-12 17:59:24,360 - INFO - Final inference config - gridsize: 1
2025-11-12 17:59:24,360 - INFO - Independent sampling control: subsampling 16 images, using 4 for inference
2025-11-12 17:59:24,360 - INFO - Loading model...
2025-11-12 17:59:24,361 - INFO - Backend dispatcher: loading PyTorch model (ptycho_torch.workflows.components)
2025-11-12 17:59:25,416 - INFO - Loading PyTorch inference bundle from plans/active/INTEGRATE-PYTORCH-001/reports/2025-11-13T150000Z/parity_reactivation/cli/pytorch_cli_smoke/train_outputs/wts.h5.zip via load_torch_bundle
2025-11-12 17:59:26,667 - INFO - Inference bundle loaded successfully. Models: ['diffraction_to_obj', 'autoencoder'], Params keys: ['batch_size', 'nepochs', 'mae_weight', 'nll_weight', 'realspace_mae_weight']...
2025-11-12 17:59:26,667 - INFO - Backend dispatcher: inference bundle loaded (backend=pytorch)
2025-11-12 17:59:26,668 - INFO - Loading test data...
2025-11-12 17:59:26,668 - INFO - Loading data from tests/fixtures/pytorch_integration/minimal_dataset_v1.npz with n_images=4, n_subsample=16
2025-11-12 17:59:26,673 - INFO - Independent sampling: subsampling 16 images from 64 total
2025-11-12 17:59:26,673 - INFO - Randomly subsampled 16 images
2025-11-12 17:59:26,673 - INFO - Inference config: gridsize=2, using 4 groups (≈16 total patterns)
2025-11-12 17:59:26,673 - INFO - Performing inference...
2025-11-12 17:59:26,674 - INFO - PyTorch inference config: accelerator=cpu, num_workers=0, inference_batch_size=2
2025-11-12 17:59:26,704 - INFO - Saving reconstruction images...
2025-11-12 17:59:26,704 - INFO - Amplitude array shape: (64, 64)
2025-11-12 17:59:26,704 - INFO - Phase array shape: (64, 64)
2025-11-12 17:59:26,858 - INFO - Reconstructed amplitude saved to: plans/active/INTEGRATE-PYTORCH-001/reports/2025-11-13T150000Z/parity_reactivation/cli/pytorch_cli_smoke/inference_outputs/reconstructed_amplitude.png
2025-11-12 17:59:26,858 - INFO - Reconstructed phase saved to: plans/active/INTEGRATE-PYTORCH-001/reports/2025-11-13T150000Z/parity_reactivation/cli/pytorch_cli_smoke/inference_outputs/reconstructed_phase.png
2025-11-12 17:59:26,858 - INFO - Inference process completed successfully.
2025-11-12 17:59:26,858 - INFO - Cleaning up resources...
Decoder Block 1: No attention module added.
Decoder Block 2: No attention module added.
Decoder Block 1: No attention module added.
Decoder Block 2: No attention module added.
Decoder Block 1: No attention module added.
Decoder Block 2: No attention module added.
Decoder Block 1: No attention module added.
Decoder Block 2: No attention module added.
diff3d shape: (16, 64, 64)
probeGuess shape: (64, 64)
scan_index shape: (16,)
objectGuess shape: (227, 226)
xcoords shape: (16,)
ycoords shape: (16,)
xcoords_start shape: (16,)
ycoords_start shape: (16,)
Running inference on 4 images...
Reconstruction shape: (64, 64)
Amplitude range: [0.0032, 0.4883]
Phase range: [-3.1416, 3.1416]
