
================================================================================
Phase E5 Training Execution — dense (dose=1e+03, gridsize=2, backend=tensorflow)
================================================================================
Train dataset: /home/ollie/Documents/PtychoPINN/data/phase_d/dose_1000/dense/train.npz
Test dataset: /home/ollie/Documents/PtychoPINN/data/phase_d/dose_1000/dense/test.npz
Output directory: /home/ollie/Documents/PtychoPINN/data/phase_e/dose_1000/dense/gs2
Gridsize: 2
nphotons: 1000.0
Backend: tensorflow

Loading datasets via TensorFlow loader...
Invoking TensorFlow train_cdi_model...
Persisting model bundle via TensorFlow ModelManager...
Bundle saved: /home/ollie/Documents/PtychoPINN/data/phase_e/dose_1000/dense/gs2/wts.h5.zip
Bundle SHA256: f77cf35afad007115d636ad3c62b86ee1d12e92014c7da79fc4f227581d53122
Bundle size: 68178626 bytes
Training completed successfully
Final loss: 0.14407671988010406
Epochs completed: 48
Checkpoint path: None
Bundle path: /home/ollie/Documents/PtychoPINN/data/phase_e/dose_1000/dense/gs2/wts.h5.zip
Bundle SHA256: f77cf35afad007115d636ad3c62b86ee1d12e92014c7da79fc4f227581d53122
Bundle size: 68178626 bytes
