2025-10-19 04:26:32,127 - DEBUG - Falling back to TensorFlow client; we recommended you install the Cloud TPU client directly with pip install cloud-tpu-client.
2025-10-19 04:26:32,303 - DEBUG - Creating converter from 7 to 5
2025-10-19 04:26:32,303 - DEBUG - Creating converter from 5 to 7
2025-10-19 04:26:32,303 - DEBUG - Creating converter from 7 to 5
2025-10-19 04:26:32,303 - DEBUG - Creating converter from 5 to 7
2025-10-19 04:26:32,915 - DEBUG - matplotlib data path: /home/ollie/miniconda3/envs/ptycho311/lib/python3.11/site-packages/matplotlib/mpl-data
2025-10-19 04:26:32,922 - DEBUG - CONFIGDIR=/home/ollie/.config/matplotlib
2025-10-19 04:26:32,923 - DEBUG - interactive is False
2025-10-19 04:26:32,923 - DEBUG - platform is linux
2025-10-19 04:26:32,952 - DEBUG - CACHEDIR=/home/ollie/.cache/matplotlib
2025-10-19 04:26:32,953 - DEBUG - Using fontManager instance from /home/ollie/.cache/matplotlib/fontlist-v390.json
2025-10-19 04:26:33,980 - DEBUG - Field: train_data_file
2025-10-19 04:26:33,980 - DEBUG - Field type: typing.Optional[pathlib.Path]
2025-10-19 04:26:33,980 - DEBUG - Field default: None
2025-10-19 04:26:33,980 - DEBUG - Field: test_data_file
2025-10-19 04:26:33,980 - DEBUG - Field type: typing.Optional[pathlib.Path]
2025-10-19 04:26:33,980 - DEBUG - Field default: None
2025-10-19 04:26:33,981 - DEBUG - Field: output_dir
2025-10-19 04:26:33,981 - DEBUG - Field type: <class 'pathlib.Path'>
2025-10-19 04:26:33,981 - DEBUG - Field default: training_outputs
2025-10-19 04:26:33,981 - DEBUG - Converting path value: /home/ollie/Documents/PtychoPINN2/ptycho/datasets/Run1084_recon3_postPC_shrunk_3.npz
2025-10-19 04:26:33,981 - DEBUG - Converting path value: /home/ollie/Documents/PtychoPINN2/ptycho/datasets/Run1084_recon3_postPC_shrunk_3.npz
2025-10-19 04:26:33,981 - DEBUG - Converting path value: /tmp/tmpm0iuaatp/training_outputs
2025-10-19 04:26:33,981 - DEBUG - YAML config: {}
2025-10-19 04:26:33,981 - DEBUG - CLI arguments: {'config': None, 'do_stitching': False, 'quiet': True, 'verbose': False, 'console_level': 'INFO', 'N': 64, 'gridsize': 1, 'n_filters_scale': 2, 'model_type': 'pinn', 'amp_activation': 'sigmoid', 'object_big': True, 'probe_big': True, 'probe_mask': False, 'pad_object': True, 'probe_scale': 4.0, 'gaussian_smoothing_sigma': 0.0, 'train_data_file': PosixPath('/home/ollie/Documents/PtychoPINN2/ptycho/datasets/Run1084_recon3_postPC_shrunk_3.npz'), 'test_data_file': PosixPath('/home/ollie/Documents/PtychoPINN2/ptycho/datasets/Run1084_recon3_postPC_shrunk_3.npz'), 'batch_size': 16, 'nepochs': 2, 'mae_weight': 0.0, 'nll_weight': 1.0, 'realspace_mae_weight': 0.0, 'realspace_weight': 0.0, 'nphotons': 1000000000.0, 'n_groups': None, 'n_images': 64, 'n_subsample': None, 'subsample_seed': None, 'neighbor_count': 4, 'positions_provided': True, 'probe_trainable': False, 'intensity_scale_trainable': True, 'output_dir': PosixPath('/tmp/tmpm0iuaatp/training_outputs'), 'sequential_sampling': False, 'backend': 'tensorflow'}
2025-10-19 04:26:33,981 - DEBUG - Merged config: {'do_stitching': False, 'quiet': True, 'verbose': False, 'console_level': 'INFO', 'N': 64, 'gridsize': 1, 'n_filters_scale': 2, 'model_type': 'pinn', 'amp_activation': 'sigmoid', 'object_big': True, 'probe_big': True, 'probe_mask': False, 'pad_object': True, 'probe_scale': 4.0, 'gaussian_smoothing_sigma': 0.0, 'train_data_file': PosixPath('/home/ollie/Documents/PtychoPINN2/ptycho/datasets/Run1084_recon3_postPC_shrunk_3.npz'), 'test_data_file': PosixPath('/home/ollie/Documents/PtychoPINN2/ptycho/datasets/Run1084_recon3_postPC_shrunk_3.npz'), 'batch_size': 16, 'nepochs': 2, 'mae_weight': 0.0, 'nll_weight': 1.0, 'realspace_mae_weight': 0.0, 'realspace_weight': 0.0, 'nphotons': 1000000000.0, 'n_images': 64, 'neighbor_count': 4, 'positions_provided': True, 'probe_trainable': False, 'intensity_scale_trainable': True, 'output_dir': PosixPath('/tmp/tmpm0iuaatp/training_outputs'), 'sequential_sampling': False, 'backend': 'tensorflow'}
2025-10-19 04:26:33,981 - INFO - Configuration setup complete
2025-10-19 04:26:33,981 - INFO - Final configuration: TrainingConfig(model=ModelConfig(N=64, gridsize=1, n_filters_scale=2, model_type='pinn', amp_activation='sigmoid', object_big=True, probe_big=True, probe_mask=False, pad_object=True, probe_scale=4.0, gaussian_smoothing_sigma=0.0), train_data_file=PosixPath('/home/ollie/Documents/PtychoPINN2/ptycho/datasets/Run1084_recon3_postPC_shrunk_3.npz'), test_data_file=PosixPath('/home/ollie/Documents/PtychoPINN2/ptycho/datasets/Run1084_recon3_postPC_shrunk_3.npz'), batch_size=16, nepochs=2, mae_weight=0.0, nll_weight=1.0, realspace_mae_weight=0.0, realspace_weight=0.0, nphotons=1000000000.0, n_groups=64, n_images=64, n_subsample=None, subsample_seed=None, neighbor_count=4, positions_provided=True, probe_trainable=False, intensity_scale_trainable=True, output_dir=PosixPath('/tmp/tmpm0iuaatp/training_outputs'), sequential_sampling=False, backend='tensorflow')
2025-10-19 04:26:33,981 - INFO - Legacy mode: using 64 groups (gridsize=1)
2025-10-19 04:26:33,981 - INFO - Starting training with n_subsample=64, n_groups=64, stitching=disabled
2025-10-19 04:26:33,981 - INFO - Loading data from /home/ollie/Documents/PtychoPINN2/ptycho/datasets/Run1084_recon3_postPC_shrunk_3.npz with n_images=64, n_subsample=64
2025-10-19 04:26:33,996 - INFO - Independent sampling: subsampling 64 images from 1087 total
2025-10-19 04:26:33,997 - INFO - Randomly subsampled 64 images
2025-10-19 04:26:34,014 - INFO - Loading data from /home/ollie/Documents/PtychoPINN2/ptycho/datasets/Run1084_recon3_postPC_shrunk_3.npz with n_images=None, n_subsample=None
2025-10-19 04:26:34,031 - INFO - Using full dataset of 1087 images
2025-10-19 04:26:34,045 - INFO - Loaded test data from /home/ollie/Documents/PtychoPINN2/ptycho/datasets/Run1084_recon3_postPC_shrunk_3.npz
2025-10-19 04:26:34,046 - INFO - [OVERSAMPLING DEBUG] generate_grouped_data called with: nsamples=64, n_points=64, C=1, K=4
2025-10-19 04:26:34,046 - INFO - [OVERSAMPLING DEBUG] Parameters: gridsize=1, N=64, sequential_sampling=False
2025-10-19 04:26:34,046 - INFO - [OVERSAMPLING DEBUG] Oversampling check: nsamples > n_points = 64 > 64 = False
2025-10-19 04:26:34,046 - INFO - [OVERSAMPLING DEBUG] Oversampling check: C > 1 = 1 > 1 = False
2025-10-19 04:26:34,046 - INFO - [OVERSAMPLING DEBUG] needs_oversampling = False
2025-10-19 04:26:34,046 - INFO - Using efficient random sampling strategy for gridsize=1
2025-10-19 04:26:34,046 - INFO - [OVERSAMPLING DEBUG] Taking efficient branch: standard sample-then-group
2025-10-19 04:26:34,046 - INFO - [OVERSAMPLING DEBUG] _generate_groups_efficiently called with: nsamples=64, K=4, C=1
2025-10-19 04:26:34,046 - INFO - Generating 64 groups efficiently from 64 points (K=4, C=1)
2025-10-19 04:26:34,046 - INFO - [OVERSAMPLING DEBUG] Standard case: using 64 groups from 64 points
2025-10-19 04:26:34,046 - INFO - [OVERSAMPLING DEBUG] Using all 64 points as seeds (no sampling needed)
2025-10-19 04:26:34,046 - INFO - Using all 64 points as seeds
2025-10-19 04:26:34,046 - INFO - Using seed indices directly for C=1 (gridsize=1) - no neighbor search needed
2025-10-19 04:26:34,046 - INFO - [OVERSAMPLING DEBUG] _generate_groups_efficiently completed: generated 64 groups
2025-10-19 04:26:34,046 - INFO - Successfully generated 64 groups with shape (64, 1)
2025-10-19 04:26:34,046 - INFO - [OVERSAMPLING DEBUG] Generated 64 groups in total
2025-10-19 04:26:34,046 - INFO - Generated 64 groups efficiently
2025-10-19 04:26:35,647 - INFO - [OVERSAMPLING DEBUG] generate_grouped_data called with: nsamples=64, n_points=1087, C=1, K=4
2025-10-19 04:26:35,647 - INFO - [OVERSAMPLING DEBUG] Parameters: gridsize=1, N=64, sequential_sampling=False
2025-10-19 04:26:35,647 - INFO - [OVERSAMPLING DEBUG] Oversampling check: nsamples > n_points = 64 > 1087 = False
2025-10-19 04:26:35,647 - INFO - [OVERSAMPLING DEBUG] Oversampling check: C > 1 = 1 > 1 = False
2025-10-19 04:26:35,647 - INFO - [OVERSAMPLING DEBUG] needs_oversampling = False
2025-10-19 04:26:35,647 - INFO - Using efficient random sampling strategy for gridsize=1
2025-10-19 04:26:35,647 - INFO - [OVERSAMPLING DEBUG] Taking efficient branch: standard sample-then-group
2025-10-19 04:26:35,647 - INFO - [OVERSAMPLING DEBUG] _generate_groups_efficiently called with: nsamples=64, K=4, C=1
2025-10-19 04:26:35,647 - INFO - Generating 64 groups efficiently from 1087 points (K=4, C=1)
2025-10-19 04:26:35,647 - INFO - [OVERSAMPLING DEBUG] Standard case: using 64 groups from 1087 points
2025-10-19 04:26:35,647 - INFO - [OVERSAMPLING DEBUG] Randomly sampled 64 seed points
2025-10-19 04:26:35,647 - INFO - Sampled 64 seed points from 1087 total points
2025-10-19 04:26:35,647 - INFO - Using seed indices directly for C=1 (gridsize=1) - no neighbor search needed
2025-10-19 04:26:35,647 - INFO - [OVERSAMPLING DEBUG] _generate_groups_efficiently completed: generated 64 groups
2025-10-19 04:26:35,647 - INFO - Successfully generated 64 groups with shape (64, 1)
2025-10-19 04:26:35,647 - INFO - [OVERSAMPLING DEBUG] Generated 64 groups in total
2025-10-19 04:26:35,647 - INFO - Generated 64 groups efficiently
2025-10-19 04:26:37,685 - WARNING - You are casting an input of type complex64 to an incompatible dtype float32.  This will discard the imaginary part and may not be what you intended.
2025-10-19 04:26:39,566 - WARNING - You are casting an input of type complex64 to an incompatible dtype float32.  This will discard the imaginary part and may not be what you intended.
2025-10-19 04:26:46,855 - WARNING - You are casting an input of type complex64 to an incompatible dtype float32.  This will discard the imaginary part and may not be what you intended.
2025-10-19 04:26:48,800 - INFO - Skipping image stitching (disabled or no test data available)
2025-10-19 04:26:49,019 - DEBUG - Creating converter from 5 to 3
2025-10-19 04:26:50,153 - INFO - Outputs saved to /tmp/tmpm0iuaatp/training_outputs
2025-10-19 04:27:14,522 - DEBUG - Falling back to TensorFlow client; we recommended you install the Cloud TPU client directly with pip install cloud-tpu-client.
2025-10-19 04:27:14,695 - DEBUG - Creating converter from 7 to 5
2025-10-19 04:27:14,695 - DEBUG - Creating converter from 5 to 7
2025-10-19 04:27:14,695 - DEBUG - Creating converter from 7 to 5
2025-10-19 04:27:14,695 - DEBUG - Creating converter from 5 to 7
2025-10-19 04:27:15,309 - DEBUG - matplotlib data path: /home/ollie/miniconda3/envs/ptycho311/lib/python3.11/site-packages/matplotlib/mpl-data
2025-10-19 04:27:15,317 - DEBUG - CONFIGDIR=/home/ollie/.config/matplotlib
2025-10-19 04:27:15,317 - DEBUG - interactive is False
2025-10-19 04:27:15,317 - DEBUG - platform is linux
2025-10-19 04:27:15,347 - DEBUG - CACHEDIR=/home/ollie/.cache/matplotlib
2025-10-19 04:27:15,348 - DEBUG - Using fontManager instance from /home/ollie/.cache/matplotlib/fontlist-v390.json
2025-10-19 04:27:16,408 - DEBUG - Field: train_data_file
2025-10-19 04:27:16,409 - DEBUG - Field type: typing.Optional[pathlib.Path]
2025-10-19 04:27:16,409 - DEBUG - Field default: None
2025-10-19 04:27:16,409 - DEBUG - Field: test_data_file
2025-10-19 04:27:16,409 - DEBUG - Field type: typing.Optional[pathlib.Path]
2025-10-19 04:27:16,409 - DEBUG - Field default: None
2025-10-19 04:27:16,409 - DEBUG - Field: output_dir
2025-10-19 04:27:16,409 - DEBUG - Field type: <class 'pathlib.Path'>
2025-10-19 04:27:16,409 - DEBUG - Field default: training_outputs
2025-10-19 04:27:16,409 - DEBUG - Converting path value: /tmp/tmpkv5djew3/simulation/simulated_data_nphotons_500000.0_e2e.npz
2025-10-19 04:27:16,409 - DEBUG - Converting path value: /tmp/tmpkv5djew3/simulation/simulated_data_nphotons_500000.0_e2e.npz
2025-10-19 04:27:16,409 - DEBUG - Converting path value: /tmp/tmpkv5djew3/training/training_nphotons_500000.0_e2e
2025-10-19 04:27:16,409 - DEBUG - YAML config: {}
2025-10-19 04:27:16,409 - DEBUG - CLI arguments: {'config': None, 'do_stitching': False, 'quiet': True, 'verbose': False, 'console_level': 'INFO', 'N': 64, 'gridsize': 1, 'n_filters_scale': 2, 'model_type': 'pinn', 'amp_activation': 'sigmoid', 'object_big': True, 'probe_big': True, 'probe_mask': False, 'pad_object': True, 'probe_scale': 4.0, 'gaussian_smoothing_sigma': 0.0, 'train_data_file': PosixPath('/tmp/tmpkv5djew3/simulation/simulated_data_nphotons_500000.0_e2e.npz'), 'test_data_file': PosixPath('/tmp/tmpkv5djew3/simulation/simulated_data_nphotons_500000.0_e2e.npz'), 'batch_size': 16, 'nepochs': 2, 'mae_weight': 0.0, 'nll_weight': 1.0, 'realspace_mae_weight': 0.0, 'realspace_weight': 0.0, 'nphotons': 500000.0, 'n_groups': None, 'n_images': 50, 'n_subsample': None, 'subsample_seed': None, 'neighbor_count': 4, 'positions_provided': True, 'probe_trainable': False, 'intensity_scale_trainable': True, 'output_dir': PosixPath('/tmp/tmpkv5djew3/training/training_nphotons_500000.0_e2e'), 'sequential_sampling': False, 'backend': 'tensorflow'}
2025-10-19 04:27:16,409 - DEBUG - Merged config: {'do_stitching': False, 'quiet': True, 'verbose': False, 'console_level': 'INFO', 'N': 64, 'gridsize': 1, 'n_filters_scale': 2, 'model_type': 'pinn', 'amp_activation': 'sigmoid', 'object_big': True, 'probe_big': True, 'probe_mask': False, 'pad_object': True, 'probe_scale': 4.0, 'gaussian_smoothing_sigma': 0.0, 'train_data_file': PosixPath('/tmp/tmpkv5djew3/simulation/simulated_data_nphotons_500000.0_e2e.npz'), 'test_data_file': PosixPath('/tmp/tmpkv5djew3/simulation/simulated_data_nphotons_500000.0_e2e.npz'), 'batch_size': 16, 'nepochs': 2, 'mae_weight': 0.0, 'nll_weight': 1.0, 'realspace_mae_weight': 0.0, 'realspace_weight': 0.0, 'nphotons': 500000.0, 'n_images': 50, 'neighbor_count': 4, 'positions_provided': True, 'probe_trainable': False, 'intensity_scale_trainable': True, 'output_dir': PosixPath('/tmp/tmpkv5djew3/training/training_nphotons_500000.0_e2e'), 'sequential_sampling': False, 'backend': 'tensorflow'}
2025-10-19 04:27:16,409 - INFO - Configuration setup complete
2025-10-19 04:27:16,409 - INFO - Final configuration: TrainingConfig(model=ModelConfig(N=64, gridsize=1, n_filters_scale=2, model_type='pinn', amp_activation='sigmoid', object_big=True, probe_big=True, probe_mask=False, pad_object=True, probe_scale=4.0, gaussian_smoothing_sigma=0.0), train_data_file=PosixPath('/tmp/tmpkv5djew3/simulation/simulated_data_nphotons_500000.0_e2e.npz'), test_data_file=PosixPath('/tmp/tmpkv5djew3/simulation/simulated_data_nphotons_500000.0_e2e.npz'), batch_size=16, nepochs=2, mae_weight=0.0, nll_weight=1.0, realspace_mae_weight=0.0, realspace_weight=0.0, nphotons=500000.0, n_groups=50, n_images=50, n_subsample=None, subsample_seed=None, neighbor_count=4, positions_provided=True, probe_trainable=False, intensity_scale_trainable=True, output_dir=PosixPath('/tmp/tmpkv5djew3/training/training_nphotons_500000.0_e2e'), sequential_sampling=False, backend='tensorflow')
2025-10-19 04:27:16,409 - INFO - Legacy mode: using 50 groups (gridsize=1)
2025-10-19 04:27:16,409 - INFO - Starting training with n_subsample=50, n_groups=50, stitching=disabled
2025-10-19 04:27:16,410 - INFO - Loading data from /tmp/tmpkv5djew3/simulation/simulated_data_nphotons_500000.0_e2e.npz with n_images=50, n_subsample=50
2025-10-19 04:27:16,416 - INFO - Independent sampling: subsampling 50 images from 100 total
2025-10-19 04:27:16,416 - INFO - Randomly subsampled 50 images
2025-10-19 04:27:16,428 - DEBUG - Loaded metadata from /tmp/tmpkv5djew3/simulation/simulated_data_nphotons_500000.0_e2e.npz
2025-10-19 04:27:16,428 - INFO - Overriding nphotons from config (5.0e+05) with value from dataset metadata: 5.0e+05
2025-10-19 04:27:16,428 - INFO - Loading data from /tmp/tmpkv5djew3/simulation/simulated_data_nphotons_500000.0_e2e.npz with n_images=None, n_subsample=None
2025-10-19 04:27:16,433 - INFO - Using full dataset of 100 images
2025-10-19 04:27:16,434 - INFO - Loaded test data from /tmp/tmpkv5djew3/simulation/simulated_data_nphotons_500000.0_e2e.npz
2025-10-19 04:27:16,434 - INFO - [OVERSAMPLING DEBUG] generate_grouped_data called with: nsamples=50, n_points=50, C=1, K=4
2025-10-19 04:27:16,434 - INFO - [OVERSAMPLING DEBUG] Parameters: gridsize=1, N=64, sequential_sampling=False
2025-10-19 04:27:16,434 - INFO - [OVERSAMPLING DEBUG] Oversampling check: nsamples > n_points = 50 > 50 = False
2025-10-19 04:27:16,434 - INFO - [OVERSAMPLING DEBUG] Oversampling check: C > 1 = 1 > 1 = False
2025-10-19 04:27:16,434 - INFO - [OVERSAMPLING DEBUG] needs_oversampling = False
2025-10-19 04:27:16,434 - INFO - Using efficient random sampling strategy for gridsize=1
2025-10-19 04:27:16,434 - INFO - [OVERSAMPLING DEBUG] Taking efficient branch: standard sample-then-group
2025-10-19 04:27:16,434 - INFO - [OVERSAMPLING DEBUG] _generate_groups_efficiently called with: nsamples=50, K=4, C=1
2025-10-19 04:27:16,434 - INFO - Generating 50 groups efficiently from 50 points (K=4, C=1)
2025-10-19 04:27:16,434 - INFO - [OVERSAMPLING DEBUG] Standard case: using 50 groups from 50 points
2025-10-19 04:27:16,434 - INFO - [OVERSAMPLING DEBUG] Using all 50 points as seeds (no sampling needed)
2025-10-19 04:27:16,434 - INFO - Using all 50 points as seeds
2025-10-19 04:27:16,434 - INFO - Using seed indices directly for C=1 (gridsize=1) - no neighbor search needed
2025-10-19 04:27:16,434 - INFO - [OVERSAMPLING DEBUG] _generate_groups_efficiently completed: generated 50 groups
2025-10-19 04:27:16,434 - INFO - Successfully generated 50 groups with shape (50, 1)
2025-10-19 04:27:16,435 - INFO - [OVERSAMPLING DEBUG] Generated 50 groups in total
2025-10-19 04:27:16,435 - INFO - Generated 50 groups efficiently
2025-10-19 04:27:17,998 - INFO - [OVERSAMPLING DEBUG] generate_grouped_data called with: nsamples=50, n_points=100, C=1, K=4
2025-10-19 04:27:17,998 - INFO - [OVERSAMPLING DEBUG] Parameters: gridsize=1, N=64, sequential_sampling=False
2025-10-19 04:27:17,998 - INFO - [OVERSAMPLING DEBUG] Oversampling check: nsamples > n_points = 50 > 100 = False
2025-10-19 04:27:17,998 - INFO - [OVERSAMPLING DEBUG] Oversampling check: C > 1 = 1 > 1 = False
2025-10-19 04:27:17,998 - INFO - [OVERSAMPLING DEBUG] needs_oversampling = False
2025-10-19 04:27:17,998 - INFO - Using efficient random sampling strategy for gridsize=1
2025-10-19 04:27:17,998 - INFO - [OVERSAMPLING DEBUG] Taking efficient branch: standard sample-then-group
2025-10-19 04:27:17,998 - INFO - [OVERSAMPLING DEBUG] _generate_groups_efficiently called with: nsamples=50, K=4, C=1
2025-10-19 04:27:17,998 - INFO - Generating 50 groups efficiently from 100 points (K=4, C=1)
2025-10-19 04:27:17,998 - INFO - [OVERSAMPLING DEBUG] Standard case: using 50 groups from 100 points
2025-10-19 04:27:17,998 - INFO - [OVERSAMPLING DEBUG] Randomly sampled 50 seed points
2025-10-19 04:27:17,998 - INFO - Sampled 50 seed points from 100 total points
2025-10-19 04:27:17,998 - INFO - Using seed indices directly for C=1 (gridsize=1) - no neighbor search needed
2025-10-19 04:27:17,998 - INFO - [OVERSAMPLING DEBUG] _generate_groups_efficiently completed: generated 50 groups
2025-10-19 04:27:17,998 - INFO - Successfully generated 50 groups with shape (50, 1)
2025-10-19 04:27:17,998 - INFO - [OVERSAMPLING DEBUG] Generated 50 groups in total
2025-10-19 04:27:17,998 - INFO - Generated 50 groups efficiently
2025-10-19 04:27:19,988 - WARNING - You are casting an input of type complex64 to an incompatible dtype float32.  This will discard the imaginary part and may not be what you intended.
2025-10-19 04:27:21,888 - WARNING - You are casting an input of type complex64 to an incompatible dtype float32.  This will discard the imaginary part and may not be what you intended.
2025-10-19 04:27:29,146 - WARNING - You are casting an input of type complex64 to an incompatible dtype float32.  This will discard the imaginary part and may not be what you intended.
2025-10-19 04:27:32,290 - INFO - Skipping image stitching (disabled or no test data available)
2025-10-19 04:27:32,308 - DEBUG - Creating converter from 5 to 3
2025-10-19 04:27:33,455 - INFO - Outputs saved to /tmp/tmpkv5djew3/training/training_nphotons_500000.0_e2e
2025-10-19 04:27:51,824 - DEBUG - Falling back to TensorFlow client; we recommended you install the Cloud TPU client directly with pip install cloud-tpu-client.
2025-10-19 04:27:52,001 - DEBUG - Creating converter from 7 to 5
2025-10-19 04:27:52,001 - DEBUG - Creating converter from 5 to 7
2025-10-19 04:27:52,001 - DEBUG - Creating converter from 7 to 5
2025-10-19 04:27:52,001 - DEBUG - Creating converter from 5 to 7
2025-10-19 04:27:52,624 - DEBUG - matplotlib data path: /home/ollie/miniconda3/envs/ptycho311/lib/python3.11/site-packages/matplotlib/mpl-data
2025-10-19 04:27:52,632 - DEBUG - CONFIGDIR=/home/ollie/.config/matplotlib
2025-10-19 04:27:52,632 - DEBUG - interactive is False
2025-10-19 04:27:52,632 - DEBUG - platform is linux
2025-10-19 04:27:52,661 - DEBUG - CACHEDIR=/home/ollie/.cache/matplotlib
2025-10-19 04:27:52,663 - DEBUG - Using fontManager instance from /home/ollie/.cache/matplotlib/fontlist-v390.json
2025-10-19 04:27:53,736 - DEBUG - Field: train_data_file
2025-10-19 04:27:53,737 - DEBUG - Field type: typing.Optional[pathlib.Path]
2025-10-19 04:27:53,737 - DEBUG - Field default: None
2025-10-19 04:27:53,737 - DEBUG - Field: test_data_file
2025-10-19 04:27:53,737 - DEBUG - Field type: typing.Optional[pathlib.Path]
2025-10-19 04:27:53,737 - DEBUG - Field default: None
2025-10-19 04:27:53,737 - DEBUG - Field: output_dir
2025-10-19 04:27:53,737 - DEBUG - Field type: <class 'pathlib.Path'>
2025-10-19 04:27:53,737 - DEBUG - Field default: training_outputs
2025-10-19 04:27:53,737 - DEBUG - Converting path value: /tmp/tmpeilgxjjf/simulation/simulated_data_nphotons_1000000.0_single.npz
2025-10-19 04:27:53,737 - DEBUG - Converting path value: /tmp/tmpeilgxjjf/simulation/simulated_data_nphotons_1000000.0_single.npz
2025-10-19 04:27:53,737 - DEBUG - Converting path value: /tmp/tmpeilgxjjf/training/training_nphotons_1000000.0_single
2025-10-19 04:27:53,737 - DEBUG - YAML config: {}
2025-10-19 04:27:53,737 - DEBUG - CLI arguments: {'config': None, 'do_stitching': False, 'quiet': True, 'verbose': False, 'console_level': 'INFO', 'N': 64, 'gridsize': 1, 'n_filters_scale': 2, 'model_type': 'pinn', 'amp_activation': 'sigmoid', 'object_big': True, 'probe_big': True, 'probe_mask': False, 'pad_object': True, 'probe_scale': 4.0, 'gaussian_smoothing_sigma': 0.0, 'train_data_file': PosixPath('/tmp/tmpeilgxjjf/simulation/simulated_data_nphotons_1000000.0_single.npz'), 'test_data_file': PosixPath('/tmp/tmpeilgxjjf/simulation/simulated_data_nphotons_1000000.0_single.npz'), 'batch_size': 16, 'nepochs': 2, 'mae_weight': 0.0, 'nll_weight': 1.0, 'realspace_mae_weight': 0.0, 'realspace_weight': 0.0, 'nphotons': 1000000.0, 'n_groups': None, 'n_images': 50, 'n_subsample': None, 'subsample_seed': None, 'neighbor_count': 4, 'positions_provided': True, 'probe_trainable': False, 'intensity_scale_trainable': True, 'output_dir': PosixPath('/tmp/tmpeilgxjjf/training/training_nphotons_1000000.0_single'), 'sequential_sampling': False, 'backend': 'tensorflow'}
2025-10-19 04:27:53,737 - DEBUG - Merged config: {'do_stitching': False, 'quiet': True, 'verbose': False, 'console_level': 'INFO', 'N': 64, 'gridsize': 1, 'n_filters_scale': 2, 'model_type': 'pinn', 'amp_activation': 'sigmoid', 'object_big': True, 'probe_big': True, 'probe_mask': False, 'pad_object': True, 'probe_scale': 4.0, 'gaussian_smoothing_sigma': 0.0, 'train_data_file': PosixPath('/tmp/tmpeilgxjjf/simulation/simulated_data_nphotons_1000000.0_single.npz'), 'test_data_file': PosixPath('/tmp/tmpeilgxjjf/simulation/simulated_data_nphotons_1000000.0_single.npz'), 'batch_size': 16, 'nepochs': 2, 'mae_weight': 0.0, 'nll_weight': 1.0, 'realspace_mae_weight': 0.0, 'realspace_weight': 0.0, 'nphotons': 1000000.0, 'n_images': 50, 'neighbor_count': 4, 'positions_provided': True, 'probe_trainable': False, 'intensity_scale_trainable': True, 'output_dir': PosixPath('/tmp/tmpeilgxjjf/training/training_nphotons_1000000.0_single'), 'sequential_sampling': False, 'backend': 'tensorflow'}
2025-10-19 04:27:53,737 - INFO - Configuration setup complete
2025-10-19 04:27:53,737 - INFO - Final configuration: TrainingConfig(model=ModelConfig(N=64, gridsize=1, n_filters_scale=2, model_type='pinn', amp_activation='sigmoid', object_big=True, probe_big=True, probe_mask=False, pad_object=True, probe_scale=4.0, gaussian_smoothing_sigma=0.0), train_data_file=PosixPath('/tmp/tmpeilgxjjf/simulation/simulated_data_nphotons_1000000.0_single.npz'), test_data_file=PosixPath('/tmp/tmpeilgxjjf/simulation/simulated_data_nphotons_1000000.0_single.npz'), batch_size=16, nepochs=2, mae_weight=0.0, nll_weight=1.0, realspace_mae_weight=0.0, realspace_weight=0.0, nphotons=1000000.0, n_groups=50, n_images=50, n_subsample=None, subsample_seed=None, neighbor_count=4, positions_provided=True, probe_trainable=False, intensity_scale_trainable=True, output_dir=PosixPath('/tmp/tmpeilgxjjf/training/training_nphotons_1000000.0_single'), sequential_sampling=False, backend='tensorflow')
2025-10-19 04:27:53,737 - INFO - Legacy mode: using 50 groups (gridsize=1)
2025-10-19 04:27:53,737 - INFO - Starting training with n_subsample=50, n_groups=50, stitching=disabled
2025-10-19 04:27:53,738 - INFO - Loading data from /tmp/tmpeilgxjjf/simulation/simulated_data_nphotons_1000000.0_single.npz with n_images=50, n_subsample=50
2025-10-19 04:27:53,744 - INFO - Independent sampling: subsampling 50 images from 100 total
2025-10-19 04:27:53,744 - INFO - Randomly subsampled 50 images
2025-10-19 04:27:53,755 - DEBUG - Loaded metadata from /tmp/tmpeilgxjjf/simulation/simulated_data_nphotons_1000000.0_single.npz
2025-10-19 04:27:53,755 - INFO - Overriding nphotons from config (1.0e+06) with value from dataset metadata: 1.0e+06
2025-10-19 04:27:53,755 - INFO - Loading data from /tmp/tmpeilgxjjf/simulation/simulated_data_nphotons_1000000.0_single.npz with n_images=None, n_subsample=None
2025-10-19 04:27:53,761 - INFO - Using full dataset of 100 images
2025-10-19 04:27:53,761 - INFO - Loaded test data from /tmp/tmpeilgxjjf/simulation/simulated_data_nphotons_1000000.0_single.npz
2025-10-19 04:27:53,761 - INFO - [OVERSAMPLING DEBUG] generate_grouped_data called with: nsamples=50, n_points=50, C=1, K=4
2025-10-19 04:27:53,761 - INFO - [OVERSAMPLING DEBUG] Parameters: gridsize=1, N=64, sequential_sampling=False
2025-10-19 04:27:53,761 - INFO - [OVERSAMPLING DEBUG] Oversampling check: nsamples > n_points = 50 > 50 = False
2025-10-19 04:27:53,762 - INFO - [OVERSAMPLING DEBUG] Oversampling check: C > 1 = 1 > 1 = False
2025-10-19 04:27:53,762 - INFO - [OVERSAMPLING DEBUG] needs_oversampling = False
2025-10-19 04:27:53,762 - INFO - Using efficient random sampling strategy for gridsize=1
2025-10-19 04:27:53,762 - INFO - [OVERSAMPLING DEBUG] Taking efficient branch: standard sample-then-group
2025-10-19 04:27:53,762 - INFO - [OVERSAMPLING DEBUG] _generate_groups_efficiently called with: nsamples=50, K=4, C=1
2025-10-19 04:27:53,762 - INFO - Generating 50 groups efficiently from 50 points (K=4, C=1)
2025-10-19 04:27:53,762 - INFO - [OVERSAMPLING DEBUG] Standard case: using 50 groups from 50 points
2025-10-19 04:27:53,762 - INFO - [OVERSAMPLING DEBUG] Using all 50 points as seeds (no sampling needed)
2025-10-19 04:27:53,762 - INFO - Using all 50 points as seeds
2025-10-19 04:27:53,762 - INFO - Using seed indices directly for C=1 (gridsize=1) - no neighbor search needed
2025-10-19 04:27:53,762 - INFO - [OVERSAMPLING DEBUG] _generate_groups_efficiently completed: generated 50 groups
2025-10-19 04:27:53,762 - INFO - Successfully generated 50 groups with shape (50, 1)
2025-10-19 04:27:53,762 - INFO - [OVERSAMPLING DEBUG] Generated 50 groups in total
2025-10-19 04:27:53,762 - INFO - Generated 50 groups efficiently
2025-10-19 04:27:55,340 - INFO - [OVERSAMPLING DEBUG] generate_grouped_data called with: nsamples=50, n_points=100, C=1, K=4
2025-10-19 04:27:55,340 - INFO - [OVERSAMPLING DEBUG] Parameters: gridsize=1, N=64, sequential_sampling=False
2025-10-19 04:27:55,340 - INFO - [OVERSAMPLING DEBUG] Oversampling check: nsamples > n_points = 50 > 100 = False
2025-10-19 04:27:55,340 - INFO - [OVERSAMPLING DEBUG] Oversampling check: C > 1 = 1 > 1 = False
2025-10-19 04:27:55,340 - INFO - [OVERSAMPLING DEBUG] needs_oversampling = False
2025-10-19 04:27:55,340 - INFO - Using efficient random sampling strategy for gridsize=1
2025-10-19 04:27:55,340 - INFO - [OVERSAMPLING DEBUG] Taking efficient branch: standard sample-then-group
2025-10-19 04:27:55,340 - INFO - [OVERSAMPLING DEBUG] _generate_groups_efficiently called with: nsamples=50, K=4, C=1
2025-10-19 04:27:55,340 - INFO - Generating 50 groups efficiently from 100 points (K=4, C=1)
2025-10-19 04:27:55,340 - INFO - [OVERSAMPLING DEBUG] Standard case: using 50 groups from 100 points
2025-10-19 04:27:55,340 - INFO - [OVERSAMPLING DEBUG] Randomly sampled 50 seed points
2025-10-19 04:27:55,340 - INFO - Sampled 50 seed points from 100 total points
2025-10-19 04:27:55,340 - INFO - Using seed indices directly for C=1 (gridsize=1) - no neighbor search needed
2025-10-19 04:27:55,340 - INFO - [OVERSAMPLING DEBUG] _generate_groups_efficiently completed: generated 50 groups
2025-10-19 04:27:55,340 - INFO - Successfully generated 50 groups with shape (50, 1)
2025-10-19 04:27:55,340 - INFO - [OVERSAMPLING DEBUG] Generated 50 groups in total
2025-10-19 04:27:55,340 - INFO - Generated 50 groups efficiently
2025-10-19 04:27:57,337 - WARNING - You are casting an input of type complex64 to an incompatible dtype float32.  This will discard the imaginary part and may not be what you intended.
2025-10-19 04:27:59,208 - WARNING - You are casting an input of type complex64 to an incompatible dtype float32.  This will discard the imaginary part and may not be what you intended.
2025-10-19 04:28:06,375 - WARNING - You are casting an input of type complex64 to an incompatible dtype float32.  This will discard the imaginary part and may not be what you intended.
2025-10-19 04:28:09,489 - INFO - Skipping image stitching (disabled or no test data available)
2025-10-19 04:28:09,507 - DEBUG - Creating converter from 5 to 3
2025-10-19 04:28:10,650 - INFO - Outputs saved to /tmp/tmpeilgxjjf/training/training_nphotons_1000000.0_single
2025-10-19 04:28:46,630 - DEBUG - Falling back to TensorFlow client; we recommended you install the Cloud TPU client directly with pip install cloud-tpu-client.
2025-10-19 04:28:46,800 - DEBUG - Creating converter from 7 to 5
2025-10-19 04:28:46,800 - DEBUG - Creating converter from 5 to 7
2025-10-19 04:28:46,800 - DEBUG - Creating converter from 7 to 5
2025-10-19 04:28:46,800 - DEBUG - Creating converter from 5 to 7
2025-10-19 04:28:47,403 - DEBUG - matplotlib data path: /home/ollie/miniconda3/envs/ptycho311/lib/python3.11/site-packages/matplotlib/mpl-data
2025-10-19 04:28:47,410 - DEBUG - CONFIGDIR=/home/ollie/.config/matplotlib
2025-10-19 04:28:47,410 - DEBUG - interactive is False
2025-10-19 04:28:47,410 - DEBUG - platform is linux
2025-10-19 04:28:47,439 - DEBUG - CACHEDIR=/home/ollie/.cache/matplotlib
2025-10-19 04:28:47,441 - DEBUG - Using fontManager instance from /home/ollie/.cache/matplotlib/fontlist-v390.json
2025-10-19 04:28:48,492 - DEBUG - Field: train_data_file
2025-10-19 04:28:48,492 - DEBUG - Field type: typing.Optional[pathlib.Path]
2025-10-19 04:28:48,492 - DEBUG - Field default: None
2025-10-19 04:28:48,492 - DEBUG - Field: test_data_file
2025-10-19 04:28:48,492 - DEBUG - Field type: typing.Optional[pathlib.Path]
2025-10-19 04:28:48,492 - DEBUG - Field default: None
2025-10-19 04:28:48,493 - DEBUG - Field: output_dir
2025-10-19 04:28:48,493 - DEBUG - Field type: <class 'pathlib.Path'>
2025-10-19 04:28:48,493 - DEBUG - Field default: training_outputs
2025-10-19 04:28:48,493 - DEBUG - Converting path value: /tmp/tmpimt4u8vb/simulation/simulated_data_nphotons_10000.0_train_mismatch.npz
2025-10-19 04:28:48,493 - DEBUG - Converting path value: /tmp/tmpimt4u8vb/simulation/simulated_data_nphotons_10000.0_train_mismatch.npz
2025-10-19 04:28:48,493 - DEBUG - Converting path value: /tmp/tmpimt4u8vb/training/training_mismatch_test
2025-10-19 04:28:48,493 - DEBUG - YAML config: {}
2025-10-19 04:28:48,493 - DEBUG - CLI arguments: {'config': None, 'do_stitching': False, 'quiet': True, 'verbose': False, 'console_level': 'INFO', 'N': 64, 'gridsize': 1, 'n_filters_scale': 2, 'model_type': 'pinn', 'amp_activation': 'sigmoid', 'object_big': True, 'probe_big': True, 'probe_mask': False, 'pad_object': True, 'probe_scale': 4.0, 'gaussian_smoothing_sigma': 0.0, 'train_data_file': PosixPath('/tmp/tmpimt4u8vb/simulation/simulated_data_nphotons_10000.0_train_mismatch.npz'), 'test_data_file': PosixPath('/tmp/tmpimt4u8vb/simulation/simulated_data_nphotons_10000.0_train_mismatch.npz'), 'batch_size': 16, 'nepochs': 2, 'mae_weight': 0.0, 'nll_weight': 1.0, 'realspace_mae_weight': 0.0, 'realspace_weight': 0.0, 'nphotons': 1000000.0, 'n_groups': None, 'n_images': 50, 'n_subsample': None, 'subsample_seed': None, 'neighbor_count': 4, 'positions_provided': True, 'probe_trainable': False, 'intensity_scale_trainable': True, 'output_dir': PosixPath('/tmp/tmpimt4u8vb/training/training_mismatch_test'), 'sequential_sampling': False, 'backend': 'tensorflow'}
2025-10-19 04:28:48,493 - DEBUG - Merged config: {'do_stitching': False, 'quiet': True, 'verbose': False, 'console_level': 'INFO', 'N': 64, 'gridsize': 1, 'n_filters_scale': 2, 'model_type': 'pinn', 'amp_activation': 'sigmoid', 'object_big': True, 'probe_big': True, 'probe_mask': False, 'pad_object': True, 'probe_scale': 4.0, 'gaussian_smoothing_sigma': 0.0, 'train_data_file': PosixPath('/tmp/tmpimt4u8vb/simulation/simulated_data_nphotons_10000.0_train_mismatch.npz'), 'test_data_file': PosixPath('/tmp/tmpimt4u8vb/simulation/simulated_data_nphotons_10000.0_train_mismatch.npz'), 'batch_size': 16, 'nepochs': 2, 'mae_weight': 0.0, 'nll_weight': 1.0, 'realspace_mae_weight': 0.0, 'realspace_weight': 0.0, 'nphotons': 1000000.0, 'n_images': 50, 'neighbor_count': 4, 'positions_provided': True, 'probe_trainable': False, 'intensity_scale_trainable': True, 'output_dir': PosixPath('/tmp/tmpimt4u8vb/training/training_mismatch_test'), 'sequential_sampling': False, 'backend': 'tensorflow'}
2025-10-19 04:28:48,493 - INFO - Configuration setup complete
2025-10-19 04:28:48,493 - INFO - Final configuration: TrainingConfig(model=ModelConfig(N=64, gridsize=1, n_filters_scale=2, model_type='pinn', amp_activation='sigmoid', object_big=True, probe_big=True, probe_mask=False, pad_object=True, probe_scale=4.0, gaussian_smoothing_sigma=0.0), train_data_file=PosixPath('/tmp/tmpimt4u8vb/simulation/simulated_data_nphotons_10000.0_train_mismatch.npz'), test_data_file=PosixPath('/tmp/tmpimt4u8vb/simulation/simulated_data_nphotons_10000.0_train_mismatch.npz'), batch_size=16, nepochs=2, mae_weight=0.0, nll_weight=1.0, realspace_mae_weight=0.0, realspace_weight=0.0, nphotons=1000000.0, n_groups=50, n_images=50, n_subsample=None, subsample_seed=None, neighbor_count=4, positions_provided=True, probe_trainable=False, intensity_scale_trainable=True, output_dir=PosixPath('/tmp/tmpimt4u8vb/training/training_mismatch_test'), sequential_sampling=False, backend='tensorflow')
2025-10-19 04:28:48,493 - INFO - Legacy mode: using 50 groups (gridsize=1)
2025-10-19 04:28:48,493 - INFO - Starting training with n_subsample=50, n_groups=50, stitching=disabled
2025-10-19 04:28:48,493 - INFO - Loading data from /tmp/tmpimt4u8vb/simulation/simulated_data_nphotons_10000.0_train_mismatch.npz with n_images=50, n_subsample=50
2025-10-19 04:28:48,499 - INFO - Independent sampling: subsampling 50 images from 100 total
2025-10-19 04:28:48,499 - INFO - Randomly subsampled 50 images
2025-10-19 04:28:48,509 - DEBUG - Loaded metadata from /tmp/tmpimt4u8vb/simulation/simulated_data_nphotons_10000.0_train_mismatch.npz
2025-10-19 04:28:48,509 - INFO - Overriding nphotons from config (1.0e+06) with value from dataset metadata: 1.0e+04
2025-10-19 04:28:48,509 - INFO - Loading data from /tmp/tmpimt4u8vb/simulation/simulated_data_nphotons_10000.0_train_mismatch.npz with n_images=None, n_subsample=None
2025-10-19 04:28:48,513 - INFO - Using full dataset of 100 images
2025-10-19 04:28:48,513 - INFO - Loaded test data from /tmp/tmpimt4u8vb/simulation/simulated_data_nphotons_10000.0_train_mismatch.npz
2025-10-19 04:28:48,514 - INFO - [OVERSAMPLING DEBUG] generate_grouped_data called with: nsamples=50, n_points=50, C=1, K=4
2025-10-19 04:28:48,514 - INFO - [OVERSAMPLING DEBUG] Parameters: gridsize=1, N=64, sequential_sampling=False
2025-10-19 04:28:48,514 - INFO - [OVERSAMPLING DEBUG] Oversampling check: nsamples > n_points = 50 > 50 = False
2025-10-19 04:28:48,514 - INFO - [OVERSAMPLING DEBUG] Oversampling check: C > 1 = 1 > 1 = False
2025-10-19 04:28:48,514 - INFO - [OVERSAMPLING DEBUG] needs_oversampling = False
2025-10-19 04:28:48,514 - INFO - Using efficient random sampling strategy for gridsize=1
2025-10-19 04:28:48,514 - INFO - [OVERSAMPLING DEBUG] Taking efficient branch: standard sample-then-group
2025-10-19 04:28:48,514 - INFO - [OVERSAMPLING DEBUG] _generate_groups_efficiently called with: nsamples=50, K=4, C=1
2025-10-19 04:28:48,514 - INFO - Generating 50 groups efficiently from 50 points (K=4, C=1)
2025-10-19 04:28:48,514 - INFO - [OVERSAMPLING DEBUG] Standard case: using 50 groups from 50 points
2025-10-19 04:28:48,514 - INFO - [OVERSAMPLING DEBUG] Using all 50 points as seeds (no sampling needed)
2025-10-19 04:28:48,514 - INFO - Using all 50 points as seeds
2025-10-19 04:28:48,514 - INFO - Using seed indices directly for C=1 (gridsize=1) - no neighbor search needed
2025-10-19 04:28:48,514 - INFO - [OVERSAMPLING DEBUG] _generate_groups_efficiently completed: generated 50 groups
2025-10-19 04:28:48,514 - INFO - Successfully generated 50 groups with shape (50, 1)
2025-10-19 04:28:48,514 - INFO - [OVERSAMPLING DEBUG] Generated 50 groups in total
2025-10-19 04:28:48,514 - INFO - Generated 50 groups efficiently
2025-10-19 04:28:50,048 - INFO - [OVERSAMPLING DEBUG] generate_grouped_data called with: nsamples=50, n_points=100, C=1, K=4
2025-10-19 04:28:50,049 - INFO - [OVERSAMPLING DEBUG] Parameters: gridsize=1, N=64, sequential_sampling=False
2025-10-19 04:28:50,049 - INFO - [OVERSAMPLING DEBUG] Oversampling check: nsamples > n_points = 50 > 100 = False
2025-10-19 04:28:50,049 - INFO - [OVERSAMPLING DEBUG] Oversampling check: C > 1 = 1 > 1 = False
2025-10-19 04:28:50,049 - INFO - [OVERSAMPLING DEBUG] needs_oversampling = False
2025-10-19 04:28:50,049 - INFO - Using efficient random sampling strategy for gridsize=1
2025-10-19 04:28:50,049 - INFO - [OVERSAMPLING DEBUG] Taking efficient branch: standard sample-then-group
2025-10-19 04:28:50,049 - INFO - [OVERSAMPLING DEBUG] _generate_groups_efficiently called with: nsamples=50, K=4, C=1
2025-10-19 04:28:50,049 - INFO - Generating 50 groups efficiently from 100 points (K=4, C=1)
2025-10-19 04:28:50,049 - INFO - [OVERSAMPLING DEBUG] Standard case: using 50 groups from 100 points
2025-10-19 04:28:50,049 - INFO - [OVERSAMPLING DEBUG] Randomly sampled 50 seed points
2025-10-19 04:28:50,049 - INFO - Sampled 50 seed points from 100 total points
2025-10-19 04:28:50,049 - INFO - Using seed indices directly for C=1 (gridsize=1) - no neighbor search needed
2025-10-19 04:28:50,049 - INFO - [OVERSAMPLING DEBUG] _generate_groups_efficiently completed: generated 50 groups
2025-10-19 04:28:50,049 - INFO - Successfully generated 50 groups with shape (50, 1)
2025-10-19 04:28:50,049 - INFO - [OVERSAMPLING DEBUG] Generated 50 groups in total
2025-10-19 04:28:50,049 - INFO - Generated 50 groups efficiently
2025-10-19 04:28:52,042 - WARNING - You are casting an input of type complex64 to an incompatible dtype float32.  This will discard the imaginary part and may not be what you intended.
2025-10-19 04:28:53,920 - WARNING - You are casting an input of type complex64 to an incompatible dtype float32.  This will discard the imaginary part and may not be what you intended.
2025-10-19 04:29:01,248 - WARNING - You are casting an input of type complex64 to an incompatible dtype float32.  This will discard the imaginary part and may not be what you intended.
2025-10-19 04:29:04,427 - INFO - Skipping image stitching (disabled or no test data available)
2025-10-19 04:29:04,443 - DEBUG - Creating converter from 5 to 3
2025-10-19 04:29:05,568 - INFO - Outputs saved to /tmp/tmpimt4u8vb/training/training_mismatch_test
