# Command: /home/ollie/miniconda3/envs/ptycho311/bin/python -m studies.fly64_dose_overlap.reconstruction --phase-c-root /home/ollie/Documents/PtychoPINN/data/phase_c --phase-d-root /home/ollie/Documents/PtychoPINN/data/phase_d --artifact-root /home/ollie/Documents/PtychoPINN/data/phase_f --dose 1000 --view dense --split train --allow-missing-phase-d
# CWD: /home/ollie/Documents/PtychoPINN
# Log: /home/ollie/Documents/PtychoPINN/cli/phase_f_dense_train.log
# ==============================================================================

<frozen runpy>:128: RuntimeWarning: 'studies.fly64_dose_overlap.reconstruction' found in sys.modules after import of package 'studies.fly64_dose_overlap', but prior to execution of 'studies.fly64_dose_overlap.reconstruction'; this may result in unpredictable behaviour
Building job manifest from Phase C: /home/ollie/Documents/PtychoPINN/data/phase_c
                      and Phase D: /home/ollie/Documents/PtychoPINN/data/phase_d
Total jobs enumerated: 4
Skipped 6 missing Phase D files
Filter --dose=1000.0: 4 → 4 jobs
Filter --view=dense: 4 → 2 jobs
Filter --split=train: 2 → 1 jobs

Filtered jobs: 1 selected, 3 skipped

[1/1] Job: dose=1000.0, view=dense, split=train
  Return code: 0
  Log: /home/ollie/Documents/PtychoPINN/data/phase_f/dose_1000/dense/train/ptychi.log

Manifest written to: /home/ollie/Documents/PtychoPINN/data/phase_f/reconstruction_manifest.json
Skip summary written to: /home/ollie/Documents/PtychoPINN/data/phase_f/skip_summary.json
  - Missing Phase D files: 6
    1000.0/sparse/train
    1000.0/sparse/test
    10000.0/baseline/train
    10000.0/baseline/test
    100000.0/baseline/train
    100000.0/baseline/test

============================================================
Phase F Reconstruction Orchestrator Summary
============================================================
Total jobs:     4
Filtered jobs:  1
Skipped jobs:   3
Dry run:        False
Artifacts:      /home/ollie/Documents/PtychoPINN/data/phase_f
============================================================
