# Command: /home/ollie/miniconda3/envs/ptycho311/bin/python -m studies.fly64_dose_overlap.generation --base-npz tike_outputs/fly001_reconstructed_final_prepared/fly001_reconstructed_interp_smooth_both.npz --output-root /home/ollie/Documents/PtychoPINN/data/phase_c --dose 1000
# CWD: /home/ollie/Documents/PtychoPINN
# Log: /home/ollie/Documents/PtychoPINN/cli/phase_c_generation.log
# ==============================================================================

2025-11-11 16:48:30.581859: E external/local_xla/xla/stream_executor/cuda/cuda_fft.cc:467] Unable to register cuFFT factory: Attempting to register factory for plugin cuFFT when one has already been registered
WARNING: All log messages before absl::InitializeLog() is called are written to STDERR
E0000 00:00:1762908510.593165 1407565 cuda_dnn.cc:8579] Unable to register cuDNN factory: Attempting to register factory for plugin cuDNN when one has already been registered
E0000 00:00:1762908510.597000 1407565 cuda_blas.cc:1407] Unable to register cuBLAS factory: Attempting to register factory for plugin cuBLAS when one has already been registered
W0000 00:00:1762908510.606740 1407565 computation_placer.cc:177] computation placer already registered. Please check linkage and avoid linking the same target more than once.
W0000 00:00:1762908510.606750 1407565 computation_placer.cc:177] computation placer already registered. Please check linkage and avoid linking the same target more than once.
W0000 00:00:1762908510.606752 1407565 computation_placer.cc:177] computation placer already registered. Please check linkage and avoid linking the same target more than once.
W0000 00:00:1762908510.606754 1407565 computation_placer.cc:177] computation placer already registered. Please check linkage and avoid linking the same target more than once.
2025-11-11 16:48:30.610476: I tensorflow/core/platform/cpu_feature_guard.cc:210] This TensorFlow binary is optimized to use available CPU instructions in performance-critical operations.
To enable the following instructions: AVX2 FMA, in other operations, rebuild TensorFlow with the appropriate compiler flags.
I0000 00:00:1762908513.894914 1407565 gpu_process_state.cc:208] Using CUDA malloc Async allocator for GPU: 0
I0000 00:00:1762908513.896139 1407565 gpu_device.cc:2019] Created device /job:localhost/replica:0/task:0/device:GPU:0 with 22259 MB memory:  -> device: 0, name: NVIDIA GeForce RTX 3090, pci bus id: 0000:04:00.0, compute capability: 8.6
WARNING: All log messages before absl::InitializeLog() is called are written to STDERR
I0000 00:00:1762908514.438754 1407565 service.cc:152] XLA service 0x3b87f1b0 initialized for platform CUDA (this does not guarantee that XLA will be used). Devices:
I0000 00:00:1762908514.438773 1407565 service.cc:160]   StreamExecutor device (0): NVIDIA GeForce RTX 3090, Compute Capability 8.6
2025-11-11 16:48:34.465036: I tensorflow/compiler/mlir/tensorflow/utils/dump_mlir_util.cc:269] disabling MLIR crash reproducer, set env var `MLIR_CRASH_REPRODUCER_DIRECTORY` to enable.
I0000 00:00:1762908514.484919 1407565 cuda_dnn.cc:529] Loaded cuDNN version 91002
I0000 00:00:1762908514.652116 1407565 device_compiler.h:188] Compiled cluster using XLA!  This line is logged at most once for the lifetime of the process.
2025-11-11 16:49:15.625828: W external/local_xla/xla/tsl/framework/cpu_allocator_impl.cc:83] Allocation of 1350565888 exceeds 10% of free system memory.
2025-11-11 16:49:17.686062: W external/local_xla/xla/tsl/framework/cpu_allocator_impl.cc:83] Allocation of 1350565888 exceeds 10% of free system memory.
WARNING:tensorflow:From /home/ollie/miniconda3/envs/ptycho311/lib/python3.11/site-packages/tensorflow_probability/python/distributions/distribution.py:342: calling _Independent.__init__ (from tensorflow_probability.python.distributions.independent) with reinterpreted_batch_ndims=None is deprecated and will be removed after 2022-03-01.
Instructions for updating:
Please pass an integer value for `reinterpreted_batch_ndims`. The current behavior corresponds to `reinterpreted_batch_ndims=tf.size(distribution.batch_shape_tensor()) - 1`.
2025-11-11 16:49:18.690949: W external/local_xla/xla/tsl/framework/cpu_allocator_impl.cc:83] Allocation of 1350565888 exceeds 10% of free system memory.
2025-11-11 16:49:37.738810: I tensorflow/core/framework/local_rendezvous.cc:407] Local rendezvous is aborting with status: OUT_OF_RANGE: End of sequence
2025-11-11 16:49:40.378780: W external/local_xla/xla/tsl/framework/cpu_allocator_impl.cc:83] Allocation of 675282944 exceeds 10% of free system memory.
2025-11-11 16:49:41.277359: W external/local_xla/xla/tsl/framework/cpu_allocator_impl.cc:83] Allocation of 675282944 exceeds 10% of free system memory.
