# Command: /home/ollie/miniconda3/envs/ptycho311/bin/python -m studies.fly64_dose_overlap.comparison --phase-c-root /home/ollie/Documents/PtychoPINN/data/phase_c --phase-e-root /home/ollie/Documents/PtychoPINN/data/phase_e --phase-f-root /home/ollie/Documents/PtychoPINN/data/phase_f --artifact-root /home/ollie/Documents/PtychoPINN/analysis --dose 1000 --view dense --split train
# CWD: /home/ollie/Documents/PtychoPINN
# Log: /home/ollie/Documents/PtychoPINN/cli/phase_g_dense_train.log
# ==============================================================================

Building comparison jobs...
  Phase C root: /home/ollie/Documents/PtychoPINN/data/phase_c
  Phase E root: /home/ollie/Documents/PtychoPINN/data/phase_e
  Phase F root: /home/ollie/Documents/PtychoPINN/data/phase_f
  Filters: dose=1000, view=dense, split=train

Built 1 comparison jobs
Wrote manifest to: /home/ollie/Documents/PtychoPINN/analysis/comparison_manifest.json
Wrote summary to: /home/ollie/Documents/PtychoPINN/analysis/comparison_summary.txt

==================================================
EXECUTING COMPARISON JOBS
==================================================

Executing comparison for dose=1000, view=dense, split=train
  Output: /home/ollie/Documents/PtychoPINN/analysis/dose_1000/dense/train
  Log: /home/ollie/Documents/PtychoPINN/analysis/dose_1000/dense/train/comparison.log
  FAILED (returncode=1)

Updated manifest with execution results: /home/ollie/Documents/PtychoPINN/analysis/comparison_manifest.json

Execution Summary:
  Total jobs: 1
  Executed: 1
  Success: 0
  Failed: 1

[run_phase_g_dense] ERROR: Command failed with return code 1
Command: /home/ollie/miniconda3/envs/ptycho311/bin/python -m studies.fly64_dose_overlap.comparison --phase-c-root /home/ollie/Documents/PtychoPINN/data/phase_c --phase-e-root /home/ollie/Documents/PtychoPINN/data/phase_e --phase-f-root /home/ollie/Documents/PtychoPINN/data/phase_f --artifact-root /home/ollie/Documents/PtychoPINN/analysis --dose 1000 --view dense --split train
Log: /home/ollie/Documents/PtychoPINN/cli/phase_g_dense_train.log
