2026-01-20 01:29:12.087818: E external/local_xla/xla/stream_executor/cuda/cuda_fft.cc:467] Unable to register cuFFT factory: Attempting to register factory for plugin cuFFT when one has already been registered
WARNING: All log messages before absl::InitializeLog() is called are written to STDERR
E0000 00:00:1768901352.099113 1308063 cuda_dnn.cc:8579] Unable to register cuDNN factory: Attempting to register factory for plugin cuDNN when one has already been registered
E0000 00:00:1768901352.102714 1308063 cuda_blas.cc:1407] Unable to register cuBLAS factory: Attempting to register factory for plugin cuBLAS when one has already been registered
W0000 00:00:1768901352.112601 1308063 computation_placer.cc:177] computation placer already registered. Please check linkage and avoid linking the same target more than once.
W0000 00:00:1768901352.112614 1308063 computation_placer.cc:177] computation placer already registered. Please check linkage and avoid linking the same target more than once.
W0000 00:00:1768901352.112616 1308063 computation_placer.cc:177] computation placer already registered. Please check linkage and avoid linking the same target more than once.
W0000 00:00:1768901352.112617 1308063 computation_placer.cc:177] computation placer already registered. Please check linkage and avoid linking the same target more than once.
2026-01-20 01:29:12.115471: I tensorflow/core/platform/cpu_feature_guard.cc:210] This TensorFlow binary is optimized to use available CPU instructions in performance-critical operations.
To enable the following instructions: AVX2 FMA, in other operations, rebuild TensorFlow with the appropriate compiler flags.
3 items had no tests:
    __main__
    __main__.ensure_update_params
    __main__.main
0 tests in 3 items.
0 passed and 0 failed.
Test passed.
Traceback (most recent call last):
  File "/home/ollie/Documents/tmp/PtychoPINN/plans/active/DEBUG-SIM-LINES-DOSE-001/bin/run_dose_stage.py", line 52, in <module>
    main()
  File "/home/ollie/Documents/tmp/PtychoPINN/plans/active/DEBUG-SIM-LINES-DOSE-001/bin/run_dose_stage.py", line 48, in main
    runpy.run_path(str(script_path), run_name="__main__")
  File "<frozen runpy>", line 291, in run_path
  File "<frozen runpy>", line 98, in _run_module_code
  File "<frozen runpy>", line 88, in _run_code
  File "/home/ollie/Documents/PtychoPINN/scripts/simulation/simulation.py", line 275, in <module>
    main()
  File "/home/ollie/Documents/PtychoPINN/scripts/simulation/simulation.py", line 195, in main
    config = setup_configuration(args, args.config)
             ^^^^^^^^^^^^^^^^^^^^^^^^^^^^^^^^^^^^^^
  File "/home/ollie/Documents/PtychoPINN/ptycho/workflows/components.py", line 176, in setup_configuration
    config = TrainingConfig(model=model_config, **training_args)
             ^^^^^^^^^^^^^^^^^^^^^^^^^^^^^^^^^^^^^^^^^^^^^^^^^^^
TypeError: TrainingConfig.__init__() missing 1 required positional argument: 'train_data_file'
