2025-11-04 11:51:52.252460: E external/local_xla/xla/stream_executor/cuda/cuda_fft.cc:467] Unable to register cuFFT factory: Attempting to register factory for plugin cuFFT when one has already been registered
WARNING: All log messages before absl::InitializeLog() is called are written to STDERR
E0000 00:00:1762285912.264050 1421512 cuda_dnn.cc:8579] Unable to register cuDNN factory: Attempting to register factory for plugin cuDNN when one has already been registered
E0000 00:00:1762285912.267704 1421512 cuda_blas.cc:1407] Unable to register cuBLAS factory: Attempting to register factory for plugin cuBLAS when one has already been registered
W0000 00:00:1762285912.277743 1421512 computation_placer.cc:177] computation placer already registered. Please check linkage and avoid linking the same target more than once.
W0000 00:00:1762285912.277752 1421512 computation_placer.cc:177] computation placer already registered. Please check linkage and avoid linking the same target more than once.
W0000 00:00:1762285912.277754 1421512 computation_placer.cc:177] computation placer already registered. Please check linkage and avoid linking the same target more than once.
W0000 00:00:1762285912.277755 1421512 computation_placer.cc:177] computation placer already registered. Please check linkage and avoid linking the same target more than once.
2025-11-04 11:51:52.280492: I tensorflow/core/platform/cpu_feature_guard.cc:210] This TensorFlow binary is optimized to use available CPU instructions in performance-critical operations.
To enable the following instructions: AVX2 FMA, in other operations, rebuild TensorFlow with the appropriate compiler flags.
WARNING:root:Requested 512 groups but only 8 unique combinations available. Sampling with replacement.
I0000 00:00:1762285915.831735 1421512 gpu_process_state.cc:208] Using CUDA malloc Async allocator for GPU: 0
I0000 00:00:1762285915.833078 1421512 gpu_device.cc:2019] Created device /job:localhost/replica:0/task:0/device:GPU:0 with 22259 MB memory:  -> device: 0, name: NVIDIA GeForce RTX 3090, pci bus id: 0000:04:00.0, compute capability: 8.6
WARNING: All log messages before absl::InitializeLog() is called are written to STDERR
I0000 00:00:1762285916.593294 1421512 service.cc:152] XLA service 0x1e66b1a0 initialized for platform CUDA (this does not guarantee that XLA will be used). Devices:
I0000 00:00:1762285916.593313 1421512 service.cc:160]   StreamExecutor device (0): NVIDIA GeForce RTX 3090, Compute Capability 8.6
2025-11-04 11:51:56.606477: I tensorflow/compiler/mlir/tensorflow/utils/dump_mlir_util.cc:269] disabling MLIR crash reproducer, set env var `MLIR_CRASH_REPRODUCER_DIRECTORY` to enable.
I0000 00:00:1762285916.624716 1421512 cuda_dnn.cc:529] Loaded cuDNN version 91002
I0000 00:00:1762285916.750114 1421512 device_compiler.h:188] Compiled cluster using XLA!  This line is logged at most once for the lifetime of the process.
WARNING:root:Requested 512 groups but only 8 unique combinations available. Sampling with replacement.
/home/ollie/Documents/PtychoPINN2/ptycho_torch/config_factory.py:257: UserWarning: test_data_file not provided in TrainingConfig overrides. Evaluation workflows require test_data_file to be set during inference update. Consider providing: overrides=dict(..., test_data_file=Path('test.npz'))
  tf_training_config = to_training_config(
/home/ollie/Documents/PtychoPINN2/ptycho_torch/config_factory.py:613: UserWarning: params.cfg already populated. Set force=True to overwrite existing values.
  warnings.warn(
INFO: Seed set to 42
INFO:lightning.fabric.utilities.seed:Seed set to 42
Enumerating training jobs from Phase C (tmp/phase_c_f2_cli) and Phase D (tmp/phase_d_f2_cli)...
  → 9 total jobs enumerated
  → Filtered by dose=1000.0: 3 jobs remain
  → Filtered by view=dense: 1 jobs remain
  → Filtered by gridsize=2: 1 jobs remain

Executing 1 training job(s)...
  [1/1] dense (dose=1e+03, gridsize=2)
diff3d shape: (8, 64, 64)
probeGuess shape: (64, 64)
scan_index shape: (8,)
objectGuess shape: (128, 128)
xcoords shape: (8,)
ycoords shape: (8,)
xcoords_start shape: (8,)
ycoords_start shape: (8,)
diff3d shape: (8, 64, 64)
probeGuess shape: (64, 64)
scan_index shape: (8,)
objectGuess shape: (128, 128)
xcoords shape: (8,)
ycoords shape: (8,)
xcoords_start shape: (8,)
ycoords_start shape: (8,)
DEBUG: nsamples: 512, gridsize: 2 (using K choose C oversampling random sample-then-group strategy)
INFO: 'Y' array not found. Generating ground truth patches from 'objectGuess' as a fallback.
neighbor-sampled diffraction shape (512, 64, 64, 4)
DEBUG: nsamples: 512, gridsize: 2 (using K choose C oversampling random sample-then-group strategy)
INFO: 'Y' array not found. Generating ground truth patches from 'objectGuess' as a fallback.
neighbor-sampled diffraction shape (512, 64, 64, 4)
Decoder Block 1: No attention module added.
Decoder Block 2: No attention module added.
Decoder Block 1: No attention module added.
Decoder Block 2: No attention module added.

✓ Training manifest written to tmp/phase_e_training_gs2/training_manifest.json
  → 1 job(s) completed
