[stderr] /home/ollie/.bash_profile: line 5: /home/ollie/.cargo/env: No such file or directory
INFO:pytorch_lightning.utilities.rank_zero:`Trainer.fit` stopped: `max_epochs=50` reached.
I0000 00:00:1769646692.735837 2109412 gpu_process_state.cc:208] Using CUDA malloc Async allocator for GPU: 0
I0000 00:00:1769646692.737170 2109412 gpu_device.cc:2019] Created device /job:localhost/replica:0/task:0/device:GPU:0 with 21709 MB memory:  -> device: 0, name: NVIDIA GeForce RTX 3090, pci bus id: 0000:04:00.0, compute capability: 8.6
/home/ollie/Documents/tmp/PtychoPINN/ptycho/workflows/grid_lines_workflow.py:548: UserWarning: This figure includes Axes that are not compatible with tight_layout, so results might be incorrect.
  plt.tight_layout()
DEBUG: Setting nimgs_test to 2 in params
DEBUG: Setting outer_offset_test to 20 in params
Amplitude normalization scale factor: 17.451239
mean scale adjustment: 1
mean scale adjustment: 1
DEBUG eval_reconstruction [pinn_hybrid]: amp_target stats: mean=2.889508, std=0.641223, shape=(326, 326, 1)
DEBUG eval_reconstruction [pinn_hybrid]: amp_pred stats: mean=0.165576, std=0.035799, shape=(326, 326, 1)
DEBUG eval_reconstruction [pinn_hybrid]: phi_target stats: mean=0.000000, std=0.000000, shape=(326, 326)
DEBUG eval_reconstruction [pinn_hybrid]: phi_pred stats: mean=-0.000000, std=0.014240, shape=(326, 326)
performed by index method
performed by index method
performed by index method
mean scale adjustment: 1
mean scale adjustment: 1
Phase preprocessing: plane-fitted range [0.000, 0.000] -> scaled range [0.500, 0.500]
