{
  "cdi_extended_assets": {
    "tex": "/home/ollie/Documents/PtychoPINN/docs/plans/NEURIPS-HYBRID-RESNET-2026/tables/cdi_lines128_metrics_extended.tex",
    "pinn_tex": "/home/ollie/Documents/PtychoPINN/docs/plans/NEURIPS-HYBRID-RESNET-2026/tables/cdi_lines128_pinn_metrics.tex",
    "objective_tex": "/home/ollie/Documents/PtychoPINN/docs/plans/NEURIPS-HYBRID-RESNET-2026/tables/cdi_lines128_objective_comparison.tex",
    "csv": "/home/ollie/Documents/PtychoPINN/docs/plans/NEURIPS-HYBRID-RESNET-2026/tables/cdi_lines128_metrics_extended.csv",
    "json": "/home/ollie/Documents/PtychoPINN/docs/plans/NEURIPS-HYBRID-RESNET-2026/tables/cdi_lines128_metrics_extended.json",
    "versioned_tex": "/home/ollie/Documents/PtychoPINN/docs/plans/NEURIPS-HYBRID-RESNET-2026/tables/cdi_lines128_metrics_extended_ffno_final_depth4pair.tex",
    "versioned_pinn_tex": "/home/ollie/Documents/PtychoPINN/docs/plans/NEURIPS-HYBRID-RESNET-2026/tables/cdi_lines128_pinn_metrics_ffno_final_depth4pair.tex",
    "versioned_objective_tex": "/home/ollie/Documents/PtychoPINN/docs/plans/NEURIPS-HYBRID-RESNET-2026/tables/cdi_lines128_objective_comparison_ffno_final_depth4pair.tex",
    "versioned_csv": "/home/ollie/Documents/PtychoPINN/docs/plans/NEURIPS-HYBRID-RESNET-2026/tables/cdi_lines128_metrics_extended_ffno_final_depth4pair.csv",
    "versioned_json": "/home/ollie/Documents/PtychoPINN/docs/plans/NEURIPS-HYBRID-RESNET-2026/tables/cdi_lines128_metrics_extended_ffno_final_depth4pair.json"
  },
  "cdi_phase_zoom_figure": {
    "figure": "/home/ollie/Documents/PtychoPINN/docs/plans/NEURIPS-HYBRID-RESNET-2026/figures/cdi_lines128_phase_zoom_cnn_fno_ffno_uno_srunet.png",
    "versioned_figure": "/home/ollie/Documents/PtychoPINN/docs/plans/NEURIPS-HYBRID-RESNET-2026/figures/cdi_lines128_phase_zoom_cnn_fno_ffno_uno_srunet_ffno_final_depth4pair.png",
    "source_recons_root": null,
    "source_recon_paths": {
      "gt": "/home/ollie/Documents/PtychoPINN/.artifacts/work/NEURIPS-HYBRID-RESNET-2026/backlog/2026-04-30-cdi-lines128-uno-table-extension/runs/complete_table_plus_uno_20260504T100347Z/recons/gt/recon.npz",
      "pinn": "/home/ollie/Documents/PtychoPINN/.artifacts/work/NEURIPS-HYBRID-RESNET-2026/backlog/2026-04-30-cdi-lines128-uno-table-extension/runs/complete_table_plus_uno_20260504T100347Z/recons/pinn/recon.npz",
      "pinn_fno_vanilla": "/home/ollie/Documents/PtychoPINN/.artifacts/work/NEURIPS-HYBRID-RESNET-2026/backlog/2026-04-30-cdi-lines128-uno-table-extension/runs/complete_table_plus_uno_20260504T100347Z/recons/pinn_fno_vanilla/recon.npz",
      "pinn_ffno": "/home/ollie/Documents/PtychoPINN/.artifacts/work/NEURIPS-HYBRID-RESNET-2026/backlog/2026-05-06-cdi-lines128-ffno-no-refiner-row-rerun/runs/ffno_no_refiner_20260506T223454Z/recons/pinn_ffno/recon.npz",
      "pinn_neuralop_uno": "/home/ollie/Documents/PtychoPINN/.artifacts/work/NEURIPS-HYBRID-RESNET-2026/backlog/2026-04-30-cdi-lines128-uno-table-extension/runs/complete_table_plus_uno_20260504T100347Z/recons/pinn_neuralop_uno/recon.npz",
      "pinn_hybrid_resnet": "/home/ollie/Documents/PtychoPINN/.artifacts/work/NEURIPS-HYBRID-RESNET-2026/backlog/2026-04-30-cdi-lines128-uno-table-extension/runs/complete_table_plus_uno_20260504T100347Z/recons/pinn_hybrid_resnet/recon.npz"
    },
    "final_ffno_pair": {
      "pair_key": "four_block_no_refiner",
      "depth_label": "depth4_no_refiner",
      "claim_boundary": "complete_lines128_cdi_benchmark_plus_uno_extension_with_final_four_block_no_refiner_ffno_pair",
      "source_row_ids": {
        "pinn_ffno": "pinn_ffno",
        "supervised_ffno": "supervised_ffno"
      },
      "source_roots": {
        "pinn_ffno": ".artifacts/work/NEURIPS-HYBRID-RESNET-2026/backlog/2026-05-06-cdi-lines128-ffno-no-refiner-row-rerun/runs/ffno_no_refiner_20260506T223454Z",
        "supervised_ffno": ".artifacts/work/NEURIPS-HYBRID-RESNET-2026/backlog/2026-05-06-cdi-lines128-supervised-ffno-no-refiner-rerun/runs/supervised_ffno_no_refiner_20260506T232535Z"
      },
      "source_metrics_json": {
        "pinn_ffno": ".artifacts/work/NEURIPS-HYBRID-RESNET-2026/backlog/2026-05-06-cdi-lines128-ffno-no-refiner-row-rerun/runs/ffno_no_refiner_20260506T223454Z/runs/pinn_ffno/metrics.json",
        "supervised_ffno": ".artifacts/work/NEURIPS-HYBRID-RESNET-2026/backlog/2026-05-06-cdi-lines128-supervised-ffno-no-refiner-rerun/runs/supervised_ffno_no_refiner_20260506T232535Z/runs/supervised_ffno/metrics.json"
      },
      "source_config_json": {
        "pinn_ffno": ".artifacts/work/NEURIPS-HYBRID-RESNET-2026/backlog/2026-05-06-cdi-lines128-ffno-no-refiner-row-rerun/runs/ffno_no_refiner_20260506T223454Z/runs/pinn_ffno/config.json",
        "supervised_ffno": ".artifacts/work/NEURIPS-HYBRID-RESNET-2026/backlog/2026-05-06-cdi-lines128-supervised-ffno-no-refiner-rerun/runs/supervised_ffno_no_refiner_20260506T232535Z/runs/supervised_ffno/config.json"
      },
      "source_model_manifest_json": {
        "pinn_ffno": ".artifacts/work/NEURIPS-HYBRID-RESNET-2026/backlog/2026-05-06-cdi-lines128-ffno-no-refiner-row-rerun/runs/ffno_no_refiner_20260506T223454Z/model_manifest.json",
        "supervised_ffno": ".artifacts/work/NEURIPS-HYBRID-RESNET-2026/backlog/2026-05-06-cdi-lines128-supervised-ffno-no-refiner-rerun/runs/supervised_ffno_no_refiner_20260506T232535Z/model_manifest.json"
      }
    },
    "final_output_stem": "ffno_final_depth4pair",
    "visible_rows": [
      "gt",
      "pinn",
      "pinn_fno_vanilla",
      "pinn_ffno",
      "pinn_neuralop_uno",
      "pinn_hybrid_resnet"
    ],
    "display_channel": "phase",
    "crop_fraction": 0.5,
    "crop_bounds": [
      67,
      202,
      67,
      202
    ],
    "phase_alignment": "global_circular_offset_to_gt_before_wrapping",
    "phase_colormap": "twilight",
    "phase_display_scale": "gt_crop_min_to_gt_crop_p99_after_alignment",
    "phase_display_bounds": [
      -0.433135986328125,
      0.7795667552947998
    ]
  },
  "cdi_phase_zoom_per_panel_figure": {
    "figure": "/home/ollie/Documents/PtychoPINN/docs/plans/NEURIPS-HYBRID-RESNET-2026/figures/cdi_lines128_phase_zoom_cnn_fno_ffno_uno_srunet_per_panel_scaled.png",
    "versioned_figure": "/home/ollie/Documents/PtychoPINN/docs/plans/NEURIPS-HYBRID-RESNET-2026/figures/cdi_lines128_phase_zoom_cnn_fno_ffno_uno_srunet_per_panel_scaled_ffno_final_depth4pair.png",
    "source_recons_root": null,
    "source_recon_paths": {
      "gt": "/home/ollie/Documents/PtychoPINN/.artifacts/work/NEURIPS-HYBRID-RESNET-2026/backlog/2026-04-30-cdi-lines128-uno-table-extension/runs/complete_table_plus_uno_20260504T100347Z/recons/gt/recon.npz",
      "pinn": "/home/ollie/Documents/PtychoPINN/.artifacts/work/NEURIPS-HYBRID-RESNET-2026/backlog/2026-04-30-cdi-lines128-uno-table-extension/runs/complete_table_plus_uno_20260504T100347Z/recons/pinn/recon.npz",
      "pinn_fno_vanilla": "/home/ollie/Documents/PtychoPINN/.artifacts/work/NEURIPS-HYBRID-RESNET-2026/backlog/2026-04-30-cdi-lines128-uno-table-extension/runs/complete_table_plus_uno_20260504T100347Z/recons/pinn_fno_vanilla/recon.npz",
      "pinn_ffno": "/home/ollie/Documents/PtychoPINN/.artifacts/work/NEURIPS-HYBRID-RESNET-2026/backlog/2026-05-06-cdi-lines128-ffno-no-refiner-row-rerun/runs/ffno_no_refiner_20260506T223454Z/recons/pinn_ffno/recon.npz",
      "pinn_neuralop_uno": "/home/ollie/Documents/PtychoPINN/.artifacts/work/NEURIPS-HYBRID-RESNET-2026/backlog/2026-04-30-cdi-lines128-uno-table-extension/runs/complete_table_plus_uno_20260504T100347Z/recons/pinn_neuralop_uno/recon.npz",
      "pinn_hybrid_resnet": "/home/ollie/Documents/PtychoPINN/.artifacts/work/NEURIPS-HYBRID-RESNET-2026/backlog/2026-04-30-cdi-lines128-uno-table-extension/runs/complete_table_plus_uno_20260504T100347Z/recons/pinn_hybrid_resnet/recon.npz"
    },
    "final_ffno_pair": {
      "pair_key": "four_block_no_refiner",
      "depth_label": "depth4_no_refiner",
      "claim_boundary": "complete_lines128_cdi_benchmark_plus_uno_extension_with_final_four_block_no_refiner_ffno_pair",
      "source_row_ids": {
        "pinn_ffno": "pinn_ffno",
        "supervised_ffno": "supervised_ffno"
      },
      "source_roots": {
        "pinn_ffno": ".artifacts/work/NEURIPS-HYBRID-RESNET-2026/backlog/2026-05-06-cdi-lines128-ffno-no-refiner-row-rerun/runs/ffno_no_refiner_20260506T223454Z",
        "supervised_ffno": ".artifacts/work/NEURIPS-HYBRID-RESNET-2026/backlog/2026-05-06-cdi-lines128-supervised-ffno-no-refiner-rerun/runs/supervised_ffno_no_refiner_20260506T232535Z"
      },
      "source_metrics_json": {
        "pinn_ffno": ".artifacts/work/NEURIPS-HYBRID-RESNET-2026/backlog/2026-05-06-cdi-lines128-ffno-no-refiner-row-rerun/runs/ffno_no_refiner_20260506T223454Z/runs/pinn_ffno/metrics.json",
        "supervised_ffno": ".artifacts/work/NEURIPS-HYBRID-RESNET-2026/backlog/2026-05-06-cdi-lines128-supervised-ffno-no-refiner-rerun/runs/supervised_ffno_no_refiner_20260506T232535Z/runs/supervised_ffno/metrics.json"
      },
      "source_config_json": {
        "pinn_ffno": ".artifacts/work/NEURIPS-HYBRID-RESNET-2026/backlog/2026-05-06-cdi-lines128-ffno-no-refiner-row-rerun/runs/ffno_no_refiner_20260506T223454Z/runs/pinn_ffno/config.json",
        "supervised_ffno": ".artifacts/work/NEURIPS-HYBRID-RESNET-2026/backlog/2026-05-06-cdi-lines128-supervised-ffno-no-refiner-rerun/runs/supervised_ffno_no_refiner_20260506T232535Z/runs/supervised_ffno/config.json"
      },
      "source_model_manifest_json": {
        "pinn_ffno": ".artifacts/work/NEURIPS-HYBRID-RESNET-2026/backlog/2026-05-06-cdi-lines128-ffno-no-refiner-row-rerun/runs/ffno_no_refiner_20260506T223454Z/model_manifest.json",
        "supervised_ffno": ".artifacts/work/NEURIPS-HYBRID-RESNET-2026/backlog/2026-05-06-cdi-lines128-supervised-ffno-no-refiner-rerun/runs/supervised_ffno_no_refiner_20260506T232535Z/model_manifest.json"
      }
    },
    "final_output_stem": "ffno_final_depth4pair",
    "visible_rows": [
      "gt",
      "pinn",
      "pinn_fno_vanilla",
      "pinn_ffno",
      "pinn_neuralop_uno",
      "pinn_hybrid_resnet"
    ],
    "display_channel": "phase",
    "crop_fraction": 0.5,
    "crop_bounds": [
      67,
      202,
      67,
      202
    ],
    "phase_alignment": "global_circular_offset_to_gt_before_wrapping",
    "phase_colormap": "twilight",
    "phase_display_scale": "per_panel_p01_to_p99_after_alignment",
    "phase_display_bounds_by_row": {
      "gt": [
        -0.2672034454345703,
        0.7795667552947998
      ],
      "pinn": [
        -2.772973871231079,
        2.9486080265045165
      ],
      "pinn_fno_vanilla": [
        -0.10528092384338379,
        0.4271441173553464
      ],
      "pinn_ffno": [
        -0.03310591697692871,
        0.40550624847412087
      ],
      "pinn_neuralop_uno": [
        -0.18871132850646974,
        0.5645538806915283
      ],
      "pinn_hybrid_resnet": [
        -0.22374844551086426,
        0.5925917148590081
      ]
    },
    "caption_note": "Each panel is contrast-normalized independently; colors are not comparable across panels."
  },
  "model_config_table": {
    "json": "docs/plans/NEURIPS-HYBRID-RESNET-2026/tables/model_config_by_benchmark.json",
    "csv": "docs/plans/NEURIPS-HYBRID-RESNET-2026/tables/model_config_by_benchmark.csv",
    "tex": "docs/plans/NEURIPS-HYBRID-RESNET-2026/tables/model_config_by_benchmark.tex",
    "versioned_json": "docs/plans/NEURIPS-HYBRID-RESNET-2026/tables/model_config_by_benchmark_ffno_final_depth4pair.json",
    "versioned_csv": "docs/plans/NEURIPS-HYBRID-RESNET-2026/tables/model_config_by_benchmark_ffno_final_depth4pair.csv",
    "versioned_tex": "docs/plans/NEURIPS-HYBRID-RESNET-2026/tables/model_config_by_benchmark_ffno_final_depth4pair.tex"
  },
  "paper_efficiency_table": {
    "json": "docs/plans/NEURIPS-HYBRID-RESNET-2026/tables/paper_efficiency_table.json",
    "csv": "docs/plans/NEURIPS-HYBRID-RESNET-2026/tables/paper_efficiency_table.csv",
    "tex": "docs/plans/NEURIPS-HYBRID-RESNET-2026/tables/paper_efficiency_table.tex",
    "versioned_json": "docs/plans/NEURIPS-HYBRID-RESNET-2026/tables/paper_efficiency_table_ffno_final_depth4pair.json",
    "versioned_csv": "docs/plans/NEURIPS-HYBRID-RESNET-2026/tables/paper_efficiency_table_ffno_final_depth4pair.csv",
    "versioned_tex": "docs/plans/NEURIPS-HYBRID-RESNET-2026/tables/paper_efficiency_table_ffno_final_depth4pair.tex",
    "summary": "docs/plans/NEURIPS-HYBRID-RESNET-2026/paper_efficiency_table_summary.md"
  }
}
