INFO:__main__:Starting Torch grid-lines runner: arch=hybrid
INFO:__main__:Loading train data from outputs/grid_lines_gs1_n64_e20_phi/datasets/N64/gs1/train.npz
INFO:__main__:Loading test data from outputs/grid_lines_gs1_n64_e20_phi/datasets/N64/gs1/test.npz
INFO:__main__:Training hybrid model...
2026-01-27 16:11:00.250569: E external/local_xla/xla/stream_executor/cuda/cuda_fft.cc:467] Unable to register cuFFT factory: Attempting to register factory for plugin cuFFT when one has already been registered
WARNING: All log messages before absl::InitializeLog() is called are written to STDERR
E0000 00:00:1769559060.262597  989408 cuda_dnn.cc:8579] Unable to register cuDNN factory: Attempting to register factory for plugin cuDNN when one has already been registered
E0000 00:00:1769559060.266534  989408 cuda_blas.cc:1407] Unable to register cuBLAS factory: Attempting to register factory for plugin cuBLAS when one has already been registered
W0000 00:00:1769559060.278090  989408 computation_placer.cc:177] computation placer already registered. Please check linkage and avoid linking the same target more than once.
W0000 00:00:1769559060.278105  989408 computation_placer.cc:177] computation placer already registered. Please check linkage and avoid linking the same target more than once.
W0000 00:00:1769559060.278107  989408 computation_placer.cc:177] computation placer already registered. Please check linkage and avoid linking the same target more than once.
W0000 00:00:1769559060.278109  989408 computation_placer.cc:177] computation placer already registered. Please check linkage and avoid linking the same target more than once.
2026-01-27 16:11:00.281244: I tensorflow/core/platform/cpu_feature_guard.cc:210] This TensorFlow binary is optimized to use available CPU instructions in performance-critical operations.
To enable the following instructions: AVX2 FMA, in other operations, rebuild TensorFlow with the appropriate compiler flags.
INFO:ptycho_torch.workflows.components:_train_with_lightning orchestrating Lightning training
INFO:ptycho_torch.workflows.components:Training config: nepochs=20, n_groups=512
/home/ollie/Documents/tmp/PtychoPINN/ptycho_torch/config_factory.py:259: UserWarning: test_data_file not provided in TrainingConfig overrides. Evaluation workflows require test_data_file to be set during inference update. Consider providing: overrides=dict(..., test_data_file=Path('test.npz'))
  tf_training_config = to_training_config(
/home/ollie/Documents/tmp/PtychoPINN/ptycho_torch/config_factory.py:618: UserWarning: params.cfg already populated. Set force=True to overwrite existing values.
  warnings.warn(
INFO:ptycho_torch.model:Overriding model_config.loss_function=Poisson to MAE to match torch_loss_mode=mae
INFO: Seed set to 42
INFO:lightning.fabric.utilities.seed:Seed set to 42
INFO:ptycho_torch.workflows.components:Enabled CSVLogger: metrics saved to training_outputs/lightning_logs/
INFO:pytorch_lightning.utilities.rank_zero:GPU available: True (cuda), used: True
INFO:pytorch_lightning.utilities.rank_zero:TPU available: False, using: 0 TPU cores
INFO:pytorch_lightning.utilities.rank_zero:HPU available: False, using: 0 HPUs
INFO:ptycho_torch.workflows.components:Starting Lightning training: 20 epochs
INFO:pytorch_lightning.utilities.rank_zero:You are using a CUDA device ('NVIDIA GeForce RTX 3090') that has Tensor Cores. To properly utilize them, you should set `torch.set_float32_matmul_precision('medium' | 'high')` which will trade-off precision for performance. For more details, read https://pytorch.org/docs/stable/generated/torch.set_float32_matmul_precision.html#torch.set_float32_matmul_precision
/home/ollie/miniconda3/envs/ptycho311/lib/python3.11/site-packages/lightning/pytorch/callbacks/model_checkpoint.py:751: Checkpoint directory /home/ollie/Documents/tmp/PtychoPINN/training_outputs/checkpoints exists and is not empty.
INFO: LOCAL_RANK: 0 - CUDA_VISIBLE_DEVICES: [0]
INFO:lightning.pytorch.accelerators.cuda:LOCAL_RANK: 0 - CUDA_VISIBLE_DEVICES: [0]
INFO: 
  | Name  | Type       | Params | Mode 
---------------------------------------------
0 | model | PtychoPINN | 17.2 M | train
1 | Loss  | MAELoss    | 0      | train
---------------------------------------------
17.2 M    Trainable params
0         Non-trainable params
17.2 M    Total params
68.810    Total estimated model params size (MB)
61        Modules in train mode
0         Modules in eval mode
INFO:lightning.pytorch.callbacks.model_summary:
  | Name  | Type       | Params | Mode 
---------------------------------------------
0 | model | PtychoPINN | 17.2 M | train
1 | Loss  | MAELoss    | 0      | train
---------------------------------------------
17.2 M    Trainable params
0         Non-trainable params
17.2 M    Total params
68.810    Total estimated model params size (MB)
61        Modules in train mode
0         Modules in eval mode
/home/ollie/miniconda3/envs/ptycho311/lib/python3.11/site-packages/lightning/pytorch/trainer/connectors/data_connector.py:433: The 'val_dataloader' does not have many workers which may be a bottleneck. Consider increasing the value of the `num_workers` argument` to `num_workers=31` in the `DataLoader` to improve performance.
/home/ollie/miniconda3/envs/ptycho311/lib/python3.11/site-packages/lightning/pytorch/trainer/connectors/data_connector.py:433: The 'train_dataloader' does not have many workers which may be a bottleneck. Consider increasing the value of the `num_workers` argument` to `num_workers=31` in the `DataLoader` to improve performance.
INFO:ptycho_torch.workflows.components:Lightning training complete
INFO:__main__:Running inference...
INFO:__main__:Computing metrics...
I0000 00:00:1769559077.613300  989408 gpu_process_state.cc:208] Using CUDA malloc Async allocator for GPU: 0
I0000 00:00:1769559077.614981  989408 gpu_device.cc:2019] Created device /job:localhost/replica:0/task:0/device:GPU:0 with 21709 MB memory:  -> device: 0, name: NVIDIA GeForce RTX 3090, pci bus id: 0000:04:00.0, compute capability: 8.6
DEBUG: Setting nimgs_test to 1 in params
DEBUG: Setting outer_offset_test to 20 in params
Amplitude normalization scale factor: nan
mean scale adjustment: 1
mean scale adjustment: 1
DEBUG eval_reconstruction [pinn_hybrid]: amp_target stats: mean=2.889508, std=0.641223, shape=(326, 326, 1)
DEBUG eval_reconstruction [pinn_hybrid]: amp_pred stats: mean=nan, std=nan, shape=(326, 326, 1)
DEBUG eval_reconstruction [pinn_hybrid]: phi_target stats: mean=0.000000, std=0.240429, shape=(326, 326)
DEBUG eval_reconstruction [pinn_hybrid]: phi_pred stats: mean=nan, std=nan, shape=(326, 326)
Traceback (most recent call last):
  File "/home/ollie/Documents/tmp/PtychoPINN/scripts/studies/grid_lines_torch_runner.py", line 637, in <module>
    main()
  File "/home/ollie/Documents/tmp/PtychoPINN/scripts/studies/grid_lines_torch_runner.py", line 632, in main
    result = run_grid_lines_torch(cfg)
             ^^^^^^^^^^^^^^^^^^^^^^^^^
  File "/home/ollie/Documents/tmp/PtychoPINN/scripts/studies/grid_lines_torch_runner.py", line 528, in run_grid_lines_torch
    metrics = compute_metrics(pred_for_metrics, ground_truth, f"pinn_{cfg.architecture}")
              ^^^^^^^^^^^^^^^^^^^^^^^^^^^^^^^^^^^^^^^^^^^^^^^^^^^^^^^^^^^^^^^^^^^^^^^^^^^
  File "/home/ollie/Documents/tmp/PtychoPINN/scripts/studies/grid_lines_torch_runner.py", line 411, in compute_metrics
    return eval_reconstruction(predictions, ground_truth, label=label)
           ^^^^^^^^^^^^^^^^^^^^^^^^^^^^^^^^^^^^^^^^^^^^^^^^^^^^^^^^^^^
  File "/home/ollie/Documents/tmp/PtychoPINN/ptycho/evaluation.py", line 568, in eval_reconstruction
    frc_amp, frc50_amp = frc50(amp_target_np, amp_pred_normalized, frc_sigma=frc_sigma, 
                         ^^^^^^^^^^^^^^^^^^^^^^^^^^^^^^^^^^^^^^^^^^^^^^^^^^^^^^^^^^^^^^
  File "/home/ollie/Documents/tmp/PtychoPINN/ptycho/evaluation.py", line 438, in frc50
    raise ValueError
ValueError
