2026-05-06 21:51:43.134624: E external/local_xla/xla/stream_executor/cuda/cuda_fft.cc:467] Unable to register cuFFT factory: Attempting to register factory for plugin cuFFT when one has already been registered
WARNING: All log messages before absl::InitializeLog() is called are written to STDERR
E0000 00:00:1778129503.146186 3174779 cuda_dnn.cc:8579] Unable to register cuDNN factory: Attempting to register factory for plugin cuDNN when one has already been registered
E0000 00:00:1778129503.150198 3174779 cuda_blas.cc:1407] Unable to register cuBLAS factory: Attempting to register factory for plugin cuBLAS when one has already been registered
W0000 00:00:1778129503.161258 3174779 computation_placer.cc:177] computation placer already registered. Please check linkage and avoid linking the same target more than once.
W0000 00:00:1778129503.161271 3174779 computation_placer.cc:177] computation placer already registered. Please check linkage and avoid linking the same target more than once.
W0000 00:00:1778129503.161273 3174779 computation_placer.cc:177] computation placer already registered. Please check linkage and avoid linking the same target more than once.
W0000 00:00:1778129503.161274 3174779 computation_placer.cc:177] computation placer already registered. Please check linkage and avoid linking the same target more than once.
2026-05-06 21:51:43.164214: I tensorflow/core/platform/cpu_feature_guard.cc:210] This TensorFlow binary is optimized to use available CPU instructions in performance-critical operations.
To enable the following instructions: AVX2 FMA, in other operations, rebuild TensorFlow with the appropriate compiler flags.
{
  "combined_manifest_json_path": "/home/ollie/Documents/PtychoPINN/.artifacts/NEURIPS-HYBRID-RESNET-2026/backlog/2026-05-06-brdt-corrected-ffno-40ep-rerun/combined_manifest.json",
  "convergence_audit_json_path": "/home/ollie/Documents/PtychoPINN/.artifacts/NEURIPS-HYBRID-RESNET-2026/backlog/2026-05-06-brdt-corrected-ffno-40ep-rerun/convergence_audit.json",
  "dataset_identity_manifest_path": "/home/ollie/Documents/PtychoPINN/.artifacts/NEURIPS-HYBRID-RESNET-2026/backlog/2026-05-06-brdt-corrected-ffno-40ep-rerun/dataset_identity_manifest.json",
  "paper_evidence_gate_json_path": "/home/ollie/Documents/PtychoPINN/.artifacts/NEURIPS-HYBRID-RESNET-2026/backlog/2026-05-06-brdt-corrected-ffno-40ep-rerun/paper_evidence_gate.json",
  "preflight_manifest_path": "/home/ollie/Documents/PtychoPINN/.artifacts/NEURIPS-HYBRID-RESNET-2026/backlog/2026-05-06-brdt-corrected-ffno-40ep-rerun/preflight_manifest.json",
  "rebuild_meta_only": true,
  "runtime_provenance_path": "/home/ollie/Documents/PtychoPINN/.artifacts/NEURIPS-HYBRID-RESNET-2026/backlog/2026-05-06-brdt-corrected-ffno-40ep-rerun/runtime_provenance.json",
  "split_manifest_path": "/home/ollie/Documents/PtychoPINN/.artifacts/NEURIPS-HYBRID-RESNET-2026/backlog/2026-05-06-brdt-corrected-ffno-40ep-rerun/split_manifest.json",
  "visual_manifest_path": "/home/ollie/Documents/PtychoPINN/.artifacts/NEURIPS-HYBRID-RESNET-2026/backlog/2026-05-06-brdt-corrected-ffno-40ep-rerun/visual_manifest.json"
}
