usage: run_dense_pipeline.py [--hub HUB] [--output-root OUTPUT_ROOT] ...
run_dense_pipeline.py: error: unrecognized arguments: --dose
  File "/home/ollie/Documents/PtychoPINN/plans/active/STUDY-SYNTH-FLY64-DOSE-OVERLAP-001/bin/run_phase_g_dense.py", line 66
    Execute a subprocess command, tee stdout/stderr to log_path, and halt on non-zero exit.
IndentationError: unexpected indent
  File "/home/ollie/Documents/PtychoPINN/plans/active/STUDY-SYNTH-FLY64-DOSE-OVERLAP-001/bin/run_phase_g_dense.py", line 5
    Runs the complete Phase C→G pipeline (dataset generation → overlap views → training →
                             ^
SyntaxError: invalid character '→' (U+2192)
usage: run_phase_g_dense.py [-h] --hub HUB --dose DOSE --view {dense,sparse}
                            [--splits SPLITS [SPLITS ...]] [--collect-only]
                            [--clobber] [--skip-post-verify]
                            [--post-verify-only]
run_phase_g_dense.py: error: argument --dose: expected one argument

================================================================================
[run_phase_g_dense] Preparing hub...
================================================================================

[prepare_hub] Hub is clean: /home/ollie/Documents/PtychoPINN/outputs/dense_exec_100k_2025-11-12T224540Z

[run_phase_g_dense] Starting Phase C→G pipeline for dose=100000, view=dense, splits=['train', 'test']
[run_phase_g_dense] Hub: /home/ollie/Documents/PtychoPINN/outputs/dense_exec_100k_2025-11-12T224540Z
[run_phase_g_dense] Total commands: 8


================================================================================
[1/8] Phase C: Dataset Generation
================================================================================

[run_phase_g_dense] Executing: /home/ollie/miniconda3/envs/ptycho311/bin/python -m studies.fly64_dose_overlap.generation --base-npz tike_outputs/fly001_reconstructed_final_prepared/fly001_reconstructed_interp_smooth_both.npz --output-root /home/ollie/Documents/PtychoPINN/outputs/dense_exec_100k_2025-11-12T224540Z/data/phase_c --dose 100000
[run_phase_g_dense] Logging to: /home/ollie/Documents/PtychoPINN/outputs/dense_exec_100k_2025-11-12T224540Z/cli/phase_c_generation.log
2025-11-12 14:47:30.789139: E external/local_xla/xla/stream_executor/cuda/cuda_fft.cc:467] Unable to register cuFFT factory: Attempting to register factory for plugin cuFFT when one has already been registered
WARNING: All log messages before absl::InitializeLog() is called are written to STDERR
E0000 00:00:1762987650.800041 1570627 cuda_dnn.cc:8579] Unable to register cuDNN factory: Attempting to register factory for plugin cuDNN when one has already been registered
E0000 00:00:1762987650.803686 1570627 cuda_blas.cc:1407] Unable to register cuBLAS factory: Attempting to register factory for plugin cuBLAS when one has already been registered
W0000 00:00:1762987650.813298 1570627 computation_placer.cc:177] computation placer already registered. Please check linkage and avoid linking the same target more than once.
W0000 00:00:1762987650.813308 1570627 computation_placer.cc:177] computation placer already registered. Please check linkage and avoid linking the same target more than once.
W0000 00:00:1762987650.813310 1570627 computation_placer.cc:177] computation placer already registered. Please check linkage and avoid linking the same target more than once.
W0000 00:00:1762987650.813311 1570627 computation_placer.cc:177] computation placer already registered. Please check linkage and avoid linking the same target more than once.
2025-11-12 14:47:30.816054: I tensorflow/core/platform/cpu_feature_guard.cc:210] This TensorFlow binary is optimized to use available CPU instructions in performance-critical operations.
To enable the following instructions: AVX2 FMA, in other operations, rebuild TensorFlow with the appropriate compiler flags.
I0000 00:00:1762987654.110832 1570627 gpu_process_state.cc:208] Using CUDA malloc Async allocator for GPU: 0
I0000 00:00:1762987654.112064 1570627 gpu_device.cc:2019] Created device /job:localhost/replica:0/task:0/device:GPU:0 with 22259 MB memory:  -> device: 0, name: NVIDIA GeForce RTX 3090, pci bus id: 0000:04:00.0, compute capability: 8.6
WARNING: All log messages before absl::InitializeLog() is called are written to STDERR
I0000 00:00:1762987654.645945 1570627 service.cc:152] XLA service 0x4a5e20c0 initialized for platform CUDA (this does not guarantee that XLA will be used). Devices:
I0000 00:00:1762987654.645965 1570627 service.cc:160]   StreamExecutor device (0): NVIDIA GeForce RTX 3090, Compute Capability 8.6
2025-11-12 14:47:34.672386: I tensorflow/compiler/mlir/tensorflow/utils/dump_mlir_util.cc:269] disabling MLIR crash reproducer, set env var `MLIR_CRASH_REPRODUCER_DIRECTORY` to enable.
I0000 00:00:1762987654.691874 1570627 cuda_dnn.cc:529] Loaded cuDNN version 91002
I0000 00:00:1762987654.851243 1570627 device_compiler.h:188] Compiled cluster using XLA!  This line is logged at most once for the lifetime of the process.
WARNING:tensorflow:From /home/ollie/miniconda3/envs/ptycho311/lib/python3.11/site-packages/tensorflow_probability/python/distributions/distribution.py:342: calling _Independent.__init__ (from tensorflow_probability.python.distributions.independent) with reinterpreted_batch_ndims=None is deprecated and will be removed after 2022-03-01.
Instructions for updating:
Please pass an integer value for `reinterpreted_batch_ndims`. The current behavior corresponds to `reinterpreted_batch_ndims=tf.size(distribution.batch_shape_tensor()) - 1`.
2025-11-12 14:49:00.766336: I tensorflow/core/framework/local_rendezvous.cc:407] Local rendezvous is aborting with status: OUT_OF_RANGE: End of sequence
INFO: Filtering to single dose: 100000.0
================================================================================
Phase C: fly64 Dose Sweep Dataset Generation
================================================================================
Base dataset: tike_outputs/fly001_reconstructed_final_prepared/fly001_reconstructed_interp_smooth_both.npz
Output root:  /home/ollie/Documents/PtychoPINN/outputs/dense_exec_100k_2025-11-12T224540Z/data/phase_c
Dose levels:  [100000.0]
================================================================================


============================================================
Generating dataset for dose=1e+05 photons
Output directory: /home/ollie/Documents/PtychoPINN/outputs/dense_exec_100k_2025-11-12T224540Z/data/phase_c/dose_100000
============================================================

[Stage 1/5] Simulating diffraction patterns...
--- Configuration Updated for Simulation ---
Current Parameters:
--------------------
N: 128
amp_activation: sigmoid
backend: tensorflow
batch_size: 16
bigN: 128
big_gridsize: 10
data_source: generic
debug: True
default_probe_scale: 0.7
enable_oversampling: False
gaussian_smoothing_sigma: 0.0
gridsize: 1
h5_path: wts.h5
intensity_scale.trainable: True
label: 
mae_weight: 0.0
max_position_jitter: 10
model_type: pinn
n_filters_scale: 2
n_groups: 10304
n_images: 10304
neighbor_count: 4
nepochs: 50
nimgs_test: 3
nimgs_train: 9
nll_weight: 1.0
nphotons: 100000
npseed: 42
object.big: True
offset: 4
outer_offset_test: None
outer_offset_train: None
output_prefix: training_outputs
pad_object: True
positions.provided: True
probe.big: True
probe.mask: False
probe.trainable: False
probe_scale: 4.0
realspace_mae_weight: 0.0
realspace_weight: 0.0
sequential_sampling: False
set_phi: False
sim_jitter_scale: 0.0
size: 392
train_data_file_path: tike_outputs/fly001_reconstructed_final_prepared/fly001_reconstructed_interp_smooth_both.npz
tv_weight: 0.0
use_xla_translate: True
------------------------------------------

Loading object and probe from: tike_outputs/fly001_reconstructed_final_prepared/fly001_reconstructed_interp_smooth_both.npz
  - Object shape: (464, 464)
  - Probe shape: (128, 128)
Setting random seed to: 42
Simulating 10304 diffraction patterns...
DEBUG: Setting N to 128 in params
DEBUG: Setting gridsize to 1 in params
DEBUG: Setting nphotons to 100000 in params
input shape (None, 128, 128, 1)
diff3d shape: (10304, 128, 128)
probeGuess shape: (128, 128)
scan_index shape: (10304,)
objectGuess shape: (464, 464)
xcoords shape: (10304,)
ycoords shape: (10304,)
xcoords_start shape: (10304,)
ycoords_start shape: (10304,)
DEBUG: Setting N to 128 in params
DEBUG: Setting gridsize to 1 in params
DEBUG: Setting nphotons to 100000 in params
Simulation complete.
Added source 'objectGuess' to the output dataset for ground truth.
Saving simulated data to: /home/ollie/Documents/PtychoPINN/outputs/dense_exec_100k_2025-11-12T224540Z/data/phase_c/dose_100000/simulated_raw.npz
File saved successfully with metadata (nphotons=100000).
  ✓ Simulation complete: /home/ollie/Documents/PtychoPINN/outputs/dense_exec_100k_2025-11-12T224540Z/data/phase_c/dose_100000/simulated_raw.npz

[Stage 2/5] Canonicalizing to DATA-001 format...
Loading data from: /home/ollie/Documents/PtychoPINN/outputs/dense_exec_100k_2025-11-12T224540Z/data/phase_c/dose_100000/simulated_raw.npz
Processing 9 arrays...
  - Renaming 'diff3d' to 'diffraction'
✔ Saved consistently formatted data to: /home/ollie/Documents/PtychoPINN/outputs/dense_exec_100k_2025-11-12T224540Z/data/phase_c/dose_100000/canonical.npz
  ✓ Canonicalization complete: /home/ollie/Documents/PtychoPINN/outputs/dense_exec_100k_2025-11-12T224540Z/data/phase_c/dose_100000/canonical.npz

[Stage 3/5] Generating Y patches...
--- Generating Patches: /home/ollie/Documents/PtychoPINN/outputs/dense_exec_100k_2025-11-12T224540Z/data/phase_c/dose_100000/canonical.npz ---
  - Output file: /home/ollie/Documents/PtychoPINN/outputs/dense_exec_100k_2025-11-12T224540Z/data/phase_c/dose_100000/patched.npz
  - Patch size (N): 128
  - K neighbors: 7
  - Samples: 1
  - Loaded 9 arrays from input file
  - Coordinates: 10304 scan positions
  - Diffraction shape: (10304, 128, 128)
  - ProbeGuess shape: (128, 128)
  - ObjectGuess shape: (464, 464)
diff3d shape: (10304, 128, 128)
probeGuess shape: (128, 128)
scan_index shape: (10304,)
objectGuess shape: (464, 464)
xcoords shape: (10304,)
ycoords shape: (10304,)
xcoords_start shape: (10304,)
ycoords_start shape: (10304,)
  - Created RawData object successfully
  - Generating Y patches...
  - Using gridsize=1 for PtychoPINN compatibility
DEBUG: nsamples: 1, gridsize: 1 (using efficient random sample-then-group strategy)
INFO: 'Y' array not found. Generating ground truth patches from 'objectGuess' as a fallback.
neighbor-sampled diffraction shape (1, 128, 128, 1)
  - Generated Y patches with shape: (1, 128, 128, 1)
  - Y patches are correctly generated with 3D shape for PINN compatibility
  - Added coords_start_offsets with shape: (1, 1, 2, 1)
  - Added coords_start_relative with shape: (1, 1, 2, 1)
Saving prepared dataset with Y patches to: /home/ollie/Documents/PtychoPINN/outputs/dense_exec_100k_2025-11-12T224540Z/data/phase_c/dose_100000/patched.npz
  - Verified output contains 12 arrays
  - Y array shape: (1, 128, 128, 1)
  - Metadata preserved with 2 transformation(s)
--- Patch Generation Complete ---
  ✓ Patch generation complete: /home/ollie/Documents/PtychoPINN/outputs/dense_exec_100k_2025-11-12T224540Z/data/phase_c/dose_100000/patched.npz

[Stage 4/5] Splitting train/test on y-axis...
--- Splitting Dataset: /home/ollie/Documents/PtychoPINN/outputs/dense_exec_100k_2025-11-12T224540Z/data/phase_c/dose_100000/patched.npz ---
  - Output directory: /home/ollie/Documents/PtychoPINN/outputs/dense_exec_100k_2025-11-12T224540Z/data/phase_c/dose_100000
  - Split fraction (train): 0.50
  - Split axis: 'y'
  - Coordinate range on 'y' axis: [64.05, 399.97]
  - Calculated split point: 232.01
  - Total positions: 10304. Train: 5088, Test: 5216
Saving training set (5088 scans) to: /home/ollie/Documents/PtychoPINN/outputs/dense_exec_100k_2025-11-12T224540Z/data/phase_c/dose_100000/patched_train.npz
Saving testing set (5216 scans) to: /home/ollie/Documents/PtychoPINN/outputs/dense_exec_100k_2025-11-12T224540Z/data/phase_c/dose_100000/patched_test.npz
--- Splitting Complete ---
  ✓ Split complete:
    Train: /home/ollie/Documents/PtychoPINN/outputs/dense_exec_100k_2025-11-12T224540Z/data/phase_c/dose_100000/patched_train.npz
    Test:  /home/ollie/Documents/PtychoPINN/outputs/dense_exec_100k_2025-11-12T224540Z/data/phase_c/dose_100000/patched_test.npz

[Stage 5/5] Validating DATA-001 compliance...
  Validating train...
    ✓ train validation passed
  Validating test...
    ✓ test validation passed

============================================================
Dataset generation complete for dose=1e+05
============================================================


================================================================================
All datasets generated successfully!
Manifest written to: /home/ollie/Documents/PtychoPINN/outputs/dense_exec_100k_2025-11-12T224540Z/data/phase_c/run_manifest.json
================================================================================

================================================================================
[run_phase_g_dense] Cleaning up unwanted dose directories (keeping dose_100000 only)...
================================================================================


================================================================================
[run_phase_g_dense] Validating Phase C metadata...
================================================================================

[validate_phase_c_metadata] SUCCESS: All Phase C NPZ files contain required _metadata

================================================================================
[2/8] Phase D: Overlap View Generation
================================================================================


================================================================================
[3/8] Phase E: Training Baseline (gs1)
================================================================================

[run_phase_g_dense] Executing: /home/ollie/miniconda3/envs/ptycho311/bin/python -m studies.fly64_dose_overlap.training --phase-c-root /home/ollie/Documents/PtychoPINN/outputs/dense_exec_100k_2025-11-12T224540Z/data/phase_c --phase-d-root /home/ollie/Documents/PtychoPINN/outputs/dense_exec_100k_2025-11-12T224540Z/data/phase_d --artifact-root /home/ollie/Documents/PtychoPINN/outputs/dense_exec_100k_2025-11-12T224540Z/data/phase_e --dose 100000 --view baseline --gridsize 1 --backend tensorflow
[run_phase_g_dense] Logging to: /home/ollie/Documents/PtychoPINN/outputs/dense_exec_100k_2025-11-12T224540Z/cli/phase_e_baseline_gs1_dose100000.log
2025-11-12 14:53:31.125045: E external/local_xla/xla/stream_executor/cuda/cuda_fft.cc:467] Unable to register cuFFT factory: Attempting to register factory for plugin cuFFT when one has already been registered
WARNING: All log messages before absl::InitializeLog() is called are written to STDERR
E0000 00:00:1762988011.136004 1571725 cuda_dnn.cc:8579] Unable to register cuDNN factory: Attempting to register factory for plugin cuDNN when one has already been registered
E0000 00:00:1762988011.139573 1571725 cuda_blas.cc:1407] Unable to register cuBLAS factory: Attempting to register factory for plugin cuBLAS when one has already been registered
W0000 00:00:1762988011.149323 1571725 computation_placer.cc:177] computation placer already registered. Please check linkage and avoid linking the same target more than once.
W0000 00:00:1762988011.149334 1571725 computation_placer.cc:177] computation placer already registered. Please check linkage and avoid linking the same target more than once.
W0000 00:00:1762988011.149336 1571725 computation_placer.cc:177] computation placer already registered. Please check linkage and avoid linking the same target more than once.
W0000 00:00:1762988011.149337 1571725 computation_placer.cc:177] computation placer already registered. Please check linkage and avoid linking the same target more than once.
2025-11-12 14:53:31.152076: I tensorflow/core/platform/cpu_feature_guard.cc:210] This TensorFlow binary is optimized to use available CPU instructions in performance-critical operations.
To enable the following instructions: AVX2 FMA, in other operations, rebuild TensorFlow with the appropriate compiler flags.
2025-11-12 14:53:33,579 - INFO - Skipping sparse view for dose=1e+05: NPZ files not found (train=False, test=False). Checked primary (sparse_train.npz/sparse_test.npz) and fallback (train.npz/test.npz).
2025-11-12 14:53:38,770 - INFO - Loading data from /home/ollie/Documents/PtychoPINN/outputs/dense_exec_100k_2025-11-12T224540Z/data/phase_c/dose_100000/patched_train.npz with n_images=None, n_subsample=None
2025-11-12 14:53:39,252 - INFO - Using full dataset of 5088 images
Enumerating training jobs from Phase C (/home/ollie/Documents/PtychoPINN/outputs/dense_exec_100k_2025-11-12T224540Z/data/phase_c) and Phase D (/home/ollie/Documents/PtychoPINN/outputs/dense_exec_100k_2025-11-12T224540Z/data/phase_d)...
  → Selected backend: tensorflow
  → 2 total jobs enumerated
  ⚠ 1 view(s) skipped due to missing Phase D data:
    - sparse (dose=1e+05): NPZ files not found (train=False, test=False). Checked primary (sparse_train.npz...
  → Filtered by dose=100000.0: 2 jobs remain
  → Filtered by view=baseline: 1 jobs remain
  → Filtered by gridsize=1: 1 jobs remain

Executing 1 training job(s)...
  [1/1] baseline (dose=1e+05, gridsize=1, backend=tensorflow)

✓ Training manifest written to /home/ollie/Documents/PtychoPINN/outputs/dense_exec_100k_2025-11-12T224540Z/data/phase_e/training_manifest.json
  → 1 job(s) completed
  → Skip summary written to /home/ollie/Documents/PtychoPINN/outputs/dense_exec_100k_2025-11-12T224540Z/data/phase_e/skip_summary.json (1 view(s) skipped)

================================================================================
[4/8] Phase E: Training Dense (gs2)
================================================================================

[run_phase_g_dense] Executing: /home/ollie/miniconda3/envs/ptycho311/bin/python -m studies.fly64_dose_overlap.training --phase-c-root /home/ollie/Documents/PtychoPINN/outputs/dense_exec_100k_2025-11-12T224540Z/data/phase_c --phase-d-root /home/ollie/Documents/PtychoPINN/outputs/dense_exec_100k_2025-11-12T224540Z/data/phase_d --artifact-root /home/ollie/Documents/PtychoPINN/outputs/dense_exec_100k_2025-11-12T224540Z/data/phase_e --dose 100000 --view dense --gridsize 2 --backend tensorflow
[run_phase_g_dense] Logging to: /home/ollie/Documents/PtychoPINN/outputs/dense_exec_100k_2025-11-12T224540Z/cli/phase_e_dense_gs2_dose100000.log
2025-11-12 14:53:40.295792: E external/local_xla/xla/stream_executor/cuda/cuda_fft.cc:467] Unable to register cuFFT factory: Attempting to register factory for plugin cuFFT when one has already been registered
WARNING: All log messages before absl::InitializeLog() is called are written to STDERR
E0000 00:00:1762988020.306744 1571803 cuda_dnn.cc:8579] Unable to register cuDNN factory: Attempting to register factory for plugin cuDNN when one has already been registered
E0000 00:00:1762988020.310298 1571803 cuda_blas.cc:1407] Unable to register cuBLAS factory: Attempting to register factory for plugin cuBLAS when one has already been registered
W0000 00:00:1762988020.320051 1571803 computation_placer.cc:177] computation placer already registered. Please check linkage and avoid linking the same target more than once.
W0000 00:00:1762988020.320060 1571803 computation_placer.cc:177] computation placer already registered. Please check linkage and avoid linking the same target more than once.
W0000 00:00:1762988020.320061 1571803 computation_placer.cc:177] computation placer already registered. Please check linkage and avoid linking the same target more than once.
W0000 00:00:1762988020.320062 1571803 computation_placer.cc:177] computation placer already registered. Please check linkage and avoid linking the same target more than once.
2025-11-12 14:53:40.322827: I tensorflow/core/platform/cpu_feature_guard.cc:210] This TensorFlow binary is optimized to use available CPU instructions in performance-critical operations.
To enable the following instructions: AVX2 FMA, in other operations, rebuild TensorFlow with the appropriate compiler flags.
2025-11-12 14:53:42,729 - INFO - Skipping sparse view for dose=1e+05: NPZ files not found (train=False, test=False). Checked primary (sparse_train.npz/sparse_test.npz) and fallback (train.npz/test.npz).
Enumerating training jobs from Phase C (/home/ollie/Documents/PtychoPINN/outputs/dense_exec_100k_2025-11-12T224540Z/data/phase_c) and Phase D (/home/ollie/Documents/PtychoPINN/outputs/dense_exec_100k_2025-11-12T224540Z/data/phase_d)...
  → Selected backend: tensorflow
  → 2 total jobs enumerated
  ⚠ 1 view(s) skipped due to missing Phase D data:
    - sparse (dose=1e+05): NPZ files not found (train=False, test=False). Checked primary (sparse_train.npz...
  → Filtered by dose=100000.0: 2 jobs remain
  → Filtered by view=dense: 1 jobs remain
  → Filtered by gridsize=2: 1 jobs remain

Executing 1 training job(s)...
  [1/1] dense (dose=1e+05, gridsize=2, backend=tensorflow)

✓ Training manifest written to /home/ollie/Documents/PtychoPINN/outputs/dense_exec_100k_2025-11-12T224540Z/data/phase_e/training_manifest.json
  → 1 job(s) completed
  → Skip summary written to /home/ollie/Documents/PtychoPINN/outputs/dense_exec_100k_2025-11-12T224540Z/data/phase_e/skip_summary.json (1 view(s) skipped)

================================================================================
[5/8] Phase F: Reconstruction dense/train
================================================================================

[run_phase_g_dense] Executing: /home/ollie/miniconda3/envs/ptycho311/bin/python -m studies.fly64_dose_overlap.reconstruction --phase-c-root /home/ollie/Documents/PtychoPINN/outputs/dense_exec_100k_2025-11-12T224540Z/data/phase_c --phase-d-root /home/ollie/Documents/PtychoPINN/outputs/dense_exec_100k_2025-11-12T224540Z/data/phase_d --artifact-root /home/ollie/Documents/PtychoPINN/outputs/dense_exec_100k_2025-11-12T224540Z/data/phase_f --dose 100000 --view dense --split train --allow-missing-phase-d
[run_phase_g_dense] Logging to: /home/ollie/Documents/PtychoPINN/outputs/dense_exec_100k_2025-11-12T224540Z/cli/phase_f_dense_train.log
<frozen runpy>:128: RuntimeWarning: 'studies.fly64_dose_overlap.reconstruction' found in sys.modules after import of package 'studies.fly64_dose_overlap', but prior to execution of 'studies.fly64_dose_overlap.reconstruction'; this may result in unpredictable behaviour
Building job manifest from Phase C: /home/ollie/Documents/PtychoPINN/outputs/dense_exec_100k_2025-11-12T224540Z/data/phase_c
                      and Phase D: /home/ollie/Documents/PtychoPINN/outputs/dense_exec_100k_2025-11-12T224540Z/data/phase_d
Total jobs enumerated: 4
Skipped 6 missing Phase D files
Filter --dose=100000.0: 4 → 4 jobs
Filter --view=dense: 4 → 2 jobs
Filter --split=train: 2 → 1 jobs

Filtered jobs: 1 selected, 3 skipped

[1/1] Job: dose=100000.0, view=dense, split=train
  Return code: 0
  Log: /home/ollie/Documents/PtychoPINN/outputs/dense_exec_100k_2025-11-12T224540Z/data/phase_f/dose_100000/dense/train/ptychi.log

Manifest written to: /home/ollie/Documents/PtychoPINN/outputs/dense_exec_100k_2025-11-12T224540Z/data/phase_f/reconstruction_manifest.json
Skip summary written to: /home/ollie/Documents/PtychoPINN/outputs/dense_exec_100k_2025-11-12T224540Z/data/phase_f/skip_summary.json
  - Missing Phase D files: 6
    1000.0/baseline/train
    1000.0/baseline/test
    10000.0/baseline/train
    10000.0/baseline/test
    100000.0/sparse/train
    100000.0/sparse/test

============================================================
Phase F Reconstruction Orchestrator Summary
============================================================
Total jobs:     4
Filtered jobs:  1
Skipped jobs:   3
Dry run:        False
Artifacts:      /home/ollie/Documents/PtychoPINN/outputs/dense_exec_100k_2025-11-12T224540Z/data/phase_f
============================================================

================================================================================
[6/8] Phase F: Reconstruction dense/test
================================================================================

[run_phase_g_dense] Executing: /home/ollie/miniconda3/envs/ptycho311/bin/python -m studies.fly64_dose_overlap.reconstruction --phase-c-root /home/ollie/Documents/PtychoPINN/outputs/dense_exec_100k_2025-11-12T224540Z/data/phase_c --phase-d-root /home/ollie/Documents/PtychoPINN/outputs/dense_exec_100k_2025-11-12T224540Z/data/phase_d --artifact-root /home/ollie/Documents/PtychoPINN/outputs/dense_exec_100k_2025-11-12T224540Z/data/phase_f --dose 100000 --view dense --split test --allow-missing-phase-d
[run_phase_g_dense] Logging to: /home/ollie/Documents/PtychoPINN/outputs/dense_exec_100k_2025-11-12T224540Z/cli/phase_f_dense_test.log
<frozen runpy>:128: RuntimeWarning: 'studies.fly64_dose_overlap.reconstruction' found in sys.modules after import of package 'studies.fly64_dose_overlap', but prior to execution of 'studies.fly64_dose_overlap.reconstruction'; this may result in unpredictable behaviour
Building job manifest from Phase C: /home/ollie/Documents/PtychoPINN/outputs/dense_exec_100k_2025-11-12T224540Z/data/phase_c
                      and Phase D: /home/ollie/Documents/PtychoPINN/outputs/dense_exec_100k_2025-11-12T224540Z/data/phase_d
Total jobs enumerated: 4
Skipped 6 missing Phase D files
Filter --dose=100000.0: 4 → 4 jobs
Filter --view=dense: 4 → 2 jobs
Filter --split=test: 2 → 1 jobs

Filtered jobs: 1 selected, 3 skipped

[1/1] Job: dose=100000.0, view=dense, split=test
  Return code: 0
  Log: /home/ollie/Documents/PtychoPINN/outputs/dense_exec_100k_2025-11-12T224540Z/data/phase_f/dose_100000/dense/test/ptychi.log

Manifest written to: /home/ollie/Documents/PtychoPINN/outputs/dense_exec_100k_2025-11-12T224540Z/data/phase_f/reconstruction_manifest.json
Skip summary written to: /home/ollie/Documents/PtychoPINN/outputs/dense_exec_100k_2025-11-12T224540Z/data/phase_f/skip_summary.json
  - Missing Phase D files: 6
    1000.0/baseline/train
    1000.0/baseline/test
    10000.0/baseline/train
    10000.0/baseline/test
    100000.0/sparse/train
    100000.0/sparse/test

============================================================
Phase F Reconstruction Orchestrator Summary
============================================================
Total jobs:     4
Filtered jobs:  1
Skipped jobs:   3
Dry run:        False
Artifacts:      /home/ollie/Documents/PtychoPINN/outputs/dense_exec_100k_2025-11-12T224540Z/data/phase_f
============================================================

================================================================================
[7/8] Phase G: Comparison dense/train
================================================================================

[run_phase_g_dense] Executing: /home/ollie/miniconda3/envs/ptycho311/bin/python -m studies.fly64_dose_overlap.comparison --phase-c-root /home/ollie/Documents/PtychoPINN/outputs/dense_exec_100k_2025-11-12T224540Z/data/phase_c --phase-e-root /home/ollie/Documents/PtychoPINN/outputs/dense_exec_100k_2025-11-12T224540Z/data/phase_e --phase-f-root /home/ollie/Documents/PtychoPINN/outputs/dense_exec_100k_2025-11-12T224540Z/data/phase_f --artifact-root /home/ollie/Documents/PtychoPINN/outputs/dense_exec_100k_2025-11-12T224540Z/analysis --dose 100000 --view dense --split train
[run_phase_g_dense] Logging to: /home/ollie/Documents/PtychoPINN/outputs/dense_exec_100k_2025-11-12T224540Z/cli/phase_g_dense_train.log
Building comparison jobs...
  Phase C root: /home/ollie/Documents/PtychoPINN/outputs/dense_exec_100k_2025-11-12T224540Z/data/phase_c
  Phase E root: /home/ollie/Documents/PtychoPINN/outputs/dense_exec_100k_2025-11-12T224540Z/data/phase_e
  Phase F root: /home/ollie/Documents/PtychoPINN/outputs/dense_exec_100k_2025-11-12T224540Z/data/phase_f
  Filters: dose=100000, view=dense, split=train

ERROR: PINN checkpoint not found: /home/ollie/Documents/PtychoPINN/outputs/dense_exec_100k_2025-11-12T224540Z/data/phase_e/dose_100000/dense/gs2/wts.h5.zip

Failed to build comparison jobs due to missing prerequisites.
[run_phase_g_dense] ERROR: Command failed with return code 1
Command: /home/ollie/miniconda3/envs/ptycho311/bin/python -m studies.fly64_dose_overlap.comparison --phase-c-root /home/ollie/Documents/PtychoPINN/outputs/dense_exec_100k_2025-11-12T224540Z/data/phase_c --phase-e-root /home/ollie/Documents/PtychoPINN/outputs/dense_exec_100k_2025-11-12T224540Z/data/phase_e --phase-f-root /home/ollie/Documents/PtychoPINN/outputs/dense_exec_100k_2025-11-12T224540Z/data/phase_f --artifact-root /home/ollie/Documents/PtychoPINN/outputs/dense_exec_100k_2025-11-12T224540Z/analysis --dose 100000 --view dense --split train
Log: /home/ollie/Documents/PtychoPINN/outputs/dense_exec_100k_2025-11-12T224540Z/cli/phase_g_dense_train.log

