<frozen runpy>:128: RuntimeWarning: 'studies.fly64_dose_overlap.reconstruction' found in sys.modules after import of package 'studies.fly64_dose_overlap', but prior to execution of 'studies.fly64_dose_overlap.reconstruction'; this may result in unpredictable behaviour
Building job manifest from Phase C: tmp/phase_c_f2_cli
                      and Phase D: tmp/phase_d_f2_cli
Total jobs enumerated: 18
Filter --dose=1000.0: 18 → 6 jobs
Filter --view=dense: 6 → 2 jobs
Filter --split=train: 2 → 1 jobs

Filtered jobs: 1 selected, 17 skipped

[1/1] Job: dose=1000.0, view=dense, split=train
  Return code: 1
  STDERR: Traceback (most recent call last):
  File "/home/ollie/Documents/PtychoPINN2/scripts/reconstruction/ptychi_reconstruct_tike.py", line 314, in main
    data_dict = load_and_convert_tike_data(tike_dataset, n_images=n_images)
                ^^^^^^^^^^^^^^^^^^^^^^^^^^^^^^^^^^^^^^^^^^^^^^^^^^^^^^^^^^^
  File "/home/ollie/Documents/PtychoPINN2/scripts/reconstruction/ptychi_reconstruct_tike.py", line 35, in load_and_convert_tike_data
    with np.load(npz_path) as data:
         ^^^^^^^^^^^^^^^^^
  File "/home/ollie/miniconda3/envs/ptycho311/lib/python3.11/site-packages/numpy/lib/_npyio_impl.py", line 459, in load
    fid = stack.enter_context(open(os.fspath(file), "rb"))
                              ^^^^^^^^^^^^^^^^^^^^^^^^^^^
FileNotFoundError: [Errno 2] No such file or directory: 'tike_outputs/fly001_reconstructed_final_downsampled/fly001_reconstructed_final_downsampled_data.npz'

  Log: plans/active/STUDY-SYNTH-FLY64-DOSE-OVERLAP-001/reports/2025-11-04T180000Z/phase_f_ptychi_baseline_f2/real_run/dose_1000/dense/train/ptychi.log

Manifest written to: plans/active/STUDY-SYNTH-FLY64-DOSE-OVERLAP-001/reports/2025-11-04T180000Z/phase_f_ptychi_baseline_f2/real_run/reconstruction_manifest.json
Skip summary written to: plans/active/STUDY-SYNTH-FLY64-DOSE-OVERLAP-001/reports/2025-11-04T180000Z/phase_f_ptychi_baseline_f2/real_run/skip_summary.json

============================================================
Phase F Reconstruction Orchestrator Summary
============================================================
Total jobs:     18
Filtered jobs:  1
Skipped jobs:   17
Dry run:        False
Artifacts:      plans/active/STUDY-SYNTH-FLY64-DOSE-OVERLAP-001/reports/2025-11-04T180000Z/phase_f_ptychi_baseline_f2/real_run
============================================================
