2025-11-12 22:03:26.945568: E external/local_xla/xla/stream_executor/cuda/cuda_fft.cc:467] Unable to register cuFFT factory: Attempting to register factory for plugin cuFFT when one has already been registered
WARNING: All log messages before absl::InitializeLog() is called are written to STDERR
E0000 00:00:1763013806.956469 1898236 cuda_dnn.cc:8579] Unable to register cuDNN factory: Attempting to register factory for plugin cuDNN when one has already been registered
E0000 00:00:1763013806.960053 1898236 cuda_blas.cc:1407] Unable to register cuBLAS factory: Attempting to register factory for plugin cuBLAS when one has already been registered
W0000 00:00:1763013806.969689 1898236 computation_placer.cc:177] computation placer already registered. Please check linkage and avoid linking the same target more than once.
W0000 00:00:1763013806.969698 1898236 computation_placer.cc:177] computation placer already registered. Please check linkage and avoid linking the same target more than once.
W0000 00:00:1763013806.969699 1898236 computation_placer.cc:177] computation placer already registered. Please check linkage and avoid linking the same target more than once.
W0000 00:00:1763013806.969700 1898236 computation_placer.cc:177] computation placer already registered. Please check linkage and avoid linking the same target more than once.
2025-11-12 22:03:26.972322: I tensorflow/core/platform/cpu_feature_guard.cc:210] This TensorFlow binary is optimized to use available CPU instructions in performance-critical operations.
To enable the following instructions: AVX2 FMA, in other operations, rebuild TensorFlow with the appropriate compiler flags.
2025-11-12 22:03:29,418 - INFO - Starting ptychography inference script...
2025-11-12 22:03:29,418 - INFO - Final inference config - gridsize: 1
2025-11-12 22:03:29,418 - INFO - Independent sampling control: subsampling 16 images, using 4 for inference
2025-11-12 22:03:29,418 - INFO - Loading model...
2025-11-12 22:03:29,418 - INFO - Backend dispatcher: loading PyTorch model (ptycho_torch.workflows.components)
2025-11-12 22:03:30,386 - INFO - Loading PyTorch inference bundle from /home/ollie/Documents/PtychoPINN/plans/active/INTEGRATE-PYTORCH-001/reports/2025-11-13T150000Z/parity_reactivation/cli/pytorch_cli_smoke_training/train_outputs/wts.h5.zip via load_torch_bundle
2025-11-12 22:03:31,555 - INFO - Inference bundle loaded successfully. Models: ['diffraction_to_obj', 'autoencoder'], Params keys: ['batch_size', 'nepochs', 'mae_weight', 'nll_weight', 'realspace_mae_weight']...
2025-11-12 22:03:31,555 - INFO - Backend dispatcher: inference bundle loaded (backend=pytorch)
2025-11-12 22:03:31,555 - INFO - POLICY-001: No --torch-* execution flags provided. Backend will use GPU-first defaults (auto-detects CUDA if available, else CPU). CPU-only users should pass --torch-accelerator cpu.
2025-11-12 22:03:31,700 - INFO - PyTorch model moved to device: cuda
2025-11-12 22:03:31,700 - INFO - Loading test data...
2025-11-12 22:03:31,700 - INFO - Loading data from tests/fixtures/pytorch_integration/minimal_dataset_v1.npz with n_images=4, n_subsample=16
2025-11-12 22:03:31,705 - INFO - Independent sampling: subsampling 16 images from 64 total
2025-11-12 22:03:31,705 - INFO - Randomly subsampled 16 images
2025-11-12 22:03:31,705 - INFO - Inference config: gridsize=2, using 4 groups (≈16 total patterns)
2025-11-12 22:03:31,705 - INFO - Performing inference...
2025-11-12 22:03:31,705 - INFO - PyTorch inference config: accelerator=cuda, num_workers=0, inference_batch_size=None
2025-11-12 22:03:31,895 - INFO - Saving reconstruction images...
2025-11-12 22:03:31,895 - INFO - Amplitude array shape: (64, 64)
2025-11-12 22:03:31,895 - INFO - Phase array shape: (64, 64)
2025-11-12 22:03:32,045 - INFO - Reconstructed amplitude saved to: /home/ollie/Documents/PtychoPINN/plans/active/INTEGRATE-PYTORCH-001/reports/2025-11-13T150000Z/parity_reactivation/cli/pytorch_cli_smoke_training/inference_outputs/reconstructed_amplitude.png
2025-11-12 22:03:32,045 - INFO - Reconstructed phase saved to: /home/ollie/Documents/PtychoPINN/plans/active/INTEGRATE-PYTORCH-001/reports/2025-11-13T150000Z/parity_reactivation/cli/pytorch_cli_smoke_training/inference_outputs/reconstructed_phase.png
2025-11-12 22:03:32,045 - INFO - Inference process completed successfully.
2025-11-12 22:03:32,045 - INFO - Cleaning up resources...
Decoder Block 1: No attention module added.
Decoder Block 2: No attention module added.
Decoder Block 1: No attention module added.
Decoder Block 2: No attention module added.
Decoder Block 1: No attention module added.
Decoder Block 2: No attention module added.
Decoder Block 1: No attention module added.
Decoder Block 2: No attention module added.
diff3d shape: (16, 64, 64)
probeGuess shape: (64, 64)
scan_index shape: (16,)
objectGuess shape: (227, 226)
xcoords shape: (16,)
ycoords shape: (16,)
xcoords_start shape: (16,)
ycoords_start shape: (16,)
Running inference on 4 images...
Reconstruction shape: (64, 64)
Amplitude range: [0.0138, 0.5274]
Phase range: [-0.0713, 0.0010]
