2025-11-12 19:31:24.336753: E external/local_xla/xla/stream_executor/cuda/cuda_fft.cc:467] Unable to register cuFFT factory: Attempting to register factory for plugin cuFFT when one has already been registered
WARNING: All log messages before absl::InitializeLog() is called are written to STDERR
E0000 00:00:1763004684.347965 1801272 cuda_dnn.cc:8579] Unable to register cuDNN factory: Attempting to register factory for plugin cuDNN when one has already been registered
E0000 00:00:1763004684.351589 1801272 cuda_blas.cc:1407] Unable to register cuBLAS factory: Attempting to register factory for plugin cuBLAS when one has already been registered
W0000 00:00:1763004684.361725 1801272 computation_placer.cc:177] computation placer already registered. Please check linkage and avoid linking the same target more than once.
W0000 00:00:1763004684.361736 1801272 computation_placer.cc:177] computation placer already registered. Please check linkage and avoid linking the same target more than once.
W0000 00:00:1763004684.361738 1801272 computation_placer.cc:177] computation placer already registered. Please check linkage and avoid linking the same target more than once.
W0000 00:00:1763004684.361740 1801272 computation_placer.cc:177] computation placer already registered. Please check linkage and avoid linking the same target more than once.
2025-11-12 19:31:24.364595: I tensorflow/core/platform/cpu_feature_guard.cc:210] This TensorFlow binary is optimized to use available CPU instructions in performance-critical operations.
To enable the following instructions: AVX2 FMA, in other operations, rebuild TensorFlow with the appropriate compiler flags.
2025-11-12 19:31:26,832 - INFO - Starting ptychography inference script...
2025-11-12 19:31:26,833 - INFO - Final inference config - gridsize: 1
2025-11-12 19:31:26,833 - INFO - Using full dataset for inference
2025-11-12 19:31:26,833 - INFO - Loading model...
2025-11-12 19:31:26,833 - INFO - Backend dispatcher: loading PyTorch model (ptycho_torch.workflows.components)
2025-11-12 19:31:27,809 - INFO - Loading PyTorch inference bundle from /home/ollie/Documents/PtychoPINN/plans/active/INTEGRATE-PYTORCH-001/reports/2025-11-13T150000Z/parity_reactivation/cli/pytorch_cli_smoke_training/train_outputs/wts.h5.zip via load_torch_bundle
2025-11-12 19:31:28,969 - INFO - Inference bundle loaded successfully. Models: ['diffraction_to_obj', 'autoencoder'], Params keys: ['batch_size', 'nepochs', 'mae_weight', 'nll_weight', 'realspace_mae_weight']...
2025-11-12 19:31:28,969 - INFO - Backend dispatcher: inference bundle loaded (backend=pytorch)
2025-11-12 19:31:28,969 - INFO - Loading test data...
2025-11-12 19:31:28,969 - INFO - Loading data from tests/fixtures/pytorch_integration/minimal_dataset_v1.npz with n_images=None, n_subsample=None
2025-11-12 19:31:28,974 - INFO - Using full dataset of 64 images
2025-11-12 19:31:28,974 - INFO - Inference config: gridsize=1, using all 64 individual patterns
2025-11-12 19:31:28,974 - INFO - Performing inference...
2025-11-12 19:31:28,974 - INFO - PyTorch inference config: accelerator=cpu, num_workers=0, inference_batch_size=2
2025-11-12 19:31:29,330 - INFO - Saving reconstruction images...
2025-11-12 19:31:29,331 - INFO - Amplitude array shape: (64, 64)
2025-11-12 19:31:29,331 - INFO - Phase array shape: (64, 64)
2025-11-12 19:31:29,481 - INFO - Reconstructed amplitude saved to: /home/ollie/Documents/PtychoPINN/plans/active/INTEGRATE-PYTORCH-001/reports/2025-11-13T150000Z/parity_reactivation/cli/pytorch_cli_smoke_training/inference_outputs/reconstructed_amplitude.png
2025-11-12 19:31:29,481 - INFO - Reconstructed phase saved to: /home/ollie/Documents/PtychoPINN/plans/active/INTEGRATE-PYTORCH-001/reports/2025-11-13T150000Z/parity_reactivation/cli/pytorch_cli_smoke_training/inference_outputs/reconstructed_phase.png
2025-11-12 19:31:29,481 - INFO - Inference process completed successfully.
2025-11-12 19:31:29,481 - INFO - Cleaning up resources...
Decoder Block 1: No attention module added.
Decoder Block 2: No attention module added.
Decoder Block 1: No attention module added.
Decoder Block 2: No attention module added.
Decoder Block 1: No attention module added.
Decoder Block 2: No attention module added.
Decoder Block 1: No attention module added.
Decoder Block 2: No attention module added.
diff3d shape: (64, 64, 64)
probeGuess shape: (64, 64)
scan_index shape: (64,)
objectGuess shape: (227, 226)
xcoords shape: (64,)
ycoords shape: (64,)
xcoords_start shape: (64,)
ycoords_start shape: (64,)
Running inference on 64 images...
Reconstruction shape: (64, 64)
Amplitude range: [0.0000, 128.3294]
Phase range: [-3.1261, 3.1416]
