2025-11-12 19:02:17.606168: E external/local_xla/xla/stream_executor/cuda/cuda_fft.cc:467] Unable to register cuFFT factory: Attempting to register factory for plugin cuFFT when one has already been registered
WARNING: All log messages before absl::InitializeLog() is called are written to STDERR
E0000 00:00:1763002937.618755 1752177 cuda_dnn.cc:8579] Unable to register cuDNN factory: Attempting to register factory for plugin cuDNN when one has already been registered
E0000 00:00:1763002937.622711 1752177 cuda_blas.cc:1407] Unable to register cuBLAS factory: Attempting to register factory for plugin cuBLAS when one has already been registered
W0000 00:00:1763002937.633277 1752177 computation_placer.cc:177] computation placer already registered. Please check linkage and avoid linking the same target more than once.
W0000 00:00:1763002937.633296 1752177 computation_placer.cc:177] computation placer already registered. Please check linkage and avoid linking the same target more than once.
W0000 00:00:1763002937.633298 1752177 computation_placer.cc:177] computation placer already registered. Please check linkage and avoid linking the same target more than once.
W0000 00:00:1763002937.633300 1752177 computation_placer.cc:177] computation placer already registered. Please check linkage and avoid linking the same target more than once.
2025-11-12 19:02:17.636141: I tensorflow/core/platform/cpu_feature_guard.cc:210] This TensorFlow binary is optimized to use available CPU instructions in performance-critical operations.
To enable the following instructions: AVX2 FMA, in other operations, rebuild TensorFlow with the appropriate compiler flags.
2025-11-12 19:02:20,588 - INFO - Configuration setup complete
2025-11-12 19:02:20,588 - INFO - Final configuration: TrainingConfig(model=ModelConfig(N=64, gridsize=1, n_filters_scale=2, model_type='pinn', amp_activation='sigmoid', object_big=True, probe_big=True, probe_mask=False, pad_object=True, probe_scale=4.0, gaussian_smoothing_sigma=0.0), train_data_file=PosixPath('tike_outputs/fly001_final_downsampled/fly001_final_downsampled_data_transposed.npz'), test_data_file=None, batch_size=16, nepochs=2, mae_weight=0.0, nll_weight=1.0, realspace_mae_weight=0.0, realspace_weight=0.0, nphotons=1000000000.0, n_groups=100, n_images=100, n_subsample=None, subsample_seed=None, neighbor_count=4, enable_oversampling=False, neighbor_pool_size=None, positions_provided=True, probe_trainable=False, intensity_scale_trainable=True, output_dir=PosixPath('/home/ollie/Documents/PtychoPINN/plans/active/INTEGRATE-PYTORCH-001/reports/2025-11-13T150000Z/parity_reactivation/cli/pytorch_cli_smoke_training/train_outputs'), sequential_sampling=False, backend='pytorch')
2025-11-12 19:02:20,588 - INFO - Legacy mode: using 100 groups (gridsize=1)
2025-11-12 19:02:20,588 - INFO - Starting training with n_subsample=100, n_groups=100, stitching=disabled
2025-11-12 19:02:20,588 - INFO - Loading data from tike_outputs/fly001_final_downsampled/fly001_final_downsampled_data_transposed.npz with n_images=100, n_subsample=100
2025-11-12 19:02:20,903 - INFO - Independent sampling: subsampling 100 images from 2000 total
2025-11-12 19:02:20,904 - INFO - Randomly subsampled 100 images
diff3d shape: (100, 64, 64)
probeGuess shape: (64, 64)
scan_index shape: (100,)
objectGuess shape: (232, 232)
xcoords shape: (100,)
ycoords shape: (100,)
xcoords_start shape: (100,)
ycoords_start shape: (100,)
2025-11-12 19:02:22,229 - INFO - PyTorch execution config built: accelerator=cpu, num_workers=0, learning_rate=0.0005, logger_backend=csv
2025-11-12 19:02:22,229 - INFO - Backend dispatcher: params.cfg synchronized with TrainingConfig (backend=pytorch)
2025-11-12 19:02:22,229 - INFO - Backend dispatcher: routing to PyTorch workflow (ptycho_torch.workflows.components)
2025-11-12 19:02:22,229 - INFO - PyTorch workflow: params.cfg synchronized with TrainingConfig
2025-11-12 19:02:22,230 - INFO - Invoking PyTorch training orchestration via train_cdi_model_torch
2025-11-12 19:02:22,230 - INFO - Normalizing training data via _ensure_container
diff3d shape: (100, 64, 64)
probeGuess shape: (64, 64)
scan_index shape: (100,)
objectGuess shape: (232, 232)
xcoords shape: (100,)
ycoords shape: (100,)
xcoords_start shape: (100,)
ycoords_start shape: (100,)
2025-11-12 19:02:22,230 - INFO - [OVERSAMPLING DEBUG] generate_grouped_data called with: nsamples=100, n_points=100, C=1, K=4
2025-11-12 19:02:22,230 - INFO - [OVERSAMPLING DEBUG] Parameters: gridsize=1, N=64, sequential_sampling=False
2025-11-12 19:02:22,230 - INFO - [OVERSAMPLING DEBUG] Oversampling flags: enable_oversampling=False, neighbor_pool_size=None, effective_K=4
2025-11-12 19:02:22,230 - INFO - [OVERSAMPLING DEBUG] Oversampling check: nsamples > n_points = 100 > 100 = False
2025-11-12 19:02:22,230 - INFO - [OVERSAMPLING DEBUG] Oversampling check: C > 1 = 1 > 1 = False
2025-11-12 19:02:22,230 - INFO - [OVERSAMPLING DEBUG] needs_oversampling = False
DEBUG: nsamples: 100, gridsize: 1 (using efficient random sample-then-group strategy)
2025-11-12 19:02:22,230 - INFO - Using efficient random sampling strategy for gridsize=1
2025-11-12 19:02:22,230 - INFO - [OVERSAMPLING DEBUG] Taking efficient branch: standard sample-then-group
2025-11-12 19:02:22,230 - INFO - [OVERSAMPLING DEBUG] _generate_groups_efficiently called with: nsamples=100, K=4, C=1
2025-11-12 19:02:22,230 - INFO - Generating 100 groups efficiently from 100 points (K=4, C=1)
2025-11-12 19:02:22,230 - INFO - [OVERSAMPLING DEBUG] Standard case: using 100 groups from 100 points
2025-11-12 19:02:22,230 - INFO - [OVERSAMPLING DEBUG] Using all 100 points as seeds (no sampling needed)
2025-11-12 19:02:22,230 - INFO - Using all 100 points as seeds
2025-11-12 19:02:22,230 - INFO - Using seed indices directly for C=1 (gridsize=1) - no neighbor search needed
2025-11-12 19:02:22,230 - INFO - [OVERSAMPLING DEBUG] _generate_groups_efficiently completed: generated 100 groups
2025-11-12 19:02:22,230 - INFO - Successfully generated 100 groups with shape (100, 1)
2025-11-12 19:02:22,230 - INFO - [OVERSAMPLING DEBUG] Generated 100 groups in total
2025-11-12 19:02:22,230 - INFO - Generated 100 groups efficiently
I0000 00:00:1763002942.369637 1752177 gpu_process_state.cc:208] Using CUDA malloc Async allocator for GPU: 0
I0000 00:00:1763002942.370891 1752177 gpu_device.cc:2019] Created device /job:localhost/replica:0/task:0/device:GPU:0 with 22259 MB memory:  -> device: 0, name: NVIDIA GeForce RTX 3090, pci bus id: 0000:04:00.0, compute capability: 8.6
WARNING: All log messages before absl::InitializeLog() is called are written to STDERR
I0000 00:00:1763002943.176139 1752177 service.cc:152] XLA service 0x21634d60 initialized for platform CUDA (this does not guarantee that XLA will be used). Devices:
I0000 00:00:1763002943.176172 1752177 service.cc:160]   StreamExecutor device (0): NVIDIA GeForce RTX 3090, Compute Capability 8.6
2025-11-12 19:02:23.191123: I tensorflow/compiler/mlir/tensorflow/utils/dump_mlir_util.cc:269] disabling MLIR crash reproducer, set env var `MLIR_CRASH_REPRODUCER_DIRECTORY` to enable.
I0000 00:00:1763002943.209307 1752177 cuda_dnn.cc:529] Loaded cuDNN version 91002
I0000 00:00:1763002943.342693 1752177 device_compiler.h:188] Compiled cluster using XLA!  This line is logged at most once for the lifetime of the process.
INFO: 'Y' array not found. Generating ground truth patches from 'objectGuess' as a fallback.
neighbor-sampled diffraction shape (100, 64, 64, 1)
2025-11-12 19:02:23,757 - INFO - Delegating to Lightning trainer via _train_with_lightning
2025-11-12 19:02:24,970 - INFO - _train_with_lightning orchestrating Lightning training
2025-11-12 19:02:24,971 - INFO - Training config: nepochs=2, n_groups=100
/home/ollie/Documents/PtychoPINN/ptycho_torch/config_factory.py:257: UserWarning: test_data_file not provided in TrainingConfig overrides. Evaluation workflows require test_data_file to be set during inference update. Consider providing: overrides=dict(..., test_data_file=Path('test.npz'))
  tf_training_config = to_training_config(
/home/ollie/Documents/PtychoPINN/ptycho_torch/config_factory.py:613: UserWarning: params.cfg already populated. Set force=True to overwrite existing values.
  warnings.warn(
INFO: Seed set to 42
Decoder Block 1: No attention module added.
Decoder Block 2: No attention module added.
Decoder Block 1: No attention module added.
Decoder Block 2: No attention module added.
2025-11-12 19:02:24,984 - INFO - Seed set to 42
2025-11-12 19:02:24,987 - INFO - Enabled CSVLogger: metrics saved to /home/ollie/Documents/PtychoPINN/plans/active/INTEGRATE-PYTORCH-001/reports/2025-11-13T150000Z/parity_reactivation/cli/pytorch_cli_smoke_training/train_outputs/lightning_logs/
2025-11-12 19:02:25,014 - INFO - GPU available: True (cuda), used: False
2025-11-12 19:02:25,014 - INFO - TPU available: False, using: 0 TPU cores
2025-11-12 19:02:25,014 - INFO - HPU available: False, using: 0 HPUs
/home/ollie/miniconda3/envs/ptycho311/lib/python3.11/site-packages/lightning/pytorch/trainer/setup.py:177: GPU available but not used. You can set it by doing `Trainer(accelerator='gpu')`.
2025-11-12 19:02:25,015 - INFO - Starting Lightning training: 2 epochs
/home/ollie/miniconda3/envs/ptycho311/lib/python3.11/site-packages/lightning/pytorch/trainer/configuration_validator.py:70: You defined a `validation_step` but have no `val_dataloader`. Skipping val loop.
INFO: 
  | Name  | Type        | Params | Mode 
----------------------------------------------
0 | model | PtychoPINN  | 2.3 M  | train
1 | Loss  | PoissonLoss | 0      | train
----------------------------------------------
2.3 M     Trainable params
0         Non-trainable params
2.3 M     Total params
9.345     Total estimated model params size (MB)
73        Modules in train mode
0         Modules in eval mode
2025-11-12 19:02:25,018 - INFO - 
  | Name  | Type        | Params | Mode 
----------------------------------------------
0 | model | PtychoPINN  | 2.3 M  | train
1 | Loss  | PoissonLoss | 0      | train
----------------------------------------------
2.3 M     Trainable params
0         Non-trainable params
2.3 M     Total params
9.345     Total estimated model params size (MB)
73        Modules in train mode
0         Modules in eval mode
/home/ollie/miniconda3/envs/ptycho311/lib/python3.11/site-packages/lightning/pytorch/trainer/connectors/data_connector.py:433: The 'train_dataloader' does not have many workers which may be a bottleneck. Consider increasing the value of the `num_workers` argument` to `num_workers=31` in the `DataLoader` to improve performance.
/home/ollie/miniconda3/envs/ptycho311/lib/python3.11/site-packages/lightning/pytorch/callbacks/model_checkpoint.py:467: `ModelCheckpoint(monitor='train_loss')` could not find the monitored key in the returned metrics: ['training_stage', 'training_stage_step', 'physics_weight', 'physics_weight_step', 'poisson_train_loss', 'poisson_train_loss_step', 'learning_rate', 'training_stage_epoch', 'physics_weight_epoch', 'poisson_train_loss_epoch', 'epoch', 'step']. HINT: Did you call `log('train_loss', value)` in the `LightningModule`?
2025-11-12 19:02:26,957 - INFO - `Trainer.fit` stopped: `max_epochs=2` reached.
2025-11-12 19:02:26,959 - INFO - Lightning training complete
2025-11-12 19:02:26,959 - INFO - Skipping image stitching (do_stitching=False or no test data available)
2025-11-12 19:02:26,959 - INFO - Saving trained models to /home/ollie/Documents/PtychoPINN/plans/active/INTEGRATE-PYTORCH-001/reports/2025-11-13T150000Z/parity_reactivation/cli/pytorch_cli_smoke_training/train_outputs via save_torch_bundle
2025-11-12 19:02:27,237 - INFO - Models saved successfully to /home/ollie/Documents/PtychoPINN/plans/active/INTEGRATE-PYTORCH-001/reports/2025-11-13T150000Z/parity_reactivation/cli/pytorch_cli_smoke_training/train_outputs/wts.h5.zip
2025-11-12 19:02:27,237 - INFO - Backend dispatcher: workflow complete (backend=pytorch)
2025-11-12 19:02:27,237 - INFO - PyTorch backend completed. Check /home/ollie/Documents/PtychoPINN/plans/active/INTEGRATE-PYTORCH-001/reports/2025-11-13T150000Z/parity_reactivation/cli/pytorch_cli_smoke_training/train_outputs for saved bundles.
