2026-01-13 13:17:42.256254: E external/local_xla/xla/stream_executor/cuda/cuda_fft.cc:467] Unable to register cuFFT factory: Attempting to register factory for plugin cuFFT when one has already been registered
WARNING: All log messages before absl::InitializeLog() is called are written to STDERR
E0000 00:00:1768339062.267774 1708363 cuda_dnn.cc:8579] Unable to register cuDNN factory: Attempting to register factory for plugin cuDNN when one has already been registered
E0000 00:00:1768339062.271426 1708363 cuda_blas.cc:1407] Unable to register cuBLAS factory: Attempting to register factory for plugin cuBLAS when one has already been registered
W0000 00:00:1768339062.281509 1708363 computation_placer.cc:177] computation placer already registered. Please check linkage and avoid linking the same target more than once.
W0000 00:00:1768339062.281521 1708363 computation_placer.cc:177] computation placer already registered. Please check linkage and avoid linking the same target more than once.
W0000 00:00:1768339062.281522 1708363 computation_placer.cc:177] computation placer already registered. Please check linkage and avoid linking the same target more than once.
W0000 00:00:1768339062.281523 1708363 computation_placer.cc:177] computation placer already registered. Please check linkage and avoid linking the same target more than once.
2026-01-13 13:17:42.284278: I tensorflow/core/platform/cpu_feature_guard.cc:210] This TensorFlow binary is optimized to use available CPU instructions in performance-critical operations.
To enable the following instructions: AVX2 FMA, in other operations, rebuild TensorFlow with the appropriate compiler flags.
2026-01-13 13:17:44,814 - INFO - Starting scenario: gs2_ideal
2026-01-13 13:17:44,815 - INFO - Run parameters: N=64 object_size=392 object_seed=42 sim_seed=13 split_fraction=0.5 total_images=8000 train_images=4000 test_images=4000 group_count=1000 probe_scale=10.0
I0000 00:00:1768339065.164970 1708363 gpu_process_state.cc:208] Using CUDA malloc Async allocator for GPU: 0
I0000 00:00:1768339065.166404 1708363 gpu_device.cc:2019] Created device /job:localhost/replica:0/task:0/device:GPU:0 with 22259 MB memory:  -> device: 0, name: NVIDIA GeForce RTX 3090, pci bus id: 0000:04:00.0, compute capability: 8.6
WARNING: All log messages before absl::InitializeLog() is called are written to STDERR
I0000 00:00:1768339065.907178 1708363 service.cc:152] XLA service 0x41867ce0 initialized for platform CUDA (this does not guarantee that XLA will be used). Devices:
I0000 00:00:1768339065.907199 1708363 service.cc:160]   StreamExecutor device (0): NVIDIA GeForce RTX 3090, Compute Capability 8.6
2026-01-13 13:17:45.926814: I tensorflow/compiler/mlir/tensorflow/utils/dump_mlir_util.cc:269] disabling MLIR crash reproducer, set env var `MLIR_CRASH_REPRODUCER_DIRECTORY` to enable.
I0000 00:00:1768339065.945488 1708363 cuda_dnn.cc:529] Loaded cuDNN version 91002
I0000 00:00:1768339066.102463 1708363 device_compiler.h:188] Compiled cluster using XLA!  This line is logged at most once for the lifetime of the process.
