No GPU found, using CPU instead.
Using new CLI interface with factory-based config (ADR-003)
Creating configuration via factory (CONFIG-001 compliance)...
✓ Factory created configs: N=64, gridsize=(1, 1), epochs=2
✓ Execution config: accelerator=cpu, deterministic=True, learning_rate=0.001
Starting training with 2 epochs...
diff3d shape: (64, 64, 64)
probeGuess shape: (64, 64)
scan_index shape: (64,)
objectGuess shape: (227, 226)
xcoords shape: (64,)
ycoords shape: (64,)
xcoords_start shape: (64,)
ycoords_start shape: (64,)
diff3d shape: (64, 64, 64)
probeGuess shape: (64, 64)
scan_index shape: (64,)
objectGuess shape: (227, 226)
xcoords shape: (64,)
ycoords shape: (64,)
xcoords_start shape: (64,)
ycoords_start shape: (64,)
diff3d shape: (64, 64, 64)
probeGuess shape: (64, 64)
scan_index shape: (64,)
objectGuess shape: (227, 226)
xcoords shape: (64,)
ycoords shape: (64,)
xcoords_start shape: (64,)
ycoords_start shape: (64,)
DEBUG: nsamples: 64, gridsize: 1 (using efficient random sample-then-group strategy)
INFO: 'Y' array not found. Generating ground truth patches from 'objectGuess' as a fallback.
neighbor-sampled diffraction shape (64, 64, 64, 1)
diff3d shape: (64, 64, 64)
probeGuess shape: (64, 64)
scan_index shape: (64,)
objectGuess shape: (227, 226)
xcoords shape: (64,)
ycoords shape: (64,)
xcoords_start shape: (64,)
ycoords_start shape: (64,)
DEBUG: nsamples: 64, gridsize: 1 (using efficient random sample-then-group strategy)
INFO: 'Y' array not found. Generating ground truth patches from 'objectGuess' as a fallback.
neighbor-sampled diffraction shape (64, 64, 64, 1)
Decoder Block 1: No attention module added.
Decoder Block 2: No attention module added.
Decoder Block 1: No attention module added.
Decoder Block 2: No attention module added.
Training failed: Lightning training failed. See logs for details.
