Scanning inbox: inbox
Request pattern: dose_experiments_ground_truth
Keywords: ['acknowledged', 'ack', 'confirm', 'received', 'thanks']
Output: plans/active/DEBUG-SIM-LINES-DOSE-001/reports/2026-01-23T014900Z/inbox_check_timeline

Files scanned: 5
Matches found: 3
Acknowledgement detected: False

Waiting Clock:
  Last inbound (from M2): 2026-01-22T23:22:58.332668+00:00
  Hours since last inbound: 2.07
  Last outbound (from M1): 2026-01-23T01:20:30.342345+00:00
  Hours since last outbound: 0.11
  Total inbound: 1
  Total outbound: 2

Matching files:
  - request_dose_experiments_ground_truth_2026-01-22T014445Z.md (filename, content) [inbound]
  - followup_dose_experiments_ground_truth_2026-01-23T011900Z.md (filename, content) [outbound]
  - response_dose_experiments_ground_truth.md (filename, content) [outbound]

Timeline (chronological):
  2026-01-22T23:22:58 | Maintainer 2 | Inbound
  2026-01-23T01:04:13 | Maintainer 1 | Outbound
  2026-01-23T01:20:30 | Maintainer 1 | Outbound

JSON summary: plans/active/DEBUG-SIM-LINES-DOSE-001/reports/2026-01-23T014900Z/inbox_check_timeline/inbox_scan_summary.json
Markdown summary: plans/active/DEBUG-SIM-LINES-DOSE-001/reports/2026-01-23T014900Z/inbox_check_timeline/inbox_scan_summary.md
