2026-04-29 16:25:52.341684: E external/local_xla/xla/stream_executor/cuda/cuda_fft.cc:467] Unable to register cuFFT factory: Attempting to register factory for plugin cuFFT when one has already been registered
WARNING: All log messages before absl::InitializeLog() is called are written to STDERR
E0000 00:00:1777505152.353124 1206108 cuda_dnn.cc:8579] Unable to register cuDNN factory: Attempting to register factory for plugin cuDNN when one has already been registered
E0000 00:00:1777505152.356825 1206108 cuda_blas.cc:1407] Unable to register cuBLAS factory: Attempting to register factory for plugin cuBLAS when one has already been registered
W0000 00:00:1777505152.367297 1206108 computation_placer.cc:177] computation placer already registered. Please check linkage and avoid linking the same target more than once.
W0000 00:00:1777505152.367308 1206108 computation_placer.cc:177] computation placer already registered. Please check linkage and avoid linking the same target more than once.
W0000 00:00:1777505152.367310 1206108 computation_placer.cc:177] computation placer already registered. Please check linkage and avoid linking the same target more than once.
W0000 00:00:1777505152.367312 1206108 computation_placer.cc:177] computation placer already registered. Please check linkage and avoid linking the same target more than once.
2026-04-29 16:25:52.370286: I tensorflow/core/platform/cpu_feature_guard.cc:210] This TensorFlow binary is optimized to use available CPU instructions in performance-critical operations.
To enable the following instructions: AVX2 FMA, in other operations, rebuild TensorFlow with the appropriate compiler flags.
I0000 00:00:1777505156.466469 1206108 gpu_process_state.cc:208] Using CUDA malloc Async allocator for GPU: 0
I0000 00:00:1777505156.467769 1206108 gpu_device.cc:2019] Created device /job:localhost/replica:0/task:0/device:GPU:0 with 22195 MB memory:  -> device: 0, name: NVIDIA GeForce RTX 3090, pci bus id: 0000:04:00.0, compute capability: 8.6
/home/ollie/miniconda3/envs/ptycho311/lib/python3.11/site-packages/keras/src/layers/layer.py:421: UserWarning: `build()` was called on layer 'center_mask_layer', however the layer does not have a `build()` method implemented and it looks like it has unbuilt state. This will cause the layer to be marked as built, despite not being actually built, which may cause failures down the line. Make sure to implement a proper `build()` method.
  warnings.warn(
/home/ollie/miniconda3/envs/ptycho311/lib/python3.11/site-packages/keras/src/layers/layer.py:421: UserWarning: `build()` was called on layer 'center_mask_layer_1', however the layer does not have a `build()` method implemented and it looks like it has unbuilt state. This will cause the layer to be marked as built, despite not being actually built, which may cause failures down the line. Make sure to implement a proper `build()` method.
  warnings.warn(
/home/ollie/Documents/PtychoPINN/ptycho/workflows/grid_lines_workflow.py:1407: UserWarning: This figure includes Axes that are not compatible with tight_layout, so results might be incorrect.
  plt.tight_layout()
Amplitude normalization scale factor: 0.116360
mean scale adjustment: 1
mean scale adjustment: 1
DEBUG eval_reconstruction [baseline]: amp_target stats: mean=2.976817, std=0.648537, shape=(266, 266, 1)
DEBUG eval_reconstruction [baseline]: amp_pred stats: mean=25.582718, std=7.219183, shape=(266, 266, 1)
DEBUG eval_reconstruction [baseline]: phi_target stats: mean=0.000000, std=0.239496, shape=(266, 266)
DEBUG eval_reconstruction [baseline]: phi_pred stats: mean=0.000000, std=1.180903, shape=(266, 266)
performed by index method
performed by index method
performed by index method
mean scale adjustment: 1
mean scale adjustment: 1
Phase preprocessing: plane-fitted range [-0.641, 0.703] -> scaled range [0.398, 0.612]
performed by index method
performed by index method
performed by index method
Amplitude normalization scale factor: 0.930410
mean scale adjustment: 1
mean scale adjustment: 1
DEBUG eval_reconstruction [pinn]: amp_target stats: mean=2.976817, std=0.648537, shape=(266, 266, 1)
DEBUG eval_reconstruction [pinn]: amp_pred stats: mean=3.199469, std=0.666124, shape=(266, 266, 1)
DEBUG eval_reconstruction [pinn]: phi_target stats: mean=0.000000, std=0.239496, shape=(266, 266)
DEBUG eval_reconstruction [pinn]: phi_pred stats: mean=0.000000, std=1.102057, shape=(266, 266)
performed by index method
performed by index method
performed by index method
mean scale adjustment: 1
mean scale adjustment: 1
Phase preprocessing: plane-fitted range [-0.641, 0.703] -> scaled range [0.398, 0.612]
performed by index method
performed by index method
performed by index method
Amplitude normalization scale factor: 1.246201
mean scale adjustment: 1
mean scale adjustment: 1
DEBUG eval_reconstruction [pinn_hybrid_resnet]: amp_target stats: mean=2.976817, std=0.648537, shape=(266, 266, 1)
DEBUG eval_reconstruction [pinn_hybrid_resnet]: amp_pred stats: mean=2.388714, std=0.514509, shape=(266, 266, 1)
DEBUG eval_reconstruction [pinn_hybrid_resnet]: phi_target stats: mean=0.000000, std=0.239496, shape=(266, 266)
DEBUG eval_reconstruction [pinn_hybrid_resnet]: phi_pred stats: mean=-0.000000, std=0.182677, shape=(266, 266)
performed by index method
performed by index method
performed by index method
mean scale adjustment: 1
mean scale adjustment: 1
Phase preprocessing: plane-fitted range [-0.641, 0.703] -> scaled range [0.398, 0.612]
performed by index method
performed by index method
performed by index method
Amplitude normalization scale factor: 1.256674
mean scale adjustment: 1
mean scale adjustment: 1
DEBUG eval_reconstruction [pinn_fno_vanilla]: amp_target stats: mean=2.976817, std=0.648537, shape=(266, 266, 1)
DEBUG eval_reconstruction [pinn_fno_vanilla]: amp_pred stats: mean=2.368806, std=0.496746, shape=(266, 266, 1)
DEBUG eval_reconstruction [pinn_fno_vanilla]: phi_target stats: mean=0.000000, std=0.239496, shape=(266, 266)
DEBUG eval_reconstruction [pinn_fno_vanilla]: phi_pred stats: mean=0.000000, std=0.123862, shape=(266, 266)
performed by index method
performed by index method
performed by index method
mean scale adjustment: 1
mean scale adjustment: 1
Phase preprocessing: plane-fitted range [-0.641, 0.703] -> scaled range [0.398, 0.612]
performed by index method
performed by index method
performed by index method
