DEBUG: Setting probe to tf.Tensor(
[[[-0.00399459+8.81725922e-03j]
  [ 0.00787074+1.04518672e-02j]
  [-0.01909852+2.85197329e-03j]
  ...
  [-0.00430549-1.44718047e-02j]
  [ 0.00670903+2.63100304e-02j]
  [-0.01938361-6.67245360e-03j]]

 [[ 0.00921909+5.32836141e-03j]
  [ 0.00422684-1.61591489e-02j]
  [-0.00324812+1.62756350e-02j]
  ...
  [-0.00462818-2.68168072e-03j]
  [ 0.01194528-6.69307355e-03j]
  [ 0.0090712 -3.79238278e-03j]]

 [[ 0.0029482 -1.10371104e-02j]
  [-0.01489174+5.26464824e-03j]
  [-0.00083129+1.31990444e-02j]
  ...
  [ 0.00208769+1.68677475e-02j]
  [ 0.00556216-3.03630810e-02j]
  [ 0.01604221+1.45274084e-02j]]

 ...

 [[ 0.01654117+3.83263193e-02j]
  [-0.01336122+7.02320365e-04j]
  [-0.00380601-8.65837932e-03j]
  ...
  [ 0.01785212+2.66705058e-03j]
  [-0.01791506+7.16461660e-03j]
  [ 0.01052329-2.80616116e-02j]]

 [[-0.02582748-2.17778888e-05j]
  [ 0.0098637 -3.15875164e-03j]
  [-0.0156169 +2.47947779e-02j]
  ...
  [-0.01378679-1.89308310e-03j]
  [ 0.00439025-1.43125653e-02j]
  [ 0.02400579-1.19637549e-02j]]

 [[-0.00013256-1.32157737e-02j]
  [ 0.03951043+1.84629709e-02j]
  [-0.00848375+3.90608120e-03j]
  ...
  [-0.00414446+2.40438167e-04j]
  [ 0.01858319+1.01260375e-02j]
  [ 0.01299333+1.25071155e-02j]]], shape=(64, 64, 1), dtype=complex64) in params
Scenario gs1_custom: legacy norm=1.100300, sim_lines norm=1.100300, L2 delta=0.000001
DEBUG: Setting probe to tf.Tensor(
[[[1.0239998e-07+0.j]
  [1.0239998e-07+0.j]
  [1.0239998e-07+0.j]
  ...
  [1.0239998e-07+0.j]
  [1.0239998e-07+0.j]
  [1.0239998e-07+0.j]]

 [[1.0239998e-07+0.j]
  [1.0239998e-07+0.j]
  [1.0239998e-07+0.j]
  ...
  [1.0239998e-07+0.j]
  [1.0239998e-07+0.j]
  [1.0239998e-07+0.j]]

 [[1.0239998e-07+0.j]
  [1.0239998e-07+0.j]
  [1.0239998e-07+0.j]
  ...
  [1.0239998e-07+0.j]
  [1.0239998e-07+0.j]
  [1.0239998e-07+0.j]]

 ...

 [[1.0239998e-07+0.j]
  [1.0239998e-07+0.j]
  [1.0239998e-07+0.j]
  ...
  [1.0239998e-07+0.j]
  [1.0239998e-07+0.j]
  [1.0239998e-07+0.j]]

 [[1.0239998e-07+0.j]
  [1.0239998e-07+0.j]
  [1.0239998e-07+0.j]
  ...
  [1.0239998e-07+0.j]
  [1.0239998e-07+0.j]
  [1.0239998e-07+0.j]]

 [[1.0239998e-07+0.j]
  [1.0239998e-07+0.j]
  [1.0239998e-07+0.j]
  ...
  [1.0239998e-07+0.j]
  [1.0239998e-07+0.j]
  [1.0239998e-07+0.j]]], shape=(64, 64, 1), dtype=complex64) in params
Scenario gs1_ideal: legacy norm=0.009766, sim_lines norm=0.009766, L2 delta=0.000000
DEBUG: Setting probe to tf.Tensor(
[[[-0.00399459+8.81725922e-03j]
  [ 0.00787074+1.04518672e-02j]
  [-0.01909852+2.85197329e-03j]
  ...
  [-0.00430549-1.44718047e-02j]
  [ 0.00670903+2.63100304e-02j]
  [-0.01938361-6.67245360e-03j]]

 [[ 0.00921909+5.32836141e-03j]
  [ 0.00422684-1.61591489e-02j]
  [-0.00324812+1.62756350e-02j]
  ...
  [-0.00462818-2.68168072e-03j]
  [ 0.01194528-6.69307355e-03j]
  [ 0.0090712 -3.79238278e-03j]]

 [[ 0.0029482 -1.10371104e-02j]
  [-0.01489174+5.26464824e-03j]
  [-0.00083129+1.31990444e-02j]
  ...
  [ 0.00208769+1.68677475e-02j]
  [ 0.00556216-3.03630810e-02j]
  [ 0.01604221+1.45274084e-02j]]

 ...

 [[ 0.01654117+3.83263193e-02j]
  [-0.01336122+7.02320365e-04j]
  [-0.00380601-8.65837932e-03j]
  ...
  [ 0.01785212+2.66705058e-03j]
  [-0.01791506+7.16461660e-03j]
  [ 0.01052329-2.80616116e-02j]]

 [[-0.02582748-2.17778888e-05j]
  [ 0.0098637 -3.15875164e-03j]
  [-0.0156169 +2.47947779e-02j]
  ...
  [-0.01378679-1.89308310e-03j]
  [ 0.00439025-1.43125653e-02j]
  [ 0.02400579-1.19637549e-02j]]

 [[-0.00013256-1.32157737e-02j]
  [ 0.03951043+1.84629709e-02j]
  [-0.00848375+3.90608120e-03j]
  ...
  [-0.00414446+2.40438167e-04j]
  [ 0.01858319+1.01260375e-02j]
  [ 0.01299333+1.25071155e-02j]]], shape=(64, 64, 1), dtype=complex64) in params
Scenario gs2_custom: legacy norm=1.100300, sim_lines norm=1.100300, L2 delta=0.000001
DEBUG: Setting probe to tf.Tensor(
[[[1.0239998e-07+0.j]
  [1.0239998e-07+0.j]
  [1.0239998e-07+0.j]
  ...
  [1.0239998e-07+0.j]
  [1.0239998e-07+0.j]
  [1.0239998e-07+0.j]]

 [[1.0239998e-07+0.j]
  [1.0239998e-07+0.j]
  [1.0239998e-07+0.j]
  ...
  [1.0239998e-07+0.j]
  [1.0239998e-07+0.j]
  [1.0239998e-07+0.j]]

 [[1.0239998e-07+0.j]
  [1.0239998e-07+0.j]
  [1.0239998e-07+0.j]
  ...
  [1.0239998e-07+0.j]
  [1.0239998e-07+0.j]
  [1.0239998e-07+0.j]]

 ...

 [[1.0239998e-07+0.j]
  [1.0239998e-07+0.j]
  [1.0239998e-07+0.j]
  ...
  [1.0239998e-07+0.j]
  [1.0239998e-07+0.j]
  [1.0239998e-07+0.j]]

 [[1.0239998e-07+0.j]
  [1.0239998e-07+0.j]
  [1.0239998e-07+0.j]
  ...
  [1.0239998e-07+0.j]
  [1.0239998e-07+0.j]
  [1.0239998e-07+0.j]]

 [[1.0239998e-07+0.j]
  [1.0239998e-07+0.j]
  [1.0239998e-07+0.j]
  ...
  [1.0239998e-07+0.j]
  [1.0239998e-07+0.j]
  [1.0239998e-07+0.j]]], shape=(64, 64, 1), dtype=complex64) in params
Scenario gs2_ideal: legacy norm=0.009766, sim_lines norm=0.009766, L2 delta=0.000000
