2026-01-21 13:17:45.646619: E external/local_xla/xla/stream_executor/cuda/cuda_fft.cc:467] Unable to register cuFFT factory: Attempting to register factory for plugin cuFFT when one has already been registered
WARNING: All log messages before absl::InitializeLog() is called are written to STDERR
E0000 00:00:1769030265.657524 2083966 cuda_dnn.cc:8579] Unable to register cuDNN factory: Attempting to register factory for plugin cuDNN when one has already been registered
E0000 00:00:1769030265.661030 2083966 cuda_blas.cc:1407] Unable to register cuBLAS factory: Attempting to register factory for plugin cuBLAS when one has already been registered
W0000 00:00:1769030265.670770 2083966 computation_placer.cc:177] computation placer already registered. Please check linkage and avoid linking the same target more than once.
W0000 00:00:1769030265.670779 2083966 computation_placer.cc:177] computation placer already registered. Please check linkage and avoid linking the same target more than once.
W0000 00:00:1769030265.670781 2083966 computation_placer.cc:177] computation placer already registered. Please check linkage and avoid linking the same target more than once.
W0000 00:00:1769030265.670782 2083966 computation_placer.cc:177] computation placer already registered. Please check linkage and avoid linking the same target more than once.
2026-01-21 13:17:45.673498: I tensorflow/core/platform/cpu_feature_guard.cc:210] This TensorFlow binary is optimized to use available CPU instructions in performance-critical operations.
To enable the following instructions: AVX2 FMA, in other operations, rebuild TensorFlow with the appropriate compiler flags.
I0000 00:00:1769030268.494979 2083966 gpu_process_state.cc:208] Using CUDA malloc Async allocator for GPU: 0
I0000 00:00:1769030268.496272 2083966 gpu_device.cc:2019] Created device /job:localhost/replica:0/task:0/device:GPU:0 with 22259 MB memory:  -> device: 0, name: NVIDIA GeForce RTX 3090, pci bus id: 0000:04:00.0, compute capability: 8.6
WARNING: All log messages before absl::InitializeLog() is called are written to STDERR
I0000 00:00:1769030269.255063 2083966 service.cc:152] XLA service 0x227e25c0 initialized for platform CUDA (this does not guarantee that XLA will be used). Devices:
I0000 00:00:1769030269.255082 2083966 service.cc:160]   StreamExecutor device (0): NVIDIA GeForce RTX 3090, Compute Capability 8.6
2026-01-21 13:17:49.274556: I tensorflow/compiler/mlir/tensorflow/utils/dump_mlir_util.cc:269] disabling MLIR crash reproducer, set env var `MLIR_CRASH_REPRODUCER_DIRECTORY` to enable.
I0000 00:00:1769030269.293154 2083966 cuda_dnn.cc:529] Loaded cuDNN version 91002
I0000 00:00:1769030269.446096 2083966 device_compiler.h:188] Compiled cluster using XLA!  This line is logged at most once for the lifetime of the process.
[runner][profile] Applied stable_profile_gs2_ideal: {'base_total_images': 256, 'neighbor_count': 4, 'group_count': 128, 'batch_size': 4}
[runner] Scenario=gs2_ideal gridsize=2 probe_mode=idealized probe_scale=10.0
[runner] total_images=1024 train_count=512 test_count=512 group_count=128 nepochs=5
DEBUG: Setting data_source to lines in params
DEBUG: Setting data_source to generic in params
diff3d shape: (1024, 64, 64)
probeGuess shape: (64, 64)
scan_index shape: (1024,)
objectGuess shape: (392, 392)
xcoords shape: (1024,)
ycoords shape: (1024,)
xcoords_start shape: (1024,)
ycoords_start shape: (1024,)
diff3d shape: (512, 64, 64)
probeGuess shape: (64, 64)
scan_index shape: (512,)
objectGuess shape: (392, 392)
xcoords shape: (512,)
ycoords shape: (512,)
xcoords_start shape: (512,)
ycoords_start shape: (512,)
diff3d shape: (512, 64, 64)
probeGuess shape: (64, 64)
scan_index shape: (512,)
objectGuess shape: (392, 392)
xcoords shape: (512,)
ycoords shape: (512,)
xcoords_start shape: (512,)
ycoords_start shape: (512,)
[runner][D5] Train dataset scale: 543.2838 (batch_mean=3388.02, n=512)
[runner][D5] Test dataset scale: 577.7380 (batch_mean=2995.97, n=512)
[runner][D5] Train/test scale ratio: 0.9404 (deviation: 5.96%) [⚠️ EXCEEDS 5%]
DEBUG: nsamples: 128, gridsize: 2 (using efficient random sample-then-group strategy)
INFO: 'Y' array not found. Generating ground truth patches from 'objectGuess' as a fallback.
neighbor-sampled diffraction shape (128, 64, 64, 4)
loader: computed raw diffraction stats: batch_mean_sum_intensity=13383.235771, n_samples=128
loader: using provided ground truth patches.
INFO: None
<PtychoDataContainer X=(128, 64, 64, 4) mean=0.085 Y_I=(128, 64, 64, 4) mean=2.672 Y_phi=(128, 64, 64, 4) mean=0.000 coords_nominal=(128, 1, 2, 4) mean=-0.000 coords_true=(128, 1, 2, 4) mean=-0.000 probe=(64, 64) mean_amplitude=0.100 norm_Y_I=<scalar> nn_indices=(128, 4) global_offsets=(128, 1, 2, 1) local_offsets=(128, 1, 2, 4)>
DEBUG: nsamples: 128, gridsize: 2 (using efficient random sample-then-group strategy)
INFO: 'Y' array not found. Generating ground truth patches from 'objectGuess' as a fallback.
neighbor-sampled diffraction shape (128, 64, 64, 4)
loader: computed raw diffraction stats: batch_mean_sum_intensity=12256.886218, n_samples=128
loader: using provided ground truth patches.
INFO: None
<PtychoDataContainer X=(128, 64, 64, 4) mean=0.085 Y_I=(128, 64, 64, 4) mean=2.588 Y_phi=(128, 64, 64, 4) mean=0.000 coords_nominal=(128, 1, 2, 4) mean=0.000 coords_true=(128, 1, 2, 4) mean=0.000 probe=(64, 64) mean_amplitude=0.100 norm_Y_I=<scalar> nn_indices=(128, 4) global_offsets=(128, 1, 2, 1) local_offsets=(128, 1, 2, 4)>
DEBUG: Setting probe to tf.Tensor(
[[[1.0893617e-09+0.j]
  [1.0893617e-09+0.j]
  [1.0893617e-09+0.j]
  ...
  [1.0893617e-09+0.j]
  [1.0893617e-09+0.j]
  [1.0893617e-09+0.j]]

 [[1.0893617e-09+0.j]
  [1.0893617e-09+0.j]
  [1.0893617e-09+0.j]
  ...
  [1.0893617e-09+0.j]
  [1.0893617e-09+0.j]
  [1.0893617e-09+0.j]]

 [[1.0893617e-09+0.j]
  [1.0893617e-09+0.j]
  [1.0893617e-09+0.j]
  ...
  [1.0893617e-09+0.j]
  [1.0893617e-09+0.j]
  [1.0893617e-09+0.j]]

 ...

 [[1.0893617e-09+0.j]
  [1.0893617e-09+0.j]
  [1.0893617e-09+0.j]
  ...
  [1.0893617e-09+0.j]
  [1.0893617e-09+0.j]
  [1.0893617e-09+0.j]]

 [[1.0893617e-09+0.j]
  [1.0893617e-09+0.j]
  [1.0893617e-09+0.j]
  ...
  [1.0893617e-09+0.j]
  [1.0893617e-09+0.j]
  [1.0893617e-09+0.j]]

 [[1.0893617e-09+0.j]
  [1.0893617e-09+0.j]
  [1.0893617e-09+0.j]
  ...
  [1.0893617e-09+0.j]
  [1.0893617e-09+0.j]
  [1.0893617e-09+0.j]]], shape=(64, 64, 1), dtype=complex64) in params
calculate_intensity_scale: using dataset_intensity_stats (batch_mean=13383.235771) -> scale=273.350225
DEBUG: Setting intensity_scale to 273.3502248877305 in params
DEBUG: Setting probe to tf.Tensor(
[[[1.0893617e-09+0.j]
  [1.0893617e-09+0.j]
  [1.0893617e-09+0.j]
  ...
  [1.0893617e-09+0.j]
  [1.0893617e-09+0.j]
  [1.0893617e-09+0.j]]

 [[1.0893617e-09+0.j]
  [1.0893617e-09+0.j]
  [1.0893617e-09+0.j]
  ...
  [1.0893617e-09+0.j]
  [1.0893617e-09+0.j]
  [1.0893617e-09+0.j]]

 [[1.0893617e-09+0.j]
  [1.0893617e-09+0.j]
  [1.0893617e-09+0.j]
  ...
  [1.0893617e-09+0.j]
  [1.0893617e-09+0.j]
  [1.0893617e-09+0.j]]

 ...

 [[1.0893617e-09+0.j]
  [1.0893617e-09+0.j]
  [1.0893617e-09+0.j]
  ...
  [1.0893617e-09+0.j]
  [1.0893617e-09+0.j]
  [1.0893617e-09+0.j]]

 [[1.0893617e-09+0.j]
  [1.0893617e-09+0.j]
  [1.0893617e-09+0.j]
  ...
  [1.0893617e-09+0.j]
  [1.0893617e-09+0.j]
  [1.0893617e-09+0.j]]

 [[1.0893617e-09+0.j]
  [1.0893617e-09+0.j]
  [1.0893617e-09+0.j]
  ...
  [1.0893617e-09+0.j]
  [1.0893617e-09+0.j]
  [1.0893617e-09+0.j]]], shape=(64, 64, 1), dtype=complex64) in params
Current Parameters:
--------------------
N: 64
amp_activation: sigmoid
backend: tensorflow
batch_size: 4
bigN: 68
big_gridsize: 10
data_source: generic
debug: True
default_probe_scale: 0.7
enable_oversampling: False
gaussian_smoothing_sigma: 0.0
gridsize: 2
h5_path: wts.h5
intensity_scale: 273.3502248877305
intensity_scale.trainable: True
label: 
mae_weight: 0.0
max_position_jitter: 754
model_type: pinn
n_filters_scale: 2
n_groups: 128
neighbor_count: 4
nepochs: 5
nimgs_test: 3
nimgs_train: 9
nll_weight: 1.0
nphotons: 1000000000.0
npseed: 42
object.big: True
offset: 4
outer_offset_test: None
outer_offset_train: None
output_prefix: plans/active/DEBUG-SIM-LINES-DOSE-001/reports/2026-01-21T220000Z/gs2_ideal_v3/train_outputs
pad_object: True
positions.provided: True
probe:
  shape: (64, 64, 1)
  mean: 0.100+0.000j
  std: 0.296
  min: 0.000+0.000j
  max: 1.089+0.000j
probe.big: False
probe.mask: True
probe.trainable: False
probe_scale: 10.0
realspace_mae_weight: 1.0
realspace_weight: 0.1
sequential_sampling: False
set_phi: False
sim_jitter_scale: 0.0
size: 392
torch_loss_mode: poisson
tv_weight: 0.0
use_xla_translate: True
DEBUG _flat_to_channel: gridsize from global params: 2
DEBUG _flat_to_channel: N from global params: 64
DEBUG _flat_to_channel: input shape=(512, 64, 64, 1), reshaping to (-1, 4, 64, 64)
Epoch 1/5
WARNING:tensorflow:You are casting an input of type complex64 to an incompatible dtype float32.  This will discard the imaginary part and may not be what you intended.
WARNING:tensorflow:You are casting an input of type complex64 to an incompatible dtype float32.  This will discard the imaginary part and may not be what you intended.
[runner] ERROR: module 'keras._tf_keras.keras.losses' has no attribute 'mean_absolute_error'
DEBUG _flat_to_channel: gridsize from global params: 2
DEBUG _flat_to_channel: N from parameter: 822
DEBUG _flat_to_channel: input shape=(None, 822, 822, 1), reshaping to (-1, 4, 822, 822)
DEBUG _flat_to_channel: gridsize from global params: 2
DEBUG _flat_to_channel: N from parameter: 822
DEBUG _flat_to_channel: input shape=(None, 822, 822, 1), reshaping to (-1, 4, 822, 822)
DEBUG _flat_to_channel: gridsize from global params: 2
DEBUG _flat_to_channel: N from parameter: 822
DEBUG _flat_to_channel: input shape=(None, 822, 822, 1), reshaping to (-1, 4, 822, 822)
DEBUG _flat_to_channel: gridsize from global params: 2
DEBUG _flat_to_channel: N from parameter: 822
DEBUG _flat_to_channel: input shape=(None, 822, 822, 1), reshaping to (-1, 4, 822, 822)
input shape (None, 64, 64, 1)
DEBUG _flat_to_channel: gridsize from parameter: 2
DEBUG _flat_to_channel: N from parameter: 64
DEBUG _flat_to_channel: input shape=(None, 64, 64, 1), reshaping to (-1, 4, 64, 64)
Traceback (most recent call last):
  File "/home/ollie/Documents/tmp/PtychoPINN/plans/active/DEBUG-SIM-LINES-DOSE-001/bin/run_phase_c2_scenario.py", line 1860, in <module>
    main()
  File "/home/ollie/Documents/tmp/PtychoPINN/plans/active/DEBUG-SIM-LINES-DOSE-001/bin/run_phase_c2_scenario.py", line 1576, in main
    training_results = run_training(train_raw, test_raw, train_config)
                       ^^^^^^^^^^^^^^^^^^^^^^^^^^^^^^^^^^^^^^^^^^^^^^^
  File "/home/ollie/Documents/tmp/PtychoPINN/scripts/studies/sim_lines_4x/pipeline.py", line 211, in run_training
    results = train_cdi_model_with_backend(train_data, test_data, config)
              ^^^^^^^^^^^^^^^^^^^^^^^^^^^^^^^^^^^^^^^^^^^^^^^^^^^^^^^^^^^
  File "/home/ollie/Documents/tmp/PtychoPINN/ptycho/workflows/backend_selector.py", line 227, in train_cdi_model_with_backend
    results = tf_components.train_cdi_model(train_data, test_data, config)
              ^^^^^^^^^^^^^^^^^^^^^^^^^^^^^^^^^^^^^^^^^^^^^^^^^^^^^^^^^^^^
  File "/home/ollie/Documents/tmp/PtychoPINN/ptycho/workflows/components.py", line 760, in train_cdi_model
    results = train_pinn.train_eval(PtychoDataset(train_container, test_container))
              ^^^^^^^^^^^^^^^^^^^^^^^^^^^^^^^^^^^^^^^^^^^^^^^^^^^^^^^^^^^^^^^^^^^^^
  File "/home/ollie/Documents/tmp/PtychoPINN/ptycho/train_pinn.py", line 98, in train_eval
    model_instance, history = train(ptycho_dataset.train_data)
                              ^^^^^^^^^^^^^^^^^^^^^^^^^^^^^^^^
  File "/home/ollie/Documents/tmp/PtychoPINN/ptycho/train_pinn.py", line 94, in train
    return model_instance, model.train(nepochs, train_data, model_instance=model_instance)
                           ^^^^^^^^^^^^^^^^^^^^^^^^^^^^^^^^^^^^^^^^^^^^^^^^^^^^^^^^^^^^^^^
  File "/home/ollie/Documents/tmp/PtychoPINN/ptycho/model.py", line 674, in train
    history = model_instance.fit(
              ^^^^^^^^^^^^^^^^^^^
  File "/home/ollie/miniconda3/envs/ptycho311/lib/python3.11/site-packages/keras/src/utils/traceback_utils.py", line 122, in error_handler
    raise e.with_traceback(filtered_tb) from None
  File "/home/ollie/Documents/tmp/PtychoPINN/ptycho/tf_helper.py", line 1500, in realspace_loss
    mae_loss = complex_mae(target, pred) * get('realspace_mae_weight')
               ^^^^^^^^^^^^^^^^^^^^^^^^^
  File "/home/ollie/Documents/tmp/PtychoPINN/ptycho/tf_helper.py", line 692, in newf
    return fn(*args, **kwargs)
           ^^^^^^^^^^^^^^^^^^^
  File "/home/ollie/Documents/tmp/PtychoPINN/ptycho/tf_helper.py", line 1477, in complex_mae
    mae = tf.keras.losses.mean_absolute_error
          ^^^^^^^^^^^^^^^^^^^^^^^^^^^^^^^^^^^
AttributeError: module 'keras._tf_keras.keras.losses' has no attribute 'mean_absolute_error'. Did you mean: 'MeanAbsoluteError'?
