2026-01-22 16:15:08.903903: E external/local_xla/xla/stream_executor/cuda/cuda_dnn.cc:9261] Unable to register cuDNN factory: Attempting to register factory for plugin cuDNN when one has already been registered
2026-01-22 16:15:08.903952: E external/local_xla/xla/stream_executor/cuda/cuda_fft.cc:607] Unable to register cuFFT factory: Attempting to register factory for plugin cuFFT when one has already been registered
2026-01-22 16:15:08.905043: E external/local_xla/xla/stream_executor/cuda/cuda_blas.cc:1515] Unable to register cuBLAS factory: Attempting to register factory for plugin cuBLAS when one has already been registered
2026-01-22 16:15:08.909724: I tensorflow/core/platform/cpu_feature_guard.cc:182] This TensorFlow binary is optimized to use available CPU instructions in performance-critical operations.
To enable the following instructions: AVX2 FMA, in other operations, rebuild TensorFlow with the appropriate compiler flags.
2026-01-22 16:15:09.360574: W tensorflow/compiler/tf2tensorrt/utils/py_utils.cc:38] TF-TRT Warning: Could not find TensorRT
2026-01-22 16:15:10.079358: I external/local_xla/xla/stream_executor/cuda/cuda_executor.cc:901] successful NUMA node read from SysFS had negative value (-1), but there must be at least one NUMA node, so returning NUMA node zero. See more at https://github.com/torvalds/linux/blob/v6.0/Documentation/ABI/testing/sysfs-bus-pci#L344-L355
2026-01-22 16:15:10.132514: W tensorflow/core/common_runtime/gpu/gpu_device.cc:2256] Cannot dlopen some GPU libraries. Please make sure the missing libraries mentioned above are installed properly if you would like to use GPU. Follow the guide at https://www.tensorflow.org/install/gpu for how to download and setup the required libraries for your platform.
Skipping registering GPU devices...
Scanning datasets in photon_grid_study_20250826_152459...
  Processing data_p1e3.npz...
  Processing data_p1e4.npz...
  Processing data_p1e5.npz...
  Processing data_p1e6.npz...
  Processing data_p1e7.npz...
  Processing data_p1e8.npz...
  Processing data_p1e9.npz...
Processing baseline params: photon_grid_study_20250826_152459/results_p1e5/train_1024/trial_1/baseline_run/08-26-2025-16.38.17_baseline_gs1/08-26-2025-16.38.17_baseline_gs1/params.dill...
Processing baseline file: photon_grid_study_20250826_152459/results_p1e5/train_1024/trial_1/baseline_run/08-26-2025-16.38.17_baseline_gs1/baseline_model.h5...
Processing baseline file: photon_grid_study_20250826_152459/results_p1e5/train_1024/trial_1/baseline_run/08-26-2025-16.38.17_baseline_gs1/recon.dill...
Processing PINN weights: photon_grid_study_20250826_152459/results_p1e5/train_1024/trial_1/pinn_run/wts.h5.zip...

Wrote: plans/active/DEBUG-SIM-LINES-DOSE-001/reports/2026-01-23T001018Z/ground_truth_manifest.json
Wrote: plans/active/DEBUG-SIM-LINES-DOSE-001/reports/2026-01-23T001018Z/files.csv
Wrote: plans/active/DEBUG-SIM-LINES-DOSE-001/reports/2026-01-23T001018Z/ground_truth_manifest.md

============================================================
Manifest complete: 7 datasets, 2 baseline files
All files validated successfully.
