================================================================================
BLOCKER DIAGNOSIS: Phase C→G Pipeline Incomplete
Timestamp: 2025-11-05T120000Z
Reporter: Ralph
================================================================================

## SUMMARY
The dense Phase C→G pipeline did not complete. Only Phase C (dataset generation)
executed; no training (Phase E), reconstruction (Phase F), or comparison (Phase G)
occurred. Analysis artifacts are missing.

## EVIDENCE

### Expected Pipeline Phases (from run_phase_g_dense.py:604-675):
1. Phase C: Dataset Generation ✓ COMPLETED
2. Phase D: Overlap View Generation ✗ NOT EXECUTED
3. Phase E: Training (Baseline gs1 + Dense gs2) ✗ NOT EXECUTED
4. Phase F: Reconstruction (train/test splits) ✗ NOT EXECUTED
5. Phase G: Comparison (train/test splits) ✗ NOT EXECUTED
6. Reporting: Aggregate metrics report ✗ NOT EXECUTED
7. Analysis: Generate metrics digest ✗ NOT EXECUTED

### What Exists:
- Phase C data: dose_1000, dose_10000, dose_100000 directories with NPZ files
- Phase C manifest: data/phase_c/run_manifest.json (3 dose levels)
- Logs: run_phase_g_dense.log (failed, TYPE-PATH-001 bug),
        run_phase_g_dense_v2.log (only Phase C output),
        phase_c_generation.log (full generation trace)

### What's Missing:
- data/phase_d/ (overlap views)
- data/phase_e/ (trained models)
- data/phase_f/ (reconstructions)
- analysis/metrics_summary.json
- analysis/metrics_delta_summary.json
- analysis/metrics_delta_highlights.txt
- analysis/metrics_delta_highlights_preview.txt
- analysis/metrics_digest.md
- analysis/aggregate_report.md
- analysis/aggregate_highlights.txt

## ROOT CAUSE HYPOTHESIS

The run_phase_g_dense_v2.log contains only Phase C module output, suggesting:

**Most Likely**: The generation.py module was invoked directly (not via the orchestrator):
  python -m studies.fly64_dose_overlap.generation ...

Rather than the full orchestrator command:
  python plans/active/.../bin/run_phase_g_dense.py --hub ... --dose 1000 --view dense ...

This explains why:
1. Only one phase executed (Phase C)
2. The orchestrator's "Total commands: 8" message never appeared in v2 log
3. No Phase D→G transitions logged
4. Process stopped after Phase C without error

**Alternative**: The orchestrator started but crashed/terminated after Phase C,
though this is less likely given the clean completion message in phase_c_generation.log.

## REQUIRED REMEDIATION

Per input.md Step 18 and plan.md Step 3, the correct command is:

```bash
export AUTHORITATIVE_CMDS_DOC=./docs/TESTING_GUIDE.md
HUB=plans/active/STUDY-SYNTH-FLY64-DOSE-OVERLAP-001/reports/2025-11-05T115706Z/phase_g_dense_full_execution_real_run

python plans/active/STUDY-SYNTH-FLY64-DOSE-OVERLAP-001/bin/run_phase_g_dense.py \
  --hub "$PWD/$HUB" \
  --dose 1000 \
  --view dense \
  --splits train test \
  --clobber \
  |& tee "$HUB"/cli/run_phase_g_dense_full.log
```

**Critical**: Use TYPE-PATH-001 compliant `"$PWD/$HUB"` expansion (not bare `$HUB`).

## IMPACT ON CURRENT LOOP

Cannot proceed with input.md Do Now tasks:
- Cannot run check_dense_highlights_match.py (no highlights files exist)
- Cannot populate summary.md with MS-SSIM/MAE deltas (no metrics exist)
- Cannot validate test_run_phase_g_dense_exec_runs_analyze_digest (analysis incomplete)

**Status**: BLOCKED until full Phase C→G pipeline executes successfully.

## NEXT ACTIONS

1. Verify no stale processes: pgrep -fl run_phase_g_dense.py
2. Re-launch orchestrator with correct command (above)
3. Monitor for multi-hour runtime (Phase E training is compute-intensive)
4. Validate all analysis artifacts upon completion
5. Resume input.md Do Now workflow once metrics land

## FILES REFERENCED
- plans/active/STUDY-SYNTH-FLY64-DOSE-OVERLAP-001/bin/run_phase_g_dense.py:531-746
- input.md:1-72
- docs/findings.md (TYPE-PATH-001, CONFIG-001, DATA-001)
